[0mGET /api/v1/posts?page=1&limit=5 [36m304[0m 130.139 ms - -[0m
[0mGET /api/v1/posts?page=1&limit=5 [36m304[0m 73.218 ms - -[0m
[0mPOST /api/v1/users/create-session [32m200[0m 8.112 ms - 688[0m
[0mGET /api/v1/posts?page=1&limit=5 [36m304[0m 69.838 ms - -[0m
[0mPOST /api/v1/users/create-session [32m200[0m 6.048 ms - 688[0m
[0mGET /api/v1/posts?page=1&limit=5 [36m304[0m 97.555 ms - -[0m
[0mGET /api/v1/posts?page=1&limit=5 [36m304[0m 43.223 ms - -[0m
[0mGET /api/v1/posts?page=1&limit=5 [36m304[0m 213.163 ms - -[0m
[0mGET /api/v1/posts?page=1&limit=5 [36m304[0m 33.411 ms - -[0m
[0mGET /api/v1/posts?page=1&limit=5 [36m304[0m 240.854 ms - -[0m
[0mGET /api/v1/posts?page=1&limit=5 [36m304[0m 54.731 ms - -[0m
[0mPOST /api/v1/users/create-session [32m200[0m 13.838 ms - 688[0m
[0mGET /api/v1/posts?page=1&limit=5 [36m304[0m 161.345 ms - -[0m
[0mGET /api/v1/posts?page=1&limit=5 [36m304[0m 58.992 ms - -[0m
[0mGET /api/v1/posts?page=1&limit=5 [36m304[0m 56.170 ms - -[0m
[0mGET /api/v1/posts?page=1&limit=5 [36m304[0m 440.538 ms - -[0m
[0mGET /api/v1/posts?page=1&limit=5 [36m304[0m 72.277 ms - -[0m
[0mGET /api/v1/posts?page=1&limit=5 [36m304[0m 23.812 ms - -[0m
[0mGET /api/v1/posts?page=1&limit=5 [36m304[0m 88.652 ms - -[0m
[0mPOST /api/v1/users/create-session [32m200[0m 5.631 ms - 688[0m
[0mGET /api/v1/posts?page=1&limit=5 [36m304[0m 70.428 ms - -[0m
[0mPOST /api/v1/users/create-session [32m200[0m 3.277 ms - 688[0m
[0mPOST /api/v1/users/create-session [32m200[0m 4.486 ms - 688[0m
[0mPOST /api/v1/users/create-session [32m200[0m 7.400 ms - 688[0m
[0mGET /api/v1/posts?page=1&limit=5 [36m304[0m 93.742 ms - -[0m
[0mGET /api/v1/posts?page=1&limit=5 [36m304[0m 94.403 ms - -[0m
[0mGET /api/v1/posts?page=1&limit=5 [36m304[0m 109.164 ms - -[0m
[0mGET /api/v1/posts?page=1&limit=5 [36m304[0m 41.726 ms - -[0m
[0mGET /api/v1/posts?page=1&limit=5 [36m304[0m 325.985 ms - -[0m
[0mOPTIONS /api/v1/users/edit [32m200[0m 1.813 ms - 4[0m
[0mGET /api/v1/posts?page=1&limit=5 [36m304[0m 346.422 ms - -[0m
[0mOPTIONS /api/v1/users/edit [32m200[0m 2.030 ms - 4[0m
[0mGET /api/v1/posts?page=1&limit=5 [36m304[0m 210.727 ms - -[0m
[0mGET /api/v1/posts?page=1&limit=5 [36m304[0m 78.298 ms - -[0m
[0mGET /api/v1/posts?page=1&limit=5 [36m304[0m 191.517 ms - -[0m
[0mOPTIONS /api/v1/users/edit [32m200[0m 1.218 ms - 4[0m
[0mPOST /api/v1/users/create-session [32m200[0m 10.871 ms - 688[0m
[0mOPTIONS /api/v1/users/edit [32m200[0m 0.938 ms - 4[0m
[0mPOST /api/v1/users/create-session [32m200[0m 6.713 ms - 688[0m
[0mGET /api/v1/posts?page=1&limit=5 [36m304[0m 42.343 ms - -[0m
[0mPOST /api/v1/users/create-session [32m200[0m 6.024 ms - 688[0m
[0mGET /api/v1/posts?page=1&limit=5 [36m304[0m 91.915 ms - -[0m
[0mGET /api/v1/posts?page=1&limit=5 [36m304[0m 282.037 ms - -[0m
[0mGET /api/v1/posts?page=1&limit=5 [36m304[0m 218.077 ms - -[0m
[0mOPTIONS /api/v1/users/edit [32m200[0m 1.706 ms - 4[0m
[0mGET /api/v1/posts?page=1&limit=5 [36m304[0m 187.590 ms - -[0m
[0mGET /api/v1/posts?page=1&limit=5 [36m304[0m 103.884 ms - -[0m
[0mGET /api/v1/posts?page=1&limit=5 [36m304[0m 161.885 ms - -[0m
[0mOPTIONS /api/v1/users/edit [32m200[0m 1.401 ms - 4[0m
[0mGET /api/v1/posts?page=1&limit=5 [36m304[0m 36.609 ms - -[0m
[0mGET /api/v1/posts?page=1&limit=5 [36m304[0m 89.001 ms - -[0m
[0mOPTIONS /api/v1/users/edit [32m200[0m 1.939 ms - 4[0m
[0mOPTIONS /api/v1/users/edit [32m200[0m 0.990 ms - 4[0m
[0mGET /api/v1/posts?page=1&limit=5 [36m304[0m 199.899 ms - -[0m
[0mOPTIONS /api/v1/users/edit [32m200[0m 2.092 ms - 4[0m
[0mGET /api/v1/posts?page=1&limit=5 [36m304[0m 177.185 ms - -[0m
[0mOPTIONS /api/v1/users/edit [32m200[0m 2.089 ms - 4[0m
[0mGET /api/v1/posts?page=1&limit=5 [36m304[0m 235.428 ms - -[0m
[0mOPTIONS /api/v1/users/edit [32m200[0m 2.028 ms - 4[0m
[0mGET /api/v1/posts [36m304[0m 277.976 ms - -[0m
[0mGET /api/v1/edit [33m404[0m 33.675 ms - 150[0m
[0mGET /api/v1/login [33m404[0m 11.771 ms - 151[0m
[0mGET /api/v1/posts?page=1&limit=5 [36m304[0m 421.318 ms - -[0m
[0mOPTIONS /api/v1/users/edit [32m200[0m 2.119 ms - 4[0m
[0mPOST /api/v1/users/signup [32m200[0m 43.907 ms - 690[0m
[0mGET /api/v1/posts?page=1&limit=5 [36m304[0m 199.726 ms - -[0m
[0mGET /api/v1/posts?page=1&limit=5 [36m304[0m 124.912 ms - -[0m
[0mPOST /api/v1/users/create-session [32m200[0m 7.522 ms - 688[0m
[0mPOST /api/v1/users/edit [32m200[0m 5.310 ms - 646[0m
[0mPOST /api/v1/users/create-session [32m200[0m 6.618 ms - 674[0m
[0mPOST /api/v1/users/edit [32m200[0m 3.764 ms - 660[0m
[0mGET /api/v1/posts?page=1&limit=5 [36m304[0m 80.207 ms - -[0m
[0mPOST /api/v1/users/create-session [32m200[0m 10.937 ms - 688[0m
[0mOPTIONS /api/v1/users/edit [32m200[0m 1.552 ms - 4[0m
[0mGET /api/v1/posts?page=1&limit=5 [36m304[0m 196.579 ms - -[0m
[0mGET /api/v1/posts?page=1&limit=5 [36m304[0m 44.929 ms - -[0m
[0mPOST /api/v1/users/edit [36m302[0m 7.138 ms - 36[0m
[0mGET /users/sign-in [36m304[0m 11.941 ms - -[0m
[0mGET /api/v1/posts?page=1&limit=5 [36m304[0m 113.113 ms - -[0m
[0mPOST /api/v1/users/edit [36m302[0m 1.098 ms - 36[0m
[0mGET /users/sign-in [36m304[0m 5.023 ms - -[0m
[0mGET /api/v1/posts?page=1&limit=5 [36m304[0m 176.177 ms - -[0m
[0mGET /api/v1/posts?page=1&limit=5 [36m304[0m 143.626 ms - -[0m
[0mGET /api/v1/posts?page=1&limit=5 [36m304[0m 116.697 ms - -[0m
[0mGET /api/v1/posts?page=1&limit=5 [36m304[0m 136.547 ms - -[0m
[0mGET /api/v1/posts?page=1&limit=5 [36m304[0m 110.532 ms - -[0m
[0mPOST /api/v1/users/create-session [32m200[0m 7.642 ms - 688[0m
[0mPOST /api/v1/users/edit [36m302[0m 0.924 ms - 36[0m
[0mGET /users/sign-in [36m304[0m 4.690 ms - -[0m
[0mGET /api/v1/posts?page=1&limit=5 [36m304[0m 350.797 ms - -[0m
[0mPOST /api/v1/users/edit [32m200[0m 14.908 ms - 646[0m
[0mGET /api/v1/posts?page=1&limit=5 [36m304[0m 149.956 ms - -[0m
[0mGET /api/v1/posts?page=1&limit=5 [36m304[0m 179.641 ms - -[0m
[0mPOST /api/v1/users/edit [32m200[0m 5.235 ms - 660[0m
[0mPOST /api/v1/users/create-session [32m200[0m 23.352 ms - 688[0m
[0mPOST /api/v1/users/edit [32m200[0m 4.148 ms - 646[0m
[0mPOST /api/v1/users/create-session [32m200[0m 5.991 ms - 674[0m
[0mGET /api/v1/posts?page=1&limit=5 [36m304[0m 123.643 ms - -[0m
[0mGET /api/v1/posts?page=1&limit=5 [36m304[0m 52.312 ms - -[0m
[0mGET /api/v1/posts?page=1&limit=5 [36m304[0m 42.585 ms - -[0m
[0mGET /api/v1/posts?page=1&limit=5 [36m304[0m 28.510 ms - -[0m
[0mGET /api/v1/posts?page=1&limit=5 [36m304[0m 131.648 ms - -[0m
[0mGET /api/v1/posts?page=1&limit=5 [36m304[0m 59.220 ms - -[0m
[0mGET /api/v1/posts?page=1&limit=5 [36m304[0m 58.093 ms - -[0m
[0mGET /api/v1/posts?page=1&limit=5 [36m304[0m 46.898 ms - -[0m
[0mGET /api/v1/posts?page=1&limit=5 [36m304[0m 116.396 ms - -[0m
[0mPOST /api/v1/users/create-session [32m200[0m 14.010 ms - 674[0m
[0mGET /api/v1/posts?page=1&limit=5 [36m304[0m 72.410 ms - -[0m
[0mGET /api/v1/posts?page=1&limit=5 [36m304[0m 149.939 ms - -[0m
[0mGET /api/v1/posts?page=1&limit=5 [36m304[0m 151.031 ms - -[0m
[0mGET /api/v1/posts?page=1&limit=5 [36m304[0m 41.536 ms - -[0m
[0mGET /api/v1/posts?page=1&limit=5 [36m304[0m 93.562 ms - -[0m
[0mGET /api/v1/posts?page=1&limit=5 [36m304[0m 112.164 ms - -[0m
[0mGET /api/v1/posts?page=1&limit=5 [36m304[0m 54.739 ms - -[0m
