[0mGET /api/v1/posts?page=1&limit=25 [0m-[0m - ms - -[0m
[0mGET /api/v1/posts?page=1&limit=25 [32m200[0m 165.597 ms - 20347[0m
[0mGET /api/v1/posts?page=1&limit=25 [36m304[0m 956.524 ms - -[0m
[0mGET /api/v1/posts?page=1&limit=25 [36m304[0m 167.071 ms - -[0m
[0mGET /api/v1/posts?page=1&limit=25 [36m304[0m 85.439 ms - -[0m
[0mGET /api/v1/posts?page=1&limit=25 [36m304[0m 114.402 ms - -[0m
[0mGET /api/v1/posts?page=1&limit=25 [36m304[0m 316.212 ms - -[0m
[0mGET /api/v1/posts?page=1&limit=25 [36m304[0m 186.738 ms - -[0m
[0mGET /api/v1/posts?page=1&limit=25 [36m304[0m 109.804 ms - -[0m
[0mGET /api/v1/posts?page=1&limit=25 [36m304[0m 192.930 ms - -[0m
[0mPOST /api/v1/posts/createComment [32m200[0m 79.831 ms - 368[0m
[0mPOST /api/v1/posts/createComment [32m200[0m 52.939 ms - 359[0m
[0mPOST /api/v1/posts/createComment [32m200[0m 13.196 ms - 342[0m
[0mGET /api/v1/posts?page=1&limit=25 [32m200[0m 58.465 ms - 17436[0m
[0mGET /api/v1/posts?page=1&limit=25 [36m304[0m 92.287 ms - -[0m
[0mGET /api/v1/posts?page=1&limit=25 [32m200[0m 128.163 ms - 17029[0m
[0mGET /api/v1/posts?page=1&limit=25 [36m304[0m 207.448 ms - -[0m
[0mPOST /api/v1/posts/createComment [32m200[0m 54.044 ms - 338[0m
[0mGET /api/v1/posts?page=1&limit=25 [32m200[0m 294.521 ms - 17433[0m
[0mGET /api/v1/posts?page=1&limit=25 [36m304[0m 165.438 ms - -[0m
[0mGET /api/v1/posts?page=1&limit=25 [36m304[0m 117.319 ms - -[0m
[0mPOST /api/v1/posts/create [32m200[0m 27.467 ms - 264[0m
[0mPOST /api/v1/posts/createComment [32m200[0m 14.746 ms - 348[0m
[0mGET /api/v1/posts?page=1&limit=25 [32m200[0m 74.703 ms - 18237[0m
[0mGET /api/v1/posts?page=1&limit=25 [32m200[0m 537.802 ms - 12051[0m
[0mPOST /api/v1/posts/createComment [32m200[0m 21.794 ms - 344[0m
[0mGET /api/v1/posts?page=1&limit=25 [32m200[0m 147.309 ms - 12460[0m
[0mPOST /api/v1/posts/createComment [32m200[0m 42.864 ms - 348[0m
[0mGET /api/v1/posts?page=1&limit=25 [32m200[0m 92.931 ms - 12873[0m
[0mGET /api/v1/posts?page=1&limit=25 [36m304[0m 150.386 ms - -[0m
[0mPOST /api/v1/posts/createComment [32m200[0m 49.988 ms - 360[0m
[0mPOST /api/v1/users/signup [32m200[0m 75.423 ms - 709[0m
[0mPOST /api/v1/posts/createComment [32m200[0m 11.762 ms - 366[0m
[0mGET /api/v1/posts?page=1&limit=25 [32m200[0m 96.847 ms - 13713[0m
[0mGET / [32m200[0m 112.688 ms - 25945[0m
[0mGET /users/sign-in [32m200[0m 16.872 ms - 1483[0m
[0mGET /users/css/layout.css [33m404[0m 37.512 ms - 159[0m
[0mGET /users/css/header.css [33m404[0m 37.036 ms - 159[0m
[0mGET /users/css/footer.css [33m404[0m 50.378 ms - 159[0m
[0mGET /users/css/chat_box.css [33m404[0m 64.920 ms - 161[0m
[0mGET /users/auth/google [36m302[0m 75.512 ms - 0[0m
[0mGET /users/auth/google/callback?code=4%2F0AY0e-g533fbIXxRnyTcwylU6xkgYpfzHGFCiEoG_YgivTeCcUIAApW1FyUXmbvNdyYyT9g&scope=email+profile+https%3A%2F%2Fwww.googleapis.com%2Fauth%2Fuserinfo.profile+https%3A%2F%2Fwww.googleapis.com%2Fauth%2Fuserinfo.email+openid&authuser=0&prompt=consent [36m302[0m 533.000 ms - 46[0m
[0mGET / [36m304[0m 237.649 ms - -[0m
[0mGET /users/sign-in [36m302[0m 8.887 ms - 88[0m
[0mGET /users/profile/user.id [31m500[0m 48.512 ms - 2656[0m
[0mGET /users/sign-in [36m302[0m 19.603 ms - 88[0m
[0mGET /users/profile/user.id [31m500[0m 39.066 ms - 2656[0m
[0mGET / [32m200[0m 123.929 ms - 39393[0m
[0mPOST /comments/create [36m302[0m 23.043 ms - 46[0m
[0mGET / [32m200[0m 94.029 ms - 40101[0m
[0mGET /api/v1/posts?page=1&limit=25 [32m200[0m 259.014 ms - 14123[0m
[0mPOST /api/v1/posts/createComment [32m200[0m 70.619 ms - 366[0m
[0mGET / [32m200[0m 318.014 ms - 41095[0m
[0mPOST /comments/create [36m302[0m 97.512 ms - 46[0m
[0mGET / [32m200[0m 107.374 ms - 41808[0m
[0mGET / [32m200[0m 340.897 ms - 41527[0m
[0mPOST /comments/create [36m302[0m 91.334 ms - 46[0m
[0mGET / [32m200[0m 214.596 ms - 42510[0m
[0mGET /api/v1/posts?page=1&limit=25 [32m200[0m 351.744 ms - 15357[0m
[0mPOST /api/v1/posts/createComment [32m200[0m 70.484 ms - 372[0m
[0mGET /api/v1/posts?page=1&limit=25 [32m200[0m 413.163 ms - 15778[0m
[0mGET /api/v1/posts?page=1&limit=25 [36m304[0m 244.310 ms - -[0m
[0mGET /api/v1/posts?page=1&limit=25 [36m304[0m 188.481 ms - -[0m
[0mGET /api/v1/posts?page=1&limit=25 [36m304[0m 180.526 ms - -[0m
[0mGET /api/v1/posts?page=1&limit=25 [36m304[0m 89.523 ms - -[0m
[0mGET /api/v1/posts?page=1&limit=25 [36m304[0m 74.566 ms - -[0m
[0mGET /api/v1/posts?page=1&limit=25 [36m304[0m 234.937 ms - -[0m
[0mGET /api/v1/posts?page=1&limit=25 [36m304[0m 53.449 ms - -[0m
[0mGET /api/v1/posts?page=1&limit=25 [36m304[0m 183.980 ms - -[0m
[0mGET /api/v1/posts?page=1&limit=25 [36m304[0m 78.116 ms - -[0m
[0mGET /api/v1/posts?page=1&limit=25 [36m304[0m 385.538 ms - -[0m
[0mGET /api/v1/posts?page=1&limit=25 [36m304[0m 74.597 ms - -[0m
[0mGET /api/v1/posts?page=1&limit=25 [36m304[0m 131.643 ms - -[0m
[0mGET /api/v1/posts?page=1&limit=25 [36m304[0m 100.982 ms - -[0m
[0mGET /api/v1/posts?page=1&limit=25 [36m304[0m 75.109 ms - -[0m
[0mGET /api/v1/posts?page=1&limit=25 [36m304[0m 46.724 ms - -[0m
[0mGET /api/v1/posts?page=1&limit=25 [36m304[0m 65.702 ms - -[0m
[0mGET /api/v1/posts?page=1&limit=25 [36m304[0m 64.986 ms - -[0m
[0mGET /api/v1/posts?page=1&limit=25 [36m304[0m 30.736 ms - -[0m
[0mGET /api/v1/posts?page=1&limit=25 [36m304[0m 150.040 ms - -[0m
[0mGET /api/v1/posts?page=1&limit=25 [36m304[0m 100.277 ms - -[0m
[0mGET /api/v1/posts?page=1&limit=25 [36m304[0m 43.594 ms - -[0m
[0mGET /api/v1/posts?page=1&limit=25 [36m304[0m 47.150 ms - -[0m
[0mGET /api/v1/posts?page=1&limit=25 [36m304[0m 39.177 ms - -[0m
[0mGET /api/v1/posts?page=1&limit=25 [36m304[0m 47.963 ms - -[0m
[0mGET /api/v1/posts?page=1&limit=25 [36m304[0m 73.296 ms - -[0m
[0mGET /api/v1/posts?page=1&limit=25 [36m304[0m 118.939 ms - -[0m
[0mGET /api/v1/posts?page=1&limit=25 [36m304[0m 45.461 ms - -[0m
[0mGET /api/v1/posts?page=1&limit=25 [36m304[0m 38.529 ms - -[0m
[0mGET /api/v1/posts?page=1&limit=25 [36m304[0m 48.777 ms - -[0m
[0mGET /api/v1/posts?page=1&limit=25 [36m304[0m 24.700 ms - -[0m
[0mGET /api/v1/posts?page=1&limit=25 [36m304[0m 46.920 ms - -[0m
[0mGET /api/v1/posts?page=1&limit=25 [36m304[0m 80.923 ms - -[0m
[0mGET /api/v1/posts?page=1&limit=25 [36m304[0m 107.429 ms - -[0m
[0mGET /api/v1/posts?page=1&limit=25 [36m304[0m 30.175 ms - -[0m
[0mGET /api/v1/posts?page=1&limit=25 [36m304[0m 192.151 ms - -[0m
[0mGET /api/v1/posts?page=1&limit=25 [36m304[0m 165.673 ms - -[0m
[0mGET /api/v1/posts?page=1&limit=25 [36m304[0m 313.861 ms - -[0m
[0mGET /api/v1/posts?page=1&limit=25 [36m304[0m 106.233 ms - -[0m
[0mGET /api/v1/posts?page=1&limit=25 [36m304[0m 173.114 ms - -[0m
[0mGET /api/v1/posts?page=1&limit=25 [36m304[0m 743.468 ms - -[0m
[0mGET /api/v1/posts?page=1&limit=25 [36m304[0m 156.868 ms - -[0m
[0mGET /api/v1/posts?page=1&limit=25 [36m304[0m 84.462 ms - -[0m
[0mGET /api/v1/posts?page=1&limit=25 [36m304[0m 84.179 ms - -[0m
[0mGET /api/v1/posts?page=1&limit=25 [36m304[0m 39.524 ms - -[0m
[0mGET /api/v1/posts?page=1&limit=25 [36m304[0m 62.702 ms - -[0m
[0mGET /api/v1/posts?page=1&limit=25 [36m304[0m 101.236 ms - -[0m
[0mGET /api/v1/posts?page=1&limit=25 [36m304[0m 38.667 ms - -[0m
[0mPOST /likes/toggle/?id=60b497cccde5398fd748b777&type=Comment [31m500[0m 135.640 ms - 35[0m
[0mPOST /likes/toggle/?id=60b496ffcde5398fd748b774&type=Post [31m500[0m 93.706 ms - 35[0m
[0mGET / [32m200[0m 383.973 ms - 28210[0m
[0mGET /users/sign-in [32m200[0m 36.371 ms - 1483[0m
[0mGET /users/css/footer.css [33m404[0m 69.921 ms - 159[0m
[0mGET /users/css/header.css [33m404[0m 115.996 ms - 159[0m
[0mGET /users/css/chat_box.css [33m404[0m 128.761 ms - 161[0m
[0mGET /users/css/layout.css [33m404[0m 85.028 ms - 159[0m
[0mGET /users/auth/google [36m302[0m 54.215 ms - 0[0m
[0mGET /users/auth/google/callback?code=4%2F0AY0e-g7E1KyJvWb1i9d_az6i1Q6UdZXf8FXjOodoM3ZfMMiYZuJcuMym7q3W9ErKA0ORLg&scope=email+profile+https%3A%2F%2Fwww.googleapis.com%2Fauth%2Fuserinfo.profile+https%3A%2F%2Fwww.googleapis.com%2Fauth%2Fuserinfo.email+openid&authuser=0&prompt=consent [36m302[0m 708.251 ms - 46[0m
[0mGET / [32m200[0m 203.177 ms - 43234[0m
[0mPOST /likes/toggle/?id=60b496ffcde5398fd748b774&type=Post [32m200[0m 155.968 ms - 57[0m
[0mPOST /likes/toggle/?id=60b497cccde5398fd748b777&type=Comment [32m200[0m 38.216 ms - 57[0m
[0mPOST /likes/toggle/?id=60b49da2c555df91e5948dc9&type=Comment [32m200[0m 40.148 ms - 57[0m
[0mGET / [32m200[0m 152.959 ms - 42948[0m
[0mGET /api/v1/posts?page=1&limit=25 [32m200[0m 176.174 ms - 15856[0m
[0mPOST /likes/toggle/?id=60b497cccde5398fd748b777&type=Comment [32m200[0m 25.574 ms - 56[0m
[0mPOST /likes/toggle/?id=60b49da2c555df91e5948dc9&type=Comment [32m200[0m 15.610 ms - 56[0m
[0mGET /api/v1/posts?page=1&limit=25 [32m200[0m 134.018 ms - 15804[0m
