[0mGET /api/v1/posts?page=1&limit=5 [36m304[0m 120.272 ms - -[0m
[0mGET /api/v1/posts?page=1&limit=5 [36m304[0m 170.271 ms - -[0m
[0mGET /api/v1/posts?page=1&limit=5 [36m304[0m 98.758 ms - -[0m
[0mGET /api/v1/posts [36m304[0m 143.177 ms - -[0m
[0mGET / [36m304[0m 161.524 ms - -[0m
[0mGET /api/v1/posts [36m304[0m 66.166 ms - -[0m
[0mGET /api/v1/posts?page=1&limit=5 [36m304[0m 165.279 ms - -[0m
[0mGET /users/sign-in [36m304[0m 9.845 ms - -[0m
[0mGET /users/css/layout.css [33m404[0m 62.196 ms - 159[0m
[0mGET /users/css/header.css [33m404[0m 70.704 ms - 159[0m
[0mGET /users/css/footer.css [33m404[0m 98.113 ms - 159[0m
[0mGET /users/css/chat_box.css [33m404[0m 100.818 ms - 161[0m
[0mGET /users/css/layout.css [33m404[0m 37.409 ms - 159[0m
[0mGET /users/auth/google [36m302[0m 20.323 ms - 0[0m
[0mGET /users/auth/google/callback?code=4%2F0AY0e-g4rbSuUwBC8OWEGIFagyXdMlJEeQIsvsdWpgxWGbXrMsB9xxNBNe3vDwPBZ6B8aKQ&scope=email+profile+https%3A%2F%2Fwww.googleapis.com%2Fauth%2Fuserinfo.profile+https%3A%2F%2Fwww.googleapis.com%2Fauth%2Fuserinfo.email+openid&authuser=0&prompt=consent [36m302[0m 503.606 ms - 46[0m
[0mGET / [32m200[0m 120.850 ms - 38334[0m
[0mPOST /likes/toggle/?id=60783b5af70fab9800e1a972&type=Post [32m200[0m 32.929 ms - 57[0m
[0mPOST /likes/toggle/?id=60815d92658a39f7a48b1ab7&type=Comment [32m200[0m 18.529 ms - 57[0m
[0mGET / [32m200[0m 114.147 ms - 38048[0m
[0mGET /users/sign-out [36m302[0m 17.939 ms - 46[0m
[0mGET / [32m200[0m 73.336 ms - 25024[0m
[0mGET /api/v1/posts?page=1&limit=5 [32m200[0m 95.003 ms - 15368[0m
[0mGET /api/v1/posts?page=1&limit=5 [36m304[0m 37.964 ms - -[0m
[0mGET /api/v1/posts?page=1&limit=5 [36m304[0m 29.622 ms - -[0m
[0mPOST /api/v1/users/create-session [32m200[0m 17.594 ms - 542[0m
[0mPOST /api/v1/users/create-session [33m422[0m 4.708 ms - 39[0m
[0mPOST /api/v1/users/create-session [31m500[0m 33.774 ms - 35[0m
[0mGET /api/v1/posts?page=1&limit=5 [36m304[0m 146.636 ms - -[0m
[0mGET /api/v1/posts?page=1&limit=5 [36m304[0m 54.639 ms - -[0m
[0mGET /api/v1/posts?page=1&limit=5 [36m304[0m 104.861 ms - -[0m
[0mPOST /api/v1/users/create-session [32m200[0m 31.117 ms - 542[0m
[0mGET /api/v1/posts?page=1&limit=5 [36m304[0m 90.231 ms - -[0m
[0mGET /api/v1/posts?page=1&limit=5 [36m304[0m 113.529 ms - -[0m
[0mPOST /api/v1/users/create-session [33m422[0m 3.610 ms - 39[0m
[0mGET / [32m200[0m 96.129 ms - 24741[0m
[0mGET / [36m304[0m 67.107 ms - -[0m
[0mGET /api/v1/posts [32m200[0m 30.578 ms - 15368[0m
[0mGET / [36m304[0m 67.041 ms - -[0m
[0mGET / [36m304[0m 56.073 ms - -[0m
[0mGET / [36m304[0m 47.083 ms - -[0m
[0mGET / [36m304[0m 46.493 ms - -[0m
[0mGET / [36m304[0m 56.860 ms - -[0m
[0mGET / [36m304[0m 54.150 ms - -[0m
[0mGET / [36m304[0m 43.953 ms - -[0m
[0mGET / [36m304[0m 50.364 ms - -[0m
[0mGET / [36m304[0m 42.676 ms - -[0m
[0mGET / [36m304[0m 39.431 ms - -[0m
[0mGET / [36m304[0m 47.801 ms - -[0m
[0mGET / [36m304[0m 52.614 ms - -[0m
[0mGET /api/v1/posts?page=1&limit=5 [36m304[0m 93.377 ms - -[0m
[0mPOST /api/v1/users/create-session [33m422[0m 5.080 ms - 39[0m
[0mPOST /api/v1/users/create-session [33m422[0m 4.493 ms - 39[0m
[0mGET /api/v1/posts?page=1&limit=5 [36m304[0m 90.729 ms - -[0m
[0mGET /api/v1/posts?page=1&limit=5 [36m304[0m 61.821 ms - -[0m
[0mGET /api/v1/posts?page=1&limit=5 [36m304[0m 112.703 ms - -[0m
[0mPOST /api/v1/users/create-session [32m200[0m 9.325 ms - 542[0m
[0mPOST /api/v1/users/create-session [33m422[0m 8.064 ms - 39[0m
[0mPOST /api/v1/users/create-session [32m200[0m 8.207 ms - 542[0m
[0mGET /api/v1/posts?page=1&limit=5 [36m304[0m 157.080 ms - -[0m
[0mPOST /api/v1/users/create-session [32m200[0m 6.622 ms - 542[0m
[0mGET /api/v1/posts?page=1&limit=5 [36m304[0m 94.327 ms - -[0m
[0mPOST /api/v1/users/create-session [32m200[0m 3.446 ms - 542[0m
[0mPOST /api/v1/users/create-session [32m200[0m 54.650 ms - 794[0m
[0mPOST /api/v1/users/create-session [32m200[0m 7.973 ms - 794[0m
[0mPOST /api/v1/users/create-session [33m422[0m 9.769 ms - 39[0m
[0mPOST /api/v1/users/create-session [32m200[0m 7.051 ms - 794[0m
[0mGET /api/v1/posts?page=1&limit=5 [36m304[0m 291.588 ms - -[0m
[0mPOST /api/v1/users/create-session [32m200[0m 5.277 ms - 794[0m
[0mGET /api/v1/posts?page=1&limit=5 [36m304[0m 110.362 ms - -[0m
[0mPOST /api/v1/users/create-session [32m200[0m 6.351 ms - 794[0m
[0mGET /api/v1/posts?page=1&limit=5 [36m304[0m 44.721 ms - -[0m
[0mPOST /api/v1/users/create-session [33m422[0m 37.399 ms - 39[0m
[0mPOST /api/v1/users/create-session [33m422[0m 5.904 ms - 39[0m
[0mPOST /api/v1/users/create-session [33m422[0m 2.710 ms - 39[0m
[0mPOST /api/v1/users/create-session [32m200[0m 7.441 ms - 794[0m
[0mGET /api/v1/posts?page=1&limit=5 [36m304[0m 124.333 ms - -[0m
[0mPOST /api/v1/users/create-session [32m200[0m 5.161 ms - 794[0m
[0mPOST /api/v1/users/create-session [33m422[0m 61.017 ms - 39[0m
[0mPOST /api/v1/users/create-session [32m200[0m 12.227 ms - 809[0m
[0mGET /api/v1/posts?page=1&limit=5 [36m304[0m 226.494 ms - -[0m
[0mPOST /api/v1/users/create-session [32m200[0m 7.414 ms - 809[0m
[0mGET /api/v1/posts?page=1&limit=5 [36m304[0m 82.588 ms - -[0m
[0mPOST /api/v1/users/create-session [32m200[0m 9.131 ms - 809[0m
[0mGET /api/v1/posts?page=1&limit=5 [36m304[0m 113.205 ms - -[0m
[0mPOST /api/v1/users/create-session [33m422[0m 17.571 ms - 39[0m
[0mGET /api/v1/posts?page=1&limit=5 [36m304[0m 72.732 ms - -[0m
[0mPOST /api/v1/users/create-session [33m422[0m 5.031 ms - 39[0m
[0mPOST /api/v1/users/create-session [33m422[0m 49.173 ms - 39[0m
[0mPOST /api/v1/users/create-session [32m200[0m 26.587 ms - 809[0m
[0mGET /api/v1/posts?page=1&limit=5 [36m304[0m 121.714 ms - -[0m
[0mPOST /api/v1/users/create-session [32m200[0m 8.514 ms - 809[0m
[0mGET /api/v1/posts?page=1&limit=5 [36m304[0m 234.060 ms - -[0m
[0mPOST /api/v1/users/create-session [33m422[0m 6.375 ms - 39[0m
[0mGET /api/v1/posts?page=1&limit=5 [36m304[0m 482.250 ms - -[0m
[0mGET /api/v1/posts?page=1&limit=5 [36m304[0m 140.986 ms - -[0m
[0mGET / [32m200[0m 248.623 ms - 25079[0m
[0mGET /api/v1/posts?page=1&limit=5 [36m304[0m 124.836 ms - -[0m
[0mPOST /api/v1/users/signup [32m200[0m 77.434 ms - 683[0m
[0mGET /api/v1/posts?page=1&limit=5 [36m304[0m 484.405 ms - -[0m
[0mPOST /api/v1/users/signup [32m200[0m 67.424 ms - 688[0m
[0mGET / [32m200[0m 178.710 ms - 25416[0m
[0mGET /api/v1/posts?page=1&limit=5 [36m304[0m 111.995 ms - -[0m
[0mPOST /api/v1/users/create-session [32m200[0m 14.935 ms - 688[0m
[0mGET /api/v1/posts?page=1&limit=5 [36m304[0m 199.093 ms - -[0m
[0mGET /api/v1/posts?page=1&limit=5 [36m304[0m 260.254 ms - -[0m
[0mPOST /api/v1/users/create-session [32m200[0m 7.183 ms - 688[0m
[0mGET /api/v1/posts?page=1&limit=5 [36m304[0m 178.980 ms - -[0m
[0mGET /api/v1/posts?page=1&limit=5 [36m304[0m 82.538 ms - -[0m
[0mGET /api/v1/posts?page=1&limit=5 [36m304[0m 518.926 ms - -[0m
[0mGET /api/v1/posts?page=1&limit=5 [36m304[0m 46.581 ms - -[0m
[0mGET /api/v1/posts?page=1&limit=5 [36m304[0m 81.623 ms - -[0m
[0mGET /api/v1/posts?page=1&limit=5 [36m304[0m 40.499 ms - -[0m
[0mGET /api/v1/posts?page=1&limit=5 [36m304[0m 470.328 ms - -[0m
[0mGET /api/v1/posts?page=1&limit=5 [36m304[0m 66.899 ms - -[0m
[0mGET /api/v1/posts?page=1&limit=5 [36m304[0m 88.950 ms - -[0m
[0mGET /api/v1/posts?page=1&limit=5 [36m304[0m 108.922 ms - -[0m
[0mGET /api/v1/posts?page=1&limit=5 [36m304[0m 729.940 ms - -[0m
[0mGET /api/v1/posts?page=1&limit=5 [36m304[0m 34.231 ms - -[0m
[0mGET /api/v1/posts?page=1&limit=5 [36m304[0m 210.024 ms - -[0m
[0mGET /api/v1/posts?page=1&limit=5 [36m304[0m 113.299 ms - -[0m
[0mGET /api/v1/posts?page=1&limit=5 [36m304[0m 65.469 ms - -[0m
[0mGET /api/v1/posts?page=1&limit=5 [36m304[0m 91.804 ms - -[0m
[0mGET /api/v1/posts?page=1&limit=5 [36m304[0m 48.141 ms - -[0m
[0mGET /api/v1/posts?page=1&limit=5 [36m304[0m 106.889 ms - -[0m
[0mGET /api/v1/posts?page=1&limit=5 [36m304[0m 99.357 ms - -[0m
[0mGET /api/v1/posts?page=1&limit=5 [36m304[0m 103.887 ms - -[0m
[0mGET /api/v1/posts?page=1&limit=5 [36m304[0m 90.148 ms - -[0m
[0mGET /api/v1/posts?page=1&limit=5 [36m304[0m 135.726 ms - -[0m
[0mGET /api/v1/posts?page=1&limit=5 [36m304[0m 155.885 ms - -[0m
[0mGET /api/v1/posts?page=1&limit=5 [36m304[0m 140.742 ms - -[0m
[0mGET /api/v1/posts?page=1&limit=5 [36m304[0m 92.616 ms - -[0m
[0mGET /api/v1/posts?page=1&limit=5 [36m304[0m 125.268 ms - -[0m
[0mPOST /api/v1/users/create-session [32m200[0m 15.162 ms - 688[0m
[0mGET /api/v1/posts?page=1&limit=5 [36m304[0m 82.176 ms - -[0m
[0mGET /api/v1/posts?page=1&limit=5 [36m304[0m 76.834 ms - -[0m
[0mGET /api/v1/posts?page=1&limit=5 [36m304[0m 34.704 ms - -[0m
[0mPOST /api/v1/users/create-session [32m200[0m 9.550 ms - 688[0m
[0mGET /api/v1/posts?page=1&limit=5 [36m304[0m 28.543 ms - -[0m
[0mGET /api/v1/posts?page=1&limit=5 [36m304[0m 133.199 ms - -[0m
[0mGET /api/v1/posts?page=1&limit=5 [36m304[0m 133.807 ms - -[0m
[0mGET /api/v1/posts?page=1&limit=5 [36m304[0m 39.737 ms - -[0m
[0mPOST /api/v1/users/create-session [32m200[0m 18.824 ms - 688[0m
[0mGET /api/v1/posts?page=1&limit=5 [36m304[0m 92.698 ms - -[0m
[0mPOST /api/v1/users/create-session [32m200[0m 7.937 ms - 688[0m
[0mGET /api/v1/posts?page=1&limit=5 [36m304[0m 77.620 ms - -[0m
[0mPOST /api/v1/users/create-session [32m200[0m 6.295 ms - 688[0m
[0mPOST /api/v1/users/create-session [32m200[0m 7.312 ms - 688[0m
[0mGET /api/v1/posts?page=1&limit=5 [36m304[0m 68.469 ms - -[0m
[0mGET /api/v1/posts?page=1&limit=5 [36m304[0m 42.746 ms - -[0m
[0mGET /api/v1/posts?page=1&limit=5 [36m304[0m 27.178 ms - -[0m
[0mPOST /api/v1/users/create-session [33m422[0m 6.660 ms - 39[0m
[0mPOST /api/v1/users/create-session [33m422[0m 4.342 ms - 39[0m
[0mGET /api/v1/posts?page=1&limit=5 [36m304[0m 104.169 ms - -[0m
[0mGET /api/v1/posts?page=1&limit=5 [36m304[0m 56.020 ms - -[0m
[0mPOST /api/v1/users/create-session [32m200[0m 10.724 ms - 688[0m
[0mPOST /api/v1/users/create-session [32m200[0m 4.473 ms - 688[0m
[0mGET /api/v1/posts?page=1&limit=5 [36m304[0m 161.747 ms - -[0m
[0mGET /api/v1/posts?page=1&limit=5 [36m304[0m 40.061 ms - -[0m
[0mGET /api/v1/posts?page=1&limit=5 [36m304[0m 38.160 ms - -[0m
[0mGET /api/v1/posts?page=1&limit=5 [36m304[0m 226.722 ms - -[0m
[0mPOST /api/v1/users/create-session [32m200[0m 12.562 ms - 688[0m
[0mGET /api/v1/posts?page=1&limit=5 [36m304[0m 203.637 ms - -[0m
[0mGET /api/v1/posts?page=1&limit=5 [36m304[0m 45.636 ms - -[0m
[0mGET /api/v1/posts?page=1&limit=5 [36m304[0m 87.957 ms - -[0m
[0mGET /api/v1/posts?page=1&limit=5 [36m304[0m 36.213 ms - -[0m
[0mGET /api/v1/posts?page=1&limit=5 [36m304[0m 69.771 ms - -[0m
[0mGET /api/v1/posts?page=1&limit=5 [36m304[0m 61.320 ms - -[0m
[0mPOST /api/v1/users/create-session [32m200[0m 14.164 ms - 688[0m
[0mGET /api/v1/posts?page=1&limit=5 [36m304[0m 79.921 ms - -[0m
[0mGET /api/v1/posts?page=1&limit=5 [36m304[0m 82.502 ms - -[0m
