[0mGET /api/v1/posts?page=1&limit=5 [32m200[0m 600.942 ms - 15963[0m
[0mGET /api/v1/friendship/fetch-friends [31m500[0m 134.013 ms - 35[0m
[0mGET /api/v1/posts?page=1&limit=5 [36m304[0m 314.213 ms - -[0m
[0mGET /api/v1/posts?page=1&limit=5 [36m304[0m 111.519 ms - -[0m
[0mGET /api/v1/friendship/fetch-friends [31m500[0m 84.209 ms - 35[0m
[0mGET /api/v1/friendship/fetch-friends [31m500[0m 113.142 ms - 35[0m
[0mGET /api/v1/posts?page=1&limit=5 [36m304[0m 229.000 ms - -[0m
[0mGET /api/v1/friendship/fetch-friends [31m500[0m 175.155 ms - 35[0m
[0mGET /api/v1/posts?page=1&limit=5 [36m304[0m 357.880 ms - -[0m
[0mGET /api/v1/friendship/fetch-friends [31m500[0m 93.079 ms - 35[0m
[0mGET /api/v1/posts?page=1&limit=5 [36m304[0m 191.721 ms - -[0m
[0mGET /api/v1/posts?page=1&limit=5 [36m304[0m 143.170 ms - -[0m
[0mGET /api/v1/friendship/fetch-friends [31m500[0m 26.350 ms - 35[0m
[0mGET /api/v1/friendship/fetch-friends [31m500[0m 8.596 ms - 35[0m
[0mGET /api/v1/posts?page=1&limit=5 [36m304[0m 58.498 ms - -[0m
[0mGET /api/v1/friendship/fetch-friends [31m500[0m 259.403 ms - 29[0m
[0mGET /api/v1/posts?page=1&limit=5 [36m304[0m 503.000 ms - -[0m
[0mGET /api/v1/friendship/fetch-friends [31m500[0m 99.482 ms - 29[0m
[0mGET /api/v1/posts?page=1&limit=5 [36m304[0m 263.677 ms - -[0m
[0mGET /api/v1/friendship/fetch-friends [32m200[0m 50.826 ms - 484[0m
[0mGET /api/v1/posts?page=1&limit=5 [36m304[0m 181.167 ms - -[0m
[0mGET /api/v1/posts?page=1&limit=5 [36m304[0m 74.349 ms - -[0m
[0mGET /api/v1/friendship/fetch-friends [32m200[0m 22.141 ms - 484[0m
[0mGET /api/v1/posts?page=1&limit=5 [36m304[0m 143.744 ms - -[0m
[0mGET /api/v1/friendship/fetch-friends [32m200[0m 79.351 ms - 484[0m
[0mGET /api/v1/posts?page=1&limit=5 [36m304[0m 104.605 ms - -[0m
[0mGET /api/v1/friendship/fetch-friends [32m200[0m 110.431 ms - 486[0m
[0mGET /api/v1/friendship/fetch-friends [31m500[0m 173.673 ms - 35[0m
[0mGET /api/v1/posts?page=1&limit=5 [36m304[0m 127.595 ms - -[0m
[0mGET /api/v1/friendship/fetch-friends [32m200[0m 169.287 ms - 486[0m
[0mGET /api/v1/posts?page=1&limit=5 [36m304[0m 545.868 ms - -[0m
[0mGET /api/v1/friendship/fetch-friends [32m200[0m 168.175 ms - 610[0m
[0mGET /api/v1/posts?page=1&limit=5 [36m304[0m 318.267 ms - -[0m
[0mGET /api/v1/friendship/fetch-friends [32m200[0m 102.314 ms - 486[0m
[0mGET /api/v1/posts?page=1&limit=5 [36m304[0m 308.443 ms - -[0m
[0mGET /api/v1/friendship/fetch-friends [32m200[0m 139.844 ms - 484[0m
[0mGET /api/v1/posts?page=1&limit=5 [36m304[0m 350.010 ms - -[0m
[0mGET /api/v1/friendship/fetch-friends [32m200[0m 150.091 ms - 486[0m
[0mGET /api/v1/posts?page=1&limit=5 [36m304[0m 295.193 ms - -[0m
[0mGET /api/v1/posts?page=1&limit=5 [36m304[0m 137.528 ms - -[0m
[0mGET /api/v1/friendship/fetch-friends [32m200[0m 38.472 ms - 486[0m
[0mGET /api/v1/friendship/fetch-friends [32m200[0m 76.168 ms - 486[0m
[0mGET /api/v1/posts?page=1&limit=5 [36m304[0m 155.340 ms - -[0m
[0mGET /api/v1/friendship/fetch-friends [32m200[0m 66.230 ms - 486[0m
[0mGET /api/v1/posts?page=1&limit=5 [36m304[0m 162.093 ms - -[0m
[0mGET /api/v1/posts?page=1&limit=5 [36m304[0m 51.012 ms - -[0m
[0mGET /api/v1/friendship/fetch-friends [32m200[0m 10.791 ms - 486[0m
[0mGET /api/v1/friendship/fetch-friends [32m200[0m 107.202 ms - 486[0m
[0mGET /api/v1/posts?page=1&limit=5 [36m304[0m 175.906 ms - -[0m
[0mGET /api/v1/friendship/fetch-friends [32m200[0m 81.578 ms - 486[0m
[0mGET /api/v1/posts?page=1&limit=5 [36m304[0m 197.715 ms - -[0m
[0mGET /api/v1/friendship/fetch-friends [32m200[0m 79.889 ms - 486[0m
[0mGET /api/v1/posts?page=1&limit=5 [36m304[0m 163.301 ms - -[0m
[0mGET /api/v1/friendship/fetch-friends [32m200[0m 137.192 ms - 486[0m
[0mGET /api/v1/posts?page=1&limit=5 [36m304[0m 299.242 ms - -[0m
[0mGET /api/v1/posts?page=1&limit=5 [36m304[0m 196.745 ms - -[0m
[0mGET /api/v1/friendship/fetch-friends [32m200[0m 168.413 ms - 486[0m
[0mGET /api/v1/friendship/fetch-friends [32m200[0m 188.645 ms - 486[0m
[0mGET /api/v1/posts?page=1&limit=5 [36m304[0m 350.627 ms - -[0m
[0mGET /api/v1/friendship/fetch-friends [32m200[0m 101.947 ms - 486[0m
[0mGET /api/v1/posts?page=1&limit=5 [36m304[0m 245.509 ms - -[0m
[0mGET /api/v1/posts?page=1&limit=5 [36m304[0m 108.760 ms - -[0m
[0mGET /api/v1/friendship/fetch-friends [31m500[0m 59.539 ms - 35[0m
[0mGET /api/v1/posts?page=1&limit=5 [36m304[0m 272.534 ms - -[0m
[0mGET /api/v1/friendship/fetch-friends [32m200[0m 105.009 ms - 473[0m
[0mGET /api/v1/friendship/fetch-friends [32m200[0m 149.377 ms - 473[0m
[0mGET /api/v1/posts?page=1&limit=5 [36m304[0m 262.786 ms - -[0m
[0mGET /api/v1/friendship/fetch-friends [32m200[0m 98.747 ms - 486[0m
[0mGET /api/v1/posts?page=1&limit=5 [36m304[0m 231.997 ms - -[0m
[0mPOST /api/v1/users/create-session [33m422[0m 4.823 ms - 39[0m
[0mPOST /api/v1/users/create-session [33m422[0m 6.183 ms - 39[0m
[0mPOST /api/v1/users/create-session [33m422[0m 5.944 ms - 39[0m
[0mPOST /api/v1/users/signup [32m200[0m 31.283 ms - 734[0m
[0mGET /api/v1/friendship/fetch-friends [32m200[0m 49.056 ms - 486[0m
[0mGET /api/v1/posts?page=1&limit=5 [36m304[0m 118.823 ms - -[0m
[0mGET /api/v1/friendship/fetch-friends [31m500[0m 111.547 ms - 29[0m
[0mGET /api/v1/posts?page=1&limit=5 [36m304[0m 220.504 ms - -[0m
[0mGET /api/v1/friendship/fetch-friends [31m500[0m 58.596 ms - 29[0m
[0mGET /api/v1/posts?page=1&limit=5 [36m304[0m 239.552 ms - -[0m
[0mGET /api/v1/posts?page=1&limit=5 [36m304[0m 84.236 ms - -[0m
[0mGET /api/v1/friendship/fetch-friends [31m500[0m 12.373 ms - 29[0m
[0mGET /api/v1/friendship/fetch-friends [31m500[0m 146.221 ms - 29[0m
[0mGET /api/v1/posts?page=1&limit=5 [36m304[0m 260.258 ms - -[0m
[0mGET /api/v1/friendship/fetch-friends [31m500[0m 61.886 ms - 29[0m
[0mGET /api/v1/posts?page=1&limit=5 [36m304[0m 153.920 ms - -[0m
[0mGET /api/v1/friendship/fetch-friends/undefined [33m404[0m 2.581 ms - 180[0m
[0mGET /api/v1/posts?page=1&limit=5 [36m304[0m 116.870 ms - -[0m
[0mGET /api/v1/friendship/fetch-friends/undefined [31m500[0m 23.661 ms - 35[0m
[0mGET /api/v1/posts?page=1&limit=5 [36m304[0m 301.867 ms - -[0m
[0mGET /api/v1/friendship/fetch-friends/undefined [31m500[0m 5.925 ms - 35[0m
[0mGET /api/v1/posts?page=1&limit=5 [36m304[0m 173.475 ms - -[0m
[0mGET /api/v1/posts?page=1&limit=5 [36m304[0m 68.193 ms - -[0m
[0mGET /api/v1/friendship/fetch-friends/undefined [31m500[0m 6.275 ms - 35[0m
[0mGET /api/v1/friendship/fetch-friends/ [31m500[0m 113.997 ms - 29[0m
[0mGET /api/v1/posts?page=1&limit=5 [36m304[0m 351.046 ms - -[0m
[0mGET /api/v1/friendship/fetch-friends [31m500[0m 55.312 ms - 29[0m
[0mGET /api/v1/posts?page=1&limit=5 [36m304[0m 253.330 ms - -[0m
[0mGET /api/v1/friendship/fetch-friends [31m500[0m 88.904 ms - 29[0m
[0mGET /api/v1/posts?page=1&limit=5 [36m304[0m 156.130 ms - -[0m
[0mGET /api/v1/friendship/fetch-friends [31m500[0m 25.174 ms - 29[0m
[0mGET /api/v1/posts?page=1&limit=5 [36m304[0m 130.574 ms - -[0m
[0mGET /api/v1/friendship/fetch-friends [31m500[0m 55.022 ms - 29[0m
[0mGET /api/v1/posts?page=1&limit=5 [36m304[0m 170.795 ms - -[0m
[0mGET /api/v1/friendship/fetch-friends [31m500[0m 63.919 ms - 29[0m
[0mGET /api/v1/posts?page=1&limit=5 [36m304[0m 142.548 ms - -[0m
[0mGET /api/v1/friendship/fetch-friends [31m500[0m 145.641 ms - 29[0m
[0mGET /api/v1/posts?page=1&limit=5 [36m304[0m 216.131 ms - -[0m
[0mGET /api/v1/friendship/fetch-friends [31m500[0m 333.111 ms - 29[0m
[0mGET /api/v1/posts?page=1&limit=5 [36m304[0m 512.092 ms - -[0m
[0mGET /api/v1/posts?page=1&limit=5 [36m304[0m 57.153 ms - -[0m
[0mGET /api/v1/friendship/fetch-friends [31m500[0m 8.095 ms - 29[0m
[0mGET /api/v1/friendship/fetch-friends [32m200[0m 234.422 ms - 486[0m
[0mGET /api/v1/posts?page=1&limit=5 [36m304[0m 395.062 ms - -[0m
[0mGET /api/v1/friendship/fetch-friends [31m500[0m 37.033 ms - 29[0m
[0mGET /api/v1/posts?page=1&limit=5 [36m304[0m 152.907 ms - -[0m
[0mGET /api/v1/posts?page=1&limit=5 [36m304[0m 98.710 ms - -[0m
[0mGET /api/v1/posts?page=1&limit=5 [36m304[0m 146.381 ms - -[0m
[0mGET /api/v1/friendship/fetch-friends [31m500[0m 73.625 ms - 29[0m
[0mGET /api/v1/posts?page=1&limit=5 [36m304[0m 235.828 ms - -[0m
[0mGET /api/v1/friendship/fetch-friends [31m500[0m 18.659 ms - 29[0m
[0mGET /api/v1/posts?page=1&limit=5 [36m304[0m 106.092 ms - -[0m
[0mGET /api/v1/friendship/fetch-friends [31m500[0m 22.242 ms - 35[0m
[0mGET /api/v1/posts?page=1&limit=5 [36m304[0m 298.519 ms - -[0m
[0mGET /api/v1/friendship/fetch-friends [31m500[0m 8.359 ms - 35[0m
[0mGET /api/v1/posts?page=1&limit=5 [36m304[0m 142.901 ms - -[0m
[0mGET /api/v1/friendship/fetch-friends [31m500[0m 3.327 ms - 35[0m
[0mGET /api/v1/posts?page=1&limit=5 [36m304[0m 86.637 ms - -[0m
[0mGET /api/v1/friendship/fetch-friends [31m500[0m 2.590 ms - 35[0m
[0mGET /api/v1/posts?page=1&limit=5 [36m304[0m 209.582 ms - -[0m
[0mGET /api/v1/friendship/fetch-friends [31m500[0m 3.027 ms - 35[0m
[0mGET /api/v1/posts?page=1&limit=5 [36m304[0m 176.490 ms - -[0m
[0mGET /api/v1/friendship/fetch-friends [31m500[0m 3.974 ms - 35[0m
[0mGET /api/v1/posts?page=1&limit=5 [36m304[0m 154.892 ms - -[0m
[0mGET /api/v1/friendship/fetch-friends [31m500[0m 90.828 ms - 29[0m
[0mGET /api/v1/posts?page=1&limit=5 [36m304[0m 274.303 ms - -[0m
[0mGET /api/v1/friendship/fetch-friends [31m500[0m 32.895 ms - 29[0m
[0mGET /api/v1/posts?page=1&limit=5 [36m304[0m 131.868 ms - -[0m
[0mGET /api/v1/friendship/fetch-friends [32m200[0m 102.123 ms - 486[0m
[0mGET /api/v1/posts?page=1&limit=5 [36m304[0m 403.990 ms - -[0m
[0mGET /api/v1/posts?page=1&limit=5 [36m304[0m 120.651 ms - -[0m
[0mGET /api/v1/friendship/fetch-friends [31m500[0m 26.907 ms - 29[0m
[0mGET /api/v1/friendship/fetch-friends [31m500[0m 35.203 ms - 35[0m
[0mGET /api/v1/posts?page=1&limit=5 [36m304[0m 205.294 ms - -[0m
[0mGET /api/v1/friendship/fetch-friends [31m500[0m 2.126 ms - 35[0m
[0mGET /api/v1/posts?page=1&limit=5 [36m304[0m 316.042 ms - -[0m
[0mGET /api/v1/friendship/fetch-friends [31m500[0m 1.461 ms - 35[0m
[0mGET /api/v1/posts?page=1&limit=5 [36m304[0m 90.395 ms - -[0m
[0mGET /api/v1/friendship/fetch-friends [31m500[0m 1.389 ms - 35[0m
[0mGET /api/v1/posts?page=1&limit=5 [36m304[0m 91.860 ms - -[0m
[0mGET /api/v1/friendship/fetch-friends [31m500[0m 1.361 ms - 35[0m
[0mGET /api/v1/posts?page=1&limit=5 [36m304[0m 159.812 ms - -[0m
[0mGET /api/v1/posts?page=1&limit=5 [36m304[0m 35.470 ms - -[0m
[0mGET /api/v1/friendship/fetch-friends [31m500[0m 1.988 ms - 35[0m
[0mGET /api/v1/friendship/fetch-friends [31m500[0m 1.269 ms - 35[0m
[0mGET /api/v1/posts?page=1&limit=5 [36m304[0m 98.984 ms - -[0m
[0mGET /api/v1/friendship/fetch-friends [32m200[0m 69.495 ms - 486[0m
[0mGET /api/v1/posts?page=1&limit=5 [36m304[0m 243.403 ms - -[0m
[0mGET /api/v1/posts?page=1&limit=5 [36m304[0m 53.021 ms - -[0m
[0mGET /api/v1/friendship/fetch-friends [32m200[0m 6.856 ms - 486[0m
[0mGET /api/v1/friendship/fetch-friends [32m200[0m 72.429 ms - 486[0m
[0mGET /api/v1/posts?page=1&limit=5 [36m304[0m 169.404 ms - -[0m
[0mGET /api/v1/friendship/fetch-friends [32m200[0m 64.988 ms - 486[0m
[0mGET /api/v1/posts?page=1&limit=5 [36m304[0m 135.372 ms - -[0m
[0mGET /api/v1/friendship/fetch-friends [32m200[0m 53.296 ms - 486[0m
[0mGET /api/v1/posts?page=1&limit=5 [36m304[0m 115.481 ms - -[0m
[0mGET /api/v1/friendship/fetch-friends [32m200[0m 233.116 ms - 560[0m
[0mGET /api/v1/posts?page=1&limit=5 [36m304[0m 417.926 ms - -[0m
[0mGET /api/v1/posts?page=1&limit=5 [36m304[0m 232.612 ms - -[0m
[0mGET /api/v1/friendship/fetch-friends [32m200[0m 90.578 ms - 560[0m
[0mGET /api/v1/posts?page=1&limit=5 [36m304[0m 94.186 ms - -[0m
[0mGET /api/v1/friendship/fetch-friends [32m200[0m 73.687 ms - 560[0m
[0mGET /api/v1/friendship/fetch-friends [32m200[0m 53.041 ms - 560[0m
[0mGET /api/v1/posts?page=1&limit=5 [36m304[0m 229.984 ms - -[0m
[0mGET /api/v1/friendship/fetch-friends [31m500[0m 57.879 ms - 29[0m
[0mGET /api/v1/posts?page=1&limit=5 [36m304[0m 265.237 ms - -[0m
[0mGET /api/v1/friendship/fetch-friends [32m200[0m 158.945 ms - 560[0m
[0mGET /api/v1/posts?page=1&limit=5 [36m304[0m 369.938 ms - -[0m
[0mGET /api/v1/posts?page=1&limit=5 [36m304[0m 98.871 ms - -[0m
[0mGET /api/v1/friendship/fetch-friends [32m200[0m 40.532 ms - 560[0m
[0mPOST /api/v1/users/create-session [33m422[0m 4.219 ms - 39[0m
[0mPOST /api/v1/users/create-session [32m200[0m 16.144 ms - 734[0m
[0mGET /api/v1/friendship/fetch-friends [32m200[0m 45.738 ms - 560[0m
[0mGET /api/v1/posts?page=1&limit=5 [36m304[0m 412.038 ms - -[0m
[0mGET /api/v1/friendship/fetch-friends [32m200[0m 56.284 ms - 560[0m
[0mGET /api/v1/posts?page=1&limit=5 [36m304[0m 98.013 ms - -[0m
[0mGET /api/v1/friendship/fetch-friends [32m200[0m 52.059 ms - 560[0m
[0mGET /api/v1/posts?page=1&limit=5 [36m304[0m 228.852 ms - -[0m
[0mGET /api/v1/friendship/fetch-friends [32m200[0m 89.906 ms - 560[0m
[0mGET /api/v1/posts?page=1&limit=5 [36m304[0m 203.480 ms - -[0m
[0mGET /api/v1/users/605e0c6242f21d160645898b [32m200[0m 39.951 ms - 823[0m
[0mGET /api/v1/users/605e0c6242f21d160645898b [32m200[0m 11.655 ms - 823[0m
[0mGET /api/v1/users/605e0c6242f21d160645898b [32m200[0m 25.507 ms - 823[0m
[0mGET /api/v1/users/605e0c6242f21d160645898b [32m200[0m 41.624 ms - 823[0m
[0mGET /api/v1/users/60603e87d8dd5f21a4f48042 [32m200[0m 12.307 ms - 690[0m
[0mGET /api/v1/users/605e0c6242f21d160645898b [32m200[0m 39.189 ms - 823[0m
[0mGET /api/v1/friendship/fetch-friends [32m200[0m 47.116 ms - 560[0m
[0mGET /api/v1/posts?page=1&limit=25 [32m200[0m 138.594 ms - 15963[0m
[0mGET /api/v1/friendship/fetch-friends [32m200[0m 59.542 ms - 560[0m
[0mGET /api/v1/posts?page=1&limit=25 [36m304[0m 113.893 ms - -[0m
[0mGET /api/v1/friendship/fetch-friends [32m200[0m 94.036 ms - 560[0m
[0mGET /api/v1/posts?page=1&limit=25 [36m304[0m 224.116 ms - -[0m
[0mGET /api/v1/friendship/fetch-friends [32m200[0m 11.277 ms - 560[0m
[0mGET /api/v1/posts?page=1&limit=25 [36m304[0m 159.327 ms - -[0m
[0mGET /api/v1/friendship/fetch-friends [32m200[0m 3.742 ms - 560[0m
[0mGET /api/v1/posts?page=1&limit=25 [36m304[0m 42.447 ms - -[0m
[0mGET /api/v1/friendship/fetch-friends [32m200[0m 10.055 ms - 560[0m
[0mGET /api/v1/posts?page=1&limit=25 [36m304[0m 93.969 ms - -[0m
[0mGET /api/v1/friendship/fetch-friends [32m200[0m 95.126 ms - 560[0m
[0mGET /api/v1/posts?page=1&limit=25 [36m304[0m 281.205 ms - -[0m
[0mGET /api/v1/friendship/fetch-friends [32m200[0m 68.031 ms - 560[0m
[0mGET /api/v1/posts?page=1&limit=25 [36m304[0m 130.386 ms - -[0m
[0mGET /api/v1/friendship/fetch-friends [32m200[0m 81.374 ms - 560[0m
[0mGET /api/v1/posts?page=1&limit=25 [36m304[0m 151.579 ms - -[0m
[0mGET /api/v1/friendship/fetch-friends [32m200[0m 33.834 ms - 560[0m
[0mGET /api/v1/posts?page=1&limit=25 [36m304[0m 101.557 ms - -[0m
[0mGET /api/v1/friendship/fetch-friends [32m200[0m 52.934 ms - 560[0m
[0mGET /api/v1/posts?page=1&limit=25 [36m304[0m 134.122 ms - -[0m
[0mGET /api/v1/friendship/fetch-friends [32m200[0m 11.046 ms - 560[0m
[0mGET /api/v1/posts?page=1&limit=25 [36m304[0m 52.352 ms - -[0m
[0mGET /api/v1/users/605e0c6242f21d160645898b [32m200[0m 9.875 ms - 823[0m
[0mPOST /api/v1/friendship/create-friendship?user_id=605e0c6242f21d160645898b [31m500[0m 7.436 ms - 35[0m
[0mPOST /api/v1/friendship/create-friendship?user_id=605e0c6242f21d160645898b [31m500[0m 4.484 ms - 35[0m
[0mPOST /api/v1/friendship/create-friendship?user_id=605e0c6242f21d160645898b [31m500[0m 4.236 ms - 35[0m
[0mPOST /api/v1/friendship/create-friendship?user_id=605e0c6242f21d160645898b [31m500[0m 4.519 ms - 35[0m
[0mPOST /api/v1/friendship/create-friendship?user_id=605e0c6242f21d160645898b [31m500[0m 5.231 ms - 35[0m
[0mPOST /api/v1/friendship/create-friendship?user_id=605e0c6242f21d160645898b [31m500[0m 4.810 ms - 35[0m
[0mGET /api/v1/friendship/fetch-friends [32m200[0m 8.792 ms - 560[0m
[0mGET /api/v1/posts?page=1&limit=25 [36m304[0m 64.790 ms - -[0m
[0mGET /api/v1/users/605e0c6242f21d160645898b [32m200[0m 17.480 ms - 823[0m
[0mPOST /api/v1/friendship/create-friendship?user_id=605e0c6242f21d160645898b [31m500[0m 4.650 ms - 35[0m
[0mGET /api/v1/users/605e0c6242f21d160645898b [32m200[0m 50.776 ms - 823[0m
[0mGET /api/v1/friendship/fetch-friends [32m200[0m 112.038 ms - 560[0m
[0mGET /api/v1/posts?page=1&limit=25 [36m304[0m 160.804 ms - -[0m
[0mGET /api/v1/friendship/fetch-friends [32m200[0m 9.520 ms - 560[0m
[0mGET /api/v1/users/605e0c6242f21d160645898b [32m200[0m 114.508 ms - 823[0m
[0mGET /api/v1/posts?page=1&limit=25 [36m304[0m 271.929 ms - -[0m
[0mPOST /api/v1/friendship/create-friendship?user_Id=605e0c6242f21d160645898b [31m500[0m 4.049 ms - 35[0m
[0mGET /api/v1/friendship/fetch-friends [32m200[0m 88.144 ms - 560[0m
[0mGET /api/v1/posts?page=1&limit=25 [36m304[0m 338.920 ms - -[0m
[0mGET /api/v1/users/605e0c6242f21d160645898b [32m200[0m 23.129 ms - 823[0m
[0mPOST /api/v1/friendship/create-friendship?user_Id=605e0c6242f21d160645898b [32m200[0m 179.022 ms - 1036[0m
[0mGET /api/v1/users/60603e87d8dd5f21a4f48042 [32m200[0m 12.395 ms - 690[0m
[0mPOST /api/v1/friendship/create-friendship?user_Id=60603e87d8dd5f21a4f48042 [32m200[0m 14.771 ms - 765[0m
[0mGET /api/v1/friendship/fetch-friends [32m200[0m 84.314 ms - 809[0m
[0mGET /api/v1/posts?page=1&limit=25 [32m200[0m 164.375 ms - 17461[0m
[0mGET /api/v1/friendship/fetch-friends [32m200[0m 26.279 ms - 809[0m
[0mGET /api/v1/posts?page=1&limit=25 [36m304[0m 237.438 ms - -[0m
[0mGET /api/v1/friendship/fetch-friends [32m200[0m 22.769 ms - 809[0m
[0mGET /api/v1/posts?page=1&limit=25 [36m304[0m 255.483 ms - -[0m
[0mGET /api/v1/posts?page=1&limit=25 [36m304[0m 48.618 ms - -[0m
[0mGET /api/v1/friendship/fetch-friends [32m200[0m 18.296 ms - 809[0m
[0mGET /api/v1/friendship/fetch-friends [32m200[0m 150.249 ms - 809[0m
[0mGET /api/v1/posts?page=1&limit=25 [36m304[0m 255.868 ms - -[0m
[0mGET /api/v1/friendship/fetch-friends [32m200[0m 20.569 ms - 809[0m
[0mGET /api/v1/posts?page=1&limit=25 [36m304[0m 166.220 ms - -[0m
[0mGET /api/v1/friendship/fetch-friends [32m200[0m 214.668 ms - 809[0m
[0mGET /api/v1/posts?page=1&limit=25 [36m304[0m 375.439 ms - -[0m
[0mGET /api/v1/posts?page=1&limit=25 [36m304[0m 82.684 ms - -[0m
[0mGET /api/v1/friendship/fetch-friends [32m200[0m 63.063 ms - 809[0m
[0mGET /api/v1/posts?page=1&limit=25 [36m304[0m 37.013 ms - -[0m
[0mGET /api/v1/friendship/fetch-friends [32m200[0m 86.115 ms - 809[0m
[0mGET /api/v1/friendship/fetch-friends [32m200[0m 127.335 ms - 809[0m
[0mGET /api/v1/posts?page=1&limit=25 [36m304[0m 179.782 ms - -[0m
[0mGET /api/v1/posts?page=1&limit=25 [36m304[0m 55.673 ms - -[0m
[0mGET /api/v1/friendship/fetch-friends [32m200[0m 88.872 ms - 809[0m
[0mPOST /api/v1/users/signup [32m200[0m 18.236 ms - 734[0m
[0mGET /api/v1/friendship/fetch-friends [32m200[0m 244.073 ms - 809[0m
[0mGET /api/v1/posts?page=1&limit=25 [36m304[0m 409.742 ms - -[0m
[0mGET /api/v1/users/605e0c6242f21d160645898b [32m200[0m 7.576 ms - 1072[0m
[0mGET /api/v1/friendship/fetch-friends [32m200[0m 203.752 ms - 809[0m
[0mGET /api/v1/posts?page=1&limit=25 [36m304[0m 421.588 ms - -[0m
