[0mGET / [36m304[0m 308.298 ms - -[0m
[0mGET /users/sign-up [32m200[0m 12.684 ms - 1629[0m
[0mGET /users/css/header.css [33m404[0m 42.781 ms - 159[0m
[0mGET /users/css/chat_box.css [33m404[0m 44.223 ms - 161[0m
[0mGET /users/css/footer.css [33m404[0m 46.864 ms - 159[0m
[0mGET /users/css/layout.css [33m404[0m 47.837 ms - 159[0m
[0mGET /users/sign-in [36m304[0m 11.142 ms - -[0m
[0mGET /users/css/layout.css [33m404[0m 30.638 ms - 159[0m
[0mGET /users/css/header.css [33m404[0m 24.731 ms - 159[0m
[0mGET /users/css/footer.css [33m404[0m 33.887 ms - 159[0m
[0mGET /users/css/chat_box.css [33m404[0m 33.123 ms - 161[0m
[0mGET / [36m304[0m 89.695 ms - -[0m
[0mGET /users/sign-in [36m304[0m 7.156 ms - -[0m
[0mGET /users/css/layout.css [33m404[0m 78.037 ms - 159[0m
[0mGET /users/css/chat_box.css [33m404[0m 75.452 ms - 161[0m
[0mGET /users/css/header.css [33m404[0m 79.544 ms - 159[0m
[0mGET /users/css/footer.css [33m404[0m 74.826 ms - 159[0m
[0mGET /users/auth/google [36m302[0m 11.372 ms - 0[0m
[0mGET /users/auth/google/callback?code=4%2F0AY0e-g4VkCZpF_B2z8MDvxX_qFDOakXZy6BEI6JmmAt_A0dETyuBc_i70AM0mCf5yRaAGg&scope=email+profile+https%3A%2F%2Fwww.googleapis.com%2Fauth%2Fuserinfo.profile+https%3A%2F%2Fwww.googleapis.com%2Fauth%2Fuserinfo.email+openid&authuser=0&prompt=consent [36m302[0m 481.753 ms - 46[0m
[0mGET / [36m304[0m 82.676 ms - -[0m
[0mGET / [32m200[0m 85.581 ms - 43234[0m
