[0mGET /api/v1/posts?page=1&limit=25 [36m304[0m 55.169 ms - -[0m
[0mGET /api/v1/friendship/60e3680de2e7470495195737 [32m200[0m 63.705 ms - 625[0m
[0mGET /api/v1/posts?page=1&limit=25 [36m304[0m 32.719 ms - -[0m
[0mGET /api/v1/friendship/60e3680de2e7470495195737 [32m200[0m 31.975 ms - 625[0m
[0mGET /api/v1/friendship/60e3680de2e7470495195737 [32m200[0m 22.964 ms - 625[0m
[0mGET /api/v1/posts?page=1&limit=25 [36m304[0m 45.753 ms - -[0m
[0mGET /api/v1/posts?page=1&limit=25 [36m304[0m 58.159 ms - -[0m
[0mGET /api/v1/friendship/60e3680de2e7470495195737 [32m200[0m 129.429 ms - 625[0m
[0mGET /api/v1/friendship/60e3680de2e7470495195737 [32m200[0m 87.917 ms - 625[0m
[0mGET /api/v1/posts?page=1&limit=25 [36m304[0m 151.931 ms - -[0m
[0mGET /api/v1/posts?page=1&limit=25 [36m304[0m 55.786 ms - -[0m
[0mGET /api/v1/friendship/60e3680de2e7470495195737 [32m200[0m 74.897 ms - 625[0m
[0mGET /api/v1/friendship/60e3680de2e7470495195737 [32m200[0m 35.608 ms - 625[0m
[0mGET /api/v1/posts?page=1&limit=25 [36m304[0m 39.230 ms - -[0m
[0mGET /api/v1/posts?page=1&limit=25 [36m304[0m 169.235 ms - -[0m
[0mGET /api/v1/friendship/60e3680de2e7470495195737 [32m200[0m 317.989 ms - 625[0m
[0mGET /api/v1/friendship/60e3680de2e7470495195737 [32m200[0m 207.936 ms - 625[0m
[0mGET /api/v1/posts?page=1&limit=25 [36m304[0m 256.974 ms - -[0m
[0mGET /api/v1/friendship/60e3680de2e7470495195737 [32m200[0m 210.438 ms - 625[0m
[0mGET /api/v1/posts?page=1&limit=25 [36m304[0m 237.631 ms - -[0m
[0mGET /api/v1/friendship/60e3680de2e7470495195737 [32m200[0m 203.522 ms - 625[0m
[0mGET /api/v1/posts?page=1&limit=25 [36m304[0m 219.971 ms - -[0m
[0mPOST /api/v1/posts/toggleLike?likeable_id=60e215c5fb97cffa21b986b3&likeable_type=Post [32m200[0m 62.918 ms - 311[0m
[0mPOST /api/v1/posts/toggleLike?likeable_id=60e215c5fb97cffa21b986b3&likeable_type=Post [32m200[0m 37.499 ms - 276[0m
[0mPOST /api/v1/posts/toggleLike?likeable_id=60e215c5fb97cffa21b986b3&likeable_type=Post [32m200[0m 87.977 ms - 311[0m
[0mPOST /api/v1/posts/toggleLike?likeable_id=60e215c5fb97cffa21b986b3&likeable_type=Post [32m200[0m 31.153 ms - 276[0m
[0mGET /api/v1/posts?page=1&limit=25 [32m200[0m 168.714 ms - 6330[0m
[0mGET /api/v1/friendship/60e3680de2e7470495195737 [32m200[0m 194.482 ms - 625[0m
[0mGET /api/v1/friendship/60e3680de2e7470495195737 [32m200[0m 119.882 ms - 625[0m
[0mGET /api/v1/posts?page=1&limit=25 [36m304[0m 140.865 ms - -[0m
[0mGET /api/v1/friendship/60e3680de2e7470495195737 [32m200[0m 200.264 ms - 625[0m
[0mGET /api/v1/posts?page=1&limit=25 [36m304[0m 202.678 ms - -[0m
[0mGET /api/v1/users/60c2776e8a7c2e68f326cde5 [32m200[0m 24.020 ms - 760[0m
[0mPOST /api/v1/users/remove-friendship/60c2776e8a7c2e68f326cde5 [32m200[0m 23.776 ms - 522[0m
[0mGET /api/v1/users/search/n [32m200[0m 59.854 ms - 4327[0m
[0mGET /api/v1/users/search/ [31m500[0m 21.044 ms - 35[0m
[0mGET /api/v1/users/search/m [36m304[0m 9.292 ms - -[0m
[0mGET /api/v1/users/search/ [31m500[0m 5.700 ms - 35[0m
[0mPOST /api/v1/users/create-session [32m200[0m 8.439 ms - 772[0m
[0mGET /api/v1/friendship/60e3680de2e7470495195737 [32m200[0m 4.464 ms - 508[0m
[0mGET /api/v1/users/60c2776e8a7c2e68f326cde5 [32m200[0m 14.435 ms - 760[0m
[0mPOST /api/v1/users/create-session [32m200[0m 4.952 ms - 772[0m
[0mGET /api/v1/friendship/60e3680de2e7470495195737 [32m200[0m 71.829 ms - 508[0m
[0mGET /api/v1/users/60c2776e8a7c2e68f326cde5 [32m200[0m 7.451 ms - 760[0m
[0mPOST /api/v1/users/create-friendship/60c2776e8a7c2e68f326cde5 [32m200[0m 30.053 ms - 869[0m
[0mGET /api/v1/posts?page=1&limit=25 [36m304[0m 55.782 ms - -[0m
[0mGET /api/v1/friendship/60e3680de2e7470495195737 [32m200[0m 49.468 ms - 626[0m
[0mGET /api/v1/friendship/60e3680de2e7470495195737 [32m200[0m 49.570 ms - 626[0m
[0mGET /api/v1/posts?page=1&limit=25 [36m304[0m 63.770 ms - -[0m
[0mGET /api/v1/friendship/60e3680de2e7470495195737 [32m200[0m 119.012 ms - 626[0m
[0mGET /api/v1/posts?page=1&limit=25 [36m304[0m 118.914 ms - -[0m
[0mGET /api/v1/friendship/60e3680de2e7470495195737 [32m200[0m 550.855 ms - 626[0m
[0mGET /api/v1/posts?page=1&limit=25 [36m304[0m 377.585 ms - -[0m
[0mPOST /api/v1/posts/createComment [32m200[0m 100.974 ms - 347[0m
[0mGET /api/v1/posts?page=1&limit=25 [32m200[0m 224.305 ms - 6779[0m
[0mGET /api/v1/friendship/60e3680de2e7470495195737 [32m200[0m 178.721 ms - 626[0m
[0mGET /api/v1/friendship/60e3680de2e7470495195737 [32m200[0m 57.263 ms - 626[0m
[0mGET /api/v1/posts?page=1&limit=25 [36m304[0m 107.574 ms - -[0m
[0mPOST /api/v1/posts/destroycomment/60e89d463779b927ccee4e39 [32m200[0m 80.000 ms - 6381[0m
[0mPOST /api/v1/posts/toggleLike?likeable_id=60e2195fbf9106fc256cd270&likeable_type=Comment [32m200[0m 63.592 ms - 6377[0m
[0mPOST /api/v1/posts/toggleLike?likeable_id=60e2195fbf9106fc256cd270&likeable_type=Comment [32m200[0m 49.155 ms - 6377[0m
[0mPOST /api/v1/posts/toggleLike?likeable_id=60e2195fbf9106fc256cd270&likeable_type=Comment [32m200[0m 39.125 ms - 6377[0m
[0mPOST /api/v1/posts/toggleLike?likeable_id=60e2195fbf9106fc256cd270&likeable_type=Comment [32m200[0m 55.388 ms - 6350[0m
[0mPOST /api/v1/posts/createComment [32m200[0m 46.885 ms - 341[0m
[0mGET /api/v1/friendship/60e3680de2e7470495195737 [32m200[0m 81.366 ms - 626[0m
[0mGET /api/v1/posts?page=1&limit=25 [32m200[0m 86.716 ms - 6773[0m
[0mPOST /api/v1/posts/toggleLike?likeable_id=60e2195fbf9106fc256cd270&likeable_type=Comment [32m200[0m 42.714 ms - 6820[0m
[0mPOST /api/v1/posts/toggleLike?likeable_id=60e2195fbf9106fc256cd270&likeable_type=Comment [32m200[0m 59.034 ms - 6793[0m
[0mPOST /api/v1/posts/destroycomment/60e89e423779b927ccee4e40 [32m200[0m 49.023 ms - 6381[0m
[0mPOST /api/v1/posts/createComment [32m200[0m 41.976 ms - 341[0m
[0mGET /api/v1/friendship/60e3680de2e7470495195737 [32m200[0m 58.828 ms - 626[0m
[0mGET /api/v1/posts?page=1&limit=25 [32m200[0m 79.490 ms - 6773[0m
[0mPOST /api/v1/posts/toggleLike?likeable_id=60e89e6d3779b927ccee4e44&likeable_type=Comment [32m200[0m 50.918 ms - 6819[0m
[0mPOST /api/v1/posts/toggleLike?likeable_id=60e89e6d3779b927ccee4e44&likeable_type=Comment [32m200[0m 44.194 ms - 6793[0m
[0mGET /api/v1/posts?page=1&limit=25 [32m200[0m 35.029 ms - 6773[0m
[0mGET /api/v1/friendship/60e3680de2e7470495195737 [32m200[0m 14.462 ms - 626[0m
[0mGET /api/v1/friendship/60e3680de2e7470495195737 [32m200[0m 93.052 ms - 626[0m
[0mGET /api/v1/posts?page=1&limit=25 [36m304[0m 342.166 ms - -[0m
[0mGET /api/v1/posts?page=1&limit=25 [36m304[0m 65.724 ms - -[0m
[0mGET /api/v1/friendship/60e3680de2e7470495195737 [32m200[0m 54.632 ms - 626[0m
[0mPOST /api/v1/posts/toggleLike?likeable_id=60e89e6d3779b927ccee4e44&likeable_type=Comment [32m200[0m 49.110 ms - 6819[0m
[0mPOST /api/v1/posts/toggleLike?likeable_id=60e89e6d3779b927ccee4e44&likeable_type=Comment [32m200[0m 48.563 ms - 6793[0m
[0mGET /api/v1/friendship/60e3680de2e7470495195737 [32m200[0m 82.889 ms - 626[0m
[0mGET /api/v1/posts?page=1&limit=25 [32m200[0m 128.882 ms - 6773[0m
[0mPOST /api/v1/users/create-session [32m200[0m 4.204 ms - 832[0m
[0mGET /api/v1/friendship/60e3680de2e7470495195737 [32m200[0m 97.633 ms - 626[0m
[0mGET /api/v1/posts?page=1&limit=25 [36m304[0m 140.675 ms - -[0m
[0mGET /api/v1/friendship/60e3680de2e7470495195737 [32m200[0m 386.515 ms - 626[0m
[0mGET /api/v1/posts?page=1&limit=25 [36m304[0m 28.127 ms - -[0m
[0mGET /api/v1/friendship/60e3680de2e7470495195737 [32m200[0m 43.175 ms - 626[0m
[0mGET /api/v1/friendship/60e3680de2e7470495195737 [32m200[0m 243.752 ms - 626[0m
[0mGET /api/v1/posts?page=1&limit=25 [36m304[0m 258.781 ms - -[0m
[0mPOST /api/v1/posts/toggleLike?likeable_id=60e89e6d3779b927ccee4e44&likeable_type=Comment [32m200[0m 41.576 ms - 6819[0m
[0mPOST /api/v1/posts/toggleLike?likeable_id=60e89e6d3779b927ccee4e44&likeable_type=Comment [32m200[0m 30.819 ms - 6793[0m
[0mPOST /api/v1/posts/destroycomment/60e89e6d3779b927ccee4e44 [32m200[0m 51.319 ms - 6381[0m
[0mGET /api/v1/friendship/60e3680de2e7470495195737 [32m200[0m 89.094 ms - 626[0m
[0mGET /api/v1/posts?page=1&limit=25 [32m200[0m 107.181 ms - 6330[0m
[0mGET /api/v1/friendship/60e3680de2e7470495195737 [32m200[0m 669.196 ms - 626[0m
[0mGET /api/v1/posts?page=1&limit=25 [36m304[0m 647.396 ms - -[0m
[0mPOST /api/v1/posts/createComment [32m200[0m 38.817 ms - 343[0m
[0mPOST /api/v1/posts/destroycomment/60e8a1d23779b927ccee4e4e [32m200[0m 62.268 ms - 6381[0m
[0mGET /api/v1/friendship/60e3680de2e7470495195737 [32m200[0m 217.643 ms - 626[0m
[0mGET /api/v1/posts?page=1&limit=25 [32m200[0m 324.785 ms - 6330[0m
[0mPOST /api/v1/posts/createComment [32m200[0m 31.851 ms - 341[0m
[0mGET /api/v1/friendship/60e3680de2e7470495195737 [32m200[0m 237.199 ms - 626[0m
[0mGET /api/v1/posts?page=1&limit=25 [32m200[0m 237.835 ms - 6773[0m
[0mGET /api/v1/users/60c2776e8a7c2e68f326cde5 [32m200[0m 76.815 ms - 760[0m
[0mPOST /api/v1/posts/toggleLike?likeable_id=60e2154cfb97cffa21b986b0&likeable_type=Comment [32m200[0m 67.933 ms - 6819[0m
[0mPOST /api/v1/posts/toggleLike?likeable_id=60e2154cfb97cffa21b986b0&likeable_type=Comment [32m200[0m 52.552 ms - 6793[0m
[0mPOST /api/v1/posts/toggleLike?likeable_id=60de54a73e965fd574e5b89d&likeable_type=Post [32m200[0m 15.091 ms - 101[0m
[0mPOST /api/v1/posts/toggleLike?likeable_id=60de54a73e965fd574e5b89d&likeable_type=Post [32m200[0m 10.481 ms - 67[0m
[0mPOST /api/v1/posts/toggleLike?likeable_id=60e2194023f86dfc18da03ec&likeable_type=Comment [32m200[0m 66.531 ms - 6820[0m
[0mPOST /api/v1/posts/toggleLike?likeable_id=60e2194023f86dfc18da03ec&likeable_type=Comment [32m200[0m 37.992 ms - 6793[0m
[0mPOST /api/v1/posts/create [32m200[0m 11.431 ms - 505[0m
[0mGET /api/v1/posts?page=1&limit=25 [32m200[0m 22.279 ms - 7219[0m
[0mGET /api/v1/friendship/60e3680de2e7470495195737 [32m200[0m 36.100 ms - 626[0m
[0mPOST /api/v1/posts/destroy/60e8a2873779b927ccee4e59 [32m200[0m 28.884 ms - 6824[0m
[0mGET /api/v1/users/search/d [32m200[0m 13.209 ms - 770[0m
[0mGET /api/v1/users/search/ [31m500[0m 11.255 ms - 35[0m
[0mGET /api/v1/friendship/60e3680de2e7470495195737 [32m200[0m 166.113 ms - 626[0m
[0mGET /api/v1/posts?page=1&limit=25 [32m200[0m 197.061 ms - 6773[0m
[0mPOST /api/v1/posts/toggleLike?likeable_id=60de54a73e965fd574e5b89d&likeable_type=Post [32m200[0m 28.706 ms - 101[0m
[0mPOST /api/v1/posts/toggleLike?likeable_id=60de54a73e965fd574e5b89d&likeable_type=Post [32m200[0m 11.628 ms - 67[0m
[0mGET /api/v1/friendship/60e3680de2e7470495195737 [32m200[0m 1030.918 ms - 626[0m
[0mGET /api/v1/posts?page=1&limit=25 [32m200[0m 1052.014 ms - 6773[0m
[0mGET /api/v1/friendship/60e3680de2e7470495195737 [32m200[0m 60.106 ms - 626[0m
[0mGET /api/v1/posts?page=1&limit=25 [36m304[0m 133.142 ms - -[0m
[0mGET /api/v1/friendship/60e3680de2e7470495195737 [32m200[0m 186.198 ms - 626[0m
[0mGET /api/v1/posts?page=1&limit=25 [36m304[0m 202.091 ms - -[0m
[0mGET /api/v1/users/search/d [36m304[0m 10.574 ms - -[0m
[0mGET /api/v1/users/search/ [31m500[0m 7.097 ms - 35[0m
[0mGET /api/v1/users/search/s [32m200[0m 70.332 ms - 4943[0m
[0mGET /api/v1/users/search/sh [32m200[0m 22.199 ms - 4551[0m
[0mGET /api/v1/users/search/sha [32m200[0m 17.356 ms - 4551[0m
[0mGET /api/v1/users/search/shaa [36m304[0m 30.753 ms - -[0m
[0mGET /api/v1/users/search/shaan [36m304[0m 6.687 ms - -[0m
[0mGET /api/v1/users/search/shaan [36m304[0m 36.231 ms - -[0m
[0mGET /api/v1/users/search/shaan%20d [36m304[0m 8.505 ms - -[0m
[0mGET /api/v1/users/60c2776e8a7c2e68f326cde5 [32m200[0m 8.985 ms - 760[0m
[0mGET /api/v1/users/search/shaan [36m304[0m 19.805 ms - -[0m
[0mGET /api/v1/users/search/shaan [36m304[0m 29.969 ms - -[0m
[0mGET /api/v1/users/search/shaa [36m304[0m 9.324 ms - -[0m
[0mGET /api/v1/users/search/sha [36m304[0m 18.749 ms - -[0m
[0mGET /api/v1/users/search/sh [36m304[0m 35.864 ms - -[0m
[0mGET /api/v1/users/search/s [36m304[0m 36.831 ms - -[0m
[0mGET /api/v1/users/search/ [31m500[0m 4.176 ms - 35[0m
[0mGET /api/v1/posts?page=1&limit=25 [36m304[0m 218.823 ms - -[0m
[0mGET /api/v1/users/60c2776e8a7c2e68f326cde5 [32m200[0m 108.578 ms - 760[0m
[0mGET /api/v1/friendship/60e3680de2e7470495195737 [32m200[0m 188.717 ms - 626[0m
[0mGET /api/v1/users/search/s [36m304[0m 9.324 ms - -[0m
[0mGET /api/v1/users/search/sh [36m304[0m 36.370 ms - -[0m
[0mGET /api/v1/users/search/sha [36m304[0m 34.572 ms - -[0m
[0mGET /api/v1/users/search/shaa [36m304[0m 25.735 ms - -[0m
[0mGET /api/v1/users/search/shaan [36m304[0m 32.681 ms - -[0m
[0mGET /api/v1/users/search/shaan [36m304[0m 21.421 ms - -[0m
[0mGET /api/v1/users/search/shaan%20d [36m304[0m 21.168 ms - -[0m
[0mGET /api/v1/users/search/shaan%20di [36m304[0m 29.848 ms - -[0m
[0mGET /api/v1/users/search/s [36m304[0m 10.082 ms - -[0m
[0mGET /api/v1/users/search/ [31m500[0m 7.376 ms - 35[0m
[0mGET /api/v1/users/search/s [36m304[0m 17.252 ms - -[0m
[0mGET /api/v1/users/search/sh [36m304[0m 39.127 ms - -[0m
[0mGET /api/v1/users/search/sha [36m304[0m 16.326 ms - -[0m
[0mGET /api/v1/users/search/shaa [36m304[0m 8.196 ms - -[0m
[0mGET /api/v1/users/search/shaan [36m304[0m 37.418 ms - -[0m
[0mGET /api/v1/users/search/shaan [36m304[0m 56.079 ms - -[0m
[0mGET /api/v1/users/search/shaan%20d [36m304[0m 25.130 ms - -[0m
[0mGET /api/v1/users/search/shaan%20di [36m304[0m 42.329 ms - -[0m
[0mGET /api/v1/users/search/shaan%20dio [32m200[0m 30.879 ms - 315[0m
[0mGET /api/v1/users/60c2776e8a7c2e68f326cde5 [32m200[0m 19.589 ms - 760[0m
[0mGET /api/v1/users/search/shaan%20di [36m304[0m 20.040 ms - -[0m
[0mGET /api/v1/users/search/shaan%20d [36m304[0m 40.273 ms - -[0m
[0mGET /api/v1/users/search/shaan [36m304[0m 14.327 ms - -[0m
[0mGET /api/v1/users/search/shaan [36m304[0m 7.922 ms - -[0m
[0mGET /api/v1/users/search/shaa [36m304[0m 45.129 ms - -[0m
[0mGET /api/v1/users/search/sha [36m304[0m 12.716 ms - -[0m
[0mGET /api/v1/users/search/sh [36m304[0m 30.006 ms - -[0m
[0mGET /api/v1/users/search/s [36m304[0m 36.068 ms - -[0m
[0mGET /api/v1/users/search/ [31m500[0m 4.139 ms - 35[0m
[0mGET /api/v1/posts?page=1&limit=25 [36m304[0m 424.990 ms - -[0m
[0mGET /api/v1/friendship/60e3680de2e7470495195737 [32m200[0m 530.352 ms - 626[0m
[0mGET /api/v1/friendship/60e3680de2e7470495195737 [32m200[0m 110.251 ms - 626[0m
[0mGET /api/v1/posts?page=1&limit=25 [36m304[0m 181.224 ms - -[0m
[0mGET /api/v1/friendship/60e3680de2e7470495195737 [32m200[0m 224.940 ms - 626[0m
[0mGET /api/v1/posts?page=1&limit=25 [36m304[0m 242.696 ms - -[0m
[0mGET /api/v1/posts?page=1&limit=25 [36m304[0m 50.293 ms - -[0m
[0mGET /api/v1/friendship/60e3680de2e7470495195737 [32m200[0m 50.902 ms - 626[0m
[0mGET /api/v1/friendship/60e3680de2e7470495195737 [32m200[0m 39.802 ms - 626[0m
[0mGET /api/v1/posts?page=1&limit=25 [36m304[0m 80.674 ms - -[0m
[0mGET /api/v1/friendship/60e3680de2e7470495195737 [32m200[0m 292.822 ms - 626[0m
[0mGET /api/v1/posts?page=1&limit=25 [36m304[0m 459.488 ms - -[0m
[0mGET /api/v1/friendship/60e3680de2e7470495195737 [32m200[0m 128.517 ms - 626[0m
[0mGET /api/v1/posts?page=1&limit=25 [36m304[0m 157.144 ms - -[0m
[0mGET /api/v1/friendship/60e3680de2e7470495195737 [32m200[0m 443.837 ms - 626[0m
[0mGET /api/v1/posts?page=1&limit=25 [36m304[0m 483.346 ms - -[0m
[0mGET /api/v1/friendship/60e3680de2e7470495195737 [32m200[0m 261.300 ms - 626[0m
[0mGET /api/v1/posts?page=1&limit=25 [36m304[0m 287.166 ms - -[0m
[0mGET /api/v1/posts?page=1&limit=25 [36m304[0m 224.257 ms - -[0m
[0mGET /api/v1/friendship/60e3680de2e7470495195737 [32m200[0m 207.391 ms - 626[0m
[0mGET /api/v1/friendship/60e3680de2e7470495195737 [32m200[0m 235.803 ms - 626[0m
[0mGET /api/v1/posts?page=1&limit=25 [36m304[0m 233.637 ms - -[0m
[0mGET /api/v1/friendship/60e3680de2e7470495195737 [32m200[0m 37.860 ms - 626[0m
[0mGET /api/v1/posts?page=1&limit=25 [36m304[0m 238.127 ms - -[0m
[0mGET /api/v1/friendship/60e3680de2e7470495195737 [32m200[0m 53.206 ms - 626[0m
[0mGET /api/v1/posts?page=1&limit=25 [36m304[0m 116.505 ms - -[0m
[0mGET /api/v1/friendship/60e3680de2e7470495195737 [32m200[0m 150.638 ms - 626[0m
[0mGET /api/v1/posts?page=1&limit=25 [36m304[0m 172.128 ms - -[0m
[0mGET /api/v1/friendship/60e3680de2e7470495195737 [32m200[0m 33.238 ms - 626[0m
[0mGET /api/v1/posts?page=1&limit=25 [36m304[0m 48.647 ms - -[0m
[0mGET /api/v1/posts?page=1&limit=25 [36m304[0m 914.661 ms - -[0m
[0mGET /api/v1/friendship/60e3680de2e7470495195737 [32m200[0m 920.364 ms - 626[0m
[0mGET /api/v1/friendship/60e3680de2e7470495195737 [32m200[0m 894.357 ms - 626[0m
[0mGET /api/v1/posts?page=1&limit=25 [36m304[0m 1024.327 ms - -[0m
[0mPOST /api/v1/users/create-session [32m200[0m 14.962 ms - 832[0m
[0mGET /api/v1/friendship/60e3680de2e7470495195737 [32m200[0m 85.848 ms - 626[0m
[0mGET /api/v1/posts?page=1&limit=25 [36m304[0m 115.298 ms - -[0m
[0mGET /api/v1/friendship/60e3680de2e7470495195737 [32m200[0m 91.970 ms - 626[0m
[0mGET /api/v1/friendship/60e3680de2e7470495195737 [32m200[0m 187.404 ms - 626[0m
[0mGET /api/v1/posts?page=1&limit=25 [36m304[0m 259.073 ms - -[0m
[0mGET /api/v1/friendship/60e3680de2e7470495195737 [32m200[0m 58.133 ms - 626[0m
[0mGET /api/v1/posts?page=1&limit=25 [36m304[0m 93.164 ms - -[0m
[0mGET /api/v1/users/60c2776e8a7c2e68f326cde5 [32m200[0m 36.669 ms - 760[0m
[0mGET /api/v1/users/60c2776e8a7c2e68f326cde5 [32m200[0m 21.447 ms - 760[0m
[0mPOST /api/v1/users/remove-friendship/60c2776e8a7c2e68f326cde5 [32m200[0m 78.425 ms - 524[0m
[0mGET /api/v1/posts?page=1&limit=25 [32m200[0m 211.418 ms - 6747[0m
[0mGET /api/v1/friendship/60e3680de2e7470495195737 [32m200[0m 15.752 ms - 508[0m
[0mGET /api/v1/friendship/60e3680de2e7470495195737 [32m200[0m 78.798 ms - 508[0m
[0mGET /api/v1/posts?page=1&limit=25 [36m304[0m 235.511 ms - -[0m
[0mPOST /api/v1/users/create-session [32m200[0m 34.918 ms - 772[0m
[0mGET /api/v1/friendship/60e3680de2e7470495195737 [32m200[0m 47.178 ms - 508[0m
[0mGET /api/v1/users/60c2776e8a7c2e68f326cde5 [32m200[0m 172.766 ms - 760[0m
[0mGET /api/v1/users/60c2776e8a7c2e68f326cde5 [32m200[0m 22.805 ms - 760[0m
[0mPOST /api/v1/users/create-friendship/60c2776e8a7c2e68f326cde5 [32m200[0m 58.937 ms - 869[0m
[0mGET /api/v1/posts?page=1&limit=25 [32m200[0m 150.398 ms - 6773[0m
[0mGET /api/v1/friendship/60e3680de2e7470495195737 [32m200[0m 132.238 ms - 626[0m
[0mGET /api/v1/friendship/60e3680de2e7470495195737 [32m200[0m 125.832 ms - 626[0m
[0mGET /api/v1/posts?page=1&limit=25 [36m304[0m 103.597 ms - -[0m
[0mGET /api/v1/friendship/60e3680de2e7470495195737 [32m200[0m 65.101 ms - 626[0m
[0mGET /api/v1/posts?page=1&limit=25 [36m304[0m 127.680 ms - -[0m
[0mGET /api/v1/users/search/s [32m200[0m 52.648 ms - 4943[0m
[0mGET /api/v1/users/search/sh [32m200[0m 7.070 ms - 4551[0m
[0mGET /api/v1/users/search/sha [32m200[0m 19.577 ms - 4551[0m
[0mGET /api/v1/users/search/shaa [36m304[0m 7.775 ms - -[0m
[0mGET /api/v1/users/search/shaan [36m304[0m 8.089 ms - -[0m
[0mGET /api/v1/users/search/shaand [36m304[0m 11.213 ms - -[0m
[0mGET /api/v1/users/search/shaan [36m304[0m 7.013 ms - -[0m
[0mGET /api/v1/users/search/shaan [36m304[0m 25.279 ms - -[0m
[0mGET /api/v1/users/search/shaan%20d [36m304[0m 9.360 ms - -[0m
[0mGET /api/v1/users/search/shaan%20di [36m304[0m 5.191 ms - -[0m
[0mGET /api/v1/users/60c2776e8a7c2e68f326cde5 [32m200[0m 28.830 ms - 760[0m
[0mGET /api/v1/users/search/shaan%20d [36m304[0m 26.424 ms - -[0m
[0mGET /api/v1/users/search/shaan [36m304[0m 16.206 ms - -[0m
[0mGET /api/v1/users/search/shaan [36m304[0m 6.352 ms - -[0m
[0mGET /api/v1/users/search/shaa [36m304[0m 6.443 ms - -[0m
[0mGET /api/v1/users/search/sha [36m304[0m 11.665 ms - -[0m
[0mGET /api/v1/users/search/sh [36m304[0m 6.747 ms - -[0m
[0mGET /api/v1/users/search/s [36m304[0m 18.024 ms - -[0m
[0mGET /api/v1/users/search/ [31m500[0m 4.947 ms - 35[0m
[0mGET /api/v1/users/search/e [32m200[0m 3.555 ms - 319[0m
[0mGET /api/v1/users/search/ej [32m200[0m 3.624 ms - 75[0m
[0mGET /api/v1/users/search/ejr [32m200[0m 9.889 ms - 75[0m
[0mGET /api/v1/users/search/ejrr [32m200[0m 3.817 ms - 75[0m
[0mGET /api/v1/users/search/ejrrr [32m200[0m 3.701 ms - 75[0m
[0mGET /api/v1/users/search/ejrr [36m304[0m 3.444 ms - -[0m
[0mGET /api/v1/users/search/ejr [36m304[0m 16.157 ms - -[0m
[0mGET /api/v1/users/search/ej [36m304[0m 5.211 ms - -[0m
[0mGET /api/v1/users/search/e [36m304[0m 3.625 ms - -[0m
[0mGET /api/v1/users/search/ [31m500[0m 2.397 ms - 35[0m
[0mGET /api/v1/posts?page=1&limit=25 [36m304[0m 294.506 ms - -[0m
[0mGET /api/v1/friendship/60e3680de2e7470495195737 [32m200[0m 253.678 ms - 626[0m
[0mGET /api/v1/users/search/e [36m304[0m 24.370 ms - -[0m
[0mGET /api/v1/users/search/ewe [32m200[0m 104.363 ms - 75[0m
[0mGET /api/v1/users/search/ewew [32m200[0m 78.972 ms - 75[0m
[0mGET /api/v1/users/search/ew [32m200[0m 127.111 ms - 75[0m
[0mGET /api/v1/friendship/60e3680de2e7470495195737 [32m200[0m 86.183 ms - 626[0m
[0mGET /api/v1/posts?page=1&limit=25 [36m304[0m 107.957 ms - -[0m
[0mGET /api/v1/users/search/fd [32m200[0m 38.084 ms - 75[0m
[0mGET /api/v1/users/search/f [36m304[0m 189.566 ms - -[0m
[0mGET /api/v1/users/search/fdf [32m200[0m 59.310 ms - 75[0m
[0mGET /api/v1/users/search/f [36m304[0m 6.681 ms - -[0m
[0mGET /api/v1/users/search/fd [36m304[0m 5.438 ms - -[0m
[0mGET /api/v1/users/search/fdj [32m200[0m 18.096 ms - 75[0m
[0mGET /api/v1/users/search/fdjf [32m200[0m 7.810 ms - 75[0m
[0mGET /api/v1/users/search/fdjfd [32m200[0m 10.637 ms - 75[0m
[0mGET /api/v1/users/search/fdjfdk [32m200[0m 6.750 ms - 75[0m
[0mGET /api/v1/users/search/fdjfdkf [32m200[0m 12.416 ms - 75[0m
[0mGET /api/v1/users/search/fdjfdkfj [32m200[0m 9.847 ms - 75[0m
[0mGET /api/v1/users/search/fdjfdkfjk [32m200[0m 16.774 ms - 75[0m
[0mGET /api/v1/users/search/fdjfdkfjkd [32m200[0m 4.754 ms - 75[0m
[0mGET /api/v1/users/search/fdjfdkfjkdf [32m200[0m 30.555 ms - 75[0m
[0mGET /api/v1/users/search/fdjfdkfjkd [36m304[0m 19.515 ms - -[0m
[0mGET /api/v1/users/search/fdjfdkfjk [36m304[0m 12.165 ms - -[0m
[0mGET /api/v1/users/search/fdjfdkfj [36m304[0m 5.361 ms - -[0m
[0mGET /api/v1/users/search/fdjfdkf [36m304[0m 7.407 ms - -[0m
[0mGET /api/v1/users/search/fdjfdk [36m304[0m 22.359 ms - -[0m
[0mGET /api/v1/users/search/fdjfd [36m304[0m 3.806 ms - -[0m
[0mGET /api/v1/users/search/fdjf [36m304[0m 3.867 ms - -[0m
[0mGET /api/v1/users/search/fdj [36m304[0m 14.788 ms - -[0m
[0mGET /api/v1/users/search/fd [36m304[0m 5.253 ms - -[0m
[0mGET /api/v1/users/search/f [36m304[0m 5.699 ms - -[0m
[0mGET /api/v1/users/search/ [31m500[0m 13.279 ms - 35[0m
[0mGET /api/v1/users/search/s [36m304[0m 12.121 ms - -[0m
[0mGET /api/v1/users/search/sh [36m304[0m 42.755 ms - -[0m
[0mGET /api/v1/users/search/sha [36m304[0m 7.813 ms - -[0m
[0mGET /api/v1/users/search/sh [36m304[0m 35.468 ms - -[0m
[0mGET /api/v1/users/search/s [36m304[0m 20.190 ms - -[0m
[0mGET /api/v1/users/search/ [31m500[0m 5.153 ms - 35[0m
[0mGET /api/v1/users/search/f [36m304[0m 11.040 ms - -[0m
[0mGET /api/v1/users/search/fj [32m200[0m 12.970 ms - 75[0m
[0mGET /api/v1/users/search/fjf [32m200[0m 9.964 ms - 75[0m
[0mGET /api/v1/users/search/fj [36m304[0m 19.306 ms - -[0m
[0mGET /api/v1/users/search/f [36m304[0m 26.944 ms - -[0m
[0mGET /api/v1/users/search/ [31m500[0m 3.186 ms - 35[0m
[0mGET /api/v1/users/search/k [36m304[0m 17.790 ms - -[0m
[0mGET /api/v1/users/search/ka [36m304[0m 11.136 ms - -[0m
[0mGET /api/v1/users/search/kaa [36m304[0m 11.465 ms - -[0m
[0mGET /api/v1/users/607ab2f8850f2eb35d1bd598 [32m200[0m 99.503 ms - 690[0m
[0mGET /api/v1/users/search/ka [36m304[0m 15.375 ms - -[0m
[0mGET /api/v1/users/search/k [36m304[0m 21.290 ms - -[0m
[0mGET /api/v1/users/search/ [31m500[0m 3.850 ms - 35[0m
[0mPOST /api/v1/users/create-friendship/607ab2f8850f2eb35d1bd598 [32m200[0m 63.865 ms - 760[0m
[0mGET /api/v1/users/607ab2f8850f2eb35d1bd598 [32m200[0m 21.841 ms - 690[0m
[0mPOST /api/v1/users/remove-friendship/607ab2f8850f2eb35d1bd598 [32m200[0m 14.597 ms - 642[0m
[0mPOST /api/v1/posts/createComment [32m200[0m 28.556 ms - 369[0m
[0mPOST /api/v1/posts/destroycomment/60e8af013779b927ccee4e60 [32m200[0m 66.941 ms - 6824[0m
[0mGET /api/v1/friendship/60e3680de2e7470495195737 [32m200[0m 244.066 ms - 626[0m
[0mGET /api/v1/posts?page=1&limit=25 [32m200[0m 230.053 ms - 6773[0m
[0mGET /api/v1/friendship/60e3680de2e7470495195737 [32m200[0m 165.532 ms - 626[0m
[0mGET /api/v1/posts?page=1&limit=25 [36m304[0m 209.305 ms - -[0m
[0mGET /api/v1/friendship/60e3680de2e7470495195737 [32m200[0m 249.177 ms - 626[0m
[0mGET /api/v1/posts?page=1&limit=25 [36m304[0m 286.434 ms - -[0m
[0mGET /api/v1/friendship/60e3680de2e7470495195737 [32m200[0m 52.463 ms - 626[0m
[0mGET /api/v1/posts?page=1&limit=25 [36m304[0m 49.775 ms - -[0m
[0mPOST /api/v1/posts/toggleLike?likeable_id=60e2185e3d67f2fbb3f1854b&likeable_type=Comment [32m200[0m 61.991 ms - 6821[0m
[0mPOST /api/v1/posts/toggleLike?likeable_id=60e2185e3d67f2fbb3f1854b&likeable_type=Comment [32m200[0m 97.579 ms - 6794[0m
[0mPOST /api/v1/posts/create [32m200[0m 28.357 ms - 501[0m
[0mPOST /api/v1/posts/destroy/60e8b0263779b927ccee4e64 [32m200[0m 31.014 ms - 6825[0m
[0mGET /api/v1/posts?page=1&limit=25 [32m200[0m 75.276 ms - 6774[0m
[0mGET /api/v1/posts?page=1&limit=25 [36m304[0m 197.817 ms - -[0m
[0mGET /api/v1/posts?page=1&limit=25 [36m304[0m 185.491 ms - -[0m
[0mGET /api/v1/posts?page=1&limit=25 [36m304[0m 118.221 ms - -[0m
[0mGET /api/v1/posts?page=1&limit=25 [36m304[0m 92.712 ms - -[0m
[0mPOST /api/v1/users/create-session [32m200[0m 9.792 ms - 832[0m
[0mGET /api/v1/friendship/60e3680de2e7470495195737 [32m200[0m 45.922 ms - 626[0m
[0mGET /api/v1/friendship/60e3680de2e7470495195737 [32m200[0m 292.800 ms - 626[0m
[0mGET /api/v1/posts?page=1&limit=25 [36m304[0m 336.679 ms - -[0m
[0mGET /api/v1/posts?page=1&limit=25 [36m304[0m 151.042 ms - -[0m
[0mGET /api/v1/friendship/60e3680de2e7470495195737 [32m200[0m 220.225 ms - 626[0m
[0mPOST /api/v1/posts/toggleLike?likeable_id=60e8a2173779b927ccee4e4f&likeable_type=Comment [32m200[0m 87.127 ms - 6820[0m
[0mPOST /api/v1/posts/toggleLike?likeable_id=60e8a2173779b927ccee4e4f&likeable_type=Comment [32m200[0m 53.058 ms - 6794[0m
[0mPOST /api/v1/posts/toggleLike?likeable_id=60e8a2173779b927ccee4e4f&likeable_type=Comment [32m200[0m 49.714 ms - 6820[0m
[0mPOST /api/v1/posts/toggleLike?likeable_id=60e8a2173779b927ccee4e4f&likeable_type=Comment [32m200[0m 26.271 ms - 6794[0m
[0mPOST /api/v1/posts/toggleLike?likeable_id=60e2195fbf9106fc256cd270&likeable_type=Comment [32m200[0m 81.782 ms - 6821[0m
[0mGET /api/v1/posts?page=1&limit=25 [32m200[0m 165.366 ms - 6801[0m
[0mGET /api/v1/friendship/60e3680de2e7470495195737 [32m200[0m 155.032 ms - 626[0m
[0mPOST /api/v1/users/create-session [33m422[0m 11.122 ms - 39[0m
[0mPOST /api/v1/users/create-session [32m200[0m 4.450 ms - 800[0m
[0mGET /api/v1/friendship/60c2776e8a7c2e68f326cde5 [32m200[0m 34.552 ms - 605[0m
[0mPOST /api/v1/posts/toggleLike?likeable_id=60e8a2173779b927ccee4e4f&likeable_type=Comment [32m200[0m 32.947 ms - 6847[0m
[0mPOST /api/v1/users/create-session [32m200[0m 6.311 ms - 832[0m
[0mGET /api/v1/friendship/60e3680de2e7470495195737 [32m200[0m 85.771 ms - 626[0m
[0mGET /api/v1/users/search/k [36m304[0m 3.986 ms - -[0m
[0mGET /api/v1/users/607ab2f8850f2eb35d1bd598 [32m200[0m 46.058 ms - 690[0m
[0mGET /api/v1/users/search/ [31m500[0m 5.709 ms - 35[0m
[0mPOST /api/v1/users/create-friendship/607ab2f8850f2eb35d1bd598 [32m200[0m 11.405 ms - 760[0m
[0mPOST /api/v1/users/create-session [32m200[0m 3.136 ms - 895[0m
[0mGET /api/v1/friendship/60e3680de2e7470495195737 [32m200[0m 108.371 ms - 744[0m
[0mPOST /api/v1/posts/destroycomment/60e8a2173779b927ccee4e4f [32m200[0m 34.289 ms - 6409[0m
[0mPOST /api/v1/posts/toggleLike?likeable_id=60e2195fbf9106fc256cd270&likeable_type=Comment [32m200[0m 24.036 ms - 6351[0m
[0mPOST /api/v1/posts/create [32m200[0m 6.326 ms - 527[0m
[0mPOST /api/v1/posts/toggleLike?likeable_id=60e8ba6e3779b927ccee4e71&likeable_type=Post [32m200[0m 7.088 ms - 101[0m
[0mPOST /api/v1/posts/toggleLike?likeable_id=60e8ba6e3779b927ccee4e71&likeable_type=Post [32m200[0m 5.699 ms - 67[0m
[0mPOST /api/v1/posts/destroy/60e8ba6e3779b927ccee4e71 [32m200[0m 20.924 ms - 6382[0m
[0mGET /api/v1/users/search/s [32m200[0m 21.965 ms - 4970[0m
[0mGET /api/v1/users/search/sh [32m200[0m 6.846 ms - 4578[0m
[0mGET /api/v1/users/605e0c6242f21d160645898b [32m200[0m 47.372 ms - 1072[0m
[0mGET /api/v1/users/search/s [36m304[0m 9.419 ms - -[0m
[0mGET /api/v1/users/search/ [31m500[0m 6.653 ms - 35[0m
[0mPOST /api/v1/users/create-session [32m200[0m 3.845 ms - 895[0m
[0mGET /api/v1/friendship/60e3680de2e7470495195737 [32m200[0m 45.013 ms - 744[0m
[0mGET /api/v1/posts?page=1&limit=25 [32m200[0m 380.888 ms - 6331[0m
[0mPOST /api/v1/users/create-session [32m200[0m 5.822 ms - 895[0m
[0mGET /api/v1/friendship/60e3680de2e7470495195737 [32m200[0m 17.468 ms - 744[0m
[0mGET /api/v1/posts?page=1&limit=25 [36m304[0m 91.838 ms - -[0m
[0mPOST /api/v1/users/create-session [32m200[0m 3.230 ms - 895[0m
[0mGET /api/v1/friendship/60e3680de2e7470495195737 [32m200[0m 18.869 ms - 744[0m
[0mPOST /api/v1/users/create-session [32m200[0m 4.529 ms - 895[0m
[0mGET /api/v1/friendship/60e3680de2e7470495195737 [32m200[0m 78.834 ms - 744[0m
[0mPOST /api/v1/users/create-session [32m200[0m 3.009 ms - 895[0m
[0mGET /api/v1/friendship/60e3680de2e7470495195737 [32m200[0m 114.852 ms - 744[0m
[0mPOST /api/v1/users/create-session [32m200[0m 4.664 ms - 895[0m
[0mGET /api/v1/friendship/60e3680de2e7470495195737 [32m200[0m 107.187 ms - 744[0m
[0mPOST /api/v1/users/create-session [32m200[0m 4.598 ms - 895[0m
[0mGET /api/v1/friendship/60e3680de2e7470495195737 [32m200[0m 14.442 ms - 744[0m
[0mPOST /api/v1/posts/createComment [31m500[0m 106.365 ms - 25[0m
[0mGET /api/v1/posts?page=1&limit=25 [36m304[0m 97.546 ms - -[0m
[0mGET /api/v1/posts?page=1&limit=25 [36m304[0m 99.070 ms - -[0m
[0mPOST /api/v1/users/create-session [32m200[0m 6.351 ms - 895[0m
[0mGET /api/v1/friendship/60e3680de2e7470495195737 [32m200[0m 68.766 ms - 744[0m
[0mPOST /api/v1/posts/createComment [32m200[0m 42.743 ms - 357[0m
[0mPOST /api/v1/posts/toggleLike?likeable_id=60e8c02f3779b927ccee4e76&likeable_type=Comment [32m200[0m 55.369 ms - 6863[0m
[0mPOST /api/v1/posts/toggleLike?likeable_id=60e8c02f3779b927ccee4e76&likeable_type=Comment [32m200[0m 34.857 ms - 6863[0m
[0mPOST /api/v1/posts/toggleLike?likeable_id=60e8c02f3779b927ccee4e76&likeable_type=Comment [32m200[0m 30.668 ms - 6863[0m
[0mPOST /api/v1/posts/toggleLike?likeable_id=60e8c02f3779b927ccee4e76&likeable_type=Comment [32m200[0m 39.687 ms - 6863[0m
[0mPOST /api/v1/posts/toggleLike?likeable_id=60e8c02f3779b927ccee4e76&likeable_type=Comment [32m200[0m 27.824 ms - 6863[0m
[0mGET /api/v1/posts?page=1&limit=25 [32m200[0m 204.364 ms - 6843[0m
[0mGET /api/v1/friendship/60e3680de2e7470495195737 [32m200[0m 249.617 ms - 744[0m
[0mPOST /api/v1/posts/toggleLike?likeable_id=60e8c02f3779b927ccee4e76&likeable_type=Comment [32m200[0m 29.374 ms - 6863[0m
[0mPOST /api/v1/posts/toggleLike?likeable_id=60e8c02f3779b927ccee4e76&likeable_type=Comment [32m200[0m 26.729 ms - 6863[0m
[0mPOST /api/v1/posts/toggleLike?likeable_id=60e8c02f3779b927ccee4e76&likeable_type=Comment [32m200[0m 21.682 ms - 6837[0m
[0mPOST /api/v1/posts/destroycomment/60e8c02f3779b927ccee4e76 [32m200[0m 22.879 ms - 6382[0m
[0mPOST /api/v1/posts/createComment [32m200[0m 31.226 ms - 361[0m
[0mPOST /api/v1/posts/toggleLike?likeable_id=60e8c0533779b927ccee4e83&likeable_type=Comment [32m200[0m 31.687 ms - 6867[0m
[0mPOST /api/v1/posts/toggleLike?likeable_id=60e8c0533779b927ccee4e83&likeable_type=Comment [32m200[0m 30.722 ms - 6867[0m
[0mPOST /api/v1/posts/toggleLike?likeable_id=60e8c0533779b927ccee4e83&likeable_type=Comment [32m200[0m 24.650 ms - 6867[0m
[0mPOST /api/v1/posts/toggleLike?likeable_id=60e8c0533779b927ccee4e83&likeable_type=Comment [32m200[0m 21.639 ms - 6841[0m
[0mPOST /api/v1/posts/destroycomment/60e8c0533779b927ccee4e83 [32m200[0m 23.478 ms - 6382[0m
[0mPOST /api/v1/posts/createComment [32m200[0m 17.447 ms - 350[0m
[0mPOST /api/v1/posts/destroycomment/60e8c0653779b927ccee4e8a [32m200[0m 20.821 ms - 6382[0m
[0mPOST /api/v1/posts/createComment [32m200[0m 24.048 ms - 353[0m
[0mPOST /api/v1/posts/toggleLike?likeable_id=60e8c06c3779b927ccee4e8b&likeable_type=Comment [32m200[0m 30.846 ms - 6859[0m
[0mPOST /api/v1/posts/toggleLike?likeable_id=60e8c06c3779b927ccee4e8b&likeable_type=Comment [32m200[0m 30.458 ms - 6859[0m
[0mPOST /api/v1/posts/toggleLike?likeable_id=60e8c06c3779b927ccee4e8b&likeable_type=Comment [32m200[0m 30.773 ms - 6859[0m
[0mPOST /api/v1/posts/toggleLike?likeable_id=60e8c06c3779b927ccee4e8b&likeable_type=Comment [32m200[0m 25.551 ms - 6833[0m
[0mPOST /api/v1/posts/toggleLike?likeable_id=60e8c06c3779b927ccee4e8b&likeable_type=Comment [32m200[0m 19.407 ms - 6859[0m
[0mPOST /api/v1/posts/destroycomment/60e8c06c3779b927ccee4e8b [32m200[0m 13.060 ms - 6382[0m
[0mPOST /api/v1/posts/createComment [32m200[0m 8.164 ms - 360[0m
[0mPOST /api/v1/posts/toggleLike?likeable_id=60e8c0813779b927ccee4e94&likeable_type=Comment [32m200[0m 20.564 ms - 6866[0m
[0mPOST /api/v1/posts/toggleLike?likeable_id=60e8c0813779b927ccee4e94&likeable_type=Comment [32m200[0m 20.854 ms - 6840[0m
[0mPOST /api/v1/posts/destroycomment/60e8c0813779b927ccee4e94 [32m200[0m 17.591 ms - 6382[0m
[0mPOST /api/v1/posts/toggleLike?likeable_id=60e2185e3d67f2fbb3f1854b&likeable_type=Comment [32m200[0m 25.267 ms - 6378[0m
[0mPOST /api/v1/posts/toggleLike?likeable_id=60e2185e3d67f2fbb3f1854b&likeable_type=Comment [32m200[0m 22.575 ms - 6351[0m
[0mPOST /api/v1/posts/toggleLike?likeable_id=60e21820cade10fb7a416fb8&likeable_type=Comment [32m200[0m 20.868 ms - 6377[0m
[0mPOST /api/v1/posts/toggleLike?likeable_id=60e21820cade10fb7a416fb8&likeable_type=Comment [32m200[0m 18.416 ms - 6352[0m
[0mPOST /api/v1/posts/toggleLike?likeable_id=60e2163bfb97cffa21b986c0&likeable_type=Post [32m200[0m 9.186 ms - 276[0m
[0mPOST /api/v1/posts/toggleLike?likeable_id=60e2163bfb97cffa21b986c0&likeable_type=Post [32m200[0m 8.636 ms - 311[0m
[0mPOST /api/v1/posts/create [32m200[0m 6.770 ms - 532[0m
[0mPOST /api/v1/posts/destroy/60e8c0993779b927ccee4ea1 [32m200[0m 18.300 ms - 6383[0m
[0mPOST /api/v1/posts/toggleLike?likeable_id=60e2154cfb97cffa21b986b0&likeable_type=Comment [31m500[0m 5.697 ms - 35[0m
[0mPOST /api/v1/posts/toggleLike?likeable_id=60e21541fb97cffa21b986ad&likeable_type=Post [31m500[0m 5.451 ms - 35[0m
[0mPOST /api/v1/users/create-session [32m200[0m 13.967 ms - 895[0m
[0mGET /api/v1/friendship/60e3680de2e7470495195737 [32m200[0m 101.264 ms - 744[0m
[0mPOST /api/v1/posts/toggleLike?likeable_id=60e2195fbf9106fc256cd270&likeable_type=Comment [32m200[0m 35.111 ms - 6379[0m
[0mPOST /api/v1/posts/toggleLike?likeable_id=60e2195fbf9106fc256cd270&likeable_type=Comment [32m200[0m 25.988 ms - 6352[0m
[0mPOST /api/v1/posts/toggleLike?likeable_id=60e2195fbf9106fc256cd270&likeable_type=Comment [32m200[0m 32.791 ms - 6379[0m
[0mPOST /api/v1/users/create-session [32m200[0m 2.903 ms - 895[0m
[0mGET /api/v1/friendship/60e3680de2e7470495195737 [32m200[0m 69.495 ms - 744[0m
[0mPOST /api/v1/posts/create [32m200[0m 14.844 ms - 513[0m
[0mPOST /api/v1/posts/createComment [32m200[0m 16.428 ms - 345[0m
[0mPOST /api/v1/posts/toggleLike?likeable_id=60e8c27e3779b927ccee4ea8&likeable_type=Comment [32m200[0m 33.656 ms - 7332[0m
[0mPOST /api/v1/posts/toggleLike?likeable_id=60e8c27e3779b927ccee4ea8&likeable_type=Comment [32m200[0m 30.705 ms - 7306[0m
[0mPOST /api/v1/posts/destroycomment/60e8c27e3779b927ccee4ea8 [32m200[0m 20.326 ms - 6864[0m
[0mPOST /api/v1/posts/destroy/60e8c2793779b927ccee4ea7 [32m200[0m 15.521 ms - 6410[0m
[0mPOST /api/v1/users/create-session [32m200[0m 3.150 ms - 895[0m
[0mGET /api/v1/friendship/60e3680de2e7470495195737 [32m200[0m 119.604 ms - 744[0m
[0mPOST /api/v1/users/create-session [32m200[0m 2.609 ms - 895[0m
[0mGET /api/v1/friendship/60e3680de2e7470495195737 [32m200[0m 94.430 ms - 744[0m
[0mPOST /api/v1/users/create-session [32m200[0m 3.174 ms - 895[0m
[0mGET /api/v1/friendship/60e3680de2e7470495195737 [32m200[0m 14.409 ms - 744[0m
[0mGET /api/v1/users/search/k [36m304[0m 5.063 ms - -[0m
[0mGET /api/v1/users/search/ka [36m304[0m 7.611 ms - -[0m
[0mGET /api/v1/users/search/kaa [36m304[0m 4.224 ms - -[0m
[0mGET /api/v1/users/search/ka [36m304[0m 3.628 ms - -[0m
[0mGET /api/v1/users/search/k [36m304[0m 3.879 ms - -[0m
[0mGET /api/v1/users/search/ [31m500[0m 6.617 ms - 35[0m
[0mGET /api/v1/users/search/s [36m304[0m 12.037 ms - -[0m
[0mGET /api/v1/users/search/sh [36m304[0m 16.023 ms - -[0m
[0mGET /api/v1/users/search/s [36m304[0m 6.395 ms - -[0m
[0mGET /api/v1/users/search/ [31m500[0m 3.406 ms - 35[0m
[0mPOST /api/v1/users/create-session [32m200[0m 5.867 ms - 895[0m
[0mGET /api/v1/friendship/60e3680de2e7470495195737 [32m200[0m 113.970 ms - 744[0m
[0mPOST /api/v1/users/create-session [32m200[0m 3.340 ms - 895[0m
[0mGET /api/v1/friendship/60e3680de2e7470495195737 [32m200[0m 10.914 ms - 744[0m
[0mPOST /api/v1/users/create-session [32m200[0m 7.590 ms - 800[0m
[0mGET /api/v1/friendship/60c2776e8a7c2e68f326cde5 [32m200[0m 6.792 ms - 605[0m
[0mGET /api/v1/users/607ab2f8850f2eb35d1bd598 [32m200[0m 21.860 ms - 690[0m
[0mPOST /api/v1/users/create-session [32m200[0m 4.063 ms - 895[0m
[0mGET /api/v1/friendship/60e3680de2e7470495195737 [32m200[0m 28.083 ms - 744[0m
[0mGET /api/v1/posts?page=1&limit=25 [32m200[0m 61.554 ms - 6359[0m
[0mGET /api/v1/friendship/60e3680de2e7470495195737 [32m200[0m 236.437 ms - 744[0m
[0mGET /api/v1/posts?page=1&limit=25 [32m200[0m 233.943 ms - 6359[0m
[0mPOST /api/v1/users/create-session [32m200[0m 5.304 ms - 800[0m
[0mGET /api/v1/friendship/60c2776e8a7c2e68f326cde5 [32m200[0m 176.396 ms - 605[0m
[0mGET /api/v1/friendship/60e3680de2e7470495195737 [32m200[0m 161.732 ms - 744[0m
[0mGET /api/v1/posts?page=1&limit=25 [36m304[0m 145.852 ms - -[0m
[0mGET /api/v1/posts?page=1&limit=25 [36m304[0m 157.896 ms - -[0m
[0mGET /api/v1/friendship/60e3680de2e7470495195737 [32m200[0m 201.642 ms - 744[0m
[0mPOST /api/v1/users/create-session [32m200[0m 5.863 ms - 895[0m
[0mGET /api/v1/friendship/60e3680de2e7470495195737 [32m200[0m 87.615 ms - 744[0m
[0mPOST /api/v1/users/create-session [32m200[0m 5.342 ms - 895[0m
[0mGET /api/v1/friendship/60e3680de2e7470495195737 [32m200[0m 106.946 ms - 744[0m
[0mGET /api/v1/users/search/s [36m304[0m 25.640 ms - -[0m
[0mGET /api/v1/users/search/sh [36m304[0m 12.094 ms - -[0m
[0mGET /api/v1/users/search/sha [32m200[0m 8.181 ms - 4578[0m
[0mGET /api/v1/users/search/shaa [36m304[0m 8.417 ms - -[0m
[0mGET /api/v1/users/search/shaan [36m304[0m 7.020 ms - -[0m
[0mGET /api/v1/users/60c137fb07c62c54ff3d353b [32m200[0m 8.997 ms - 1457[0m
[0mGET /api/v1/users/search/shaa [36m304[0m 7.003 ms - -[0m
[0mGET /api/v1/users/search/sha [36m304[0m 9.424 ms - -[0m
[0mGET /api/v1/users/search/sh [36m304[0m 6.145 ms - -[0m
[0mGET /api/v1/users/search/s [36m304[0m 7.672 ms - -[0m
[0mGET /api/v1/users/search/ [31m500[0m 4.520 ms - 35[0m
[0mPOST /api/v1/users/create-session [32m200[0m 5.800 ms - 895[0m
[0mGET /api/v1/friendship/60e3680de2e7470495195737 [32m200[0m 86.815 ms - 744[0m
[0mPOST /api/v1/users/create-session [32m200[0m 3.459 ms - 895[0m
[0mGET /api/v1/friendship/60e3680de2e7470495195737 [32m200[0m 78.617 ms - 744[0m
[0mPOST /api/v1/posts/toggleLike?likeable_id=60e2154cfb97cffa21b986b0&likeable_type=Comment [32m200[0m 26.918 ms - 6405[0m
[0mPOST /api/v1/posts/toggleLike?likeable_id=60e2154cfb97cffa21b986b0&likeable_type=Comment [32m200[0m 22.694 ms - 6380[0m
[0mPOST /api/v1/posts/toggleLike?likeable_id=60e21541fb97cffa21b986ad&likeable_type=Post [32m200[0m 8.490 ms - 311[0m
[0mPOST /api/v1/posts/toggleLike?likeable_id=60e21541fb97cffa21b986ad&likeable_type=Post [32m200[0m 6.835 ms - 276[0m
[0mPOST /api/v1/users/create-session [32m200[0m 50.307 ms - 895[0m
[0mGET /api/v1/friendship/60e3680de2e7470495195737 [32m200[0m 163.993 ms - 744[0m
[0mGET /api/v1/friendship/60e3680de2e7470495195737 [32m200[0m 1360.291 ms - 744[0m
[0mGET /api/v1/posts?page=1&limit=25 [32m200[0m 2092.329 ms - 6360[0m
[0mPOST /api/v1/users/create-session [32m200[0m 17.777 ms - 895[0m
[0mGET /api/v1/friendship/60e3680de2e7470495195737 [32m200[0m 114.223 ms - 744[0m
[0mGET /api/v1/users/60c2776e8a7c2e68f326cde5 [32m200[0m 22.629 ms - 760[0m
[0mPOST /api/v1/users/remove-friendship/60c2776e8a7c2e68f326cde5 [32m200[0m 68.931 ms - 639[0m
[0mGET /api/v1/users/60c2776e8a7c2e68f326cde5 [32m200[0m 47.008 ms - 760[0m
[0mPOST /api/v1/users/create-friendship/60c2776e8a7c2e68f326cde5 [32m200[0m 71.078 ms - 760[0m
[0mPOST /api/v1/posts/createComment [32m200[0m 28.852 ms - 345[0m
[0mPOST /api/v1/posts/toggleLike?likeable_id=60e2163bfb97cffa21b986c0&likeable_type=Post [32m200[0m 43.436 ms - 276[0m
[0mPOST /api/v1/posts/toggleLike?likeable_id=60e2163bfb97cffa21b986c0&likeable_type=Post [32m200[0m 16.734 ms - 311[0m
[0mPOST /api/v1/posts/toggleLike?likeable_id=60e2163bfb97cffa21b986c0&likeable_type=Post [32m200[0m 34.190 ms - 276[0m
[0mPOST /api/v1/posts/toggleLike?likeable_id=60e2163bfb97cffa21b986c0&likeable_type=Post [32m200[0m 34.106 ms - 311[0m
[0mPOST /api/v1/posts/toggleLike?likeable_id=60e2163bfb97cffa21b986c0&likeable_type=Post [32m200[0m 11.898 ms - 276[0m
[0mPOST /api/v1/posts/toggleLike?likeable_id=60e964e559a28a4c0cca89ea&likeable_type=Comment [32m200[0m 81.695 ms - 6853[0m
[0mPOST /api/v1/posts/destroycomment/60e964e559a28a4c0cca89ea [32m200[0m 100.213 ms - 6384[0m
[0mPOST /api/v1/posts/createComment [32m200[0m 19.224 ms - 342[0m
[0mPOST /api/v1/posts/destroycomment/60e964f959a28a4c0cca89f4 [32m200[0m 33.843 ms - 6384[0m
[0mPOST /api/v1/posts/create [32m200[0m 23.185 ms - 527[0m
[0mPOST /api/v1/posts/toggleLike?likeable_id=60e9650759a28a4c0cca89f5&likeable_type=Post [32m200[0m 31.080 ms - 101[0m
[0mPOST /api/v1/posts/createComment [32m200[0m 36.187 ms - 341[0m
[0mPOST /api/v1/posts/toggleLike?likeable_id=60e9651859a28a4c0cca89f8&likeable_type=Comment [32m200[0m 82.826 ms - 7342[0m
[0mPOST /api/v1/posts/toggleLike?likeable_id=60e9651859a28a4c0cca89f8&likeable_type=Comment [32m200[0m 101.031 ms - 7316[0m
[0mPOST /api/v1/posts/destroycomment/60e9651859a28a4c0cca89f8 [32m200[0m 46.153 ms - 6878[0m
[0mPOST /api/v1/posts/destroy/60e9650759a28a4c0cca89f5 [32m200[0m 30.179 ms - 6384[0m
[0mGET /api/v1/users/search/s [32m200[0m 38.597 ms - 4970[0m
[0mGET /api/v1/users/search/sh [32m200[0m 43.831 ms - 4578[0m
[0mGET /api/v1/users/search/sha [32m200[0m 20.352 ms - 4578[0m
[0mGET /api/v1/users/search/shaa [36m304[0m 26.089 ms - -[0m
[0mGET /api/v1/users/search/shaan [36m304[0m 49.679 ms - -[0m
[0mGET /api/v1/users/search/shaan [36m304[0m 9.777 ms - -[0m
[0mGET /api/v1/users/search/shaan%20d [36m304[0m 25.132 ms - -[0m
[0mGET /api/v1/users/search/shaan%20di [36m304[0m 5.989 ms - -[0m
[0mGET /api/v1/users/search/shaan%20dio [36m304[0m 7.577 ms - -[0m
[0mGET /api/v1/users/60c2776e8a7c2e68f326cde5 [32m200[0m 166.488 ms - 760[0m
[0mGET /api/v1/users/search/shaan%20di [36m304[0m 10.361 ms - -[0m
[0mGET /api/v1/users/search/shaan%20d [36m304[0m 29.140 ms - -[0m
[0mGET /api/v1/users/search/shaan [36m304[0m 26.419 ms - -[0m
[0mGET /api/v1/users/search/shaan [36m304[0m 12.899 ms - -[0m
[0mGET /api/v1/users/search/shaa [36m304[0m 16.565 ms - -[0m
[0mGET /api/v1/users/search/sha [36m304[0m 14.567 ms - -[0m
[0mGET /api/v1/users/search/sh [36m304[0m 33.934 ms - -[0m
[0mGET /api/v1/users/search/s [36m304[0m 20.327 ms - -[0m
[0mGET /api/v1/users/search/ [31m500[0m 8.836 ms - 35[0m
[0mGET /api/v1/users/search/s [36m304[0m 30.949 ms - -[0m
[0mGET /api/v1/users/search/sh [36m304[0m 16.479 ms - -[0m
[0mGET /api/v1/users/search/sha [36m304[0m 34.079 ms - -[0m
[0mGET /api/v1/users/search/shaa [36m304[0m 31.273 ms - -[0m
[0mGET /api/v1/users/search/shaan [36m304[0m 10.305 ms - -[0m
[0mGET /api/v1/users/search/shaa [36m304[0m 24.920 ms - -[0m
[0mGET /api/v1/users/search/sha [36m304[0m 26.424 ms - -[0m
[0mGET /api/v1/users/search/sh [36m304[0m 15.220 ms - -[0m
[0mGET /api/v1/users/search/s [36m304[0m 35.940 ms - -[0m
[0mGET /api/v1/users/search/ [31m500[0m 6.212 ms - 35[0m
[0mGET /api/v1/posts?page=1&limit=25 [32m200[0m 474.604 ms - 6333[0m
[0mGET /api/v1/friendship/60e3680de2e7470495195737 [32m200[0m 624.074 ms - 744[0m
[0mGET /api/v1/posts?page=1&limit=25 [32m200[0m 118.553 ms - 6333[0m
[0mPOST /api/v1/users/create-session [32m200[0m 40.908 ms - 800[0m
[0mGET /api/v1/friendship/60c2776e8a7c2e68f326cde5 [32m200[0m 225.406 ms - 605[0m
[0mPOST /api/v1/posts/toggleLike?likeable_id=60de54f73e965fd574e5b8a0&likeable_type=Comment [32m200[0m 110.873 ms - 6379[0m
[0mPOST /api/v1/posts/toggleLike?likeable_id=60de54f73e965fd574e5b8a0&likeable_type=Comment [32m200[0m 84.436 ms - 6353[0m
[0mPOST /api/v1/users/create-session [32m200[0m 18.145 ms - 895[0m
[0mGET /api/v1/friendship/60e3680de2e7470495195737 [32m200[0m 95.225 ms - 744[0m
[0mPOST /api/v1/posts/create [32m200[0m 26.051 ms - 515[0m
[0mPOST /api/v1/posts/toggleLike?likeable_id=60e9680559a28a4c0cca8a00&likeable_type=Post [32m200[0m 31.323 ms - 101[0m
[0mGET /api/v1/posts?page=1&limit=25 [32m200[0m 286.126 ms - 6815[0m
[0mGET /api/v1/friendship/60e3680de2e7470495195737 [32m200[0m 330.312 ms - 744[0m
[0mPOST /api/v1/posts/toggleLike?likeable_id=60e9680559a28a4c0cca8a00&likeable_type=Post [32m200[0m 37.556 ms - 67[0m
[0mPOST /api/v1/posts/destroy/60e9680559a28a4c0cca8a00 [32m200[0m 83.889 ms - 6384[0m
[0mGET /api/v1/posts?page=1&limit=25 [32m200[0m 264.922 ms - 6333[0m
[0mGET /api/v1/friendship/60e3680de2e7470495195737 [32m200[0m 463.974 ms - 744[0m
[0mPOST /api/v1/posts/toggleLike?likeable_id=60e2195fbf9106fc256cd270&likeable_type=Comment [32m200[0m 46.682 ms - 6326[0m
[0mPOST /api/v1/posts/toggleLike?likeable_id=60e2195fbf9106fc256cd270&likeable_type=Comment [32m200[0m 75.614 ms - 6353[0m
[0mPOST /api/v1/posts/toggleLike?likeable_id=60e2195fbf9106fc256cd270&likeable_type=Comment [32m200[0m 49.540 ms - 6326[0m
[0mGET /api/v1/posts?page=1&limit=25 [32m200[0m 296.314 ms - 6306[0m
[0mGET /api/v1/friendship/60e3680de2e7470495195737 [32m200[0m 269.890 ms - 744[0m
[0mPOST /api/v1/posts/createComment [32m200[0m 18.647 ms - 369[0m
[0mPOST /api/v1/posts/toggleLike?likeable_id=60e9682b59a28a4c0cca8a08&likeable_type=Comment [32m200[0m 49.246 ms - 6850[0m
[0mPOST /api/v1/posts/toggleLike?likeable_id=60e9682b59a28a4c0cca8a08&likeable_type=Comment [32m200[0m 38.462 ms - 6824[0m
[0mPOST /api/v1/posts/toggleLike?likeable_id=60e9682b59a28a4c0cca8a08&likeable_type=Comment [32m200[0m 57.129 ms - 6850[0m
[0mPOST /api/v1/posts/toggleLike?likeable_id=60e9682b59a28a4c0cca8a08&likeable_type=Comment [32m200[0m 63.784 ms - 6824[0m
[0mPOST /api/v1/posts/create [32m200[0m 38.437 ms - 509[0m
[0mPOST /api/v1/posts/toggleLike?likeable_id=60e9686459a28a4c0cca8a0f&likeable_type=Post [32m200[0m 25.613 ms - 101[0m
[0mPOST /api/v1/posts/destroy/60e9686459a28a4c0cca8a0f [32m200[0m 24.348 ms - 6855[0m
[0mGET /api/v1/posts?page=1&limit=25 [32m200[0m 525.608 ms - 6804[0m
[0mGET /api/v1/friendship/60e3680de2e7470495195737 [32m200[0m 666.026 ms - 744[0m
[0mPOST /api/v1/posts/destroycomment/60e9682b59a28a4c0cca8a08 [32m200[0m 32.497 ms - 6357[0m
