[0mGET /api/v1/friendship/60bbeb29fe644d09f75af646 [32m200[0m 690.517 ms - 1679[0m
[0mGET /api/v1/posts?page=1&limit=25 [36m304[0m 712.928 ms - -[0m
[0mGET /api/v1/users/60b27fe58a0a5a722c09d463 [32m200[0m 30.594 ms - 694[0m
[0mGET /api/v1/users/search/t [32m200[0m 43.428 ms - 2439[0m
[0mGET /api/v1/users/search/th [36m304[0m 8.375 ms - -[0m
[0mGET /api/v1/users/search/tho [36m304[0m 3.547 ms - -[0m
[0mGET /api/v1/users/search/th [36m304[0m 5.008 ms - -[0m
[0mGET /api/v1/users/search/t [36m304[0m 12.082 ms - -[0m
[0mGET /api/v1/users/search/ [31m500[0m 47.162 ms - 35[0m
[0mGET /api/v1/users/60b27fe58a0a5a722c09d463 [32m200[0m 8.394 ms - 694[0m
[0mGET /api/v1/users/607ab2f8850f2eb35d1bd598 [32m200[0m 27.018 ms - 690[0m
[0mGET /api/v1/users/605e0c6242f21d160645898b [32m200[0m 10.965 ms - 1072[0m
[0mGET /api/v1/users/60b27fe58a0a5a722c09d463 [32m200[0m 3.981 ms - 694[0m
[0mGET /api/v1/posts?page=1&limit=25 [36m304[0m 244.807 ms - -[0m
[0mGET /api/v1/friendship/60bbeb29fe644d09f75af646 [32m200[0m 517.600 ms - 1679[0m
[0mGET /api/v1/users/607ab2f8850f2eb35d1bd598 [32m200[0m 18.590 ms - 690[0m
[0mPOST /api/v1/users/remove-friendship/607ab2f8850f2eb35d1bd598 [32m200[0m 12.776 ms - 1132[0m
[0mGET /api/v1/users/607ab2f8850f2eb35d1bd598 [32m200[0m 161.935 ms - 690[0m
[0mGET /api/v1/posts?page=1&limit=25 [36m304[0m 478.188 ms - -[0m
[0mGET /api/v1/friendship/60bbeb29fe644d09f75af646 [31m500[0m 767.298 ms - 30[0m
[0mGET /api/v1/posts?page=1&limit=25 [36m304[0m 144.259 ms - -[0m
[0mGET /api/v1/users/607ab2f8850f2eb35d1bd598 [32m200[0m 78.602 ms - 690[0m
[0mGET /api/v1/friendship/60bbeb29fe644d09f75af646 [31m500[0m 296.979 ms - 30[0m
[0mGET /api/v1/users/607ab2f8850f2eb35d1bd598 [32m200[0m 161.647 ms - 690[0m
[0mGET /api/v1/posts?page=1&limit=25 [36m304[0m 512.052 ms - -[0m
[0mGET /api/v1/friendship/60bbeb29fe644d09f75af646 [31m500[0m 608.032 ms - 30[0m
[0mGET /api/v1/posts?page=1&limit=25 [36m304[0m 70.672 ms - -[0m
[0mGET /api/v1/friendship/60bbeb29fe644d09f75af646 [31m500[0m 152.945 ms - 30[0m
[0mGET /api/v1/posts?page=1&limit=25 [36m304[0m 131.773 ms - -[0m
[0mGET /api/v1/friendship/60bbeb29fe644d09f75af646 [31m500[0m 197.393 ms - 30[0m
[0mGET /api/v1/posts?page=1&limit=25 [36m304[0m 40.815 ms - -[0m
[0mGET /api/v1/friendship/60bbeb29fe644d09f75af646 [31m500[0m 5.294 ms - 30[0m
[0mGET /api/v1/friendship/60bbeb29fe644d09f75af646 [31m500[0m 17.379 ms - 30[0m
[0mGET /api/v1/posts?page=1&limit=25 [36m304[0m 77.061 ms - -[0m
[0mGET /api/v1/friendship/60bbeb29fe644d09f75af646 [31m500[0m 243.668 ms - 18[0m
[0mGET /api/v1/posts?page=1&limit=25 [36m304[0m 414.857 ms - -[0m
[0mGET /api/v1/friendship/60bbeb29fe644d09f75af646 [31m500[0m 23.616 ms - 18[0m
[0mGET /api/v1/posts?page=1&limit=25 [36m304[0m 271.379 ms - -[0m
[0mGET /api/v1/friendship/60bbeb29fe644d09f75af646 [31m500[0m 401.966 ms - 18[0m
[0mGET /api/v1/posts?page=1&limit=25 [36m304[0m 586.461 ms - -[0m
[0mGET /api/v1/friendship/60bbeb29fe644d09f75af646 [31m500[0m 117.451 ms - 18[0m
[0mGET /api/v1/posts?page=1&limit=25 [36m304[0m 436.586 ms - -[0m
[0mGET /api/v1/friendship/60bbeb29fe644d09f75af646 [31m500[0m 29.286 ms - 18[0m
[0mGET /api/v1/posts?page=1&limit=25 [36m304[0m 65.912 ms - -[0m
[0mGET /api/v1/friendship/60bbeb29fe644d09f75af646 [31m500[0m 204.286 ms - 30[0m
[0mGET /api/v1/posts?page=1&limit=25 [36m304[0m 767.926 ms - -[0m
[0mGET /api/v1/friendship/60bbeb29fe644d09f75af646 [31m500[0m 27.021 ms - 30[0m
[0mGET /api/v1/posts?page=1&limit=25 [36m304[0m 197.981 ms - -[0m
[0mGET /api/v1/friendship/60bbeb29fe644d09f75af646 [31m500[0m 57.895 ms - 30[0m
[0mGET /api/v1/posts?page=1&limit=25 [36m304[0m 187.564 ms - -[0m
[0mGET /api/v1/posts?page=1&limit=25 [36m304[0m 52.798 ms - -[0m
[0mGET /api/v1/posts?page=1&limit=25 [36m304[0m 91.941 ms - -[0m
[0mGET /api/v1/posts?page=1&limit=25 [36m304[0m 151.336 ms - -[0m
[0mPOST /api/v1/users/signup [32m200[0m 67.854 ms - 720[0m
[0mGET /api/v1/users/60b27fe58a0a5a722c09d463 [32m200[0m 11.802 ms - 694[0m
[0mGET /api/v1/users/search/k [36m304[0m 32.476 ms - -[0m
[0mGET /api/v1/users/search/ka [36m304[0m 6.726 ms - -[0m
[0mGET /api/v1/users/search/kaa [36m304[0m 4.849 ms - -[0m
[0mGET /api/v1/users/search/kaar [36m304[0m 3.577 ms - -[0m
[0mGET /api/v1/users/607ab2f8850f2eb35d1bd598 [32m200[0m 5.690 ms - 690[0m
[0mPOST /api/v1/users/create-friendship/607ab2f8850f2eb35d1bd598 [32m200[0m 27.212 ms - 955[0m
[0mGET /api/v1/users/607ab2f8850f2eb35d1bd598 [32m200[0m 206.895 ms - 690[0m
[0mGET /api/v1/posts?page=1&limit=25 [36m304[0m 605.487 ms - -[0m
[0mGET /api/v1/friendship/60c137fb07c62c54ff3d353b [32m200[0m 550.068 ms - 594[0m
[0mGET /api/v1/users/60b27fe58a0a5a722c09d463 [32m200[0m 8.155 ms - 694[0m
[0mPOST /api/v1/users/create-friendship/60b27fe58a0a5a722c09d463 [32m200[0m 25.983 ms - 621[0m
[0mGET /api/v1/posts?page=1&limit=25 [36m304[0m 215.472 ms - -[0m
[0mGET /api/v1/friendship/60c137fb07c62c54ff3d353b [32m200[0m 178.320 ms - 714[0m
[0mGET /api/v1/users/60b27fe58a0a5a722c09d463 [32m200[0m 182.138 ms - 694[0m
[0mGET /api/v1/users/60603e87d8dd5f21a4f48042 [32m200[0m 11.676 ms - 690[0m
[0mPOST /api/v1/users/create-friendship/60603e87d8dd5f21a4f48042 [32m200[0m 12.646 ms - 684[0m
[0mGET /api/v1/users/60603e87d8dd5f21a4f48042 [32m200[0m 12.814 ms - 690[0m
[0mGET /api/v1/posts?page=1&limit=25 [36m304[0m 167.260 ms - -[0m
[0mGET /api/v1/friendship/60c137fb07c62c54ff3d353b [32m200[0m 145.387 ms - 832[0m
[0mGET /api/v1/users/60b27fe58a0a5a722c09d463 [32m200[0m 59.509 ms - 694[0m
[0mGET /api/v1/users/60b27fe58a0a5a722c09d463 [32m200[0m 10.390 ms - 694[0m
[0mGET /api/v1/users/60603e87d8dd5f21a4f48042 [32m200[0m 15.544 ms - 690[0m
[0mGET /api/v1/users/605e0c6242f21d160645898b [32m200[0m 15.787 ms - 1072[0m
[0mPOST /api/v1/users/create-friendship/605e0c6242f21d160645898b [32m200[0m 11.519 ms - 747[0m
[0mGET /api/v1/posts?page=1&limit=25 [36m304[0m 147.927 ms - -[0m
[0mGET /api/v1/friendship/60c137fb07c62c54ff3d353b [32m200[0m 285.978 ms - 952[0m
[0mGET /api/v1/users/605e0c6242f21d160645898b [32m200[0m 33.413 ms - 1072[0m
[0mGET /api/v1/users/search/s [32m200[0m 37.961 ms - 4440[0m
[0mGET /api/v1/users/search/sh [32m200[0m 24.927 ms - 3734[0m
[0mGET /api/v1/users/60ad3d710c73b9682bb8e549 [32m200[0m 12.150 ms - 692[0m
[0mGET /api/v1/users/search/s [36m304[0m 22.910 ms - -[0m
[0mGET /api/v1/users/search/ [31m500[0m 32.039 ms - 35[0m
[0mPOST /api/v1/users/create-friendship/60ad3d710c73b9682bb8e549 [32m200[0m 172.136 ms - 810[0m
[0mGET /api/v1/users/60ad3d710c73b9682bb8e549 [32m200[0m 12.663 ms - 692[0m
[0mGET /api/v1/posts?page=1&limit=25 [36m304[0m 221.553 ms - -[0m
[0mGET /api/v1/friendship/60c137fb07c62c54ff3d353b [32m200[0m 290.245 ms - 1071[0m
[0mGET /api/v1/users/60ad3d710c73b9682bb8e549 [32m200[0m 29.862 ms - 692[0m
[0mGET /api/v1/users/search/r [32m200[0m 12.549 ms - 495[0m
[0mGET /api/v1/users/search/ro [32m200[0m 9.272 ms - 284[0m
[0mGET /api/v1/users/search/ron [32m200[0m 9.085 ms - 284[0m
[0mGET /api/v1/users/60ad3c718720c364a2c07db7 [32m200[0m 12.210 ms - 687[0m
[0mGET /api/v1/users/search/ro [36m304[0m 4.579 ms - -[0m
[0mGET /api/v1/users/search/r [36m304[0m 5.366 ms - -[0m
[0mGET /api/v1/users/search/ [31m500[0m 4.103 ms - 35[0m
[0mGET /api/v1/users/60ad3c718720c364a2c07db7 [32m200[0m 19.217 ms - 687[0m
[0mGET /api/v1/users/60ad3c718720c364a2c07db7 [32m200[0m 43.660 ms - 687[0m
[0mGET /api/v1/users/60ad3c718720c364a2c07db7 [32m200[0m 5.455 ms - 687[0m
[0mGET /api/v1/posts?page=1&limit=25 [36m304[0m 175.448 ms - -[0m
[0mGET /api/v1/friendship/60c137fb07c62c54ff3d353b [32m200[0m 224.708 ms - 1071[0m
[0mGET /api/v1/users/60ad3c718720c364a2c07db7 [32m200[0m 50.845 ms - 687[0m
[0mPOST /api/v1/users/create-friendship/60ad3c718720c364a2c07db7 [32m200[0m 7.135 ms - 873[0m
[0mGET /api/v1/posts?page=1&limit=25 [36m304[0m 161.813 ms - -[0m
[0mGET /api/v1/friendship/60c137fb07c62c54ff3d353b [32m200[0m 174.530 ms - 1188[0m
[0mGET /api/v1/users/60ad3c718720c364a2c07db7 [32m200[0m 7.988 ms - 687[0m
[0mGET /api/v1/users/search/m [32m200[0m 31.890 ms - 549[0m
[0mGET /api/v1/users/search/me [32m200[0m 12.796 ms - 75[0m
[0mGET /api/v1/users/search/mes [32m200[0m 7.836 ms - 75[0m
[0mGET /api/v1/users/search/mess [32m200[0m 5.716 ms - 75[0m
[0mGET /api/v1/users/search/messi [32m200[0m 18.408 ms - 75[0m
[0mGET /api/v1/users/search/mess [36m304[0m 18.213 ms - -[0m
[0mGET /api/v1/users/search/mes [36m304[0m 3.126 ms - -[0m
[0mGET /api/v1/users/search/me [36m304[0m 7.250 ms - -[0m
[0mGET /api/v1/users/search/m [36m304[0m 6.635 ms - -[0m
[0mGET /api/v1/users/search/ [31m500[0m 15.747 ms - 35[0m
[0mGET /api/v1/users/search/u [32m200[0m 19.227 ms - 2490[0m
[0mGET /api/v1/users/search/um [32m200[0m 19.734 ms - 336[0m
[0mGET /api/v1/users/607ab32f850f2eb35d1bd599 [32m200[0m 29.936 ms - 809[0m
[0mPOST /api/v1/users/create-friendship/607ab32f850f2eb35d1bd599 [32m200[0m 10.266 ms - 936[0m
[0mGET /api/v1/users/search/u [36m304[0m 10.637 ms - -[0m
[0mGET /api/v1/users/search/ [31m500[0m 9.521 ms - 35[0m
[0mGET /api/v1/users/607ab32f850f2eb35d1bd599 [32m200[0m 167.848 ms - 809[0m
[0mGET /api/v1/posts?page=1&limit=25 [36m304[0m 331.939 ms - -[0m
[0mGET /api/v1/users/607ab32f850f2eb35d1bd599 [32m200[0m 82.919 ms - 809[0m
[0mGET /api/v1/friendship/60c137fb07c62c54ff3d353b [32m200[0m 612.312 ms - 1302[0m
[0mGET /api/v1/users/search/f [32m200[0m 4.925 ms - 75[0m
[0mGET /api/v1/users/search/fl [32m200[0m 6.608 ms - 75[0m
[0mGET /api/v1/users/search/f [36m304[0m 4.326 ms - -[0m
[0mGET /api/v1/users/search/ [31m500[0m 13.826 ms - 35[0m
[0mGET /api/v1/users/search/s [32m200[0m 12.735 ms - 4521[0m
[0mGET /api/v1/users/search/sp [32m200[0m 5.427 ms - 861[0m
[0mGET /api/v1/users/607ab67e6e1539b43ee11cab [32m200[0m 7.216 ms - 659[0m
[0mGET /api/v1/users/search/s [36m304[0m 13.009 ms - -[0m
[0mGET /api/v1/users/search/ [31m500[0m 4.444 ms - 35[0m
[0mPOST /api/v1/users/create-friendship/607ab67e6e1539b43ee11cab [32m200[0m 90.827 ms - 1661[0m
[0mGET /api/v1/users/607ab67e6e1539b43ee11cab [32m200[0m 102.352 ms - 659[0m
[0mGET /api/v1/posts?page=1&limit=25 [36m304[0m 313.598 ms - -[0m
[0mGET /api/v1/friendship/60c137fb07c62c54ff3d353b [32m200[0m 356.807 ms - 1414[0m
[0mGET /api/v1/users/search/s [32m200[0m 22.376 ms - 4548[0m
[0mGET /api/v1/users/search/sh [36m304[0m 33.411 ms - -[0m
[0mGET /api/v1/users/60b11d86923b8c4881878277 [32m200[0m 38.557 ms - 694[0m
[0mGET /api/v1/users/search/s [36m304[0m 29.283 ms - -[0m
[0mGET /api/v1/users/search/ [31m500[0m 7.206 ms - 35[0m
[0mPOST /api/v1/users/create-friendship/60b11d86923b8c4881878277 [32m200[0m 42.648 ms - 1808[0m
[0mGET /api/v1/users/60b11d86923b8c4881878277 [32m200[0m 102.457 ms - 694[0m
[0mGET /api/v1/posts?page=1&limit=25 [36m304[0m 590.493 ms - -[0m
[0mGET /api/v1/friendship/60c137fb07c62c54ff3d353b [32m200[0m 746.456 ms - 1534[0m
[0mGET /api/v1/users/search/s [32m200[0m 13.291 ms - 4575[0m
[0mGET /api/v1/users/search/sh [36m304[0m 19.642 ms - -[0m
[0mGET /api/v1/users/60b22eed9c4df361e4a28c1d [32m200[0m 12.566 ms - 694[0m
[0mGET /api/v1/users/search/s [36m304[0m 12.581 ms - -[0m
[0mGET /api/v1/users/search/ [31m500[0m 5.575 ms - 35[0m
[0mPOST /api/v1/users/create-friendship/60b22eed9c4df361e4a28c1d [32m200[0m 68.836 ms - 1671[0m
[0mGET /api/v1/posts?page=1&limit=25 [36m304[0m 221.882 ms - -[0m
[0mGET /api/v1/users/60b22eed9c4df361e4a28c1d [32m200[0m 39.363 ms - 694[0m
[0mGET /api/v1/friendship/60c137fb07c62c54ff3d353b [32m200[0m 383.119 ms - 1655[0m
[0mGET /api/v1/users/search/s [32m200[0m 17.975 ms - 4603[0m
[0mGET /api/v1/users/search/sh [36m304[0m 7.928 ms - -[0m
[0mGET /api/v1/users/60799e6e36e5b4a9c7b3a428 [32m200[0m 50.277 ms - 809[0m
[0mGET /api/v1/users/search/s [36m304[0m 19.377 ms - -[0m
[0mGET /api/v1/users/search/ [31m500[0m 6.976 ms - 35[0m
[0mPOST /api/v1/users/create-friendship/60799e6e36e5b4a9c7b3a428 [32m200[0m 70.513 ms - 1785[0m
[0mGET /api/v1/users/60b22eed9c4df361e4a28c1d [32m200[0m 5.460 ms - 694[0m
[0mGET /api/v1/users/607ab2f8850f2eb35d1bd598 [32m200[0m 6.885 ms - 690[0m
[0mGET /api/v1/users/607ab67e6e1539b43ee11cab [32m200[0m 10.628 ms - 659[0m
[0mGET /api/v1/users/search/k [36m304[0m 4.663 ms - -[0m
[0mGET /api/v1/users/search/ [31m500[0m 7.454 ms - 35[0m
[0mGET /api/v1/users/search/p [32m200[0m 7.188 ms - 1215[0m
[0mGET /api/v1/users/60c137fb07c62c54ff3d353b [32m200[0m 96.121 ms - 1373[0m
[0mGET /api/v1/users/search/ [31m500[0m 6.938 ms - 35[0m
[0mGET /api/v1/users/search/s [32m200[0m 11.742 ms - 4630[0m
[0mGET /api/v1/users/search/sp [32m200[0m 5.741 ms - 970[0m
[0mGET /api/v1/users/60c137fb07c62c54ff3d353b [32m200[0m 8.000 ms - 1373[0m
[0mGET /api/v1/users/search/s [36m304[0m 15.844 ms - -[0m
[0mGET /api/v1/users/search/ [31m500[0m 6.774 ms - 35[0m
[0mGET /api/v1/posts?page=1&limit=25 [36m304[0m 454.052 ms - -[0m
[0mGET /api/v1/friendship/60c137fb07c62c54ff3d353b [32m200[0m 522.050 ms - 1769[0m
[0mGET /api/v1/posts?page=1&limit=25 [36m304[0m 314.544 ms - -[0m
[0mGET /api/v1/friendship/60c137fb07c62c54ff3d353b [32m200[0m 586.626 ms - 1769[0m
[0mGET /api/v1/users/search/s [36m304[0m 18.072 ms - -[0m
[0mGET /api/v1/users/search/sp [36m304[0m 5.544 ms - -[0m
[0mGET /api/v1/users/60c137fb07c62c54ff3d353b [32m200[0m 13.693 ms - 1373[0m
[0mGET /api/v1/users/search/s [36m304[0m 11.617 ms - -[0m
[0mGET /api/v1/users/search/ [31m500[0m 12.197 ms - 35[0m
[0mGET /api/v1/users/60c137fb07c62c54ff3d353b [32m200[0m 37.837 ms - 1373[0m
[0mGET /api/v1/posts?page=1&limit=25 [36m304[0m 487.646 ms - -[0m
[0mGET /api/v1/friendship/60c137fb07c62c54ff3d353b [32m200[0m 547.545 ms - 1769[0m
[0mGET /api/v1/users/60c137fb07c62c54ff3d353b [32m200[0m 83.626 ms - 1373[0m
[0mGET /api/v1/posts?page=1&limit=25 [36m304[0m 261.132 ms - -[0m
[0mGET /api/v1/friendship/60c137fb07c62c54ff3d353b [32m200[0m 397.875 ms - 1769[0m
[0mGET /api/v1/users/60c137fb07c62c54ff3d353b [32m200[0m 76.524 ms - 1373[0m
[0mGET /api/v1/posts?page=1&limit=25 [36m304[0m 122.346 ms - -[0m
[0mGET /api/v1/friendship/60c137fb07c62c54ff3d353b [32m200[0m 125.245 ms - 1769[0m
[0mGET /api/v1/users/60c137fb07c62c54ff3d353b [32m200[0m 59.694 ms - 1373[0m
[0mGET /api/v1/posts?page=1&limit=25 [36m304[0m 125.240 ms - -[0m
[0mGET /api/v1/friendship/60c137fb07c62c54ff3d353b [32m200[0m 237.815 ms - 1769[0m
[0mGET /api/v1/users/60c137fb07c62c54ff3d353b [32m200[0m 124.942 ms - 1373[0m
[0mGET /api/v1/posts?page=1&limit=25 [36m304[0m 245.816 ms - -[0m
[0mGET /api/v1/friendship/60c137fb07c62c54ff3d353b [32m200[0m 357.970 ms - 1769[0m
[0mGET /api/v1/users/60c137fb07c62c54ff3d353b [32m200[0m 11.374 ms - 1373[0m
[0mGET /api/v1/posts?page=1&limit=25 [36m304[0m 120.554 ms - -[0m
[0mGET /api/v1/friendship/60c137fb07c62c54ff3d353b [32m200[0m 209.810 ms - 1769[0m
[0mGET /api/v1/posts?page=1&limit=25 [36m304[0m 147.481 ms - -[0m
[0mGET /api/v1/friendship/60c137fb07c62c54ff3d353b [32m200[0m 169.405 ms - 1769[0m
[0mGET /api/v1/users/60c137fb07c62c54ff3d353b [32m200[0m 69.798 ms - 1373[0m
[0mGET /api/v1/users/60c137fb07c62c54ff3d353b [32m200[0m 12.342 ms - 1373[0m
[0mGET /api/v1/posts?page=1&limit=25 [36m304[0m 46.276 ms - -[0m
[0mGET /api/v1/friendship/60c137fb07c62c54ff3d353b [32m200[0m 116.898 ms - 1769[0m
[0mGET /api/v1/users/60c137fb07c62c54ff3d353b [32m200[0m 110.587 ms - 1373[0m
[0mGET /api/v1/posts?page=1&limit=25 [36m304[0m 169.750 ms - -[0m
[0mGET /api/v1/friendship/60c137fb07c62c54ff3d353b [32m200[0m 278.309 ms - 1769[0m
[0mGET /api/v1/users/60c137fb07c62c54ff3d353b [32m200[0m 20.369 ms - 1373[0m
[0mGET /api/v1/posts?page=1&limit=25 [36m304[0m 151.044 ms - -[0m
[0mGET /api/v1/friendship/60c137fb07c62c54ff3d353b [32m200[0m 191.730 ms - 1769[0m
[0mGET /api/v1/users/60c137fb07c62c54ff3d353b [32m200[0m 68.035 ms - 1373[0m
[0mGET /api/v1/posts?page=1&limit=25 [36m304[0m 143.375 ms - -[0m
[0mGET /api/v1/friendship/60c137fb07c62c54ff3d353b [32m200[0m 186.526 ms - 1769[0m
[0mGET /api/v1/posts?page=1&limit=25 [36m304[0m 95.309 ms - -[0m
[0mGET /api/v1/friendship/60c137fb07c62c54ff3d353b [0m-[0m - ms - -[0m
[0mGET /api/v1/posts?page=1&limit=25 [36m304[0m 240.506 ms - -[0m
[0mGET /api/v1/friendship/60c137fb07c62c54ff3d353b [32m200[0m 321.255 ms - 1769[0m
[0mGET /api/v1/users/60c137fb07c62c54ff3d353b [32m200[0m 40.685 ms - 1373[0m
[0mGET /api/v1/posts?page=1&limit=25 [36m304[0m 69.609 ms - -[0m
[0mGET /api/v1/friendship/60c137fb07c62c54ff3d353b [32m200[0m 61.516 ms - 1769[0m
[0mGET /api/v1/users/60c137fb07c62c54ff3d353b [32m200[0m 3.878 ms - 1373[0m
[0mGET /api/v1/posts?page=1&limit=25 [36m304[0m 72.738 ms - -[0m
[0mGET /api/v1/friendship/60c137fb07c62c54ff3d353b [32m200[0m 110.956 ms - 1769[0m
[0mGET /api/v1/posts?page=1&limit=25 [36m304[0m 28.498 ms - -[0m
[0mGET /api/v1/friendship/60c137fb07c62c54ff3d353b [32m200[0m 145.814 ms - 1769[0m
[0mGET /api/v1/posts?page=1&limit=25 [36m304[0m 152.207 ms - -[0m
[0mGET /api/v1/friendship/60c137fb07c62c54ff3d353b [32m200[0m 194.082 ms - 1769[0m
[0mGET /api/v1/users/60c137fb07c62c54ff3d353b [32m200[0m 87.462 ms - 1373[0m
[0mGET /api/v1/posts?page=1&limit=25 [36m304[0m 130.033 ms - -[0m
[0mGET /api/v1/friendship/60c137fb07c62c54ff3d353b [32m200[0m 135.803 ms - 1769[0m
[0mGET /api/v1/posts?page=1&limit=25 [36m304[0m 60.748 ms - -[0m
[0mGET /api/v1/friendship/60c137fb07c62c54ff3d353b [32m200[0m 317.320 ms - 1769[0m
[0mGET /api/v1/posts?page=1&limit=25 [36m304[0m 997.606 ms - -[0m
[0mGET /api/v1/friendship/60c137fb07c62c54ff3d353b [32m200[0m 1155.481 ms - 1769[0m
[0mGET /api/v1/posts?page=1&limit=25 [36m304[0m 905.647 ms - -[0m
[0mGET /api/v1/friendship/60c137fb07c62c54ff3d353b [32m200[0m 1401.255 ms - 1769[0m
[0mGET /api/v1/posts?page=1&limit=25 [36m304[0m 214.588 ms - -[0m
[0mGET /api/v1/friendship/60c137fb07c62c54ff3d353b [32m200[0m 461.965 ms - 1769[0m
[0mGET /api/v1/posts?page=1&limit=25 [36m304[0m 35.309 ms - -[0m
[0mGET /api/v1/friendship/60c137fb07c62c54ff3d353b [32m200[0m 109.370 ms - 1769[0m
[0mGET /api/v1/posts?page=1&limit=25 [36m304[0m 341.759 ms - -[0m
[0mGET /api/v1/friendship/60c137fb07c62c54ff3d353b [32m200[0m 808.028 ms - 1769[0m
[0mGET /api/v1/users/60c137fb07c62c54ff3d353b [32m200[0m 94.003 ms - 1373[0m
[0mGET /api/v1/posts?page=1&limit=25 [36m304[0m 161.398 ms - -[0m
[0mGET /api/v1/friendship/60c137fb07c62c54ff3d353b [32m200[0m 263.313 ms - 1769[0m
[0mGET /api/v1/users/60c137fb07c62c54ff3d353b [32m200[0m 55.739 ms - 1373[0m
[0mGET /api/v1/posts?page=1&limit=25 [36m304[0m 108.847 ms - -[0m
[0mGET /api/v1/friendship/60c137fb07c62c54ff3d353b [32m200[0m 150.700 ms - 1769[0m
[0mGET /api/v1/users/60c137fb07c62c54ff3d353b [32m200[0m 37.660 ms - 1373[0m
[0mGET /api/v1/posts?page=1&limit=25 [36m304[0m 99.539 ms - -[0m
[0mGET /api/v1/friendship/60c137fb07c62c54ff3d353b [32m200[0m 177.094 ms - 1769[0m
[0mGET /api/v1/users/60c137fb07c62c54ff3d353b [32m200[0m 9.067 ms - 1373[0m
[0mGET /api/v1/posts?page=1&limit=25 [36m304[0m 89.248 ms - -[0m
[0mGET /api/v1/friendship/60c137fb07c62c54ff3d353b [32m200[0m 137.394 ms - 1769[0m
[0mGET /api/v1/users/60c137fb07c62c54ff3d353b [32m200[0m 67.421 ms - 1373[0m
[0mGET /api/v1/posts?page=1&limit=25 [36m304[0m 148.638 ms - -[0m
[0mGET /api/v1/friendship/60c137fb07c62c54ff3d353b [32m200[0m 162.227 ms - 1769[0m
[0mGET /api/v1/posts?page=1&limit=25 [36m304[0m 352.913 ms - -[0m
[0mGET /api/v1/friendship/60c137fb07c62c54ff3d353b [32m200[0m 394.487 ms - 1769[0m
[0mGET /api/v1/posts?page=1&limit=25 [36m304[0m 126.828 ms - -[0m
[0mGET /api/v1/friendship/60c137fb07c62c54ff3d353b [32m200[0m 235.974 ms - 1769[0m
[0mGET /api/v1/posts?page=1&limit=25 [36m304[0m 533.209 ms - -[0m
[0mGET /api/v1/friendship/60c137fb07c62c54ff3d353b [32m200[0m 733.318 ms - 1769[0m
[0mGET /api/v1/posts?page=1&limit=25 [36m304[0m 203.377 ms - -[0m
[0mGET /api/v1/friendship/60c137fb07c62c54ff3d353b [32m200[0m 920.501 ms - 1769[0m
[0mGET /api/v1/posts?page=1&limit=25 [36m304[0m 182.227 ms - -[0m
[0mGET /api/v1/friendship/60c137fb07c62c54ff3d353b [32m200[0m 191.180 ms - 1769[0m
[0mGET /api/v1/users/search/s [36m304[0m 6.920 ms - -[0m
[0mGET /api/v1/users/search/sp [36m304[0m 5.220 ms - -[0m
[0mGET /api/v1/users/search/s [36m304[0m 17.224 ms - -[0m
[0mGET /api/v1/users/search/ [31m500[0m 3.772 ms - 35[0m
[0mGET /api/v1/users/search/s [36m304[0m 10.697 ms - -[0m
[0mGET /api/v1/users/search/sp [36m304[0m 4.335 ms - -[0m
[0mGET /api/v1/users/search/s [36m304[0m 11.533 ms - -[0m
[0mGET /api/v1/users/search/ [31m500[0m 4.212 ms - 35[0m
[0mGET /api/v1/users/search/s [36m304[0m 6.106 ms - -[0m
[0mGET /api/v1/users/search/sh [36m304[0m 8.964 ms - -[0m
[0mGET /api/v1/users/search/sha [32m200[0m 6.262 ms - 3734[0m
[0mGET /api/v1/users/search/shaa [32m200[0m 7.472 ms - 1547[0m
[0mGET /api/v1/users/605e0c6242f21d160645898b [32m200[0m 9.740 ms - 1072[0m
[0mGET /api/v1/users/search/sha [36m304[0m 6.287 ms - -[0m
[0mGET /api/v1/users/search/sh [36m304[0m 9.922 ms - -[0m
[0mGET /api/v1/users/search/s [36m304[0m 7.607 ms - -[0m
[0mGET /api/v1/users/search/ [31m500[0m 3.085 ms - 35[0m
[0mGET /api/v1/users/search/s [36m304[0m 6.352 ms - -[0m
[0mGET /api/v1/users/search/sh [36m304[0m 8.501 ms - -[0m
[0mGET /api/v1/users/search/sha [36m304[0m 8.406 ms - -[0m
[0mGET /api/v1/users/search/shaa [36m304[0m 5.594 ms - -[0m
[0mGET /api/v1/users/60799e6e36e5b4a9c7b3a428 [32m200[0m 5.278 ms - 809[0m
[0mGET /api/v1/users/60799e6e36e5b4a9c7b3a428 [32m200[0m 53.602 ms - 809[0m
[0mGET /api/v1/posts?page=1&limit=25 [36m304[0m 78.798 ms - -[0m
[0mGET /api/v1/friendship/60c137fb07c62c54ff3d353b [32m200[0m 182.125 ms - 1769[0m
[0mGET /api/v1/users/search/k [36m304[0m 2.771 ms - -[0m
[0mGET /api/v1/users/search/ka [36m304[0m 2.830 ms - -[0m
[0mGET /api/v1/users/search/kaa [36m304[0m 4.031 ms - -[0m
[0mGET /api/v1/users/607ab2f8850f2eb35d1bd598 [32m200[0m 13.487 ms - 690[0m
[0mGET /api/v1/users/search/ka [36m304[0m 3.870 ms - -[0m
[0mGET /api/v1/users/search/k [36m304[0m 2.716 ms - -[0m
[0mGET /api/v1/users/search/ [31m500[0m 2.298 ms - 35[0m
[0mGET /api/v1/users/search/s [36m304[0m 7.985 ms - -[0m
[0mGET /api/v1/users/search/sp [36m304[0m 4.693 ms - -[0m
[0mGET /api/v1/users/search/s [36m304[0m 14.497 ms - -[0m
[0mGET /api/v1/users/search/ [31m500[0m 2.330 ms - 35[0m
[0mGET /api/v1/posts?page=1&limit=25 [36m304[0m 160.969 ms - -[0m
[0mPOST /api/v1/users/create-session [32m200[0m 20.933 ms - 1413[0m
[0mPOST /api/v1/users/edit [32m200[0m 14.195 ms - 1406[0m
[0mGET /api/v1/users/search/s [32m200[0m 19.048 ms - 4639[0m
[0mGET /api/v1/users/search/sh [32m200[0m 16.662 ms - 4247[0m
[0mGET /api/v1/users/search/sha [32m200[0m 20.788 ms - 4247[0m
[0mGET /api/v1/users/search/shaa [32m200[0m 15.903 ms - 2060[0m
[0mGET /api/v1/users/search/shaan [32m200[0m 9.777 ms - 2060[0m
[0mGET /api/v1/users/search/shaan [36m304[0m 21.364 ms - -[0m
[0mGET /api/v1/users/search/shaan%20g [32m200[0m 5.721 ms - 587[0m
[0mGET /api/v1/users/search/shaan%20gu [32m200[0m 8.178 ms - 587[0m
[0mGET /api/v1/users/search/ [31m500[0m 11.614 ms - 35[0m
[0mGET /api/v1/users/search/s [36m304[0m 9.444 ms - -[0m
[0mGET /api/v1/users/search/sh [36m304[0m 10.435 ms - -[0m
[0mGET /api/v1/users/search/sha [36m304[0m 10.382 ms - -[0m
[0mGET /api/v1/users/search/shaa [36m304[0m 15.124 ms - -[0m
[0mGET /api/v1/users/search/shaan [36m304[0m 5.637 ms - -[0m
[0mGET /api/v1/users/search/shaan [36m304[0m 5.604 ms - -[0m
[0mGET /api/v1/users/search/shaan%20c [32m200[0m 3.208 ms - 75[0m
[0mGET /api/v1/users/search/shaan [36m304[0m 6.043 ms - -[0m
[0mGET /api/v1/users/search/shaan%20f [32m200[0m 6.163 ms - 75[0m
[0mGET /api/v1/users/search/shaan [36m304[0m 13.756 ms - -[0m
[0mGET /api/v1/users/search/shaan%20g [36m304[0m 3.956 ms - -[0m
[0mGET /api/v1/users/search/ [31m500[0m 4.318 ms - 35[0m
[0mPOST /api/v1/users/create-session [32m200[0m 4.498 ms - 1434[0m
[0mGET /api/v1/users/60b27fe58a0a5a722c09d463 [32m200[0m 14.301 ms - 694[0m
[0mPOST /api/v1/users/create-friendship/60b27fe58a0a5a722c09d463 [32m200[0m 61.566 ms - 1917[0m
[0mGET /api/v1/users/60b27fe58a0a5a722c09d463 [32m200[0m 23.178 ms - 694[0m
[0mPOST /api/v1/users/signup [32m200[0m 7.505 ms - 734[0m
[0mGET /api/v1/friendship/60c14c08fd84ca5a6370c258 [32m200[0m 87.681 ms - 486[0m
[0mGET /api/v1/posts?page=1&limit=25 [36m304[0m 212.370 ms - -[0m
[0mGET /api/v1/users/60b27fe58a0a5a722c09d463 [32m200[0m 28.303 ms - 694[0m
[0mPOST /api/v1/users/create-friendship/60b27fe58a0a5a722c09d463 [32m200[0m 29.461 ms - 847[0m
[0mPOST /api/v1/users/edit [32m200[0m 4.976 ms - 767[0m
[0mGET /api/v1/users/search/k [36m304[0m 8.574 ms - -[0m
[0mGET /api/v1/users/search/ka [36m304[0m 3.571 ms - -[0m
[0mGET /api/v1/users/search/kaa [36m304[0m 4.302 ms - -[0m
[0mGET /api/v1/users/607ab2f8850f2eb35d1bd598 [32m200[0m 30.471 ms - 690[0m
[0mGET /api/v1/users/search/ [31m500[0m 7.826 ms - 35[0m
[0mPOST /api/v1/users/create-friendship/607ab2f8850f2eb35d1bd598 [32m200[0m 15.231 ms - 738[0m
[0mPOST /api/v1/users/create-session [32m200[0m 6.906 ms - 858[0m
[0mGET /api/v1/users/search/p [32m200[0m 4.813 ms - 977[0m
[0mGET /api/v1/users/search/pr [32m200[0m 4.316 ms - 340[0m
[0mGET /api/v1/users/search/p [36m304[0m 24.518 ms - -[0m
[0mGET /api/v1/users/search/ [31m500[0m 2.836 ms - 35[0m
[0mGET /api/v1/users/search/g [32m200[0m 6.892 ms - 827[0m
[0mGET /api/v1/users/search/gu [32m200[0m 4.852 ms - 614[0m
[0mGET /api/v1/users/search/guc [32m200[0m 6.417 ms - 614[0m
[0mGET /api/v1/users/search/gucc [32m200[0m 4.237 ms - 614[0m
[0mGET /api/v1/users/60c137fb07c62c54ff3d353b [32m200[0m 7.379 ms - 1457[0m
[0mPOST /api/v1/users/create-friendship/60c137fb07c62c54ff3d353b [32m200[0m 19.120 ms - 861[0m
[0mGET /api/v1/users/search/guc [36m304[0m 3.790 ms - -[0m
[0mGET /api/v1/users/search/gu [36m304[0m 3.318 ms - -[0m
[0mGET /api/v1/users/search/g [36m304[0m 4.178 ms - -[0m
[0mGET /api/v1/users/search/ [31m500[0m 4.343 ms - 35[0m
[0mGET /api/v1/users/search/g [36m304[0m 6.528 ms - -[0m
[0mGET /api/v1/users/search/gu [36m304[0m 3.919 ms - -[0m
[0mGET /api/v1/users/search/guc [36m304[0m 4.534 ms - -[0m
[0mGET /api/v1/users/60c137fb07c62c54ff3d353b [32m200[0m 12.677 ms - 1457[0m
[0mGET /api/v1/users/search/gu [36m304[0m 3.642 ms - -[0m
[0mGET /api/v1/users/search/g [36m304[0m 5.036 ms - -[0m
[0mGET /api/v1/users/search/ [31m500[0m 4.661 ms - 35[0m
[0mGET /api/v1/posts?page=1&limit=25 [32m200[0m 184.957 ms - 16046[0m
[0mGET /api/v1/posts?page=1&limit=25 [36m304[0m 217.361 ms - -[0m
[0mPOST /api/v1/users/create-session [32m200[0m 9.305 ms - 921[0m
[0mGET /api/v1/posts?page=1&limit=25 [36m304[0m 135.501 ms - -[0m
[0mGET /api/v1/friendship/60c14c08fd84ca5a6370c258 [32m200[0m 409.179 ms - 845[0m
[0mPOST /api/v1/users/create-session [32m200[0m 5.681 ms - 921[0m
[0mGET /api/v1/users/search/p [32m200[0m 8.800 ms - 1004[0m
[0mGET /api/v1/users/search/pr [32m200[0m 3.838 ms - 367[0m
[0mGET /api/v1/users/search/pra [32m200[0m 4.611 ms - 367[0m
[0mGET /api/v1/users/search/pr [36m304[0m 4.082 ms - -[0m
[0mGET /api/v1/users/search/p [36m304[0m 4.912 ms - -[0m
[0mGET /api/v1/users/search/ [31m500[0m 7.107 ms - 35[0m
[0mPOST /api/v1/posts/create [32m200[0m 18.717 ms - 265[0m
[0mGET /api/v1/posts?page=1&limit=25 [32m200[0m 247.140 ms - 16518[0m
[0mGET /api/v1/friendship/60c14c08fd84ca5a6370c258 [32m200[0m 400.424 ms - 845[0m
[0mPOST /api/v1/posts/create [31m500[0m 17.160 ms - 25[0m
[0mGET /api/v1/posts?page=1&limit=25 [32m200[0m 373.113 ms - 16994[0m
[0mGET /api/v1/friendship/60c14c08fd84ca5a6370c258 [32m200[0m 386.068 ms - 845[0m
[0mPOST /api/v1/posts/create [32m200[0m 15.647 ms - 270[0m
[0mGET /api/v1/posts?page=1&limit=25 [32m200[0m 369.167 ms - 17471[0m
[0mGET /api/v1/friendship/60c14c08fd84ca5a6370c258 [32m200[0m 525.281 ms - 845[0m
[0mGET /api/v1/posts?page=1&limit=25 [36m304[0m 315.866 ms - -[0m
[0mGET /api/v1/friendship/60c14c08fd84ca5a6370c258 [32m200[0m 490.496 ms - 845[0m
[0mPOST /api/v1/posts/create [32m200[0m 19.667 ms - 536[0m
[0mPOST /api/v1/posts/create [32m200[0m 9.042 ms - 535[0m
[0mPOST /api/v1/posts/toggleLike?likeable_id=60c26fb5c27dbb664be580cc&likeable_type=Post [32m200[0m 18.634 ms - 101[0m
[0mPOST /api/v1/posts/toggleLike?likeable_id=60c26fb5c27dbb664be580cc&likeable_type=Post [32m200[0m 11.777 ms - 67[0m
[0mPOST /api/v1/posts/toggleLike?likeable_id=60c26fa2c27dbb664be580cb&likeable_type=Post [32m200[0m 10.085 ms - 101[0m
[0mPOST /api/v1/posts/toggleLike?likeable_id=60c26fa2c27dbb664be580cb&likeable_type=Post [32m200[0m 7.863 ms - 67[0m
[0mPOST /api/v1/posts/createComment [32m200[0m 14.024 ms - 354[0m
[0mGET /api/v1/posts?page=1&limit=25 [32m200[0m 60.228 ms - 18920[0m
[0mGET /api/v1/friendship/60c14c08fd84ca5a6370c258 [32m200[0m 159.199 ms - 845[0m
[0mPOST /api/v1/posts/create [32m200[0m 7.636 ms - 531[0m
[0mGET /api/v1/users/60b27fe58a0a5a722c09d463 [32m200[0m 28.027 ms - 694[0m
[0mGET /api/v1/users/607ab2f8850f2eb35d1bd598 [32m200[0m 5.970 ms - 690[0m
[0mPOST /api/v1/posts/createComment [32m200[0m 10.578 ms - 350[0m
[0mGET /api/v1/posts?page=1&limit=25 [32m200[0m 266.864 ms - 19884[0m
[0mGET /api/v1/friendship/60c14c08fd84ca5a6370c258 [32m200[0m 411.642 ms - 845[0m
[0mGET /api/v1/users/60b27fe58a0a5a722c09d463 [32m200[0m 12.078 ms - 694[0m
[0mPOST /api/v1/users/remove-friendship/60b27fe58a0a5a722c09d463 [31m500[0m 12.140 ms - 35[0m
[0mGET /api/v1/posts?page=1&limit=25 [36m304[0m 279.163 ms - -[0m
[0mGET /api/v1/friendship/60c14c08fd84ca5a6370c258 [31m500[0m 106.024 ms - 30[0m
[0mGET /api/v1/users/60b27fe58a0a5a722c09d463 [32m200[0m 151.424 ms - 694[0m
[0mGET /api/v1/friendship/60c14c08fd84ca5a6370c258 [31m500[0m 29.602 ms - 30[0m
[0mGET /api/v1/posts?page=1&limit=25 [36m304[0m 72.398 ms - -[0m
[0mGET /api/v1/friendship/60c14c08fd84ca5a6370c258 [31m500[0m 15.499 ms - 30[0m
[0mGET /api/v1/posts?page=1&limit=25 [32m200[0m 70.487 ms - 17580[0m
[0mGET /api/v1/friendship/60c14c08fd84ca5a6370c258 [31m500[0m 11.417 ms - 30[0m
[0mGET /api/v1/posts?page=1&limit=25 [36m304[0m 169.250 ms - -[0m
[0mGET /api/v1/posts?page=1&limit=25 [36m304[0m 83.490 ms - -[0m
[0mGET /api/v1/friendship/60c14c08fd84ca5a6370c258 [31m500[0m 30.587 ms - 30[0m
[0mGET /api/v1/posts?page=1&limit=25 [36m304[0m 45.240 ms - -[0m
[0mGET /api/v1/friendship/60c14c08fd84ca5a6370c258 [31m500[0m 8.155 ms - 30[0m
[0mGET /api/v1/posts?page=1&limit=25 [36m304[0m 188.112 ms - -[0m
[0mGET /api/v1/posts?page=1&limit=25 [36m304[0m 44.000 ms - -[0m
[0mGET /api/v1/friendship/60c14c08fd84ca5a6370c258 [31m500[0m 16.356 ms - 30[0m
[0mGET /api/v1/posts?page=1&limit=25 [36m304[0m 48.614 ms - -[0m
[0mGET /api/v1/friendship/60c14c08fd84ca5a6370c258 [31m500[0m 95.912 ms - 30[0m
[0mGET /api/v1/posts?page=1&limit=25 [36m304[0m 149.165 ms - -[0m
[0mGET /api/v1/posts?page=1&limit=25 [36m304[0m 79.854 ms - -[0m
[0mGET /api/v1/posts?page=1&limit=25 [32m200[0m 197.041 ms - 16046[0m
[0mGET /api/v1/posts?page=1&limit=25 [36m304[0m 29.980 ms - -[0m
[0mPOST /api/v1/users/signup [32m200[0m 24.264 ms - 737[0m
[0mGET /api/v1/users/60b27fe58a0a5a722c09d463 [32m200[0m 4.440 ms - 694[0m
[0mPOST /api/v1/users/create-friendship/60b27fe58a0a5a722c09d463 [32m200[0m 18.527 ms - 848[0m
[0mGET /api/v1/users/60b27fe58a0a5a722c09d463 [32m200[0m 13.661 ms - 694[0m
[0mGET /api/v1/users/search/l [32m200[0m 6.971 ms - 497[0m
[0mGET /api/v1/users/search/ [31m500[0m 4.685 ms - 35[0m
[0mGET /api/v1/users/search/k [32m200[0m 4.104 ms - 285[0m
[0mGET /api/v1/users/search/ka [32m200[0m 4.258 ms - 285[0m
[0mGET /api/v1/users/search/k [36m304[0m 3.510 ms - -[0m
[0mGET /api/v1/users/search/ [31m500[0m 3.075 ms - 35[0m
[0mGET /api/v1/users/search/d [32m200[0m 4.349 ms - 769[0m
[0mGET /api/v1/users/search/di [32m200[0m 4.605 ms - 314[0m
[0mGET /api/v1/users/search/dio [32m200[0m 3.931 ms - 314[0m
[0mGET /api/v1/users/search/dior [32m200[0m 3.546 ms - 314[0m
[0mGET /api/v1/users/search/dio [36m304[0m 3.549 ms - -[0m
[0mGET /api/v1/users/search/di [36m304[0m 3.301 ms - -[0m
[0mGET /api/v1/users/search/d [36m304[0m 4.000 ms - -[0m
[0mGET /api/v1/users/search/ [31m500[0m 3.047 ms - 35[0m
[0mGET /api/v1/users/search/k [36m304[0m 6.189 ms - -[0m
[0mGET /api/v1/users/search/ka [36m304[0m 5.074 ms - -[0m
[0mGET /api/v1/users/search/kaa [32m200[0m 3.548 ms - 285[0m
[0mGET /api/v1/users/607ab2f8850f2eb35d1bd598 [32m200[0m 7.947 ms - 690[0m
[0mPOST /api/v1/users/create-friendship/607ab2f8850f2eb35d1bd598 [32m200[0m 20.299 ms - 739[0m
[0mGET /api/v1/users/search/ka [36m304[0m 37.856 ms - -[0m
[0mGET /api/v1/users/search/k [36m304[0m 3.574 ms - -[0m
[0mGET /api/v1/users/search/ [31m500[0m 3.470 ms - 35[0m
[0mPOST /api/v1/posts/toggleLike?likeable_id=60b496ffcde5398fd748b774&likeable_type=Post [32m200[0m 15.037 ms - 311[0m
[0mPOST /api/v1/posts/toggleLike?likeable_id=60b496ffcde5398fd748b774&likeable_type=Post [32m200[0m 9.952 ms - 276[0m
[0mPOST /api/v1/posts/toggleLike?likeable_id=60b496ffcde5398fd748b774&likeable_type=Post [32m200[0m 9.965 ms - 311[0m
[0mPOST /api/v1/posts/toggleLike?likeable_id=60b496ffcde5398fd748b774&likeable_type=Post [32m200[0m 7.965 ms - 276[0m
[0mPOST /api/v1/posts/toggleLike?likeable_id=60b3c7ccb4e9378355eb5fc4&likeable_type=Post [32m200[0m 6.848 ms - 101[0m
[0mPOST /api/v1/posts/toggleLike?likeable_id=60b3c7ccb4e9378355eb5fc4&likeable_type=Post [32m200[0m 7.913 ms - 67[0m
[0mGET /api/v1/users/60b27fe58a0a5a722c09d463 [32m200[0m 32.832 ms - 694[0m
[0mGET /api/v1/friendship/60c2776e8a7c2e68f326cde5 [32m200[0m 228.908 ms - 723[0m
[0mGET /api/v1/posts?page=1&limit=25 [32m200[0m 227.619 ms - 16046[0m
[0mGET /api/v1/users/607ab2f8850f2eb35d1bd598 [32m200[0m 27.893 ms - 690[0m
[0mPOST /api/v1/users/remove-friendship/607ab2f8850f2eb35d1bd598 [32m200[0m 26.190 ms - 621[0m
[0mGET /api/v1/users/60b27fe58a0a5a722c09d463 [32m200[0m 4.926 ms - 694[0m
[0mPOST /api/v1/users/remove-friendship/60b27fe58a0a5a722c09d463 [32m200[0m 6.092 ms - 504[0m
[0mGET /api/v1/users/60b27fe58a0a5a722c09d463 [32m200[0m 12.363 ms - 694[0m
[0mPOST /api/v1/users/create-friendship/60b27fe58a0a5a722c09d463 [32m200[0m 16.145 ms - 848[0m
[0mGET /api/v1/users/60b27fe58a0a5a722c09d463 [32m200[0m 12.860 ms - 694[0m
[0mPOST /api/v1/users/remove-friendship/60b27fe58a0a5a722c09d463 [32m200[0m 7.379 ms - 504[0m
[0mPOST /api/v1/users/create-friendship/60b27fe58a0a5a722c09d463 [32m200[0m 11.613 ms - 848[0m
[0mGET /api/v1/users/search/k [36m304[0m 4.680 ms - -[0m
[0mGET /api/v1/users/search/ka [36m304[0m 4.917 ms - -[0m
[0mGET /api/v1/users/search/kar [32m200[0m 9.316 ms - 75[0m
[0mGET /api/v1/users/search/ka [36m304[0m 3.947 ms - -[0m
[0mGET /api/v1/users/search/kaa [36m304[0m 3.412 ms - -[0m
[0mGET /api/v1/users/search/kaar [32m200[0m 3.851 ms - 285[0m
[0mGET /api/v1/users/607ab2f8850f2eb35d1bd598 [32m200[0m 5.062 ms - 690[0m
[0mGET /api/v1/users/search/ [31m500[0m 6.069 ms - 35[0m
[0mPOST /api/v1/users/create-friendship/607ab2f8850f2eb35d1bd598 [32m200[0m 16.214 ms - 739[0m
[0mPOST /api/v1/users/remove-friendship/607ab2f8850f2eb35d1bd598 [32m200[0m 9.576 ms - 621[0m
[0mPOST /api/v1/users/create-friendship/607ab2f8850f2eb35d1bd598 [32m200[0m 14.284 ms - 741[0m
[0mPOST /api/v1/posts/create [32m200[0m 8.514 ms - 526[0m
[0mPOST /api/v1/posts/toggleLike?likeable_id=60c27a023c44756a6bbc7d46&likeable_type=Post [32m200[0m 12.172 ms - 101[0m
[0mPOST /api/v1/posts/toggleLike?likeable_id=60c27a023c44756a6bbc7d46&likeable_type=Post [32m200[0m 9.504 ms - 67[0m
[0mGET /api/v1/users/search/d [32m200[0m 27.657 ms - 797[0m
[0mGET /api/v1/users/search/di [32m200[0m 5.178 ms - 342[0m
[0mGET /api/v1/users/search/dio [32m200[0m 4.092 ms - 342[0m
[0mGET /api/v1/users/search/dior [32m200[0m 3.830 ms - 342[0m
[0mGET /api/v1/users/search/ [31m500[0m 5.881 ms - 35[0m
[0mGET / [32m200[0m 376.504 ms - 29490[0m
[0mGET /favicon.ico [33m404[0m 46.430 ms - 150[0m
[0mGET /users/sign-in [32m200[0m 27.937 ms - 1483[0m
[0mGET /users/css/layout.css [33m404[0m 30.014 ms - 159[0m
[0mGET /users/css/header.css [33m404[0m 41.714 ms - 159[0m
[0mGET /users/css/footer.css [33m404[0m 43.818 ms - 159[0m
[0mGET /users/css/chat_box.css [33m404[0m 64.278 ms - 161[0m
[0mGET /users/auth/google [36m302[0m 18.605 ms - 0[0m
[0mGET /users/auth/google/callback?code=4%2F0AY0e-g4v7je-CzM85cDjnpa4uUBzgrj3N8cNJypBEvjAzuh3q95fQo-D6HUinvJT6szWOQ&scope=email+profile+https%3A%2F%2Fwww.googleapis.com%2Fauth%2Fuserinfo.profile+https%3A%2F%2Fwww.googleapis.com%2Fauth%2Fuserinfo.email+openid&authuser=0&prompt=consent [36m302[0m 1509.933 ms - 46[0m
[0mGET / [36m304[0m 114.789 ms - -[0m
[0mGET / [32m200[0m 107.972 ms - 45004[0m
[0mGET /users/profile/60b49836cde5398fd748b77b [32m200[0m 48.423 ms - 2325[0m
[0mGET /users/profile/css/layout.css [33m404[0m 79.255 ms - 167[0m
[0mGET /users/profile/css/header.css [33m404[0m 83.510 ms - 167[0m
[0mGET /users/profile/css/footer.css [33m404[0m 84.515 ms - 167[0m
[0mGET /users/profile/css/chat_box.css [33m404[0m 88.055 ms - 169[0m
[0mGET /users/sign-out [36m302[0m 6.735 ms - 46[0m
[0mGET / [32m200[0m 72.267 ms - 29773[0m
[0mGET / [32m200[0m 239.354 ms - 29490[0m
[0mGET /api/v1/posts [32m200[0m 69.033 ms - 16513[0m
[0mGET /api/v1/posts [36m304[0m 100.914 ms - -[0m
[0mGET /api/v1/posts [36m304[0m 50.155 ms - -[0m
[0mGET /api/v1/posts [36m304[0m 45.789 ms - -[0m
[0mGET /api/v1/posts [36m304[0m 54.878 ms - -[0m
[0mGET /api/v1/posts [36m304[0m 59.093 ms - -[0m
[0mGET /api/v1/posts [36m304[0m 51.384 ms - -[0m
[0mGET /api/v1/posts [36m304[0m 48.485 ms - -[0m
[0mGET /api/v1/posts?page=1&limit=25 [32m200[0m 46.728 ms - 16513[0m
[0mGET /api/v1/friendship/60c14c08fd84ca5a6370c258 [31m500[0m 7.834 ms - 30[0m
[0mGET /api/v1/friendship/60c14c08fd84ca5a6370c258 [31m500[0m 3.748 ms - 30[0m
[0mGET /api/v1/posts?page=1&limit=25 [36m304[0m 52.974 ms - -[0m
[0mGET /api/v1/friendship/60c14c08fd84ca5a6370c258 [31m500[0m 72.406 ms - 30[0m
[0mGET /api/v1/posts?page=1&limit=25 [36m304[0m 227.088 ms - -[0m
[0mGET /api/v1/friendship/60c14c08fd84ca5a6370c258 [31m500[0m 3.904 ms - 30[0m
[0mGET /api/v1/posts?page=1&limit=25 [36m304[0m 70.593 ms - -[0m
[0mGET /api/v1/posts?page=1&limit=25 [36m304[0m 206.780 ms - -[0m
[0mGET /api/v1/posts?page=1&limit=25 [36m304[0m 189.533 ms - -[0m
[0mGET /api/v1/posts?page=1&limit=25 [36m304[0m 33.446 ms - -[0m
[0mGET /api/v1/posts?page=1&limit=25 [36m304[0m 52.717 ms - -[0m
[0mGET /api/v1/posts?page=1&limit=25 [36m304[0m 178.448 ms - -[0m
[0mGET /api/v1/posts?page=1&limit=25 [36m304[0m 61.653 ms - -[0m
[0mGET /api/v1/posts?page=1&limit=25 [36m304[0m 873.018 ms - -[0m
[0mGET /api/v1/posts?page=1&limit=25 [36m304[0m 148.593 ms - -[0m
[0mPOST /api/v1/posts/toggleLike?likeable_id=60c27a023c44756a6bbc7d46&likeable_type=Post [31m500[0m 9.821 ms - 35[0m
[0mGET /api/v1/posts?page=1&limit=25 [36m304[0m 90.504 ms - -[0m
[0mGET /api/v1/posts?page=1&limit=25 [36m304[0m 67.398 ms - -[0m
[0mGET /api/v1/posts?page=1&limit=25 [36m304[0m 43.016 ms - -[0m
[0mGET / [32m200[0m 272.514 ms - 29490[0m
[0mGET /users/sign-in [32m200[0m 42.286 ms - 1483[0m
[0mGET /users/css/layout.css [33m404[0m 27.309 ms - 159[0m
[0mGET /users/css/header.css [33m404[0m 45.371 ms - 159[0m
[0mGET /users/css/footer.css [33m404[0m 45.995 ms - 159[0m
[0mGET /users/css/chat_box.css [33m404[0m 59.009 ms - 161[0m
[0mGET /users/auth/google [36m302[0m 17.681 ms - 0[0m
[0mGET /users/auth/google/callback?code=4%2F0AX4XfWh2KScicPC5t2Uf7KwAKFJhVas3C-kbNR2kzO5juTuSxLsdN8PTIFAL2MSW4Tph6A&scope=email+profile+https%3A%2F%2Fwww.googleapis.com%2Fauth%2Fuserinfo.profile+https%3A%2F%2Fwww.googleapis.com%2Fauth%2Fuserinfo.email+openid&authuser=0&prompt=consent [36m302[0m 477.216 ms - 46[0m
[0mGET / [36m304[0m 134.694 ms - -[0m
[0mGET / [32m200[0m 93.732 ms - 45004[0m
[0mGET /comments/destroy/60b49d23902f9c91b7aa5fe3 [36m302[0m 60.769 ms - 86[0m
[0mGET / [32m200[0m 73.725 ms - 44016[0m
[0mPOST /likes/toggle/?id=60b496ffcde5398fd748b774&type=Post [32m200[0m 43.467 ms - 57[0m
[0mPOST /likes/toggle/?id=60b496ffcde5398fd748b774&type=Post [32m200[0m 14.383 ms - 56[0m
[0mGET /users/profile/6081643ddeec19f92da59a6b [32m200[0m 22.713 ms - 1970[0m
[0mGET /users/profile/css/layout.css [33m404[0m 80.176 ms - 167[0m
[0mGET /users/profile/css/header.css [33m404[0m 107.609 ms - 167[0m
[0mGET /users/profile/css/chat_box.css [33m404[0m 114.891 ms - 169[0m
[0mGET /users/profile/css/footer.css [33m404[0m 111.002 ms - 167[0m
[0mGET /users/sign-out [36m302[0m 39.242 ms - 46[0m
[0mGET / [36m304[0m 96.002 ms - -[0m
[0mGET / [32m200[0m 89.753 ms - 29329[0m
[0mGET /api/v1/posts?page=1&limit=25 [32m200[0m 446.555 ms - 16092[0m
[0mPOST /api/v1/users/create-session [32m200[0m 22.734 ms - 863[0m
[0mGET /api/v1/users/search/k [32m200[0m 9.532 ms - 285[0m
[0mGET /api/v1/users/607ab2f8850f2eb35d1bd598 [32m200[0m 10.226 ms - 690[0m
[0mGET /api/v1/users/search/ [31m500[0m 14.479 ms - 35[0m
[0mPOST /api/v1/users/create-friendship/607ab2f8850f2eb35d1bd598 [32m200[0m 58.425 ms - 859[0m
[0mGET /api/v1/users/607ab2f8850f2eb35d1bd598 [32m200[0m 19.119 ms - 690[0m
[0mGET /api/v1/users/607ab2f8850f2eb35d1bd598 [32m200[0m 6.672 ms - 690[0m
[0mGET /api/v1/users/60b27fe58a0a5a722c09d463 [32m200[0m 14.523 ms - 694[0m
[0mGET /api/v1/users/607ab2f8850f2eb35d1bd598 [32m200[0m 14.019 ms - 690[0m
[0mPOST /api/v1/users/remove-friendship/607ab2f8850f2eb35d1bd598 [32m200[0m 25.175 ms - 741[0m
[0mGET /api/v1/users/607ab2f8850f2eb35d1bd598 [32m200[0m 15.559 ms - 690[0m
[0mPOST /api/v1/users/remove-friendship/607ab2f8850f2eb35d1bd598 [32m200[0m 11.329 ms - 623[0m
[0mPOST /api/v1/posts/toggleLike?likeable_id=60c27a023c44756a6bbc7d46&likeable_type=Post [32m200[0m 19.515 ms - 101[0m
[0mPOST /api/v1/posts/toggleLike?likeable_id=60c27a023c44756a6bbc7d46&likeable_type=Post [32m200[0m 9.180 ms - 67[0m
[0mPOST /api/v1/posts/create [32m200[0m 16.211 ms - 491[0m
[0mPOST /api/v1/posts/toggleLike?likeable_id=60de346bb1f7f0cc68f86357&likeable_type=Post [32m200[0m 15.811 ms - 101[0m
[0mPOST /api/v1/posts/toggleLike?likeable_id=60c27a023c44756a6bbc7d46&likeable_type=Post [32m200[0m 8.974 ms - 101[0m
[0mGET /api/v1/friendship/60c2776e8a7c2e68f326cde5 [32m200[0m 62.353 ms - 607[0m
[0mGET /api/v1/posts?page=1&limit=25 [32m200[0m 174.161 ms - 16549[0m
[0mGET /api/v1/users/60b27fe58a0a5a722c09d463 [32m200[0m 6.675 ms - 694[0m
[0mGET /api/v1/users/60b27fe58a0a5a722c09d463 [32m200[0m 24.777 ms - 694[0m
[0mPOST /api/v1/users/remove-friendship/60b27fe58a0a5a722c09d463 [32m200[0m 6.030 ms - 505[0m
[0mGET /api/v1/users/60b27fe58a0a5a722c09d463 [32m200[0m 6.423 ms - 694[0m
[0mPOST /api/v1/users/create-session [32m200[0m 5.670 ms - 739[0m
[0mGET /api/v1/users/60b27fe58a0a5a722c09d463 [32m200[0m 6.986 ms - 694[0m
[0mPOST /api/v1/users/create-friendship/60b27fe58a0a5a722c09d463 [32m200[0m 16.929 ms - 849[0m
[0mPOST /api/v1/users/create-session [32m200[0m 4.245 ms - 800[0m
[0mGET /api/v1/users/search/k [36m304[0m 4.550 ms - -[0m
[0mGET /api/v1/users/search/ka [32m200[0m 6.665 ms - 285[0m
[0mGET /api/v1/users/search/kaa [32m200[0m 4.755 ms - 285[0m
[0mGET /api/v1/users/search/ka [36m304[0m 5.090 ms - -[0m
[0mGET /api/v1/users/search/k [36m304[0m 4.270 ms - -[0m
[0mGET /api/v1/users/search/ [31m500[0m 3.405 ms - 35[0m
[0mGET /api/v1/users/search/s [32m200[0m 17.617 ms - 4907[0m
[0mGET /api/v1/users/search/ [31m500[0m 7.346 ms - 35[0m
[0mGET /api/v1/users/search/k [36m304[0m 5.105 ms - -[0m
[0mGET /api/v1/users/607ab2f8850f2eb35d1bd598 [32m200[0m 22.075 ms - 690[0m
[0mGET /api/v1/users/search/ [31m500[0m 2.944 ms - 35[0m
[0mPOST /api/v1/users/create-friendship/607ab2f8850f2eb35d1bd598 [32m200[0m 18.350 ms - 741[0m
[0mPOST /api/v1/posts/createComment [32m200[0m 17.311 ms - 349[0m
[0mGET /api/v1/posts?page=1&limit=25 [32m200[0m 99.010 ms - 17071[0m
[0mGET /api/v1/friendship/60c2776e8a7c2e68f326cde5 [32m200[0m 93.878 ms - 725[0m
[0mGET /api/v1/posts?page=1&limit=25 [36m304[0m 319.583 ms - -[0m
[0mGET /api/v1/friendship/60c2776e8a7c2e68f326cde5 [32m200[0m 312.466 ms - 725[0m
[0mPOST /api/v1/posts/toggleLike?likeable_id=60de346bb1f7f0cc68f86357&likeable_type=Post [31m500[0m 30.494 ms - 35[0m
[0mPOST /api/v1/posts/toggleLike?likeable_id=60de346bb1f7f0cc68f86357&likeable_type=Post [31m500[0m 18.579 ms - 35[0m
[0mPOST /api/v1/users/create-session [32m200[0m 4.064 ms - 863[0m
[0mGET /api/v1/friendship/60c2776e8a7c2e68f326cde5 [32m200[0m 92.378 ms - 725[0m
[0mGET /api/v1/posts?page=1&limit=25 [36m304[0m 113.860 ms - -[0m
[0mGET /api/v1/posts?page=1&limit=25 [36m304[0m 423.246 ms - -[0m
[0mGET /api/v1/friendship/60c2776e8a7c2e68f326cde5 [32m200[0m 479.305 ms - 725[0m
[0mGET /api/v1/posts?page=1&limit=25 [36m304[0m 91.573 ms - -[0m
[0mGET /api/v1/friendship/60c2776e8a7c2e68f326cde5 [32m200[0m 78.569 ms - 725[0m
[0mGET /api/v1/friendship/60c2776e8a7c2e68f326cde5 [32m200[0m 284.134 ms - 725[0m
[0mGET /api/v1/posts?page=1&limit=25 [36m304[0m 136.159 ms - -[0m
[0mGET /api/v1/posts?page=1&limit=25 [36m304[0m 836.522 ms - -[0m
[0mGET /api/v1/friendship/60c2776e8a7c2e68f326cde5 [32m200[0m 955.451 ms - 725[0m
[0mGET /api/v1/posts?page=1&limit=25 [36m304[0m 74.733 ms - -[0m
[0mGET /api/v1/friendship/60c2776e8a7c2e68f326cde5 [32m200[0m 44.508 ms - 725[0m
[0mGET /api/v1/posts?page=1&limit=25 [36m304[0m 107.835 ms - -[0m
[0mGET /api/v1/friendship/60c2776e8a7c2e68f326cde5 [32m200[0m 113.959 ms - 725[0m
[0mGET /api/v1/friendship/60c2776e8a7c2e68f326cde5 [32m200[0m 205.566 ms - 725[0m
[0mGET /api/v1/posts?page=1&limit=25 [36m304[0m 229.169 ms - -[0m
[0mGET /api/v1/posts?page=1&limit=25 [36m304[0m 131.049 ms - -[0m
[0mGET /api/v1/friendship/60c2776e8a7c2e68f326cde5 [32m200[0m 238.078 ms - 725[0m
[0mGET /api/v1/posts?page=1&limit=25 [36m304[0m 226.793 ms - -[0m
[0mGET /api/v1/friendship/60c2776e8a7c2e68f326cde5 [32m200[0m 235.400 ms - 725[0m
[0mGET /api/v1/posts?page=1&limit=25 [36m304[0m 107.272 ms - -[0m
[0mGET /api/v1/friendship/60c2776e8a7c2e68f326cde5 [32m200[0m 111.445 ms - 725[0m
[0mGET /api/v1/friendship/60c2776e8a7c2e68f326cde5 [32m200[0m 435.958 ms - 725[0m
[0mGET /api/v1/posts?page=1&limit=25 [36m304[0m 463.431 ms - -[0m
[0mGET /api/v1/posts?page=1&limit=25 [36m304[0m 93.254 ms - -[0m
[0mGET /api/v1/friendship/60c2776e8a7c2e68f326cde5 [36m304[0m 93.712 ms - -[0m
[0mGET /api/v1/posts?page=1&limit=25 [36m304[0m 118.709 ms - -[0m
[0mGET /api/v1/friendship/60c2776e8a7c2e68f326cde5 [32m200[0m 168.124 ms - 725[0m
[0mGET /api/v1/posts?page=1&limit=25 [36m304[0m 144.656 ms - -[0m
[0mGET /api/v1/friendship/60c2776e8a7c2e68f326cde5 [32m200[0m 126.441 ms - 725[0m
[0mGET /api/v1/posts?page=1&limit=25 [36m304[0m 452.647 ms - -[0m
[0mGET /api/v1/friendship/60c2776e8a7c2e68f326cde5 [32m200[0m 589.139 ms - 725[0m
[0mGET /api/v1/posts?page=1&limit=25 [36m304[0m 50.306 ms - -[0m
[0mGET /api/v1/friendship/60c2776e8a7c2e68f326cde5 [32m200[0m 55.887 ms - 725[0m
[0mGET /api/v1/friendship/60c2776e8a7c2e68f326cde5 [32m200[0m 71.370 ms - 725[0m
[0mGET /api/v1/posts?page=1&limit=25 [36m304[0m 72.317 ms - -[0m
[0mGET /api/v1/posts?page=1&limit=25 [36m304[0m 157.226 ms - -[0m
[0mGET /api/v1/friendship/60c2776e8a7c2e68f326cde5 [32m200[0m 158.557 ms - 725[0m
[0mGET /api/v1/posts?page=1&limit=25 [36m304[0m 84.128 ms - -[0m
[0mGET /api/v1/friendship/60c2776e8a7c2e68f326cde5 [32m200[0m 79.337 ms - 725[0m
[0mGET /api/v1/posts?page=1&limit=25 [36m304[0m 105.321 ms - -[0m
[0mGET /api/v1/friendship/60c2776e8a7c2e68f326cde5 [32m200[0m 146.672 ms - 725[0m
[0mGET /api/v1/posts?page=1&limit=25 [36m304[0m 93.203 ms - -[0m
[0mGET /api/v1/friendship/60c2776e8a7c2e68f326cde5 [36m304[0m 89.433 ms - -[0m
[0mGET /api/v1/posts?page=1&limit=25 [36m304[0m 110.479 ms - -[0m
[0mGET /api/v1/friendship/60c2776e8a7c2e68f326cde5 [32m200[0m 109.814 ms - 725[0m
[0mGET /api/v1/friendship/60c2776e8a7c2e68f326cde5 [36m304[0m 64.076 ms - -[0m
[0mGET /api/v1/posts?page=1&limit=25 [36m304[0m 119.157 ms - -[0m
[0mGET /api/v1/posts?page=1&limit=25 [36m304[0m 52.387 ms - -[0m
[0mGET /api/v1/friendship/60c2776e8a7c2e68f326cde5 [32m200[0m 56.119 ms - 725[0m
[0mGET /api/v1/posts?page=1&limit=25 [36m304[0m 88.128 ms - -[0m
[0mGET /api/v1/friendship/60c2776e8a7c2e68f326cde5 [32m200[0m 90.967 ms - 725[0m
[0mGET /api/v1/posts?page=1&limit=25 [36m304[0m 114.424 ms - -[0m
[0mGET /api/v1/friendship/60c2776e8a7c2e68f326cde5 [32m200[0m 117.408 ms - 725[0m
[0mGET /api/v1/posts?page=1&limit=25 [36m304[0m 350.540 ms - -[0m
[0mGET /api/v1/friendship/60c2776e8a7c2e68f326cde5 [32m200[0m 307.327 ms - 725[0m
[0mGET /api/v1/posts?page=1&limit=25 [36m304[0m 247.416 ms - -[0m
[0mGET /api/v1/friendship/60c2776e8a7c2e68f326cde5 [32m200[0m 259.612 ms - 725[0m
[0mGET /api/v1/posts?page=1&limit=25 [36m304[0m 91.234 ms - -[0m
[0mGET /api/v1/friendship/60c2776e8a7c2e68f326cde5 [32m200[0m 82.824 ms - 725[0m
[0mGET /api/v1/friendship/60c2776e8a7c2e68f326cde5 [32m200[0m 68.446 ms - 725[0m
[0mGET /api/v1/posts?page=1&limit=25 [36m304[0m 107.406 ms - -[0m
[0mGET /api/v1/posts?page=1&limit=25 [36m304[0m 238.709 ms - -[0m
[0mGET /api/v1/friendship/60c2776e8a7c2e68f326cde5 [32m200[0m 199.244 ms - 725[0m
[0mPOST /api/v1/posts/destroy/60de346bb1f7f0cc68f86357 [32m200[0m 56.000 ms - 16636[0m
[0mPOST /api/v1/posts/destroy/60c27a023c44756a6bbc7d46 [32m200[0m 41.206 ms - 15675[0m
[0mGET /api/v1/posts?page=1&limit=25 [32m200[0m 79.643 ms - 15625[0m
[0mGET /api/v1/friendship/60c2776e8a7c2e68f326cde5 [32m200[0m 204.637 ms - 725[0m
[0mGET /api/v1/friendship/60c2776e8a7c2e68f326cde5 [32m200[0m 99.662 ms - 725[0m
[0mGET /api/v1/posts?page=1&limit=25 [36m304[0m 180.586 ms - -[0m
[0mGET /api/v1/posts?page=1&limit=25 [36m304[0m 58.319 ms - -[0m
[0mGET /api/v1/friendship/60c2776e8a7c2e68f326cde5 [32m200[0m 231.135 ms - 725[0m
[0mGET /api/v1/posts?page=1&limit=25 [36m304[0m 328.619 ms - -[0m
[0mGET /api/v1/friendship/60c2776e8a7c2e68f326cde5 [32m200[0m 260.401 ms - 725[0m
[0mPOST /api/v1/posts/create [32m200[0m 32.851 ms - 505[0m
[0mPOST /api/v1/posts/destroy/60de3fccfd83e2d0eaac06bf [32m200[0m 34.983 ms - 16121[0m
[0mGET /api/v1/posts?page=1&limit=25 [36m304[0m 242.853 ms - -[0m
[0mGET /api/v1/friendship/60c2776e8a7c2e68f326cde5 [32m200[0m 198.839 ms - 725[0m
[0mPOST /api/v1/posts/create [32m200[0m 14.746 ms - 501[0m
[0mPOST /api/v1/posts/destroy/60de4035fd83e2d0eaac06c0 [32m200[0m 39.816 ms - 16117[0m
[0mGET /api/v1/posts?page=1&limit=25 [36m304[0m 89.963 ms - -[0m
[0mGET /api/v1/friendship/60c2776e8a7c2e68f326cde5 [32m200[0m 97.783 ms - 725[0m
[0mPOST /api/v1/posts/create [32m200[0m 17.098 ms - 501[0m
[0mPOST /api/v1/posts/destroy/60de40a2fd83e2d0eaac06c1 [32m200[0m 32.921 ms - 16117[0m
[0mGET /api/v1/posts?page=1&limit=25 [36m304[0m 92.200 ms - -[0m
[0mGET /api/v1/friendship/60c2776e8a7c2e68f326cde5 [32m200[0m 101.494 ms - 725[0m
[0mGET /api/v1/posts?page=1&limit=25 [36m304[0m 78.993 ms - -[0m
[0mGET /api/v1/friendship/60c2776e8a7c2e68f326cde5 [32m200[0m 136.627 ms - 725[0m
[0mPOST /api/v1/posts/create [32m200[0m 7.657 ms - 500[0m
[0mPOST /api/v1/posts/destroy/60de4127fd83e2d0eaac06c2 [32m200[0m 34.980 ms - 16116[0m
[0mGET /api/v1/posts?page=1&limit=25 [36m304[0m 257.603 ms - -[0m
[0mGET /api/v1/friendship/60c2776e8a7c2e68f326cde5 [32m200[0m 332.460 ms - 725[0m
[0mPOST /api/v1/posts/create [32m200[0m 12.848 ms - 500[0m
[0mPOST /api/v1/posts/destroy/60de416afd83e2d0eaac06c3 [32m200[0m 27.460 ms - 16116[0m
[0mGET /api/v1/posts?page=1&limit=25 [36m304[0m 169.367 ms - -[0m
[0mGET /api/v1/friendship/60c2776e8a7c2e68f326cde5 [32m200[0m 183.485 ms - 725[0m
[0mPOST /api/v1/posts/create [32m200[0m 6.001 ms - 500[0m
[0mPOST /api/v1/posts/destroy/60de4184fd83e2d0eaac06c4 [32m200[0m 29.056 ms - 15675[0m
[0mGET /api/v1/friendship/60c2776e8a7c2e68f326cde5 [32m200[0m 137.417 ms - 725[0m
[0mGET /api/v1/posts?page=1&limit=25 [36m304[0m 189.641 ms - -[0m
[0mGET /api/v1/posts?page=1&limit=25 [36m304[0m 167.101 ms - -[0m
[0mGET /api/v1/friendship/60c2776e8a7c2e68f326cde5 [32m200[0m 127.043 ms - 725[0m
[0mPOST /api/v1/posts/create [32m200[0m 22.842 ms - 498[0m
[0mPOST /api/v1/posts/destroy/60de41fbfd83e2d0eaac06c5 [32m200[0m 22.037 ms - 15675[0m
[0mGET /api/v1/posts?page=1&limit=25 [36m304[0m 331.010 ms - -[0m
[0mGET /api/v1/friendship/60c2776e8a7c2e68f326cde5 [32m200[0m 321.740 ms - 725[0m
[0mGET /api/v1/posts?page=1&limit=25 [36m304[0m 127.202 ms - -[0m
[0mGET /api/v1/friendship/60c2776e8a7c2e68f326cde5 [32m200[0m 119.433 ms - 725[0m
[0mGET /api/v1/posts?page=1&limit=25 [36m304[0m 50.160 ms - -[0m
[0mGET /api/v1/friendship/60c2776e8a7c2e68f326cde5 [32m200[0m 21.086 ms - 725[0m
[0mGET /api/v1/posts?page=1&limit=25 [36m304[0m 175.557 ms - -[0m
[0mGET /api/v1/friendship/60c2776e8a7c2e68f326cde5 [32m200[0m 187.934 ms - 725[0m
[0mPOST /api/v1/posts/create [32m200[0m 23.060 ms - 514[0m
[0mPOST /api/v1/posts/destroy/60de4260af20b5d25494cd99 [32m200[0m 46.923 ms - 15676[0m
[0mPOST /api/v1/posts/create [32m200[0m 10.589 ms - 511[0m
[0mPOST /api/v1/posts/destroy/60de4270af20b5d25494cd9a [32m200[0m 37.499 ms - 16128[0m
[0mPOST /api/v1/posts/destroy/60de4270af20b5d25494cd9a [31m500[0m 7.437 ms - 35[0m
[0mGET /api/v1/posts?page=1&limit=25 [36m304[0m 202.051 ms - -[0m
[0mGET /api/v1/friendship/60c2776e8a7c2e68f326cde5 [32m200[0m 206.733 ms - 725[0m
[0mPOST /api/v1/posts/create [32m200[0m 7.866 ms - 508[0m
[0mPOST /api/v1/posts/destroy/60de428aaf20b5d25494cd9b [32m200[0m 29.100 ms - 16125[0m
[0mGET /api/v1/posts?page=1&limit=25 [36m304[0m 602.172 ms - -[0m
[0mGET /api/v1/friendship/60c2776e8a7c2e68f326cde5 [32m200[0m 530.835 ms - 725[0m
[0mGET /api/v1/posts?page=1&limit=25 [36m304[0m 66.214 ms - -[0m
[0mGET /api/v1/friendship/60c2776e8a7c2e68f326cde5 [32m200[0m 65.055 ms - 725[0m
[0mGET /api/v1/posts?page=1&limit=25 [36m304[0m 23.539 ms - -[0m
[0mGET /api/v1/friendship/60c2776e8a7c2e68f326cde5 [32m200[0m 17.403 ms - 725[0m
[0mPOST /api/v1/posts/create [32m200[0m 9.299 ms - 500[0m
[0mPOST /api/v1/posts/destroy/60de42e3af20b5d25494cd9c [32m200[0m 29.643 ms - 15676[0m
[0mPOST /api/v1/posts/create [32m200[0m 9.188 ms - 502[0m
[0mPOST /api/v1/posts/destroy/60de42f5af20b5d25494cd9d [32m200[0m 42.617 ms - 16119[0m
[0mGET /api/v1/friendship/60c2776e8a7c2e68f326cde5 [32m200[0m 145.222 ms - 725[0m
[0mGET /api/v1/posts?page=1&limit=25 [36m304[0m 89.650 ms - -[0m
[0mGET /api/v1/posts?page=1&limit=25 [36m304[0m 46.325 ms - -[0m
[0mGET /api/v1/friendship/60c2776e8a7c2e68f326cde5 [32m200[0m 148.506 ms - 725[0m
[0mPOST /api/v1/posts/create [32m200[0m 8.706 ms - 498[0m
[0mPOST /api/v1/posts/destroy/60de4354af20b5d25494cd9e [32m200[0m 112.930 ms - 15676[0m
[0mPOST /api/v1/posts/create [32m200[0m 10.370 ms - 503[0m
[0mPOST /api/v1/posts/destroy/60de436aaf20b5d25494cd9f [32m200[0m 21.333 ms - 16120[0m
[0mGET /api/v1/posts?page=1&limit=25 [36m304[0m 89.656 ms - -[0m
[0mGET /api/v1/friendship/60c2776e8a7c2e68f326cde5 [32m200[0m 89.493 ms - 725[0m
[0mPOST /api/v1/posts/create [32m200[0m 7.530 ms - 497[0m
[0mPOST /api/v1/posts/destroy/60de4397af20b5d25494cda0 [32m200[0m 21.521 ms - 15676[0m
[0mPOST /api/v1/posts/create [32m200[0m 5.687 ms - 498[0m
[0mPOST /api/v1/posts/destroy/60de43b3af20b5d25494cda1 [32m200[0m 23.037 ms - 15676[0m
[0mPOST /api/v1/posts/create [32m200[0m 5.942 ms - 504[0m
[0mPOST /api/v1/posts/destroy/60de43daaf20b5d25494cda2 [32m200[0m 19.997 ms - 15676[0m
[0mPOST /api/v1/posts/create [32m200[0m 9.590 ms - 504[0m
[0mPOST /api/v1/posts/destroy/60de43e7af20b5d25494cda3 [32m200[0m 23.521 ms - 16121[0m
[0mGET /api/v1/posts?page=1&limit=25 [36m304[0m 185.409 ms - -[0m
[0mGET /api/v1/friendship/60c2776e8a7c2e68f326cde5 [32m200[0m 213.912 ms - 725[0m
[0mGET /api/v1/posts?page=1&limit=25 [36m304[0m 151.015 ms - -[0m
[0mGET /api/v1/friendship/60c2776e8a7c2e68f326cde5 [32m200[0m 164.938 ms - 725[0m
[0mGET /api/v1/posts?page=1&limit=25 [36m304[0m 175.311 ms - -[0m
[0mGET /api/v1/friendship/60c2776e8a7c2e68f326cde5 [32m200[0m 78.443 ms - 725[0m
[0mGET /api/v1/friendship/60c2776e8a7c2e68f326cde5 [32m200[0m 25.700 ms - 725[0m
[0mGET /api/v1/posts?page=1&limit=25 [36m304[0m 41.059 ms - -[0m
[0mGET /api/v1/posts?page=1&limit=25 [36m304[0m 30.884 ms - -[0m
[0mGET /api/v1/friendship/60c2776e8a7c2e68f326cde5 [36m304[0m 17.098 ms - -[0m
[0mPOST /api/v1/posts/create [32m200[0m 7.660 ms - 500[0m
[0mPOST /api/v1/posts/destroy/60de45d0af20b5d25494cda4 [32m200[0m 24.329 ms - 15676[0m
[0mGET /api/v1/posts?page=1&limit=25 [36m304[0m 115.447 ms - -[0m
[0mGET /api/v1/friendship/60c2776e8a7c2e68f326cde5 [32m200[0m 73.043 ms - 725[0m
[0mPOST /api/v1/posts/create [32m200[0m 9.976 ms - 500[0m
[0mPOST /api/v1/posts/destroy/60de4623af20b5d25494cda5 [32m200[0m 27.718 ms - 16117[0m
[0mPOST /api/v1/posts/destroy/60de4623af20b5d25494cda5 [31m500[0m 6.821 ms - 35[0m
[0mGET /api/v1/posts?page=1&limit=25 [36m304[0m 92.035 ms - -[0m
[0mGET /api/v1/friendship/60c2776e8a7c2e68f326cde5 [32m200[0m 70.496 ms - 725[0m
[0mPOST /api/v1/posts/create [32m200[0m 11.025 ms - 500[0m
[0mPOST /api/v1/posts/destroy/60de4637af20b5d25494cda6 [32m200[0m 22.209 ms - 15676[0m
[0mPOST /api/v1/posts/create [32m200[0m 5.120 ms - 505[0m
[0mPOST /api/v1/posts/destroy/60de4644af20b5d25494cda7 [32m200[0m 24.322 ms - 15676[0m
[0mPOST /api/v1/posts/create [32m200[0m 8.032 ms - 503[0m
[0mPOST /api/v1/posts/destroy/60de4652af20b5d25494cda8 [32m200[0m 26.183 ms - 15676[0m
[0mPOST /api/v1/posts/create [32m200[0m 6.110 ms - 504[0m
[0mPOST /api/v1/posts/destroy/60de4662af20b5d25494cda9 [32m200[0m 22.527 ms - 15676[0m
[0mPOST /api/v1/posts/create [32m200[0m 4.975 ms - 503[0m
[0mPOST /api/v1/posts/destroy/60de467aaf20b5d25494cdaa [32m200[0m 21.181 ms - 15676[0m
[0mPOST /api/v1/posts/create [32m200[0m 8.532 ms - 503[0m
[0mPOST /api/v1/posts/destroy/60de468caf20b5d25494cdab [32m200[0m 25.501 ms - 16120[0m
[0mGET /api/v1/posts?page=1&limit=25 [36m304[0m 126.980 ms - -[0m
[0mGET /api/v1/friendship/60c2776e8a7c2e68f326cde5 [32m200[0m 96.611 ms - 725[0m
[0mPOST /api/v1/posts/create [32m200[0m 8.653 ms - 498[0m
[0mPOST /api/v1/posts/destroy/60de46feaf20b5d25494cdac [32m200[0m 23.685 ms - 16115[0m
[0mGET /api/v1/posts?page=1&limit=25 [36m304[0m 82.299 ms - -[0m
[0mGET /api/v1/friendship/60c2776e8a7c2e68f326cde5 [32m200[0m 66.962 ms - 725[0m
[0mPOST /api/v1/posts/create [32m200[0m 10.864 ms - 498[0m
[0mPOST /api/v1/posts/destroy/60de470daf20b5d25494cdad [32m200[0m 24.566 ms - 16115[0m
[0mPOST /api/v1/posts/create [32m200[0m 5.939 ms - 499[0m
[0mPOST /api/v1/posts/destroy/60de471aaf20b5d25494cdae [32m200[0m 23.898 ms - 15676[0m
[0mPOST /api/v1/posts/create [32m200[0m 6.014 ms - 497[0m
[0mPOST /api/v1/posts/destroy/60de4727af20b5d25494cdaf [32m200[0m 27.176 ms - 15676[0m
[0mPOST /api/v1/posts/create [32m200[0m 6.705 ms - 496[0m
[0mPOST /api/v1/posts/destroy/60de4730af20b5d25494cdb0 [32m200[0m 24.151 ms - 15676[0m
[0mPOST /api/v1/posts/create [32m200[0m 4.868 ms - 500[0m
[0mPOST /api/v1/posts/destroy/60de473daf20b5d25494cdb1 [32m200[0m 24.589 ms - 15676[0m
[0mPOST /api/v1/posts/create [32m200[0m 5.373 ms - 499[0m
[0mPOST /api/v1/posts/destroy/60de474aaf20b5d25494cdb2 [32m200[0m 22.766 ms - 15676[0m
[0mPOST /api/v1/posts/create [32m200[0m 5.453 ms - 501[0m
[0mPOST /api/v1/posts/destroy/60de4757af20b5d25494cdb3 [32m200[0m 22.909 ms - 15676[0m
[0mPOST /api/v1/posts/create [32m200[0m 8.585 ms - 501[0m
[0mPOST /api/v1/posts/destroy/60de4762af20b5d25494cdb4 [32m200[0m 19.188 ms - 15676[0m
[0mPOST /api/v1/posts/create [32m200[0m 5.862 ms - 527[0m
[0mPOST /api/v1/posts/destroy/60de4777af20b5d25494cdb5 [32m200[0m 25.068 ms - 15676[0m
[0mPOST /api/v1/posts/create [32m200[0m 7.301 ms - 505[0m
[0mPOST /api/v1/posts/destroy/60de4789af20b5d25494cdb6 [32m200[0m 22.992 ms - 15676[0m
[0mGET /api/v1/friendship/60c2776e8a7c2e68f326cde5 [32m200[0m 243.270 ms - 725[0m
[0mGET /api/v1/posts?page=1&limit=25 [36m304[0m 328.170 ms - -[0m
[0mGET /api/v1/posts?page=1&limit=25 [36m304[0m 211.413 ms - -[0m
[0mGET /api/v1/friendship/60c2776e8a7c2e68f326cde5 [32m200[0m 231.071 ms - 725[0m
[0mGET /api/v1/posts?page=1&limit=25 [36m304[0m 60.318 ms - -[0m
[0mGET /api/v1/friendship/60c2776e8a7c2e68f326cde5 [32m200[0m 72.616 ms - 725[0m
[0mGET /api/v1/posts?page=1&limit=25 [36m304[0m 194.759 ms - -[0m
[0mGET /api/v1/friendship/60c2776e8a7c2e68f326cde5 [32m200[0m 239.025 ms - 725[0m
[0mGET /api/v1/posts?page=1&limit=25 [36m304[0m 134.955 ms - -[0m
[0mGET /api/v1/friendship/60c2776e8a7c2e68f326cde5 [36m304[0m 146.298 ms - -[0m
[0mGET /api/v1/posts?page=1&limit=25 [36m304[0m 129.870 ms - -[0m
[0mGET /api/v1/friendship/60c2776e8a7c2e68f326cde5 [32m200[0m 115.978 ms - 725[0m
[0mGET /api/v1/posts?page=1&limit=25 [36m304[0m 306.647 ms - -[0m
[0mGET /api/v1/friendship/60c2776e8a7c2e68f326cde5 [32m200[0m 299.218 ms - 725[0m
[0mGET /api/v1/posts?page=1&limit=25 [36m304[0m 277.934 ms - -[0m
[0mGET /api/v1/friendship/60c2776e8a7c2e68f326cde5 [32m200[0m 278.332 ms - 725[0m
[0mGET /api/v1/posts?page=1&limit=25 [32m200[0m 185.322 ms - 14555[0m
[0mGET /api/v1/friendship/60c2776e8a7c2e68f326cde5 [32m200[0m 240.849 ms - 725[0m
[0mGET /api/v1/posts?page=1&limit=25 [32m200[0m 43.352 ms - 38[0m
[0mGET /api/v1/friendship/60c2776e8a7c2e68f326cde5 [32m200[0m 134.754 ms - 725[0m
[0mPOST /api/v1/posts/create [32m200[0m 41.276 ms - 503[0m
[0mPOST /api/v1/posts/destroy/60de4f04fab4f6d439215534 [32m200[0m 19.996 ms - 532[0m
[0mGET /api/v1/posts?page=1&limit=25 [36m304[0m 71.027 ms - -[0m
[0mGET /api/v1/friendship/60c2776e8a7c2e68f326cde5 [32m200[0m 129.983 ms - 725[0m
[0mPOST /api/v1/posts/create [32m200[0m 9.608 ms - 504[0m
[0mPOST /api/v1/posts/destroy/60de4f12fab4f6d439215535 [32m200[0m 10.591 ms - 533[0m
[0mPOST /api/v1/posts/create [32m200[0m 9.925 ms - 505[0m
[0mPOST /api/v1/posts/destroy/60de4f1dfab4f6d439215536 [32m200[0m 6.163 ms - 89[0m
[0mPOST /api/v1/posts/create [32m200[0m 8.251 ms - 504[0m
[0mPOST /api/v1/posts/destroy/60de4f25fab4f6d439215537 [32m200[0m 6.938 ms - 89[0m
[0mPOST /api/v1/users/auth/google [33m404[0m 8.817 ms - 164[0m
[0mGET /api/v1/posts?page=1&limit=25 [36m304[0m 83.906 ms - -[0m
[0mGET /api/v1/posts?page=1&limit=25 [36m304[0m 14.013 ms - -[0m
[0mGET /api/v1/posts?page=1&limit=25 [36m304[0m 99.872 ms - -[0m
[0mPOST /api/v1/users/create-session [32m200[0m 27.410 ms - 863[0m
[0mPOST /api/v1/posts/create [32m200[0m 24.222 ms - 503[0m
[0mGET /api/v1/posts?page=1&limit=25 [32m200[0m 90.325 ms - 481[0m
[0mGET /api/v1/friendship/60c2776e8a7c2e68f326cde5 [32m200[0m 296.934 ms - 725[0m
[0mPOST /api/v1/users/create-session [32m200[0m 9.298 ms - 863[0m
[0mPOST /api/v1/posts/destroy/60de4ff63e965fd574e5b895 [32m200[0m 14.472 ms - 89[0m
[0mPOST /api/v1/posts/create [32m200[0m 13.144 ms - 504[0m
[0mGET /api/v1/users/60b27fe58a0a5a722c09d463 [32m200[0m 13.003 ms - 694[0m
[0mPOST /api/v1/posts/destroy/60de50223e965fd574e5b896 [32m200[0m 6.701 ms - 89[0m
[0mGET /api/v1/posts?page=1&limit=25 [32m200[0m 170.502 ms - 38[0m
[0mGET /api/v1/posts?page=1&limit=25 [36m304[0m 24.788 ms - -[0m
[0mPOST /api/v1/users/create-session [32m200[0m 7.135 ms - 863[0m
[0mPOST /api/v1/users/create-session [32m200[0m 8.562 ms - 863[0m
[0mGET /api/v1/posts?page=1&limit=25 [36m304[0m 3.021 ms - -[0m
[0mGET /api/v1/friendship/60c2776e8a7c2e68f326cde5 [32m200[0m 17.153 ms - 725[0m
[0mPOST /api/v1/users/create-session [32m200[0m 11.180 ms - 863[0m
[0mGET /api/v1/users/60b27fe58a0a5a722c09d463 [32m200[0m 11.499 ms - 694[0m
[0mPOST /api/v1/users/remove-friendship/60b27fe58a0a5a722c09d463 [32m200[0m 22.525 ms - 621[0m
[0mGET /api/v1/posts?page=1&limit=25 [36m304[0m 3.429 ms - -[0m
[0mPOST /api/v1/users/create-session [32m200[0m 4.372 ms - 800[0m
[0mGET /api/v1/posts?page=1&limit=25 [36m304[0m 4.004 ms - -[0m
[0mGET /api/v1/friendship/60c2776e8a7c2e68f326cde5 [32m200[0m 10.200 ms - 605[0m
[0mGET /api/v1/posts?page=1&limit=25 [36m304[0m 102.397 ms - -[0m
[0mGET /api/v1/friendship/60c2776e8a7c2e68f326cde5 [32m200[0m 107.858 ms - 605[0m
[0mGET /api/v1/friendship/60c2776e8a7c2e68f326cde5 [36m304[0m 26.528 ms - -[0m
[0mGET /api/v1/posts?page=1&limit=25 [36m304[0m 31.196 ms - -[0m
[0mGET /api/v1/posts?page=1&limit=25 [36m304[0m 40.243 ms - -[0m
[0mGET /api/v1/friendship/60c2776e8a7c2e68f326cde5 [32m200[0m 90.258 ms - 605[0m
[0mGET /api/v1/posts?page=1&limit=25 [36m304[0m 3.520 ms - -[0m
[0mGET /api/v1/friendship/60c2776e8a7c2e68f326cde5 [36m304[0m 133.778 ms - -[0m
[0mGET /api/v1/posts?page=1&limit=25 [36m304[0m 193.938 ms - -[0m
[0mGET /api/v1/friendship/60c2776e8a7c2e68f326cde5 [32m200[0m 137.401 ms - 605[0m
[0mGET /api/v1/posts?page=1&limit=25 [36m304[0m 67.310 ms - -[0m
[0mGET /api/v1/friendship/60c2776e8a7c2e68f326cde5 [32m200[0m 64.615 ms - 605[0m
[0mGET /api/v1/posts?page=1&limit=25 [36m304[0m 83.033 ms - -[0m
[0mGET /api/v1/friendship/60c2776e8a7c2e68f326cde5 [32m200[0m 164.705 ms - 605[0m
[0mGET /api/v1/posts?page=1&limit=25 [36m304[0m 4.490 ms - -[0m
[0mGET /api/v1/friendship/60c2776e8a7c2e68f326cde5 [32m200[0m 12.810 ms - 605[0m
[0mGET /api/v1/posts?page=1&limit=25 [36m304[0m 5.849 ms - -[0m
[0mPOST /api/v1/users/create-session [32m200[0m 12.379 ms - 800[0m
[0mGET /api/v1/friendship/60c2776e8a7c2e68f326cde5 [32m200[0m 14.783 ms - 605[0m
[0mGET /api/v1/posts?page=1&limit=25 [36m304[0m 13.108 ms - -[0m
[0mPOST /api/v1/users/create-session [32m200[0m 6.284 ms - 800[0m
[0mGET /api/v1/friendship/60c2776e8a7c2e68f326cde5 [32m200[0m 116.897 ms - 605[0m
[0mPOST /api/v1/users/create-session [32m200[0m 4.840 ms - 800[0m
[0mGET /api/v1/friendship/60c2776e8a7c2e68f326cde5 [32m200[0m 142.549 ms - 605[0m
[0mPOST /api/v1/posts/create [32m200[0m 10.915 ms - 476[0m
[0mPOST /api/v1/posts/destroy/60de54563e965fd574e5b897 [32m200[0m 8.027 ms - 89[0m
[0mGET /api/v1/users/607ab2f8850f2eb35d1bd598 [32m200[0m 8.051 ms - 690[0m
[0mPOST /api/v1/posts/create [32m200[0m 7.762 ms - 482[0m
[0mPOST /api/v1/posts/toggleLike?likeable_id=60de54783e965fd574e5b898&likeable_type=Post [32m200[0m 19.147 ms - 101[0m
[0mPOST /api/v1/posts/createComment [32m200[0m 18.040 ms - 341[0m
[0mPOST /api/v1/posts/destroy/60de54783e965fd574e5b898 [32m200[0m 9.215 ms - 89[0m
[0mPOST /api/v1/users/create-session [32m200[0m 4.746 ms - 800[0m
[0mGET /api/v1/friendship/60c2776e8a7c2e68f326cde5 [32m200[0m 121.401 ms - 605[0m
[0mPOST /api/v1/posts/create [32m200[0m 10.468 ms - 482[0m
[0mPOST /api/v1/posts/createComment [32m200[0m 22.888 ms - 341[0m
[0mPOST /api/v1/posts/toggleLike?likeable_id=60de54a73e965fd574e5b89d&likeable_type=Post [31m500[0m 14.165 ms - 35[0m
[0mPOST /api/v1/posts/toggleLike?likeable_id=60de54a73e965fd574e5b89d&likeable_type=Post [31m500[0m 7.425 ms - 35[0m
[0mPOST /api/v1/users/create-session [32m200[0m 9.103 ms - 800[0m
[0mGET /api/v1/friendship/60c2776e8a7c2e68f326cde5 [32m200[0m 88.173 ms - 605[0m
[0mPOST /api/v1/posts/createComment [32m200[0m 10.019 ms - 342[0m
[0mPOST /api/v1/posts/createComment [32m200[0m 13.162 ms - 366[0m
[0mPOST /api/v1/posts/createComment [32m200[0m 10.713 ms - 336[0m
[0mGET /api/v1/friendship/60c2776e8a7c2e68f326cde5 [32m200[0m 57.493 ms - 605[0m
[0mGET /api/v1/posts?page=1&limit=25 [32m200[0m 68.760 ms - 2216[0m
[0mPOST /api/v1/posts/toggleLike?likeable_id=60de54a73e965fd574e5b89d&likeable_type=Post [32m200[0m 9.545 ms - 101[0m
[0mGET /api/v1/users/search/k [36m304[0m 4.941 ms - -[0m
[0mGET /api/v1/users/search/ [31m500[0m 3.598 ms - 35[0m
[0mGET /api/v1/posts?page=1&limit=25 [32m200[0m 412.938 ms - 2242[0m
[0mGET /api/v1/posts?page=1&limit=25 [36m304[0m 54.419 ms - -[0m
[0mGET /api/v1/posts?page=1&limit=25 [36m304[0m 55.181 ms - -[0m
[0mGET /api/v1/posts?page=1&limit=25 [0m-[0m - ms - -[0m
[0mGET /api/v1/posts?page=1&limit=25 [32m200[0m 78.523 ms - 2242[0m
[0mGET /api/v1/posts?page=1&limit=25 [36m304[0m 169.642 ms - -[0m
[0mGET /api/v1/posts?page=1&limit=25 [36m304[0m 132.062 ms - -[0m
[0mGET /api/v1/posts?page=1&limit=25 [36m304[0m 79.923 ms - -[0m
[0mGET /api/v1/posts?page=1&limit=25 [36m304[0m 76.690 ms - -[0m
[0mGET /api/v1/posts?page=1&limit=25 [36m304[0m 104.482 ms - -[0m
[0mGET /api/v1/posts?page=1&limit=25 [36m304[0m 76.176 ms - -[0m
[0mGET /api/v1/posts?page=1&limit=25 [36m304[0m 103.129 ms - -[0m
[0mGET /api/v1/posts?page=1&limit=25 [36m304[0m 106.598 ms - -[0m
[0mGET /api/v1/posts?page=1&limit=25 [36m304[0m 166.694 ms - -[0m
[0mGET /api/v1/posts?page=1&limit=25 [36m304[0m 39.654 ms - -[0m
[0mGET /api/v1/posts?page=1&limit=25 [36m304[0m 52.341 ms - -[0m
[0mGET /api/v1/posts?page=1&limit=25 [36m304[0m 121.884 ms - -[0m
[0mGET /api/v1/posts?page=1&limit=25 [36m304[0m 140.677 ms - -[0m
[0mGET /api/v1/posts?page=1&limit=25 [36m304[0m 115.931 ms - -[0m
[0mGET /api/v1/posts?page=1&limit=25 [36m304[0m 54.604 ms - -[0m
[0mGET /api/v1/posts?page=1&limit=25 [36m304[0m 73.221 ms - -[0m
[0mGET /api/v1/posts?page=1&limit=25 [36m304[0m 93.285 ms - -[0m
[0mGET /api/v1/posts?page=1&limit=25 [36m304[0m 61.161 ms - -[0m
[0mGET /api/v1/posts?page=1&limit=25 [36m304[0m 217.463 ms - -[0m
[0mGET /api/v1/posts?page=1&limit=25 [36m304[0m 16.373 ms - -[0m
[0mPOST /api/v1/users/create-session [32m200[0m 31.380 ms - 800[0m
[0mGET /api/v1/friendship/60c2776e8a7c2e68f326cde5 [32m200[0m 79.495 ms - 605[0m
[0mPOST /api/v1/users/create-session [32m200[0m 5.096 ms - 800[0m
[0mGET /api/v1/friendship/60c2776e8a7c2e68f326cde5 [32m200[0m 94.118 ms - 605[0m
[0mGET /api/v1/posts?page=1&limit=25 [36m304[0m 173.147 ms - -[0m
[0mGET /api/v1/friendship/60c2776e8a7c2e68f326cde5 [32m200[0m 252.307 ms - 605[0m
[0mGET /api/v1/friendship/60c2776e8a7c2e68f326cde5 [32m200[0m 116.484 ms - 605[0m
[0mGET /api/v1/posts?page=1&limit=25 [36m304[0m 171.511 ms - -[0m
[0mGET /api/v1/posts?page=1&limit=25 [36m304[0m 128.970 ms - -[0m
[0mGET /api/v1/friendship/60c2776e8a7c2e68f326cde5 [32m200[0m 71.891 ms - 605[0m
[0mGET /api/v1/posts?page=1&limit=25 [36m304[0m 421.637 ms - -[0m
[0mGET /api/v1/friendship/60c2776e8a7c2e68f326cde5 [32m200[0m 355.209 ms - 605[0m
[0mPOST /api/v1/posts/destroycomment/60de54ae3e965fd574e5b89e [33m404[0m 2.123 ms - 192[0m
[0mGET /api/v1/posts?page=1&limit=25 [36m304[0m 36.114 ms - -[0m
[0mGET /api/v1/friendship/60c2776e8a7c2e68f326cde5 [32m200[0m 119.068 ms - 605[0m
[0mPOST /api/v1/posts/destroycomment/60de54ae3e965fd574e5b89e [33m404[0m 2.366 ms - 192[0m
[0mGET /api/v1/posts?page=1&limit=25 [36m304[0m 79.919 ms - -[0m
[0mGET /api/v1/friendship/60c2776e8a7c2e68f326cde5 [32m200[0m 73.945 ms - 605[0m
[0mGET /api/v1/posts?page=1&limit=25 [36m304[0m 86.880 ms - -[0m
[0mGET /api/v1/friendship/60c2776e8a7c2e68f326cde5 [32m200[0m 289.618 ms - 605[0m
[0mPOST /api/v1/posts/comment/60de54ae3e965fd574e5b89e [33m404[0m 2.855 ms - 185[0m
[0mGET /api/v1/posts?page=1&limit=25 [36m304[0m 203.876 ms - -[0m
[0mGET /api/v1/friendship/60c2776e8a7c2e68f326cde5 [32m200[0m 127.418 ms - 605[0m
[0mGET /api/v1/friendship/60c2776e8a7c2e68f326cde5 [32m200[0m 57.786 ms - 605[0m
[0mGET /api/v1/posts?page=1&limit=25 [36m304[0m 82.281 ms - -[0m
[0mGET /api/v1/friendship/60c2776e8a7c2e68f326cde5 [32m200[0m 182.986 ms - 605[0m
[0mGET /api/v1/posts?page=1&limit=25 [36m304[0m 206.920 ms - -[0m
[0mGET /api/v1/posts?page=1&limit=25 [36m304[0m 176.942 ms - -[0m
[0mGET /api/v1/friendship/60c2776e8a7c2e68f326cde5 [32m200[0m 124.827 ms - 605[0m
[0mGET /api/v1/posts?page=1&limit=25 [36m304[0m 139.264 ms - -[0m
[0mGET /api/v1/friendship/60c2776e8a7c2e68f326cde5 [32m200[0m 99.050 ms - 605[0m
[0mGET /api/v1/friendship/60c2776e8a7c2e68f326cde5 [32m200[0m 810.286 ms - 605[0m
[0mGET /api/v1/posts?page=1&limit=25 [36m304[0m 797.897 ms - -[0m
[0mGET /api/v1/friendship/60c2776e8a7c2e68f326cde5 [32m200[0m 105.974 ms - 605[0m
[0mGET /api/v1/posts?page=1&limit=25 [36m304[0m 151.333 ms - -[0m
[0mGET /api/v1/posts?page=1&limit=25 [36m304[0m 125.872 ms - -[0m
[0mGET /api/v1/friendship/60c2776e8a7c2e68f326cde5 [32m200[0m 112.528 ms - 605[0m
[0mPOST /api/v1/posts/destroycomment/60de54ae3e965fd574e5b89e [32m200[0m 47.157 ms - 1859[0m
[0mPOST /api/v1/posts/destroycomment/60de55053e965fd574e5b8a2 [32m200[0m 20.251 ms - 1430[0m
[0mPOST /api/v1/users/create-session [32m200[0m 7.589 ms - 800[0m
[0mGET /api/v1/friendship/60c2776e8a7c2e68f326cde5 [32m200[0m 139.866 ms - 605[0m
[0mPOST /api/v1/posts/createComment [32m200[0m 29.051 ms - 361[0m
[0mPOST /api/v1/posts/destroycomment/60df9f09998857e31b26bf1a [32m200[0m 15.595 ms - 1430[0m
[0mGET /api/v1/posts?page=1&limit=25 [32m200[0m 358.013 ms - 1379[0m
[0mGET /api/v1/friendship/60c2776e8a7c2e68f326cde5 [32m200[0m 278.077 ms - 605[0m
[0mPOST /api/v1/users/create-session [32m200[0m 11.112 ms - 800[0m
[0mGET /api/v1/friendship/60c2776e8a7c2e68f326cde5 [32m200[0m 93.673 ms - 605[0m
[0mPOST /api/v1/posts/createComment [32m200[0m 69.736 ms - 342[0m
[0mPOST /api/v1/posts/toggleLike?likeable_id=60de54a73e965fd574e5b89d&likeable_type=Post [32m200[0m 15.009 ms - 67[0m
[0mPOST /api/v1/posts/toggleLike?likeable_id=60de54a73e965fd574e5b89d&likeable_type=Post [32m200[0m 11.168 ms - 101[0m
[0mGET /api/v1/posts?page=1&limit=25 [32m200[0m 57.650 ms - 1814[0m
[0mGET /api/v1/friendship/60c2776e8a7c2e68f326cde5 [32m200[0m 94.019 ms - 605[0m
[0mGET /api/v1/friendship/60c2776e8a7c2e68f326cde5 [32m200[0m 123.511 ms - 605[0m
[0mGET /api/v1/posts?page=1&limit=25 [36m304[0m 127.110 ms - -[0m
[0mGET /api/v1/friendship/60c2776e8a7c2e68f326cde5 [32m200[0m 23.056 ms - 605[0m
[0mGET /api/v1/posts?page=1&limit=25 [36m304[0m 47.745 ms - -[0m
[0mGET /api/v1/friendship/60c2776e8a7c2e68f326cde5 [32m200[0m 121.895 ms - 605[0m
[0mGET /api/v1/posts?page=1&limit=25 [36m304[0m 140.050 ms - -[0m
[0mPOST /api/v1/posts/toggleLike?likeable_id=60de54f73e965fd574e5b8a0&likeable_type=Comment [32m200[0m 32.920 ms - 101[0m
[0mPOST /api/v1/posts/toggleLike?likeable_id=60de54f73e965fd574e5b8a0&likeable_type=Comment [32m200[0m 7.511 ms - 67[0m
[0mGET /api/v1/friendship/60c2776e8a7c2e68f326cde5 [32m200[0m 48.100 ms - 605[0m
[0mGET /api/v1/posts?page=1&limit=25 [32m200[0m 84.368 ms - 1814[0m
[0mPOST /api/v1/posts/toggleLike?likeable_id=60de54f73e965fd574e5b8a0&likeable_type=Comment [32m200[0m 7.564 ms - 101[0m
[0mGET /api/v1/posts?page=1&limit=25 [32m200[0m 124.992 ms - 1840[0m
[0mGET /api/v1/friendship/60c2776e8a7c2e68f326cde5 [32m200[0m 90.350 ms - 605[0m
[0mPOST /api/v1/posts/toggleLike?likeable_id=60de54a73e965fd574e5b89d&likeable_type=Post [32m200[0m 10.372 ms - 67[0m
[0mPOST /api/v1/posts/toggleLike?likeable_id=60de54a73e965fd574e5b89d&likeable_type=Post [32m200[0m 7.984 ms - 101[0m
[0mPOST /api/v1/posts/toggleLike?likeable_id=60de54f73e965fd574e5b8a0&likeable_type=Comment [32m200[0m 10.658 ms - 67[0m
[0mGET /api/v1/friendship/60c2776e8a7c2e68f326cde5 [32m200[0m 44.524 ms - 605[0m
[0mGET /api/v1/posts?page=1&limit=25 [32m200[0m 84.715 ms - 1815[0m
[0mGET /api/v1/friendship/60c2776e8a7c2e68f326cde5 [32m200[0m 104.996 ms - 605[0m
[0mGET /api/v1/posts?page=1&limit=25 [36m304[0m 122.353 ms - -[0m
[0mGET /api/v1/posts?page=1&limit=25 [36m304[0m 29.386 ms - -[0m
[0mGET /api/v1/friendship/60c2776e8a7c2e68f326cde5 [32m200[0m 27.602 ms - 605[0m
[0mGET /api/v1/posts?page=1&limit=25 [36m304[0m 324.246 ms - -[0m
[0mGET /api/v1/friendship/60c2776e8a7c2e68f326cde5 [32m200[0m 316.474 ms - 605[0m
[0mGET /api/v1/posts?page=1&limit=25 [36m304[0m 531.609 ms - -[0m
[0mGET /api/v1/friendship/60c2776e8a7c2e68f326cde5 [32m200[0m 619.557 ms - 605[0m
[0mGET /api/v1/friendship/60c2776e8a7c2e68f326cde5 [32m200[0m 40.128 ms - 605[0m
[0mGET /api/v1/posts?page=1&limit=25 [36m304[0m 46.526 ms - -[0m
[0mGET /api/v1/friendship/60c2776e8a7c2e68f326cde5 [32m200[0m 143.689 ms - 605[0m
[0mGET /api/v1/posts?page=1&limit=25 [36m304[0m 215.442 ms - -[0m
[0mGET /api/v1/posts?page=1&limit=25 [36m304[0m 91.140 ms - -[0m
[0mGET /api/v1/friendship/60c2776e8a7c2e68f326cde5 [36m304[0m 70.019 ms - -[0m
[0mGET /api/v1/posts?page=1&limit=25 [36m304[0m 27.242 ms - -[0m
[0mGET /api/v1/friendship/60c2776e8a7c2e68f326cde5 [32m200[0m 28.154 ms - 605[0m
[0mGET /api/v1/posts?page=1&limit=25 [36m304[0m 53.183 ms - -[0m
[0mGET /api/v1/friendship/60c2776e8a7c2e68f326cde5 [32m200[0m 29.529 ms - 605[0m
[0mPOST /api/v1/posts/toggleLike?likeable_id=60de54f73e965fd574e5b8a0&likeable_type=Comment [32m200[0m 11.130 ms - 101[0m
[0mPOST /api/v1/posts/toggleLike?likeable_id=60de54a73e965fd574e5b89d&likeable_type=Post [32m200[0m 8.150 ms - 67[0m
[0mPOST /api/v1/posts/toggleLike?likeable_id=60de54f73e965fd574e5b8a0&likeable_type=Comment [32m200[0m 8.250 ms - 67[0m
[0mGET /api/v1/friendship/60c2776e8a7c2e68f326cde5 [32m200[0m 332.986 ms - 605[0m
[0mGET /api/v1/posts?page=1&limit=25 [32m200[0m 347.794 ms - 1789[0m
[0mGET /api/v1/posts?page=1&limit=25 [36m304[0m 95.430 ms - -[0m
[0mGET /api/v1/friendship/60c2776e8a7c2e68f326cde5 [32m200[0m 75.556 ms - 605[0m
[0mPOST /api/v1/posts/toggleLike?likeable_id=60de54f73e965fd574e5b8a0&likeable_type=Comment [32m200[0m 10.476 ms - 101[0m
[0mGET /api/v1/posts?page=1&limit=25 [32m200[0m 22.474 ms - 1815[0m
[0mGET /api/v1/friendship/60c2776e8a7c2e68f326cde5 [32m200[0m 18.154 ms - 605[0m
[0mPOST /api/v1/posts/toggleLike?likeable_id=60de54f73e965fd574e5b8a0&likeable_type=Comment [32m200[0m 10.083 ms - 67[0m
[0mPOST /api/v1/posts/toggleLike?likeable_id=60de54f73e965fd574e5b8a0&likeable_type=Comment [32m200[0m 15.725 ms - 101[0m
[0mPOST /api/v1/posts/toggleLike?likeable_id=60de54f73e965fd574e5b8a0&likeable_type=Comment [32m200[0m 6.879 ms - 67[0m
[0mGET /api/v1/posts?page=1&limit=25 [32m200[0m 86.217 ms - 1790[0m
[0mGET /api/v1/friendship/60c2776e8a7c2e68f326cde5 [32m200[0m 76.074 ms - 605[0m
[0mPOST /api/v1/posts/toggleLike?likeable_id=60de54f73e965fd574e5b8a0&likeable_type=Comment [32m200[0m 7.282 ms - 101[0m
[0mGET /api/v1/friendship/60c2776e8a7c2e68f326cde5 [32m200[0m 47.290 ms - 605[0m
[0mGET /api/v1/posts?page=1&limit=25 [32m200[0m 63.587 ms - 1816[0m
[0mGET / [32m200[0m 438.070 ms - 8405[0m
[0mGET /users/sign-in [36m304[0m 40.323 ms - -[0m
[0mGET /users/css/layout.css [33m404[0m 59.156 ms - 159[0m
[0mGET /users/css/header.css [33m404[0m 45.815 ms - 159[0m
[0mGET /users/css/footer.css [33m404[0m 107.458 ms - 159[0m
[0mGET /users/css/chat_box.css [33m404[0m 149.666 ms - 161[0m
[0mGET /users/auth/google [36m302[0m 14.088 ms - 0[0m
[0mGET /users/auth/google/callback?code=4%2F0AX4XfWhNbQuzwOdh9f7OW3qdv-02kWBovEmOfaEiXbAHCsSIXhcmtQ90-mlNYtXe03Y2Cg&scope=email+profile+https%3A%2F%2Fwww.googleapis.com%2Fauth%2Fuserinfo.profile+https%3A%2F%2Fwww.googleapis.com%2Fauth%2Fuserinfo.email+openid&authuser=0&prompt=consent [36m302[0m 640.221 ms - 46[0m
[0mGET / [32m200[0m 48.678 ms - 8582[0m
[0mGET / [32m200[0m 80.988 ms - 10802[0m
[0mGET /users/sign-out [36m302[0m 17.583 ms - 46[0m
[0mGET / [32m200[0m 58.787 ms - 8865[0m
[0mGET /api/v1/posts?page=1&limit=25 [36m304[0m 450.991 ms - -[0m
[0mGET /api/v1/friendship/60c2776e8a7c2e68f326cde5 [32m200[0m 432.120 ms - 605[0m
[0mPOST /api/v1/posts/toggleLike?likeable_id=60de54f73e965fd574e5b8a0&likeable_type=Comment [32m200[0m 12.362 ms - 67[0m
[0mGET /api/v1/posts?page=1&limit=25 [32m200[0m 60.617 ms - 1790[0m
[0mGET /api/v1/friendship/60c2776e8a7c2e68f326cde5 [32m200[0m 37.039 ms - 605[0m
[0mPOST /api/v1/posts/toggleLike?likeable_id=60de54f73e965fd574e5b8a0&likeable_type=Comment [32m200[0m 10.488 ms - 101[0m
[0mPOST /api/v1/posts/toggleLike?likeable_id=60de54f73e965fd574e5b8a0&likeable_type=Comment [32m200[0m 36.325 ms - 67[0m
[0mPOST /api/v1/posts/toggleLike?likeable_id=60de54f73e965fd574e5b8a0&likeable_type=Comment [32m200[0m 9.866 ms - 101[0m
[0mGET /api/v1/posts?page=1&limit=25 [32m200[0m 111.509 ms - 1816[0m
[0mGET /api/v1/friendship/60c2776e8a7c2e68f326cde5 [32m200[0m 120.756 ms - 605[0m
[0mPOST /api/v1/posts/toggleLike?likeable_id=60de54f73e965fd574e5b8a0&likeable_type=Comment [32m200[0m 8.310 ms - 67[0m
[0mGET /api/v1/posts?page=1&limit=25 [32m200[0m 157.738 ms - 1790[0m
[0mGET /api/v1/friendship/60c2776e8a7c2e68f326cde5 [32m200[0m 103.339 ms - 605[0m
[0mGET /api/v1/posts?page=1&limit=25 [36m304[0m 52.358 ms - -[0m
[0mGET /api/v1/friendship/60c2776e8a7c2e68f326cde5 [32m200[0m 25.485 ms - 605[0m
[0mPOST /api/v1/posts/toggleLike?likeable_id=60de54f73e965fd574e5b8a0&likeable_type=Comment [32m200[0m 21.993 ms - 101[0m
[0mGET /api/v1/posts?page=1&limit=25 [32m200[0m 75.254 ms - 1816[0m
[0mGET /api/v1/friendship/60c2776e8a7c2e68f326cde5 [32m200[0m 38.172 ms - 605[0m
[0mPOST /api/v1/posts/toggleLike?likeable_id=60de54f73e965fd574e5b8a0&likeable_type=Comment [32m200[0m 9.170 ms - 67[0m
[0mGET /api/v1/posts?page=1&limit=25 [32m200[0m 34.479 ms - 1790[0m
[0mGET /api/v1/friendship/60c2776e8a7c2e68f326cde5 [32m200[0m 9.313 ms - 605[0m
[0mPOST /api/v1/posts/toggleLike?likeable_id=60de54f73e965fd574e5b8a0&likeable_type=Comment [32m200[0m 12.164 ms - 101[0m
[0mGET /api/v1/posts?page=1&limit=25 [32m200[0m 127.073 ms - 1816[0m
[0mGET /api/v1/friendship/60c2776e8a7c2e68f326cde5 [32m200[0m 111.444 ms - 605[0m
[0mPOST /api/v1/posts/toggleLike?likeable_id=60de54f73e965fd574e5b8a0&likeable_type=Comment [32m200[0m 6.682 ms - 67[0m
[0mGET /api/v1/posts?page=1&limit=25 [32m200[0m 941.550 ms - 1790[0m
[0mGET /api/v1/friendship/60c2776e8a7c2e68f326cde5 [32m200[0m 888.859 ms - 605[0m
[0mPOST /api/v1/posts/toggleLike?likeable_id=60de54f73e965fd574e5b8a0&likeable_type=Comment [32m200[0m 27.963 ms - 101[0m
[0mGET /api/v1/posts?page=1&limit=25 [32m200[0m 91.395 ms - 1816[0m
[0mGET /api/v1/friendship/60c2776e8a7c2e68f326cde5 [32m200[0m 92.077 ms - 605[0m
[0mPOST /api/v1/posts/toggleLike?likeable_id=60de54f73e965fd574e5b8a0&likeable_type=Comment [32m200[0m 15.432 ms - 67[0m
[0mGET /api/v1/posts?page=1&limit=25 [32m200[0m 20.398 ms - 1790[0m
[0mGET /api/v1/friendship/60c2776e8a7c2e68f326cde5 [32m200[0m 12.924 ms - 605[0m
[0mPOST /api/v1/posts/toggleLike?likeable_id=60de54f73e965fd574e5b8a0&likeable_type=Comment [32m200[0m 18.142 ms - 101[0m
[0mGET /api/v1/friendship/60c2776e8a7c2e68f326cde5 [32m200[0m 157.907 ms - 605[0m
[0mGET /api/v1/posts?page=1&limit=25 [32m200[0m 155.524 ms - 1816[0m
[0mPOST /api/v1/posts/toggleLike?likeable_id=60de54f73e965fd574e5b8a0&likeable_type=Comment [32m200[0m 13.952 ms - 67[0m
[0mGET /api/v1/posts?page=1&limit=25 [32m200[0m 52.174 ms - 1790[0m
[0mGET /api/v1/friendship/60c2776e8a7c2e68f326cde5 [32m200[0m 50.618 ms - 605[0m
[0mGET /api/v1/posts?page=1&limit=25 [36m304[0m 63.889 ms - -[0m
[0mGET /api/v1/friendship/60c2776e8a7c2e68f326cde5 [32m200[0m 38.361 ms - 605[0m
[0mPOST /api/v1/posts/toggleLike?likeable_id=60de54f73e965fd574e5b8a0&likeable_type=Comment [32m200[0m 13.735 ms - 101[0m
[0mGET /api/v1/posts?page=1&limit=25 [32m200[0m 342.801 ms - 1816[0m
[0mGET /api/v1/friendship/60c2776e8a7c2e68f326cde5 [32m200[0m 424.137 ms - 605[0m
[0mPOST /api/v1/posts/toggleLike?likeable_id=60de54f73e965fd574e5b8a0&likeable_type=Comment [32m200[0m 11.986 ms - 67[0m
[0mGET /api/v1/posts?page=1&limit=25 [32m200[0m 258.899 ms - 1790[0m
[0mGET /api/v1/friendship/60c2776e8a7c2e68f326cde5 [32m200[0m 256.113 ms - 605[0m
[0mPOST /api/v1/posts/toggleLike?likeable_id=60de54f73e965fd574e5b8a0&likeable_type=Comment [32m200[0m 9.545 ms - 101[0m
[0mGET /api/v1/friendship/60c2776e8a7c2e68f326cde5 [32m200[0m 308.197 ms - 605[0m
[0mGET /api/v1/posts?page=1&limit=25 [32m200[0m 436.959 ms - 1816[0m
[0mPOST /api/v1/posts/toggleLike?likeable_id=60de54f73e965fd574e5b8a0&likeable_type=Comment [32m200[0m 9.462 ms - 67[0m
[0mGET /api/v1/posts?page=1&limit=25 [32m200[0m 192.066 ms - 1790[0m
[0mGET /api/v1/friendship/60c2776e8a7c2e68f326cde5 [32m200[0m 149.861 ms - 605[0m
[0mGET /api/v1/posts?page=1&limit=25 [36m304[0m 206.762 ms - -[0m
[0mGET /api/v1/friendship/60c2776e8a7c2e68f326cde5 [32m200[0m 177.066 ms - 605[0m
[0mPOST /api/v1/posts/toggleLike?likeable_id=60de54f73e965fd574e5b8a0&likeable_type=Comment [32m200[0m 15.287 ms - 101[0m
[0mGET /api/v1/friendship/60c2776e8a7c2e68f326cde5 [32m200[0m 106.700 ms - 605[0m
[0mGET /api/v1/posts?page=1&limit=25 [32m200[0m 140.126 ms - 1816[0m
[0mPOST /api/v1/posts/toggleLike?likeable_id=60de54f73e965fd574e5b8a0&likeable_type=Comment [32m200[0m 15.763 ms - 67[0m
