[0mGET /api/v1/posts?page=1&limit=25 [32m200[0m 1106.643 ms - 6306[0m
[0mGET /api/v1/users/search/s [36m304[0m 76.657 ms - -[0m
[0mGET /api/v1/users/search/ [31m500[0m 17.498 ms - 35[0m
[0mGET /api/v1/users/search/s [36m304[0m 17.176 ms - -[0m
[0mGET /api/v1/users/search/ [31m500[0m 7.741 ms - 35[0m
[0mPOST /api/v1/users/create-session [32m200[0m 26.055 ms - 895[0m
[0mGET /api/v1/friendship/60e3680de2e7470495195737 [32m200[0m 245.565 ms - 744[0m
[0mPOST /api/v1/posts/create [32m200[0m 42.974 ms - 519[0m
[0mPOST /api/v1/posts/createComment [32m200[0m 20.338 ms - 353[0m
[0mPOST /api/v1/posts/toggleLike?likeable_id=60ef3641416aaf725441296b&likeable_type=Comment [32m200[0m 64.781 ms - 7293[0m
[0mPOST /api/v1/posts/toggleLike?likeable_id=60ef3641416aaf725441296b&likeable_type=Comment [32m200[0m 45.929 ms - 7267[0m
[0mPOST /api/v1/posts/destroycomment/60ef3641416aaf725441296b [32m200[0m 29.692 ms - 6817[0m
[0mPOST /api/v1/posts/destroy/60ef363b416aaf725441296a [32m200[0m 34.749 ms - 6357[0m
[0mGET /api/v1/users/search/k [36m304[0m 19.873 ms - -[0m
[0mGET /api/v1/users/search/ka [36m304[0m 12.208 ms - -[0m
[0mGET /api/v1/users/607ab2f8850f2eb35d1bd598 [32m200[0m 9.655 ms - 690[0m
[0mGET /api/v1/users/search/k [36m304[0m 4.792 ms - -[0m
[0mGET /api/v1/users/search/ [31m500[0m 3.154 ms - 35[0m
[0mPOST /api/v1/users/remove-friendship/607ab2f8850f2eb35d1bd598 [32m200[0m 18.627 ms - 642[0m
[0mGET /api/v1/users/search/k [36m304[0m 4.711 ms - -[0m
[0mGET /api/v1/users/search/ka [36m304[0m 8.098 ms - -[0m
[0mGET /api/v1/users/607ab2f8850f2eb35d1bd598 [32m200[0m 15.804 ms - 690[0m
[0mGET /api/v1/users/search/k [36m304[0m 3.968 ms - -[0m
[0mGET /api/v1/users/search/ [31m500[0m 3.457 ms - 35[0m
[0mPOST /api/v1/users/create-friendship/607ab2f8850f2eb35d1bd598 [32m200[0m 20.711 ms - 760[0m
[0mPOST /api/v1/posts/toggleLike?likeable_id=60de55033e965fd574e5b8a1&likeable_type=Comment [32m200[0m 95.687 ms - 6352[0m
[0mPOST /api/v1/posts/toggleLike?likeable_id=60de55033e965fd574e5b8a1&likeable_type=Comment [32m200[0m 31.537 ms - 6352[0m
[0mPOST /api/v1/posts/toggleLike?likeable_id=60de55033e965fd574e5b8a1&likeable_type=Comment [32m200[0m 40.546 ms - 6352[0m
[0mGET /api/v1/friendship/60e3680de2e7470495195737 [32m200[0m 411.934 ms - 744[0m
[0mGET /api/v1/posts?page=1&limit=25 [32m200[0m 466.057 ms - 6332[0m
[0mPOST /api/v1/posts/toggleLike?likeable_id=60de55033e965fd574e5b8a1&likeable_type=Comment [32m200[0m 31.648 ms - 6326[0m
[0mPOST /api/v1/posts/toggleLike?likeable_id=60de55033e965fd574e5b8a1&likeable_type=Comment [32m200[0m 28.062 ms - 6352[0m
[0mPOST /api/v1/posts/toggleLike?likeable_id=60de55033e965fd574e5b8a1&likeable_type=Comment [32m200[0m 33.438 ms - 6326[0m
[0mPOST /api/v1/posts/toggleLike?likeable_id=60de54f73e965fd574e5b8a0&likeable_type=Comment [32m200[0m 21.738 ms - 6352[0m
[0mPOST /api/v1/posts/toggleLike?likeable_id=60de54f73e965fd574e5b8a0&likeable_type=Comment [32m200[0m 22.421 ms - 6326[0m
[0mPOST /api/v1/posts/toggleLike?likeable_id=60e21541fb97cffa21b986ad&likeable_type=Post [32m200[0m 14.765 ms - 311[0m
[0mPOST /api/v1/posts/toggleLike?likeable_id=60e21541fb97cffa21b986ad&likeable_type=Post [32m200[0m 7.524 ms - 276[0m
[0mGET /api/v1/posts?page=1&limit=25 [32m200[0m 35.231 ms - 6306[0m
[0mPOST /api/v1/users/create-session [32m200[0m 11.913 ms - 800[0m
[0mGET /api/v1/friendship/60c2776e8a7c2e68f326cde5 [32m200[0m 91.705 ms - 605[0m
[0mPOST /api/v1/posts/destroycomment/60e2195fbf9106fc256cd270 [32m200[0m 35.189 ms - 5898[0m
[0mPOST /api/v1/posts/toggleLike?likeable_id=60e215c5fb97cffa21b986b3&likeable_type=Post [32m200[0m 9.185 ms - 67[0m
[0mPOST /api/v1/posts/toggleLike?likeable_id=60e215c5fb97cffa21b986b3&likeable_type=Post [32m200[0m 8.751 ms - 101[0m
::1 - - [14/Jul/2021:19:31:47 +0000] "GET / HTTP/1.1" 200 2851 "-" "Mozilla/5.0 (Macintosh; Intel Mac OS X 10_15_7) AppleWebKit/537.36 (KHTML, like Gecko) Chrome/91.0.4472.77 Safari/537.36"
::1 - - [14/Jul/2021:19:31:55 +0000] "GET /api/v1/posts?page=1&limit=25 HTTP/1.1" 200 38 "http://localhost:3000/" "Mozilla/5.0 (Macintosh; Intel Mac OS X 10_15_7) AppleWebKit/537.36 (KHTML, like Gecko) Chrome/91.0.4472.77 Safari/537.36"
::1 - - [14/Jul/2021:19:31:55 +0000] "GET /api/v1/friendship/60c2776e8a7c2e68f326cde5 HTTP/1.1" 500 30 "http://localhost:3000/" "Mozilla/5.0 (Macintosh; Intel Mac OS X 10_15_7) AppleWebKit/537.36 (KHTML, like Gecko) Chrome/91.0.4472.77 Safari/537.36"
[0mGET /api/v1/posts?page=1&limit=25 [32m200[0m 134.810 ms - 5847[0m
[0mGET / [32m200[0m 76.052 ms - 13465[0m
[0mPOST /api/v1/users/create-session [32m200[0m 11.872 ms - 895[0m
[0mGET /api/v1/friendship/60e3680de2e7470495195737 [32m200[0m 268.025 ms - 744[0m
[0mGET /api/v1/users/60c2776e8a7c2e68f326cde5 [32m200[0m 25.543 ms - 760[0m
[0mGET /api/v1/users/60c2776e8a7c2e68f326cde5 [32m200[0m 18.651 ms - 760[0m
[0mGET /api/v1/users/607ab2f8850f2eb35d1bd598 [32m200[0m 86.646 ms - 690[0m
[0mGET /api/v1/posts?page=1&limit=25 [36m304[0m 414.699 ms - -[0m
[0mPOST /api/v1/users/create-session [32m200[0m 26.283 ms - 895[0m
[0mGET /api/v1/friendship/60e3680de2e7470495195737 [32m200[0m 164.111 ms - 744[0m
[0mGET /api/v1/users/607ab2f8850f2eb35d1bd598 [32m200[0m 27.314 ms - 690[0m
[0mGET /api/v1/posts?page=1&limit=25 [36m304[0m 139.251 ms - -[0m
[0mGET /api/v1/friendship/60e3680de2e7470495195737 [32m200[0m 117.395 ms - 744[0m
[0mGET /api/v1/posts?page=1&limit=25 [36m304[0m 133.299 ms - -[0m
[0mGET /api/v1/friendship/60e3680de2e7470495195737 [32m200[0m 1443.439 ms - 744[0m
[0mGET /api/v1/posts?page=1&limit=25 [36m304[0m 255.361 ms - -[0m
[0mGET /api/v1/friendship/60e3680de2e7470495195737 [32m200[0m 291.902 ms - 744[0m
[0mGET /api/v1/posts?page=1&limit=25 [36m304[0m 89.302 ms - -[0m
[0mGET /api/v1/friendship/60e3680de2e7470495195737 [32m200[0m 510.100 ms - 744[0m
[0mGET /api/v1/posts?page=1&limit=25 [36m304[0m 228.532 ms - -[0m
[0mGET /api/v1/friendship/60e3680de2e7470495195737 [32m200[0m 253.988 ms - 744[0m
[0mGET /api/v1/friendship/60e3680de2e7470495195737 [32m200[0m 601.115 ms - 744[0m
[0mGET /api/v1/posts?page=1&limit=25 [36m304[0m 618.290 ms - -[0m
[0mGET /api/v1/posts?page=1&limit=25 [36m304[0m 73.963 ms - -[0m
[0mGET /api/v1/friendship/60e3680de2e7470495195737 [32m200[0m 73.260 ms - 744[0m
[0mGET /api/v1/users/60c2776e8a7c2e68f326cde5 [32m200[0m 79.641 ms - 760[0m
