[0mGET /api/v1/posts?page=1&limit=25 [32m200[0m 526.950 ms - 15910[0m
[0mGET /api/v1/users/search?text=S [31m500[0m 12.676 ms - 35[0m
[0mGET /api/v1/users/search?text=Sh [31m500[0m 4.070 ms - 35[0m
[0mGET /api/v1/users/search?text=Sha [31m500[0m 3.236 ms - 35[0m
[0mGET /api/v1/posts?page=1&limit=25 [36m304[0m 112.678 ms - -[0m
[0mGET /api/v1/users/search?text=S [31m500[0m 10.924 ms - 35[0m
[0mGET /api/v1/users/search?text=Sh [31m500[0m 5.067 ms - 35[0m
[0mGET /api/v1/users/search?text=Sha [31m500[0m 5.368 ms - 35[0m
[0mGET /api/v1/users/search?text=Shan [31m500[0m 23.430 ms - 35[0m
[0mGET /api/v1/users/search?text=Shant [31m500[0m 4.999 ms - 35[0m
[0mGET /api/v1/users/search?text=Shanta [31m500[0m 3.729 ms - 35[0m
[0mGET /api/v1/users/search?text=Shantan [31m500[0m 2.601 ms - 35[0m
[0mGET /api/v1/users/search?text=Shantanu [31m500[0m 3.888 ms - 35[0m
[0mGET /api/v1/posts?page=1&limit=25 [36m304[0m 125.205 ms - -[0m
[0mGET /api/v1/users/search?text=S [31m500[0m 10.775 ms - 35[0m
[0mGET /api/v1/users/search?text=Sh [31m500[0m 15.057 ms - 35[0m
[0mGET /api/v1/users/search?text=Sha [31m500[0m 4.512 ms - 35[0m
[0mGET /api/v1/users/search?text=Shan [31m500[0m 3.581 ms - 35[0m
[0mGET /api/v1/posts?page=1&limit=25 [36m304[0m 158.565 ms - -[0m
[0mGET /api/v1/users/search?text=S [31m500[0m 9.096 ms - 35[0m
[0mGET /api/v1/users/search?text=Sh [31m500[0m 3.824 ms - 35[0m
[0mGET /api/v1/users/search?text=Sha [31m500[0m 2.665 ms - 35[0m
[0mGET /api/v1/users/search?text=Shan [31m500[0m 3.880 ms - 35[0m
[0mGET /api/v1/users/search?text=Shant [31m500[0m 2.920 ms - 35[0m
[0mGET /api/v1/posts?page=1&limit=25 [36m304[0m 271.788 ms - -[0m
[0mGET /api/v1/users/search?text=s [31m500[0m 11.897 ms - 35[0m
[0mGET /api/v1/users/search?text=sh [31m500[0m 5.754 ms - 35[0m
[0mGET /api/v1/users/search?text=sha [31m500[0m 3.610 ms - 35[0m
[0mGET /api/v1/users/search?text=shan [31m500[0m 3.537 ms - 35[0m
[0mGET /api/v1/users/search?text=shant [31m500[0m 3.534 ms - 35[0m
[0mGET /api/v1/users/search?text=shanta [31m500[0m 4.607 ms - 35[0m
[0mGET /api/v1/users/search?text=shantan [31m500[0m 3.172 ms - 35[0m
[0mGET /api/v1/users/search?text=shantanu [31m500[0m 6.921 ms - 35[0m
[0mGET /api/v1/posts?page=1&limit=25 [36m304[0m 161.502 ms - -[0m
[0mGET /api/v1/users/search?text=S [31m500[0m 11.675 ms - 35[0m
[0mGET /api/v1/users/search?text=Sh [31m500[0m 14.684 ms - 35[0m
[0mGET /api/v1/users/search?text=Sha [31m500[0m 3.510 ms - 35[0m
[0mGET /api/v1/posts?page=1&limit=25 [36m304[0m 172.734 ms - -[0m
[0mGET /api/v1/users/search?text=S [31m500[0m 12.460 ms - 35[0m
[0mGET /api/v1/users/search?text=Sh [31m500[0m 3.728 ms - 35[0m
[0mGET /api/v1/users/search?text=Sha [31m500[0m 3.043 ms - 35[0m
[0mGET /api/v1/posts?page=1&limit=25 [32m200[0m 132.120 ms - 15235[0m
[0mGET /api/v1/users/search?text=S [31m500[0m 23.145 ms - 35[0m
[0mGET /api/v1/users/search?text=Sh [31m500[0m 4.485 ms - 35[0m
[0mGET /api/v1/users/search?text=Sha [31m500[0m 3.776 ms - 35[0m
[0mGET /api/v1/users/search?text=Shan [31m500[0m 3.523 ms - 35[0m
[0mGET /api/v1/users/search?text=S [31m500[0m 31.421 ms - 35[0m
[0mGET /api/v1/users/search?text=Sh [31m500[0m 4.906 ms - 35[0m
[0mGET /api/v1/users/search?text=Sha [31m500[0m 5.868 ms - 35[0m
[0mGET /api/v1/posts?page=1&limit=25 [32m200[0m 238.415 ms - 15910[0m
[0mGET /api/v1/posts?page=1&limit=25 [36m304[0m 243.216 ms - -[0m
[0mGET /api/v1/users/search?text=S [31m500[0m 11.628 ms - 35[0m
[0mGET /api/v1/users/search?text=Sh [31m500[0m 4.088 ms - 35[0m
[0mGET /api/v1/users/search?text=Sha [31m500[0m 3.967 ms - 35[0m
[0mGET /api/v1/users/search?text=Shan [31m500[0m 2.482 ms - 35[0m
[0mGET /api/v1/users/search?text=Shant [31m500[0m 3.759 ms - 35[0m
[0mGET /api/v1/users/search?text=Shanta [31m500[0m 4.421 ms - 35[0m
[0mGET /api/v1/users/search?text=Shantan [31m500[0m 2.352 ms - 35[0m
[0mGET /api/v1/users/search?text=Shantanu [31m500[0m 2.781 ms - 35[0m
[0mGET /api/v1/posts?page=1&limit=25 [36m304[0m 236.357 ms - -[0m
[0mGET /api/v1/users/search?text=S [31m500[0m 12.117 ms - 35[0m
[0mGET /api/v1/users/search?text=Sh [31m500[0m 4.039 ms - 35[0m
[0mGET /api/v1/users/search?text=Sha [31m500[0m 3.485 ms - 35[0m
[0mGET /api/v1/users/search?text=Shan [31m500[0m 3.771 ms - 35[0m
[0mGET /api/v1/users/search?text=Shant [31m500[0m 3.554 ms - 35[0m
[0mGET /api/v1/users/search?text=Shanta [31m500[0m 3.411 ms - 35[0m
[0mGET /api/v1/users/search?text=Shantan [31m500[0m 5.086 ms - 35[0m
[0mGET /api/v1/users/search?text=Shantanu [31m500[0m 3.466 ms - 35[0m
[0mGET /api/v1/posts?page=1&limit=25 [36m304[0m 128.179 ms - -[0m
[0mGET /api/v1/posts?page=1&limit=25 [36m304[0m 95.304 ms - -[0m
[0mGET /api/v1/users/search?text=s [31m500[0m 10.176 ms - 35[0m
[0mGET /api/v1/users/search?text=sh [31m500[0m 3.628 ms - 35[0m
[0mGET /api/v1/users/search?text=sha [31m500[0m 5.409 ms - 35[0m
[0mGET /api/v1/users/search?text=shan [31m500[0m 6.881 ms - 35[0m
[0mGET /api/v1/users/search?text=shant [31m500[0m 6.352 ms - 35[0m
[0mGET /api/v1/users/search?text=shanta [31m500[0m 4.843 ms - 35[0m
[0mGET /api/v1/posts?page=1&limit=25 [36m304[0m 265.486 ms - -[0m
[0mGET /api/v1/users/search?text=S [31m500[0m 9.437 ms - 35[0m
[0mGET /api/v1/users/search?text=Sh [31m500[0m 3.698 ms - 35[0m
[0mGET /api/v1/users/search?text=Sha [31m500[0m 2.830 ms - 35[0m
[0mGET /api/v1/posts?page=1&limit=25 [36m304[0m 283.436 ms - -[0m
[0mGET /api/v1/users/search?text=s [31m500[0m 12.175 ms - 35[0m
[0mGET /api/v1/users/search?text=sh [31m500[0m 4.468 ms - 35[0m
[0mGET /api/v1/posts?page=1&limit=25 [36m304[0m 141.962 ms - -[0m
[0mGET /api/v1/users/search?text=s [31m500[0m 11.285 ms - 35[0m
[0mGET /api/v1/users/search?text=sh [31m500[0m 5.767 ms - 35[0m
[0mGET /api/v1/posts?page=1&limit=25 [36m304[0m 251.330 ms - -[0m
[0mGET /api/v1/users/search?text=s [31m500[0m 14.110 ms - 35[0m
[0mGET /api/v1/users/search?text=sh [31m500[0m 4.105 ms - 35[0m
[0mGET /api/v1/posts?page=1&limit=25 [36m304[0m 205.012 ms - -[0m
[0mGET /api/v1/users/search?text=s [31m500[0m 10.490 ms - 35[0m
[0mGET /api/v1/users/search?text=sh [31m500[0m 6.274 ms - 35[0m
[0mGET /api/v1/users/search?text=s [31m500[0m 26.291 ms - 35[0m
[0mGET /api/v1/posts?page=1&limit=25 [36m304[0m 164.345 ms - -[0m
[0mGET /api/v1/users/search?text=s [31m500[0m 10.427 ms - 35[0m
[0mGET /api/v1/posts?page=1&limit=25 [36m304[0m 225.327 ms - -[0m
[0mGET /api/v1/users/search?text=s [31m500[0m 11.053 ms - 35[0m
[0mGET /api/v1/posts?page=1&limit=25 [36m304[0m 306.332 ms - -[0m
[0mGET /api/v1/users/search?text=s [31m500[0m 10.132 ms - 35[0m
[0mGET /api/v1/users/search?text=sh [31m500[0m 3.357 ms - 35[0m
[0mGET /api/v1/posts?page=1&limit=25 [36m304[0m 213.914 ms - -[0m
[0mGET /api/v1/users/search?text=s [31m500[0m 16.114 ms - 35[0m
[0mGET /api/v1/posts?page=1&limit=25 [36m304[0m 280.862 ms - -[0m
[0mGET /api/v1/posts?page=1&limit=25 [36m304[0m 154.144 ms - -[0m
[0mGET /api/v1/users/search?text=s [31m500[0m 12.308 ms - 35[0m
[0mGET /api/v1/posts?page=1&limit=25 [36m304[0m 172.325 ms - -[0m
[0mGET /api/v1/users/search?text=s [31m500[0m 9.005 ms - 35[0m
[0mGET /api/v1/users/search?text=sha [31m500[0m 19.265 ms - 35[0m
[0mGET /api/v1/users/search?text=%27sha%27 [31m500[0m 41.421 ms - 35[0m
[0mGET /api/v1/posts?page=1&limit=25 [36m304[0m 207.456 ms - -[0m
[0mGET /api/v1/users/search?text=s [31m500[0m 16.290 ms - 35[0m
[0mGET /api/v1/posts?page=1&limit=25 [36m304[0m 315.240 ms - -[0m
[0mGET /api/v1/users/search?text=s [31m500[0m 10.520 ms - 35[0m
[0mGET /api/v1/posts?page=1&limit=25 [36m304[0m 231.026 ms - -[0m
[0mGET /api/v1/users/search?text=s [31m500[0m 9.934 ms - 35[0m
[0mGET /api/v1/posts?page=1&limit=25 [36m304[0m 359.043 ms - -[0m
[0mGET /api/v1/users/search?text=s [31m500[0m 12.537 ms - 35[0m
[0mGET /api/v1/posts?page=1&limit=25 [36m304[0m 285.877 ms - -[0m
[0mGET /api/v1/users/search?text=s [31m500[0m 6.157 ms - 35[0m
[0mGET /api/v1/posts?page=1&limit=25 [36m304[0m 227.947 ms - -[0m
[0mGET /api/v1/posts?page=1&limit=25 [36m304[0m 81.959 ms - -[0m
[0mGET /api/v1/posts?page=1&limit=25 [36m304[0m 182.903 ms - -[0m
[0mGET /api/v1/users/search?text=s [31m500[0m 6.969 ms - 35[0m
[0mGET /api/v1/posts?page=1&limit=25 [36m304[0m 163.328 ms - -[0m
[0mGET /api/v1/users/search?text=s [31m500[0m 13.633 ms - 35[0m
[0mGET /api/v1/users/search?text=hs [31m500[0m 4.291 ms - 35[0m
[0mGET /api/v1/users/search?text= [31m500[0m 5.915 ms - 35[0m
[0mGET /api/v1/users/search?text=s [31m500[0m 5.225 ms - 35[0m
[0mGET /api/v1/users/search?text=sh [31m500[0m 5.798 ms - 35[0m
[0mGET /api/v1/users/search?text=sha [31m500[0m 2.809 ms - 35[0m
[0mGET /api/v1/users/search?text=shan [31m500[0m 3.914 ms - 35[0m
[0mGET /api/v1/posts?page=1&limit=25 [36m304[0m 252.028 ms - -[0m
[0mGET /api/v1/posts?page=1&limit=25 [36m304[0m 238.113 ms - -[0m
[0mGET /api/v1/users/search?text=s [31m500[0m 15.517 ms - 35[0m
[0mGET /api/v1/users/search?text=sh [31m500[0m 7.900 ms - 35[0m
[0mGET /api/v1/users/search?text=sha [31m500[0m 2.663 ms - 35[0m
[0mGET /api/v1/users/search?text=shan [31m500[0m 3.741 ms - 35[0m
[0mGET /api/v1/users/search?text=shant [31m500[0m 6.672 ms - 35[0m
[0mGET /api/v1/users/search?text=shanta [31m500[0m 3.120 ms - 35[0m
[0mGET /api/v1/users/search?text=shantan [31m500[0m 4.135 ms - 35[0m
[0mGET /api/v1/users/search?text=shantanu [31m500[0m 3.074 ms - 35[0m
[0mGET /api/v1/users/search?text=hantanu [31m500[0m 6.124 ms - 35[0m
[0mGET /api/v1/users/search?text=Shantanu [31m500[0m 4.640 ms - 35[0m
[0mGET /api/v1/posts?page=1&limit=25 [36m304[0m 101.237 ms - -[0m
[0mGET /api/v1/posts?page=1&limit=25 [36m304[0m 281.893 ms - -[0m
[0mGET /api/v1/posts?page=1&limit=25 [36m304[0m 258.241 ms - -[0m
[0mGET /api/v1/users/search?name*s [31m500[0m 26.078 ms - 35[0m
[0mGET /api/v1/posts?page=1&limit=25 [36m304[0m 148.311 ms - -[0m
[0mGET /api/v1/posts?page=1&limit=25 [36m304[0m 96.756 ms - -[0m
[0mGET /api/v1/users/search?name=s [31m500[0m 5.067 ms - 35[0m
[0mGET /api/v1/users/search?name=Shantanu [31m500[0m 8.423 ms - 35[0m
[0mGET /api/v1/posts?page=1&limit=25 [36m304[0m 131.188 ms - -[0m
[0mGET /api/v1/posts?page=1&limit=25 [36m304[0m 284.075 ms - -[0m
[0mGET /api/v1/posts?page=1&limit=25 [36m304[0m 122.197 ms - -[0m
[0mGET /api/v1/posts?page=1&limit=25 [36m304[0m 80.574 ms - -[0m
[0mGET /api/v1/posts?page=1&limit=25 [36m304[0m 101.666 ms - -[0m
[0mGET /api/v1/users/search/s [32m200[0m 18.601 ms - 3772[0m
[0mGET /api/v1/users/search/sh [32m200[0m 17.030 ms - 3414[0m
[0mGET /api/v1/users/search/sha [32m200[0m 11.802 ms - 3414[0m
[0mGET /api/v1/users/search/shan [32m200[0m 11.673 ms - 1933[0m
[0mGET /api/v1/users/search/shant [32m200[0m 5.399 ms - 1933[0m
[0mGET /api/v1/users/search/shan [36m304[0m 9.097 ms - -[0m
[0mGET /api/v1/users/search/sha [36m304[0m 15.075 ms - -[0m
[0mGET /api/v1/users/search/sh [36m304[0m 14.245 ms - -[0m
[0mGET /api/v1/users/search/s [36m304[0m 13.967 ms - -[0m
[0mGET /api/v1/users/search/ [31m500[0m 11.650 ms - 35[0m
[0mGET /api/v1/users/search/r [32m200[0m 8.202 ms - 461[0m
[0mGET /api/v1/users/search/re [32m200[0m 6.306 ms - 75[0m
[0mGET /api/v1/users/search/rea [32m200[0m 5.086 ms - 75[0m
[0mGET /api/v1/users/search/re [36m304[0m 13.444 ms - -[0m
[0mGET /api/v1/users/search/r [36m304[0m 8.146 ms - -[0m
[0mGET /api/v1/users/search/re [36m304[0m 4.342 ms - -[0m
[0mGET /api/v1/users/search/rea [36m304[0m 9.451 ms - -[0m
[0mGET /api/v1/users/search/real [32m200[0m 6.234 ms - 75[0m
[0mGET /api/v1/users/search/rea [36m304[0m 10.957 ms - -[0m
[0mGET /api/v1/users/search/re [36m304[0m 4.167 ms - -[0m
[0mGET /api/v1/users/search/r [36m304[0m 11.839 ms - -[0m
[0mGET /api/v1/users/search/ [31m500[0m 6.073 ms - 35[0m
[0mGET /api/v1/users/search/k [32m200[0m 5.608 ms - 268[0m
[0mGET /api/v1/users/search/ka [32m200[0m 6.122 ms - 268[0m
[0mGET /api/v1/users/search/kaa [32m200[0m 4.346 ms - 268[0m
[0mGET /api/v1/users/search/kaar [32m200[0m 5.513 ms - 268[0m
[0mGET /api/v1/posts?page=1&limit=25 [36m304[0m 134.710 ms - -[0m
[0mGET /api/v1/users/search/s [36m304[0m 12.802 ms - -[0m
[0mGET /api/v1/users/search/ [31m500[0m 9.108 ms - 35[0m
[0mGET /api/v1/posts?page=1&limit=25 [36m304[0m 245.914 ms - -[0m
[0mGET /api/v1/users/search/S [32m200[0m 13.983 ms - 3772[0m
[0mGET /api/v1/users/search/Se [32m200[0m 18.974 ms - 75[0m
[0mGET /api/v1/users/search/S [36m304[0m 20.380 ms - -[0m
[0mGET /api/v1/users/search/SH [32m200[0m 17.990 ms - 3414[0m
[0mGET /api/v1/users/search/SHa [32m200[0m 21.691 ms - 3414[0m
[0mGET /api/v1/users/605e0c6242f21d160645898b [32m200[0m 25.540 ms - 1072[0m
[0mGET /api/v1/users/search/SH [36m304[0m 18.363 ms - -[0m
[0mGET /api/v1/users/search/S [36m304[0m 15.768 ms - -[0m
[0mGET /api/v1/users/search/ [31m500[0m 12.572 ms - 35[0m
[0mGET /api/v1/users/search/S [36m304[0m 8.907 ms - -[0m
[0mGET /api/v1/users/search/Sh [32m200[0m 9.416 ms - 3414[0m
[0mGET /api/v1/users/search/Sha [32m200[0m 11.349 ms - 3414[0m
[0mGET /api/v1/users/search/Shan [32m200[0m 7.038 ms - 1933[0m
[0mGET /api/v1/users/search/Shant [32m200[0m 7.478 ms - 1933[0m
[0mGET /api/v1/users/search/Shanta [32m200[0m 10.211 ms - 1933[0m
[0mGET /api/v1/users/search/Shantan [32m200[0m 6.560 ms - 1933[0m
[0mGET /api/v1/users/search/Shantanu [32m200[0m 15.022 ms - 1933[0m
[0mGET /api/v1/users/search/Shantan [36m304[0m 13.506 ms - -[0m
[0mGET /api/v1/users/search/Shanta [36m304[0m 9.125 ms - -[0m
[0mGET /api/v1/users/search/Shant [36m304[0m 9.834 ms - -[0m
[0mGET /api/v1/users/search/Shan [36m304[0m 6.679 ms - -[0m
[0mGET /api/v1/users/search/Sha [36m304[0m 13.367 ms - -[0m
[0mGET /api/v1/users/search/Sh [36m304[0m 19.065 ms - -[0m
[0mGET /api/v1/users/search/S [36m304[0m 10.183 ms - -[0m
[0mGET /api/v1/users/search/ [31m500[0m 5.535 ms - 35[0m
[0mGET /api/v1/users/search/R [32m200[0m 9.871 ms - 461[0m
[0mGET /api/v1/users/search/Ro [32m200[0m 5.313 ms - 267[0m
[0mGET /api/v1/users/search/Ron [32m200[0m 5.290 ms - 267[0m
[0mGET /api/v1/users/search/Rona [32m200[0m 4.100 ms - 267[0m
[0mGET /api/v1/users/search/Ronal [32m200[0m 4.502 ms - 267[0m
[0mGET /api/v1/users/search/Ronald [32m200[0m 11.011 ms - 267[0m
[0mGET /api/v1/users/search/Ronaldo [32m200[0m 4.960 ms - 267[0m
[0mGET /api/v1/users/search/Ronald [36m304[0m 6.944 ms - -[0m
[0mGET /api/v1/users/search/Ronal [36m304[0m 8.849 ms - -[0m
[0mGET /api/v1/users/search/Rona [36m304[0m 9.756 ms - -[0m
[0mGET /api/v1/users/search/Ron [36m304[0m 3.970 ms - -[0m
[0mGET /api/v1/users/search/Ro [36m304[0m 3.912 ms - -[0m
[0mGET /api/v1/users/search/R [36m304[0m 6.089 ms - -[0m
[0mGET /api/v1/users/search/ [31m500[0m 3.505 ms - 35[0m
[0mGET /api/v1/posts?page=1&limit=25 [36m304[0m 73.700 ms - -[0m
[0mGET /api/v1/users/search/s [36m304[0m 22.890 ms - -[0m
[0mGET /api/v1/users/search/sh [36m304[0m 12.254 ms - -[0m
[0mGET /api/v1/users/search/sha [36m304[0m 7.781 ms - -[0m
[0mGET /api/v1/users/search/sh [36m304[0m 8.004 ms - -[0m
[0mGET /api/v1/users/search/s [36m304[0m 21.455 ms - -[0m
[0mGET /api/v1/users/search/ [31m500[0m 2.944 ms - 35[0m
[0mGET /api/v1/users/search/t [32m200[0m 13.171 ms - 2127[0m
[0mGET /api/v1/users/search/th [32m200[0m 5.906 ms - 75[0m
[0mGET /api/v1/users/search/tho [32m200[0m 5.091 ms - 75[0m
[0mGET /api/v1/users/search/thor [32m200[0m 4.567 ms - 75[0m
[0mGET /api/v1/users/search/tho [36m304[0m 2.919 ms - -[0m
[0mGET /api/v1/users/search/th [36m304[0m 2.369 ms - -[0m
[0mGET /api/v1/users/search/t [36m304[0m 6.849 ms - -[0m
[0mGET /api/v1/users/search/ [31m500[0m 3.060 ms - 35[0m
[0mGET /api/v1/users/search/t [36m304[0m 7.487 ms - -[0m
[0mGET /api/v1/users/search/th [36m304[0m 5.490 ms - -[0m
[0mGET /api/v1/users/search/tho [36m304[0m 7.991 ms - -[0m
[0mGET /api/v1/users/search/thor [36m304[0m 6.180 ms - -[0m
[0mGET /api/v1/users/search/tho [36m304[0m 7.545 ms - -[0m
[0mGET /api/v1/users/search/th [36m304[0m 9.487 ms - -[0m
[0mGET /api/v1/users/search/t [36m304[0m 6.023 ms - -[0m
[0mGET /api/v1/users/search/ [31m500[0m 4.320 ms - 35[0m
[0mGET /api/v1/users/search/s [36m304[0m 10.767 ms - -[0m
[0mGET /api/v1/users/search/sh [36m304[0m 9.555 ms - -[0m
[0mGET /api/v1/users/search/sha [36m304[0m 11.561 ms - -[0m
[0mGET /api/v1/users/search/shan [36m304[0m 11.929 ms - -[0m
[0mGET /api/v1/users/search/shant [36m304[0m 9.623 ms - -[0m
[0mGET /api/v1/users/search/shanta [32m200[0m 7.895 ms - 1933[0m
[0mGET /api/v1/users/60603e87d8dd5f21a4f48042 [32m200[0m 11.921 ms - 650[0m
[0mGET /api/v1/users/search/shant [36m304[0m 6.052 ms - -[0m
[0mGET /api/v1/users/search/shan [36m304[0m 6.128 ms - -[0m
[0mGET /api/v1/users/search/sha [36m304[0m 9.493 ms - -[0m
[0mGET /api/v1/users/search/sh [36m304[0m 17.298 ms - -[0m
[0mGET /api/v1/users/search/s [36m304[0m 17.029 ms - -[0m
[0mGET /api/v1/users/search/ [31m500[0m 6.279 ms - 35[0m
[0mGET /api/v1/users/search/h [32m200[0m 7.090 ms - 3414[0m
[0mGET /api/v1/users/search/hu [32m200[0m 9.992 ms - 75[0m
[0mGET /api/v1/users/search/hul [32m200[0m 7.946 ms - 75[0m
[0mGET /api/v1/users/search/hu [36m304[0m 7.176 ms - -[0m
[0mGET /api/v1/users/search/h [36m304[0m 8.701 ms - -[0m
[0mGET /api/v1/users/search/ [31m500[0m 3.952 ms - 35[0m
[0mPOST /api/v1/posts/toggleLike?likeable_id=60b496ffcde5398fd748b774&likeable_type=Post [32m200[0m 42.029 ms - 311[0m
[0mPOST /api/v1/posts/toggleLike?likeable_id=60b496ffcde5398fd748b774&likeable_type=Post [32m200[0m 12.520 ms - 276[0m
[0mPOST /api/v1/posts/toggleLike?likeable_id=60b3c7ccb4e9378355eb5fc4&likeable_type=Post [32m200[0m 9.439 ms - 101[0m
[0mPOST /api/v1/posts/toggleLike?likeable_id=60b3c7ccb4e9378355eb5fc4&likeable_type=Post [32m200[0m 7.939 ms - 67[0m
[0mGET /api/v1/posts?page=1&limit=25 [32m200[0m 81.448 ms - 15910[0m
[0mGET /api/v1/users/search/S [36m304[0m 9.401 ms - -[0m
[0mGET /api/v1/users/search/Sh [36m304[0m 7.527 ms - -[0m
[0mGET /api/v1/users/search/Sha [36m304[0m 6.403 ms - -[0m
[0mGET /api/v1/users/search/Shan [36m304[0m 8.277 ms - -[0m
[0mGET /api/v1/users/search/Shant [36m304[0m 4.993 ms - -[0m
[0mGET /api/v1/users/search/Shanta [36m304[0m 7.635 ms - -[0m
[0mGET /api/v1/users/605e0c6242f21d160645898b [32m200[0m 10.977 ms - 1072[0m
[0mGET /api/v1/users/search/Shant [36m304[0m 7.641 ms - -[0m
[0mGET /api/v1/users/search/Shan [36m304[0m 5.132 ms - -[0m
[0mGET /api/v1/users/search/Sha [36m304[0m 7.915 ms - -[0m
[0mGET /api/v1/users/search/Sh [36m304[0m 7.382 ms - -[0m
[0mGET /api/v1/users/search/S [36m304[0m 26.408 ms - -[0m
[0mGET /api/v1/users/search/ [31m500[0m 4.021 ms - 35[0m
[0mGET /api/v1/users/search/S [36m304[0m 12.009 ms - -[0m
[0mGET /api/v1/users/search/Sa [32m200[0m 3.489 ms - 75[0m
[0mGET /api/v1/users/search/S [36m304[0m 7.212 ms - -[0m
[0mGET /api/v1/users/search/Sh [36m304[0m 8.291 ms - -[0m
[0mGET /api/v1/users/search/Sha [36m304[0m 7.333 ms - -[0m
[0mGET /api/v1/users/search/Shan [36m304[0m 6.882 ms - -[0m
[0mGET /api/v1/users/search/Shant [36m304[0m 5.058 ms - -[0m
[0mGET /api/v1/users/search/Shanta [36m304[0m 4.626 ms - -[0m
[0mGET /api/v1/users/search/ [31m500[0m 2.672 ms - 35[0m
[0mGET /api/v1/users/search/k [36m304[0m 2.882 ms - -[0m
[0mGET /api/v1/users/search/ka [36m304[0m 2.583 ms - -[0m
[0mGET /api/v1/users/search/kaa [36m304[0m 3.848 ms - -[0m
[0mGET /api/v1/users/607ab2f8850f2eb35d1bd598 [32m200[0m 4.219 ms - 650[0m
[0mGET /api/v1/users/search/S [36m304[0m 9.681 ms - -[0m
[0mGET /api/v1/users/search/Sh [36m304[0m 7.946 ms - -[0m
[0mGET /api/v1/users/search/Sha [36m304[0m 7.421 ms - -[0m
[0mGET /api/v1/users/search/Shan [36m304[0m 5.508 ms - -[0m
[0mGET /api/v1/users/search/Shant [36m304[0m 4.685 ms - -[0m
[0mGET /api/v1/users/search/Shanta [36m304[0m 5.009 ms - -[0m
[0mGET /api/v1/users/search/Shantan [36m304[0m 6.274 ms - -[0m
[0mGET /api/v1/users/search/Shantanu [36m304[0m 4.498 ms - -[0m
[0mGET /api/v1/users/605e0c6242f21d160645898b [32m200[0m 9.737 ms - 1072[0m
[0mGET /api/v1/users/search/k [36m304[0m 3.641 ms - -[0m
[0mGET /api/v1/users/search/ka [36m304[0m 3.915 ms - -[0m
[0mGET /api/v1/users/search/kaa [36m304[0m 3.626 ms - -[0m
[0mGET /api/v1/users/search/kaar [36m304[0m 3.103 ms - -[0m
[0mGET /api/v1/users/search/kaari [32m200[0m 2.255 ms - 75[0m
[0mGET /api/v1/users/search/kaar [36m304[0m 2.851 ms - -[0m
[0mGET /api/v1/users/search/kaart [32m200[0m 3.569 ms - 268[0m
[0mGET /api/v1/users/607ab2f8850f2eb35d1bd598 [32m200[0m 6.283 ms - 650[0m
[0mGET /api/v1/users/607ab2f8850f2eb35d1bd598 [32m200[0m 43.113 ms - 650[0m
[0mGET /api/v1/posts?page=1&limit=25 [36m304[0m 134.964 ms - -[0m
[0mGET /api/v1/users/search/s [36m304[0m 7.687 ms - -[0m
[0mGET /api/v1/users/search/sh [36m304[0m 10.286 ms - -[0m
[0mGET /api/v1/users/search/sha [36m304[0m 6.611 ms - -[0m
[0mGET /api/v1/users/search/shan [36m304[0m 6.205 ms - -[0m
[0mGET /api/v1/users/605e0c6242f21d160645898b [32m200[0m 9.318 ms - 1072[0m
[0mGET /api/v1/users/search/s [36m304[0m 8.845 ms - -[0m
[0mGET /api/v1/users/search/ [31m500[0m 3.402 ms - 35[0m
[0mGET /api/v1/users/search/k [36m304[0m 3.288 ms - -[0m
[0mGET /api/v1/users/search/ka [36m304[0m 3.756 ms - -[0m
[0mGET /api/v1/users/607ab2f8850f2eb35d1bd598 [32m200[0m 5.861 ms - 650[0m
[0mGET /api/v1/users/search/k [36m304[0m 5.481 ms - -[0m
[0mGET /api/v1/users/search/ [31m500[0m 2.396 ms - 35[0m
[0mGET /api/v1/users/search/s [36m304[0m 8.135 ms - -[0m
[0mGET /api/v1/users/search/sh [36m304[0m 9.814 ms - -[0m
[0mGET /api/v1/users/search/sha [36m304[0m 7.272 ms - -[0m
[0mGET /api/v1/users/search/shaa [32m200[0m 7.726 ms - 1556[0m
[0mGET /api/v1/users/60799e6e36e5b4a9c7b3a428 [32m200[0m 10.047 ms - 769[0m
[0mGET /api/v1/users/search/ [31m500[0m 2.484 ms - 35[0m
[0mGET /api/v1/users/search/k [36m304[0m 3.693 ms - -[0m
[0mGET /api/v1/users/search/ka [36m304[0m 3.002 ms - -[0m
[0mGET /api/v1/users/search/kaa [36m304[0m 2.574 ms - -[0m
[0mGET /api/v1/users/607ab2f8850f2eb35d1bd598 [32m200[0m 4.095 ms - 650[0m
[0mGET /api/v1/users/search/s [36m304[0m 7.001 ms - -[0m
[0mGET /api/v1/users/search/sh [36m304[0m 6.426 ms - -[0m
[0mGET /api/v1/users/search/sha [36m304[0m 9.376 ms - -[0m
[0mGET /api/v1/users/search/shaa [36m304[0m 9.067 ms - -[0m
[0mGET /api/v1/users/605e0c6242f21d160645898b [32m200[0m 5.671 ms - 1072[0m
[0mGET /api/v1/users/search/sha [36m304[0m 6.081 ms - -[0m
[0mGET /api/v1/users/search/sh [36m304[0m 6.730 ms - -[0m
[0mGET /api/v1/users/search/s [36m304[0m 8.510 ms - -[0m
[0mGET /api/v1/users/search/ [31m500[0m 3.370 ms - 35[0m
[0mGET /api/v1/users/search/s [36m304[0m 7.279 ms - -[0m
[0mGET /api/v1/users/search/sh [36m304[0m 8.070 ms - -[0m
[0mGET /api/v1/users/search/sha [36m304[0m 8.518 ms - -[0m
[0mGET /api/v1/users/605e0c6242f21d160645898b [32m200[0m 142.296 ms - 1072[0m
[0mGET /api/v1/users/search/sh [36m304[0m 7.265 ms - -[0m
[0mGET /api/v1/users/search/s [36m304[0m 6.745 ms - -[0m
[0mGET /api/v1/users/search/ [31m500[0m 2.220 ms - 35[0m
[0mGET /api/v1/users/search/k [36m304[0m 2.589 ms - -[0m
[0mGET /api/v1/users/search/ka [36m304[0m 3.069 ms - -[0m
[0mGET /api/v1/users/search/kaa [36m304[0m 2.849 ms - -[0m
[0mGET /api/v1/users/607ab2f8850f2eb35d1bd598 [32m200[0m 18.873 ms - 650[0m
[0mGET /api/v1/users/search/ka [36m304[0m 3.990 ms - -[0m
[0mGET /api/v1/users/search/k [36m304[0m 2.687 ms - -[0m
[0mGET /api/v1/users/search/ [31m500[0m 4.523 ms - 35[0m
[0mGET /api/v1/users/search/s [36m304[0m 10.256 ms - -[0m
[0mGET /api/v1/users/search/ [31m500[0m 2.667 ms - 35[0m
[0mGET /api/v1/users/search/k [36m304[0m 3.876 ms - -[0m
[0mGET /api/v1/users/search/ka [36m304[0m 3.317 ms - -[0m
[0mGET /api/v1/users/search/kaa [36m304[0m 3.047 ms - -[0m
[0mGET /api/v1/users/607ab2f8850f2eb35d1bd598 [32m200[0m 3.760 ms - 650[0m
[0mGET /api/v1/users/search/ka [36m304[0m 3.034 ms - -[0m
[0mGET /api/v1/users/search/k [36m304[0m 2.703 ms - -[0m
[0mGET /api/v1/users/search/ [31m500[0m 2.667 ms - 35[0m
[0mGET /api/v1/users/search/sha [32m200[0m 163.518 ms - 3414[0m
[0mGET /api/v1/users/search/ka [32m200[0m 56.617 ms - 268[0m
[0mGET /api/v1/users/search/shaan [32m200[0m 10.028 ms - 1556[0m
[0mGET /api/v1/users/search/kaa [32m200[0m 7.847 ms - 268[0m
[0mGET /api/v1/posts?page=1&limit=25 [36m304[0m 200.984 ms - -[0m
[0mGET /api/v1/posts?page=1&limit=25 [36m304[0m 76.798 ms - -[0m
[0mGET /api/v1/posts?page=1&limit=25 [36m304[0m 57.977 ms - -[0m
[0mGET /api/v1/users/search/s [36m304[0m 9.557 ms - -[0m
[0mGET /api/v1/users/search/sh [36m304[0m 8.355 ms - -[0m
[0mGET /api/v1/users/search/s [36m304[0m 11.043 ms - -[0m
[0mGET /api/v1/users/search/ [31m500[0m 10.528 ms - 35[0m
[0mGET /api/v1/posts?page=1&limit=25 [36m304[0m 550.453 ms - -[0m
[0mGET /api/v1/posts?page=1&limit=25 [36m304[0m 126.385 ms - -[0m
[0mGET /api/v1/posts?page=1&limit=25 [36m304[0m 74.832 ms - -[0m
[0mGET /api/v1/posts?page=1&limit=25 [36m304[0m 181.523 ms - -[0m
[0mGET /api/v1/posts?page=1&limit=25 [36m304[0m 285.509 ms - -[0m
[0mGET /api/v1/posts?page=1&limit=25 [36m304[0m 43.950 ms - -[0m
[0mGET /api/v1/posts?page=1&limit=25 [36m304[0m 39.914 ms - -[0m
[0mGET /api/v1/posts?page=1&limit=25 [36m304[0m 104.716 ms - -[0m
[0mPOST /api/v1/posts/toggleLike?likeable_id=60b496ffcde5398fd748b774&likeable_type=Post [32m200[0m 32.984 ms - 311[0m
[0mPOST /api/v1/posts/toggleLike?likeable_id=60b496ffcde5398fd748b774&likeable_type=Post [32m200[0m 10.784 ms - 276[0m
[0mGET /api/v1/posts?page=1&limit=25 [32m200[0m 45.217 ms - 15910[0m
[0mGET /api/v1/posts?page=1&limit=25 [36m304[0m 148.211 ms - -[0m
[0mGET /api/v1/posts?page=1&limit=25 [36m304[0m 168.256 ms - -[0m
[0mGET /api/v1/posts?page=1&limit=25 [36m304[0m 46.699 ms - -[0m
[0mGET / [32m200[0m 155.356 ms - 28210[0m
[0mGET /socket.io/?EIO=4&transport=polling&t=NdHpmT7 [33m404[0m 0.998 ms - 149[0m
[0mGET /socket.io/?EIO=4&transport=polling&t=NdHpmSx [33m404[0m 3.207 ms - 149[0m
[0mGET /api/v1/posts?page=1&limit=25 [36m304[0m 123.562 ms - -[0m
[0mGET /socket.io/?EIO=4&transport=polling&t=NdHpmvE [33m404[0m 1.372 ms - 149[0m
[0mGET /socket.io/?EIO=4&transport=polling&t=NdHpmvI [33m404[0m 1.407 ms - 149[0m
[0mGET /socket.io/?EIO=4&transport=polling&t=NdHpnNu [33m404[0m 1.547 ms - 149[0m
[0mGET /socket.io/?EIO=4&transport=polling&t=NdHpndb [33m404[0m 1.605 ms - 149[0m
[0mGET /socket.io/?EIO=4&transport=polling&t=NdHpotQ [33m404[0m 0.889 ms - 149[0m
[0mGET /socket.io/?EIO=4&transport=polling&t=NdHpotO [33m404[0m 0.906 ms - 149[0m
[0mGET /socket.io/?EIO=4&transport=polling&t=NdHpqIU [33m404[0m 0.975 ms - 149[0m
[0mGET /socket.io/?EIO=4&transport=polling&t=NdHpqIS [33m404[0m 1.251 ms - 149[0m
[0mGET /socket.io/?EIO=4&transport=polling&t=NdHpsDK [33m404[0m 0.880 ms - 149[0m
[0mGET /socket.io/?EIO=4&transport=polling&t=NdHpsDN [33m404[0m 0.854 ms - 149[0m
[0mGET /socket.io/?EIO=4&transport=polling&t=NdHptos [33m404[0m 1.835 ms - 149[0m
[0mGET /socket.io/?EIO=4&transport=polling&t=NdHptoy [33m404[0m 0.899 ms - 149[0m
[0mGET /socket.io/?EIO=4&transport=polling&t=NdHpvZ3 [33m404[0m 0.813 ms - 149[0m
[0mGET /socket.io/?EIO=4&transport=polling&t=NdHpvZ7 [33m404[0m 0.873 ms - 149[0m
[0mGET /socket.io/?EIO=4&transport=polling&t=NdHpxG0 [33m404[0m 1.432 ms - 149[0m
[0mGET /socket.io/?EIO=4&transport=polling&t=NdHpxG1 [33m404[0m 0.929 ms - 149[0m
[0mGET /socket.io/?EIO=4&transport=polling&t=NdHpy_1 [33m404[0m 1.018 ms - 149[0m
[0mGET /socket.io/?EIO=4&transport=polling&t=NdHpy_5 [33m404[0m 0.817 ms - 149[0m
[0mGET /socket.io/?EIO=4&transport=polling&t=NdHp-fT [33m404[0m 2.427 ms - 149[0m
[0mGET /socket.io/?EIO=4&transport=polling&t=NdHp-fY [33m404[0m 0.807 ms - 149[0m
[0mGET /socket.io/?EIO=4&transport=polling&t=NdHq08_ [33m404[0m 0.802 ms - 149[0m
[0mGET /socket.io/?EIO=4&transport=polling&t=NdHq093 [33m404[0m 1.092 ms - 149[0m
[0mGET /socket.io/?EIO=4&transport=polling&t=NdHq1ub [33m404[0m 2.944 ms - 149[0m
[0mGET /socket.io/?EIO=4&transport=polling&t=NdHq1ue [33m404[0m 4.856 ms - 149[0m
[0mGET /socket.io/?EIO=4&transport=polling&t=NdHq3Y7 [33m404[0m 1.178 ms - 149[0m
[0mGET /socket.io/?EIO=4&transport=polling&t=NdHq3YB [33m404[0m 1.656 ms - 149[0m
[0mGET /socket.io/?EIO=4&transport=polling&t=NdHq51Q [33m404[0m 0.771 ms - 149[0m
[0mGET /socket.io/?EIO=4&transport=polling&t=NdHq51U [33m404[0m 2.238 ms - 149[0m
[0mGET /socket.io/?EIO=4&transport=polling&t=NdHq6Mn [33m404[0m 0.940 ms - 149[0m
[0mGET /socket.io/?EIO=4&transport=polling&t=NdHq6Mh [33m404[0m 1.016 ms - 149[0m
[0mGET /socket.io/?EIO=4&transport=polling&t=NdHq7rM [33m404[0m 0.757 ms - 149[0m
[0mGET /socket.io/?EIO=4&transport=polling&t=NdHq7rK [33m404[0m 0.935 ms - 149[0m
[0mGET /socket.io/?EIO=4&transport=polling&t=NdHq9WR [33m404[0m 0.772 ms - 149[0m
[0mGET /socket.io/?EIO=4&transport=polling&t=NdHq9WT [33m404[0m 0.812 ms - 149[0m
[0mGET /socket.io/?EIO=4&transport=polling&t=NdHqAm2 [33m404[0m 0.829 ms - 149[0m
[0mGET /socket.io/?EIO=4&transport=polling&t=NdHqAm1 [33m404[0m 1.036 ms - 149[0m
[0mGET /socket.io/?EIO=4&transport=polling&t=NdHqCDj [33m404[0m 0.775 ms - 149[0m
[0mGET /socket.io/?EIO=4&transport=polling&t=NdHqCDh [33m404[0m 1.404 ms - 149[0m
[0mGET /socket.io/?EIO=4&transport=polling&t=NdHqDhb.0 [33m404[0m 0.728 ms - 149[0m
[0mGET /socket.io/?EIO=4&transport=polling&t=NdHqDhb [33m404[0m 1.746 ms - 149[0m
[0mGET /socket.io/?EIO=4&transport=polling&t=NdHqFBH [33m404[0m 0.801 ms - 149[0m
[0mGET /socket.io/?EIO=4&transport=polling&t=NdHqFBI [33m404[0m 0.893 ms - 149[0m
[0mGET /socket.io/?EIO=4&transport=polling&t=NdHqGd0 [33m404[0m 0.850 ms - 149[0m
[0mGET /socket.io/?EIO=4&transport=polling&t=NdHqGd3 [33m404[0m 0.839 ms - 149[0m
[0mGET /socket.io/?EIO=4&transport=polling&t=NdHqI7q [33m404[0m 0.768 ms - 149[0m
[0mGET /socket.io/?EIO=4&transport=polling&t=NdHqI7s [33m404[0m 0.805 ms - 149[0m
[0mGET /socket.io/?EIO=4&transport=polling&t=NdHqJYV [33m404[0m 0.807 ms - 149[0m
[0mGET /socket.io/?EIO=4&transport=polling&t=NdHqJYd [33m404[0m 0.789 ms - 149[0m
[0mGET /socket.io/?EIO=4&transport=polling&t=NdHqL7R [33m404[0m 0.767 ms - 149[0m
[0mGET /socket.io/?EIO=4&transport=polling&t=NdHqL7S [33m404[0m 0.753 ms - 149[0m
[0mGET /socket.io/?EIO=4&transport=polling&t=NdHqMTx [33m404[0m 0.798 ms - 149[0m
[0mGET /socket.io/?EIO=4&transport=polling&t=NdHqMTy [33m404[0m 0.749 ms - 149[0m
[0mGET /socket.io/?EIO=4&transport=polling&t=NdHqO3Y [33m404[0m 0.815 ms - 149[0m
[0mGET /socket.io/?EIO=4&transport=polling&t=NdHqO3N [33m404[0m 0.848 ms - 149[0m
[0mGET /socket.io/?EIO=4&transport=polling&t=NdHqPXX [33m404[0m 0.953 ms - 149[0m
[0mGET /socket.io/?EIO=4&transport=polling&t=NdHqPXW [33m404[0m 0.916 ms - 149[0m
[0mGET /socket.io/?EIO=4&transport=polling&t=NdHqQtJ [33m404[0m 0.738 ms - 149[0m
[0mGET /socket.io/?EIO=4&transport=polling&t=NdHqQtK [33m404[0m 0.803 ms - 149[0m
[0mGET /socket.io/?EIO=4&transport=polling&t=NdHqSU5 [33m404[0m 0.751 ms - 149[0m
[0mGET /socket.io/?EIO=4&transport=polling&t=NdHqSU4 [33m404[0m 0.737 ms - 149[0m
[0mGET /socket.io/?EIO=4&transport=polling&t=NdHqTpS [33m404[0m 1.086 ms - 149[0m
[0mGET /socket.io/?EIO=4&transport=polling&t=NdHqTpT [33m404[0m 0.845 ms - 149[0m
[0mGET /socket.io/?EIO=4&transport=polling&t=NdHqVK6.0 [33m404[0m 1.088 ms - 149[0m
[0mGET /socket.io/?EIO=4&transport=polling&t=NdHqVK6 [33m404[0m 0.960 ms - 149[0m
[0mGET /socket.io/?EIO=4&transport=polling&t=NdHqWmV [33m404[0m 1.193 ms - 149[0m
[0mGET /socket.io/?EIO=4&transport=polling&t=NdHqWma [33m404[0m 0.784 ms - 149[0m
[0mGET /socket.io/?EIO=4&transport=polling&t=NdHqYQ1 [33m404[0m 19.545 ms - 149[0m
[0mGET /socket.io/?EIO=4&transport=polling&t=NdHqYQ5 [33m404[0m 20.588 ms - 149[0m
[0mGET /socket.io/?EIO=4&transport=polling&t=NdHqZfi [33m404[0m 0.851 ms - 149[0m
[0mGET /socket.io/?EIO=4&transport=polling&t=NdHqZfj [33m404[0m 0.738 ms - 149[0m
[0mGET /socket.io/?EIO=4&transport=polling&t=NdHqb95 [33m404[0m 1.104 ms - 149[0m
[0mGET /socket.io/?EIO=4&transport=polling&t=NdHqb98 [33m404[0m 1.778 ms - 149[0m
[0mGET /api/v1/posts?page=1&limit=25 [36m304[0m 46.111 ms - -[0m
[0mGET /api/v1/posts?page=1&limit=25 [36m304[0m 123.096 ms - -[0m
[0mGET /socket.io/?EIO=4&transport=polling&t=NdHqyJF [33m404[0m 2.250 ms - 149[0m
[0mGET /socket.io/?EIO=4&transport=polling&t=NdHqyJ8 [33m404[0m 1.217 ms - 149[0m
[0mGET /socket.io/?EIO=4&transport=polling&t=NdHqydh [33m404[0m 1.567 ms - 149[0m
[0mGET /socket.io/?EIO=4&transport=polling&t=NdHqyds [33m404[0m 0.752 ms - 149[0m
[0mGET /api/v1/posts?page=1&limit=25 [36m304[0m 180.972 ms - -[0m
[0mGET /socket.io/?EIO=4&transport=polling&t=NdHqyyp [33m404[0m 0.817 ms - 149[0m
[0mGET /socket.io/?EIO=4&transport=polling&t=NdHqyyf [33m404[0m 0.907 ms - 149[0m
[0mGET /socket.io/?EIO=4&transport=polling&t=NdHqzIf [33m404[0m 1.199 ms - 149[0m
[0mGET /socket.io/?EIO=4&transport=polling&t=NdHqzZJ [33m404[0m 0.903 ms - 149[0m
[0mGET /socket.io/?EIO=4&transport=polling&t=NdHq-3a [33m404[0m 1.249 ms - 149[0m
[0mGET /socket.io/?EIO=4&transport=polling&t=NdHq-Eq [33m404[0m 1.704 ms - 149[0m
[0mGET /socket.io/?EIO=4&transport=polling&t=NdHq_I0 [33m404[0m 0.785 ms - 149[0m
[0mGET /socket.io/?EIO=4&transport=polling&t=NdHq_Y_ [33m404[0m 0.813 ms - 149[0m
[0mGET /socket.io/?EIO=4&transport=polling&t=NdHr0Yx [33m404[0m 1.399 ms - 149[0m
[0mGET /socket.io/?EIO=4&transport=polling&t=NdHr0pj [33m404[0m 1.115 ms - 149[0m
[0mGET /api/v1/posts?page=1&limit=25 [36m304[0m 192.314 ms - -[0m
[0mGET /api/v1/posts?page=1&limit=25 [36m304[0m 60.559 ms - -[0m
[0mGET /api/v1/posts?page=1&limit=25 [36m304[0m 49.636 ms - -[0m
[0mGET /api/v1/posts?page=1&limit=25 [36m304[0m 181.876 ms - -[0m
[0mGET /api/v1/posts?page=1&limit=25 [36m304[0m 492.111 ms - -[0m
[0mGET /api/v1/posts?page=1&limit=25 [36m304[0m 41.945 ms - -[0m
[0mGET /api/v1/posts?page=1&limit=25 [36m304[0m 55.887 ms - -[0m
[0mGET /api/v1/posts?page=1&limit=25 [36m304[0m 166.679 ms - -[0m
[0mGET /api/v1/posts?page=1&limit=25 [36m304[0m 77.213 ms - -[0m
[0mGET /api/v1/posts?page=1&limit=25 [36m304[0m 143.596 ms - -[0m
[0mGET /api/v1/posts?page=1&limit=25 [36m304[0m 62.026 ms - -[0m
[0mGET /socket.io/?EIO=4&transport=polling&t=NdHtZZ0 [33m404[0m 2.163 ms - 149[0m
[0mGET /socket.io/?EIO=4&transport=polling&t=NdHtZZ3 [33m404[0m 1.109 ms - 149[0m
[0mGET /socket.io/?EIO=4&transport=polling&t=NdHtZlN [33m404[0m 1.091 ms - 149[0m
[0mGET /socket.io/?EIO=4&transport=polling&t=NdHtZlh [33m404[0m 1.064 ms - 149[0m
[0mGET /api/v1/posts?page=1&limit=25 [36m304[0m 52.528 ms - -[0m
[0mGET /socket.io/?EIO=4&transport=polling&t=NdHta2f [33m404[0m 1.125 ms - 149[0m
[0mGET /socket.io/?EIO=4&transport=polling&t=NdHtaAb [33m404[0m 1.491 ms - 149[0m
[0mGET /socket.io/?EIO=4&transport=polling&t=NdHtaXT [33m404[0m 1.621 ms - 149[0m
[0mGET /socket.io/?EIO=4&transport=polling&t=NdHtaXV [33m404[0m 1.409 ms - 149[0m
[0mGET /socket.io/?EIO=4&transport=polling&t=NdHtbI6 [33m404[0m 0.946 ms - 149[0m
[0mGET /socket.io/?EIO=4&transport=polling&t=NdHtbQ8 [33m404[0m 1.078 ms - 149[0m
[0mGET /socket.io/?EIO=4&transport=polling&t=NdHtcoi [33m404[0m 1.086 ms - 149[0m
[0mGET /socket.io/?EIO=4&transport=polling&t=NdHtco- [33m404[0m 1.335 ms - 149[0m
[0mGET /socket.io/?EIO=4&transport=polling&t=NdHteBw [33m404[0m 0.866 ms - 149[0m
[0mGET /socket.io/?EIO=4&transport=polling&t=NdHteBz [33m404[0m 0.919 ms - 149[0m
[0mGET /socket.io/?EIO=4&transport=polling&t=NdHtffg [33m404[0m 0.829 ms - 149[0m
[0mGET /socket.io/?EIO=4&transport=polling&t=NdHtffw [33m404[0m 0.808 ms - 149[0m
[0mGET /socket.io/?EIO=4&transport=polling&t=NdHth9u [33m404[0m 1.169 ms - 149[0m
[0mGET /socket.io/?EIO=4&transport=polling&t=NdHthA9 [33m404[0m 0.803 ms - 149[0m
[0mGET /socket.io/?EIO=4&transport=polling&t=NdHtibA [33m404[0m 1.009 ms - 149[0m
[0mGET /socket.io/?EIO=4&transport=polling&t=NdHticK [33m404[0m 0.965 ms - 149[0m
[0mGET /socket.io/?EIO=4&transport=polling&t=NdHtk2- [33m404[0m 0.822 ms - 149[0m
[0mGET /socket.io/?EIO=4&transport=polling&t=NdHtk2y [33m404[0m 1.956 ms - 149[0m
[0mGET / [36m304[0m 158.367 ms - -[0m
[0mGET /users/sign-in [36m304[0m 12.739 ms - -[0m
[0mGET /users/css/header.css [33m404[0m 43.691 ms - 159[0m
[0mGET /users/css/layout.css [33m404[0m 47.210 ms - 159[0m
[0mGET /users/css/footer.css [33m404[0m 49.448 ms - 159[0m
[0mGET /users/css/chat_box.css [33m404[0m 57.080 ms - 161[0m
[0mGET /users/auth/google [36m302[0m 13.889 ms - 0[0m
[0mGET /socket.io/?EIO=4&transport=polling&t=NdHtlWg [33m404[0m 0.896 ms - 149[0m
[0mGET /socket.io/?EIO=4&transport=polling&t=NdHtlW- [33m404[0m 1.161 ms - 149[0m
[0mGET /users/auth/google/callback?code=4%2F0AY0e-g5zg-29dwh1g1L0HQ-Dd15JwuIzERmVrCxnRd59w4BxG1VZBXmmoakbDgZHv1vFZQ&scope=email+profile+https%3A%2F%2Fwww.googleapis.com%2Fauth%2Fuserinfo.profile+https%3A%2F%2Fwww.googleapis.com%2Fauth%2Fuserinfo.email+openid&authuser=0&prompt=consent [36m302[0m 467.068 ms - 46[0m
[0mGET / [32m200[0m 103.909 ms - 43234[0m
[0mGET /socket.io/?EIO=4&transport=polling&t=NdHtm-M [33m404[0m 2.827 ms - 149[0m
[0mGET /socket.io/?EIO=4&transport=polling&t=NdHtm-b [33m404[0m 3.494 ms - 149[0m
[0mGET /socket.io/?EIO=4&transport=polling&t=NdHtoSR [33m404[0m 0.836 ms - 149[0m
[0mGET /socket.io/?EIO=4&transport=polling&t=NdHtoSA [33m404[0m 0.933 ms - 149[0m
[0mGET /socket.io/?EIO=4&transport=polling&t=NdHtpvw [33m404[0m 0.896 ms - 149[0m
[0mGET /socket.io/?EIO=4&transport=polling&t=NdHtpwA [33m404[0m 0.863 ms - 149[0m
[0mGET /socket.io/?EIO=4&transport=polling&t=NdHtrNh [33m404[0m 0.866 ms - 149[0m
[0mGET /socket.io/?EIO=4&transport=polling&t=NdHtrNy [33m404[0m 0.860 ms - 149[0m
[0mGET /socket.io/?EIO=4&transport=polling&t=NdHtsrh [33m404[0m 2.483 ms - 149[0m
[0mGET /socket.io/?EIO=4&transport=polling&t=NdHtsrQ [33m404[0m 0.843 ms - 149[0m
[0mGET /socket.io/?EIO=4&transport=polling&t=NdHtuJG [33m404[0m 0.863 ms - 149[0m
[0mGET /socket.io/?EIO=4&transport=polling&t=NdHtuJX [33m404[0m 0.844 ms - 149[0m
[0mGET /socket.io/?EIO=4&transport=polling&t=NdHtvmt [33m404[0m 0.842 ms - 149[0m
[0mGET /socket.io/?EIO=4&transport=polling&t=NdHtvn8 [33m404[0m 2.360 ms - 149[0m
[0mGET /socket.io/?EIO=4&transport=polling&t=NdHtxLV [33m404[0m 1.013 ms - 149[0m
[0mGET /socket.io/?EIO=4&transport=polling&t=NdHtxLn [33m404[0m 0.832 ms - 149[0m
[0mGET /socket.io/?EIO=4&transport=polling&t=NdHtyjM [33m404[0m 2.293 ms - 149[0m
[0mGET /socket.io/?EIO=4&transport=polling&t=NdHtyj5 [33m404[0m 1.726 ms - 149[0m
[0mGET /socket.io/?EIO=4&transport=polling&t=NdHt-AC [33m404[0m 0.946 ms - 149[0m
[0mGET /socket.io/?EIO=4&transport=polling&t=NdHt-AS [33m404[0m 0.830 ms - 149[0m
[0mGET /socket.io/?EIO=4&transport=polling&t=NdHt_dx [33m404[0m 1.447 ms - 149[0m
[0mGET /socket.io/?EIO=4&transport=polling&t=NdHt_eC [33m404[0m 0.846 ms - 149[0m
[0mGET /socket.io/?EIO=4&transport=polling&t=NdHu15d [33m404[0m 1.293 ms - 149[0m
[0mGET /socket.io/?EIO=4&transport=polling&t=NdHu15g [33m404[0m 0.864 ms - 149[0m
[0mGET /socket.io/?EIO=4&transport=polling&t=NdHu2MF [33m404[0m 1.902 ms - 149[0m
[0mGET /socket.io/?EIO=4&transport=polling&t=NdHu2MX [33m404[0m 0.970 ms - 149[0m
[0mGET /socket.io/?EIO=4&transport=polling&t=NdHu3nW [33m404[0m 0.927 ms - 149[0m
[0mGET /socket.io/?EIO=4&transport=polling&t=NdHu3nr [33m404[0m 0.833 ms - 149[0m
[0mGET /socket.io/?EIO=4&transport=polling&t=NdHu5FG [33m404[0m 0.843 ms - 149[0m
[0mGET /socket.io/?EIO=4&transport=polling&t=NdHu5FK [33m404[0m 0.810 ms - 149[0m
[0mGET /socket.io/?EIO=4&transport=polling&t=NdHu6i_ [33m404[0m 1.032 ms - 149[0m
[0mGET /socket.io/?EIO=4&transport=polling&t=NdHu6j2 [33m404[0m 0.867 ms - 149[0m
[0mGET /socket.io/?EIO=4&transport=polling&t=NdHu86c [33m404[0m 2.845 ms - 149[0m
[0mGET /socket.io/?EIO=4&transport=polling&t=NdHu86x [33m404[0m 1.970 ms - 149[0m
[0mGET /api/v1/posts?page=1&limit=25 [36m304[0m 78.279 ms - -[0m
[0mPOST /api/v1/users/create-session [32m200[0m 7.801 ms - 709[0m
[0mGET /api/v1/posts?page=1&limit=25 [36m304[0m 145.279 ms - -[0m
[0mGET /api/v1/posts?page=1&limit=25 [36m304[0m 439.432 ms - -[0m
[0mGET /api/v1/posts?page=1&limit=25 [36m304[0m 108.109 ms - -[0m
[0mGET /api/v1/posts?page=1&limit=25 [36m304[0m 38.293 ms - -[0m
[0mGET /api/v1/posts?page=1&limit=25 [36m304[0m 53.799 ms - -[0m
[0mPOST /api/v1/users/create-session [32m200[0m 253.004 ms - 709[0m
[0mGET /api/v1/posts?page=1&limit=25 [36m304[0m 125.072 ms - -[0m
[0mPOST /api/v1/users/create-session [32m200[0m 6.334 ms - 709[0m
[0mGET /api/v1/posts?page=1&limit=25 [32m200[0m 27.466 ms - 15910[0m
[0mGET /api/v1/posts?page=1&limit=25 [36m304[0m 34.314 ms - -[0m
[0mPOST /api/v1/users/create-session [32m200[0m 4.980 ms - 709[0m
[0mPOST /api/v1/users/create-session [33m422[0m 12.827 ms - 39[0m
[0mPOST /api/v1/users/create-session [32m200[0m 7.158 ms - 734[0m
[0mGET /api/v1/posts?page=1&limit=25 [36m304[0m 68.095 ms - -[0m
[0mGET /api/v1/posts?page=1&limit=25 [36m304[0m 34.809 ms - -[0m
[0mGET /api/v1/posts?page=1&limit=25 [36m304[0m 40.515 ms - -[0m
[0mPOST /api/v1/users/create-session [32m200[0m 5.399 ms - 709[0m
[0mPOST /api/v1/users/create-session [33m422[0m 5.333 ms - 39[0m
[0mPOST /api/v1/users/create-session [32m200[0m 5.075 ms - 734[0m
[0mGET /api/v1/posts?page=1&limit=25 [36m304[0m 47.966 ms - -[0m
[0mGET /api/v1/posts?page=1&limit=25 [36m304[0m 211.209 ms - -[0m
[0mGET /api/v1/posts?page=1&limit=25 [36m304[0m 61.684 ms - -[0m
[0mPOST /api/v1/users/create-session [32m200[0m 6.330 ms - 709[0m
[0mGET /api/v1/posts?page=1&limit=25 [36m304[0m 81.651 ms - -[0m
[0mGET /api/v1/posts?page=1&limit=25 [36m304[0m 203.262 ms - -[0m
[0mGET / [32m200[0m 145.918 ms - 28210[0m
[0mGET /users/sign-in [36m304[0m 11.902 ms - -[0m
[0mGET /users/css/layout.css [33m404[0m 50.025 ms - 159[0m
[0mGET /users/css/footer.css [33m404[0m 47.800 ms - 159[0m
[0mGET /users/css/chat_box.css [33m404[0m 62.554 ms - 161[0m
[0mGET /users/css/header.css [33m404[0m 67.551 ms - 159[0m
[0mGET /users/auth/google [36m302[0m 17.922 ms - 0[0m
[0mGET /users/auth/google/callback?code=4%2F0AY0e-g6I7P-P4A0Ng-T9yCH0mRS-ufvzwTRKrc9-sce82nx2cnb_Ytu0pknsJkfbMerjbQ&scope=email+profile+https%3A%2F%2Fwww.googleapis.com%2Fauth%2Fuserinfo.profile+https%3A%2F%2Fwww.googleapis.com%2Fauth%2Fuserinfo.email+openid&authuser=0&prompt=consent [36m302[0m 466.711 ms - 46[0m
[0mGET / [32m200[0m 80.119 ms - 43234[0m
[0mGET / [32m200[0m 175.928 ms - 28210[0m
[0mGET /users/sign-in [32m200[0m 10.546 ms - 1483[0m
[0mGET /users/css/footer.css [33m404[0m 6.585 ms - 159[0m
[0mGET /users/css/layout.css [33m404[0m 12.390 ms - 159[0m
[0mGET /users/css/header.css [33m404[0m 10.635 ms - 159[0m
[0mGET /users/css/chat_box.css [33m404[0m 9.803 ms - 161[0m
[0mPOST /users/create-session [36m302[0m 7.791 ms - 46[0m
[0mGET / [32m200[0m 84.502 ms - 42466[0m
[0mGET / [32m200[0m 125.813 ms - 42948[0m
[0mGET /api/v1/posts?page=1&limit=25 [36m304[0m 38.683 ms - -[0m
[0mGET / [36m304[0m 78.349 ms - -[0m
[0mGET / [32m200[0m 156.709 ms - 42180[0m
[0mGET /api/v1/posts?page=1&limit=25 [36m304[0m 66.016 ms - -[0m
[0mGET /api/v1/posts?page=1&limit=25 [36m304[0m 125.952 ms - -[0m
[0mGET /api/v1/posts?page=1&limit=25 [36m304[0m 140.983 ms - -[0m
[0mGET /api/v1/posts?page=1&limit=25 [36m304[0m 183.168 ms - -[0m
[0mGET /api/v1/posts?page=1&limit=25 [36m304[0m 44.763 ms - -[0m
[0mGET /api/v1/posts?page=1&limit=25 [36m304[0m 74.633 ms - -[0m
[0mGET /api/v1/posts?page=1&limit=25 [36m304[0m 105.302 ms - -[0m
[0mGET /api/v1/posts?page=1&limit=25 [36m304[0m 255.920 ms - -[0m
[0mGET /api/v1/posts?page=1&limit=25 [36m304[0m 246.142 ms - -[0m
[0mGET /api/v1/posts?page=1&limit=25 [36m304[0m 90.722 ms - -[0m
[0mGET /api/v1/posts?page=1&limit=25 [36m304[0m 43.311 ms - -[0m
[0mGET /api/v1/posts?page=1&limit=25 [36m304[0m 167.078 ms - -[0m
[0mGET /api/v1/posts?page=1&limit=25 [36m304[0m 37.166 ms - -[0m
[0mGET / [36m304[0m 78.053 ms - -[0m
[0mGET /api/v1/posts?page=1&limit=25 [36m304[0m 41.364 ms - -[0m
[0mGET /api/v1/posts?page=1&limit=25 [36m304[0m 61.768 ms - -[0m
[0mGET /api/v1/posts?page=1&limit=25 [36m304[0m 176.600 ms - -[0m
[0mGET /api/v1/posts?page=1&limit=25 [36m304[0m 30.146 ms - -[0m
[0mGET /api/v1/posts?page=1&limit=25 [36m304[0m 122.371 ms - -[0m
[0mGET /api/v1/posts?page=1&limit=25 [36m304[0m 96.263 ms - -[0m
[0mGET /api/v1/posts?page=1&limit=25 [36m304[0m 146.358 ms - -[0m
[0mGET /api/v1/posts?page=1&limit=25 [36m304[0m 40.311 ms - -[0m
[0mGET /api/v1/posts?page=1&limit=25 [36m304[0m 183.496 ms - -[0m
[0mPOST /api/v1/users/create-session [32m200[0m 5.486 ms - 709[0m
[0mGET /api/v1/posts?page=1&limit=25 [36m304[0m 32.729 ms - -[0m
[0mGET /api/v1/posts?page=1&limit=25 [36m304[0m 199.757 ms - -[0m
[0mGET /api/v1/posts?page=1&limit=25 [36m304[0m 286.321 ms - -[0m
[0mPOST /api/v1/users/create-session [32m200[0m 7.107 ms - 709[0m
[0mGET /users/sign-out [36m302[0m 9.188 ms - 46[0m
[0mGET / [32m200[0m 60.816 ms - 28493[0m
[0mGET / [32m200[0m 188.040 ms - 28210[0m
[0mPOST /api/v1/users/create-session [32m200[0m 7.953 ms - 709[0m
[0mPOST /api/v1/posts/toggleLike?likeable_id=60b496ffcde5398fd748b774&likeable_type=Post [32m200[0m 51.928 ms - 311[0m
[0mGET /api/v1/users/search/k [36m304[0m 19.862 ms - -[0m
[0mGET /api/v1/users/search/ka [36m304[0m 5.300 ms - -[0m
[0mGET /api/v1/users/search/k [36m304[0m 5.417 ms - -[0m
[0mGET /api/v1/users/search/ [31m500[0m 9.300 ms - 35[0m
[0mGET /api/v1/users/search/s [36m304[0m 6.277 ms - -[0m
[0mGET /api/v1/users/search/sh [36m304[0m 9.384 ms - -[0m
[0mGET /api/v1/users/search/sha [36m304[0m 8.965 ms - -[0m
[0mGET /api/v1/users/search/shan [36m304[0m 5.623 ms - -[0m
[0mGET /api/v1/users/search/shant [36m304[0m 5.857 ms - -[0m
[0mGET /api/v1/users/search/shanta [36m304[0m 5.859 ms - -[0m
[0mGET /api/v1/users/search/shantan [32m200[0m 5.167 ms - 1933[0m
[0mGET /api/v1/users/search/shantanu [32m200[0m 7.001 ms - 1933[0m
[0mGET /api/v1/users/search/shantan [36m304[0m 7.493 ms - -[0m
[0mGET /api/v1/users/search/shanta [36m304[0m 5.233 ms - -[0m
[0mGET /api/v1/users/search/shant [36m304[0m 5.291 ms - -[0m
[0mGET /api/v1/users/search/shan [36m304[0m 6.072 ms - -[0m
[0mGET /api/v1/users/search/sha [36m304[0m 7.945 ms - -[0m
[0mGET /api/v1/users/search/sh [36m304[0m 7.651 ms - -[0m
[0mGET /api/v1/users/search/s [36m304[0m 12.128 ms - -[0m
[0mGET /api/v1/users/search/ [31m500[0m 3.328 ms - 35[0m
[0mGET /api/v1/users/search/s [36m304[0m 9.218 ms - -[0m
[0mGET /api/v1/users/search/sh [36m304[0m 13.947 ms - -[0m
[0mGET /api/v1/users/search/sha [36m304[0m 7.010 ms - -[0m
[0mGET /api/v1/users/search/shaa [36m304[0m 6.022 ms - -[0m
[0mGET /api/v1/users/search/sha [36m304[0m 8.357 ms - -[0m
[0mGET /api/v1/users/search/sh [36m304[0m 8.976 ms - -[0m
[0mGET /api/v1/users/search/s [36m304[0m 10.278 ms - -[0m
[0mGET /api/v1/users/search/ [31m500[0m 3.046 ms - 35[0m
[0mGET /api/v1/users/60b27fe58a0a5a722c09d463 [32m200[0m 23.821 ms - 694[0m
[0mPOST /api/v1/posts/toggleLike?likeable_id=60b496ffcde5398fd748b774&likeable_type=Post [32m200[0m 11.501 ms - 276[0m
