[0mGET /api/v1/posts?page=1&limit=5 [36m304[0m 702.286 ms - -[0m
[0mGET /api/v1/posts?page=1&limit=5 [36m304[0m 78.462 ms - -[0m
[0mGET /api/v1/posts?page=1&limit=5 [36m304[0m 87.492 ms - -[0m
[0mGET /api/v1/posts?page=1&limit=5 [36m304[0m 151.541 ms - -[0m
[0mGET /api/v1/posts?page=1&limit=5 [36m304[0m 205.626 ms - -[0m
[0mGET /api/v1/posts?page=1&limit=5 [36m304[0m 44.185 ms - -[0m
[0mGET /api/v1/posts?page=1&limit=5 [36m304[0m 170.697 ms - -[0m
[0mGET /api/v1/posts?page=1&limit=5 [36m304[0m 41.650 ms - -[0m
[0mGET /api/v1/posts?page=1&limit=5 [36m304[0m 46.754 ms - -[0m
[0mGET /api/v1/users/$(userId) [33m404[0m 10.524 ms - 161[0m
[0mGET /api/v1/posts?page=1&limit=5 [36m304[0m 157.757 ms - -[0m
[0mGET /api/v1/users/$(userId) [33m404[0m 1.271 ms - 161[0m
[0mGET /api/v1/users/$(userId) [33m404[0m 3.133 ms - 161[0m
[0mGET /api/v1/posts?page=1&limit=5 [36m304[0m 56.705 ms - -[0m
[0mGET /api/v1/users/$(userId) [33m404[0m 5.134 ms - 161[0m
[0mGET /api/v1/users/$(userId) [33m404[0m 4.786 ms - 161[0m
[0mGET /api/v1/users/$(userId) [33m404[0m 9.079 ms - 161[0m
[0mGET /api/v1/posts?page=1&limit=5 [36m304[0m 132.683 ms - -[0m
[0mGET /api/v1/posts?page=1&limit=5 [36m304[0m 123.646 ms - -[0m
[0mGET /api/v1/users/$(userId) [33m404[0m 3.571 ms - 161[0m
[0mGET /api/v1/users/$(userId) [33m404[0m 1.376 ms - 161[0m
[0mGET /api/v1/posts?page=1&limit=5 [36m304[0m 58.262 ms - -[0m
[0mGET /api/v1/users/$(userId) [33m404[0m 1.486 ms - 161[0m
[0mGET /api/v1/posts?page=1&limit=5 [36m304[0m 159.998 ms - -[0m
[0mGET /api/v1/users/$(userId) [33m404[0m 9.771 ms - 161[0m
[0mGET /api/v1/posts?page=1&limit=5 [36m304[0m 311.058 ms - -[0m
[0mGET /api/v1/users/$(userId) [33m404[0m 6.592 ms - 161[0m
[0mGET /api/v1/posts?page=1&limit=5 [36m304[0m 385.697 ms - -[0m
[0mGET /api/v1/posts?page=1&limit=5 [36m304[0m 151.577 ms - -[0m
[0mGET /api/v1/users/$(userId) [33m404[0m 12.919 ms - 161[0m
[0mGET /api/v1/users/605e0c6242f21d160645898b [33m404[0m 11.151 ms - 176[0m
[0mPOST /api/v1/users/$(userId) [31m500[0m 120.325 ms - 35[0m
[0mPOST /api/v1/users/$(userId) [31m500[0m 72.283 ms - 35[0m
[0mGET /api/v1/posts?page=1&limit=5 [36m304[0m 234.499 ms - -[0m
[0mGET /api/v1/posts?page=1&limit=5 [36m304[0m 90.289 ms - -[0m
[0mPOST /api/v1/users/$(userId) [31m500[0m 24.062 ms - 35[0m
[0mGET /api/v1/users/$(userId) [33m404[0m 2.159 ms - 161[0m
[0mGET /api/v1/posts?page=1&limit=5 [36m304[0m 127.452 ms - -[0m
[0mGET /api/v1/users/$(userId) [33m404[0m 2.952 ms - 161[0m
[0mGET /api/v1/posts?page=1&limit=5 [36m304[0m 131.847 ms - -[0m
[0mGET /api/v1/users/$(userId) [33m404[0m 8.275 ms - 161[0m
[0mGET /api/v1/users/$(userId) [33m404[0m 41.660 ms - 161[0m
[0mGET /api/v1/posts?page=1&limit=5 [36m304[0m 409.283 ms - -[0m
[0mGET /api/v1/users/$(userId) [33m404[0m 2.996 ms - 161[0m
[0mGET /api/v1/posts?page=1&limit=5 [36m304[0m 308.282 ms - -[0m
[0mGET /api/v1/users/$(userId) [33m404[0m 1.785 ms - 161[0m
[0mGET /api/v1/users/$(userId) [33m404[0m 2.021 ms - 161[0m
[0mGET /api/v1/users/$(userId) [33m404[0m 3.183 ms - 161[0m
[0mGET /api/v1/users/$(userId) [33m404[0m 8.823 ms - 161[0m
[0mGET /api/v1/users/$(userId) [33m404[0m 3.264 ms - 161[0m
[0mGET /api/v1/users/$(userId) [33m404[0m 14.545 ms - 161[0m
[0mGET /api/v1/users/$(userId) [33m404[0m 4.598 ms - 161[0m
[0mGET /api/v1/posts?page=1&limit=5 [36m304[0m 140.628 ms - -[0m
[0mGET /api/v1/users/$(userId) [33m404[0m 3.479 ms - 161[0m
[0mGET /api/v1/posts?page=1&limit=5 [36m304[0m 228.827 ms - -[0m
[0mGET /api/v1/users/$(userId) [33m404[0m 29.877 ms - 161[0m
[0mGET /api/v1/users/$(userId) [33m404[0m 11.675 ms - 161[0m
[0mGET /api/v1/users/$(userId) [33m404[0m 2.413 ms - 161[0m
[0mGET /api/v1/posts?page=1&limit=5 [36m304[0m 227.439 ms - -[0m
[0mGET /api/v1/posts?page=1&limit=5 [36m304[0m 154.118 ms - -[0m
[0mGET /api/v1/users/$(userId) [33m404[0m 7.314 ms - 161[0m
[0mGET /api/v1/posts?page=1&limit=5 [36m304[0m 150.743 ms - -[0m
[0mGET /api/v1/users/$(userId) [33m404[0m 9.011 ms - 161[0m
[0mGET /api/v1/users/$(userId) [33m404[0m 33.338 ms - 161[0m
[0mGET /api/v1/posts?page=1&limit=5 [36m304[0m 327.716 ms - -[0m
[0mGET /api/v1/users/$(userId) [33m404[0m 2.280 ms - 161[0m
[0mGET /api/v1/posts?page=1&limit=5 [36m304[0m 205.480 ms - -[0m
[0mGET /api/v1/users/605e0c6242f21d160645898b [33m404[0m 2.415 ms - 176[0m
[0mGET /api/v1/posts?page=1&limit=5 [36m304[0m 201.758 ms - -[0m
[0mGET /api/v1/posts?page=1&limit=5 [36m304[0m 135.140 ms - -[0m
[0mGET /api/v1/users/605e0c6242f21d160645898b [33m404[0m 4.062 ms - 176[0m
[0mGET /api/v1/posts?page=1&limit=5 [36m304[0m 78.384 ms - -[0m
[0mGET /api/v1/users/605e0c6242f21d160645898b [33m404[0m 1.882 ms - 176[0m
[0mGET /api/v1/posts?page=1&limit=5 [36m304[0m 119.468 ms - -[0m
[0mGET /api/v1/users/605e0c6242f21d160645898b [33m404[0m 6.922 ms - 176[0m
[0mGET /api/v1/users/:605e0c6242f21d160645898b [33m404[0m 68.868 ms - 177[0m
[0mGET /api/v1/posts?page=1&limit=5 [36m304[0m 345.223 ms - -[0m
[0mGET /api/v1/users/:605e0c6242f21d160645898b [33m404[0m 9.412 ms - 177[0m
[0mGET /api/v1/posts?page=1&limit=5 [36m304[0m 425.011 ms - -[0m
[0mGET /api/v1/posts?page=1&limit=5 [36m304[0m 309.616 ms - -[0m
[0mGET /api/v1/users/:605e0c6242f21d160645898b [33m404[0m 3.960 ms - 177[0m
[0mGET /api/v1/posts?page=1&limit=5 [36m304[0m 98.532 ms - -[0m
[0mGET /api/v1/users/start [33m404[0m 3.046 ms - 157[0m
[0mGET /api/v1/posts?page=1&limit=5 [36m304[0m 155.187 ms - -[0m
[0mGET /api/v1/posts?page=1&limit=5 [36m304[0m 101.732 ms - -[0m
[0mGET /api/v1/users/start [33m404[0m 2.314 ms - 157[0m
[0mGET /api/v1/users/:605e0c6242f21d160645898b [33m404[0m 2.497 ms - 177[0m
[0mGET /api/v1/posts?page=1&limit=5 [36m304[0m 63.361 ms - -[0m
[0mGET /api/v1/users/605e0c6242f21d160645898b [33m404[0m 1.803 ms - 176[0m
[0mGET /api/v1/posts?page=1&limit=5 [36m304[0m 182.746 ms - -[0m
[0mGET /api/v1/posts?page=1&limit=5 [36m304[0m 219.344 ms - -[0m
[0mGET /api/v1/users/605e0c6242f21d160645898b [33m404[0m 19.746 ms - 176[0m
[0mGET /api/v1/posts?page=1&limit=5 [36m304[0m 257.617 ms - -[0m
[0mGET /api/v1/users/605e0c6242f21d160645898b [31m500[0m 151.393 ms - 35[0m
[0mGET /api/v1/posts?page=1&limit=5 [36m304[0m 111.124 ms - -[0m
[0mGET /api/v1/users/605e0c6242f21d160645898b [31m500[0m 43.554 ms - 35[0m
[0mGET /api/v1/users/605e0c6242f21d160645898b [31m500[0m 5.778 ms - 35[0m
[0mGET /api/v1/posts?page=1&limit=5 [36m304[0m 58.303 ms - -[0m
[0mGET /api/v1/users/605e0c6242f21d160645898b [31m500[0m 7.404 ms - 35[0m
[0mGET /api/v1/posts?page=1&limit=5 [36m304[0m 276.785 ms - -[0m
[0mGET /api/v1/users/605e0c6242f21d160645898b [31m500[0m 35.377 ms - 35[0m
[0mGET /api/v1/posts?page=1&limit=5 [36m304[0m 97.428 ms - -[0m
[0mGET /api/v1/users/605e0c6242f21d160645898b [31m500[0m 24.577 ms - 35[0m
[0mGET /api/v1/posts?page=1&limit=5 [36m304[0m 77.442 ms - -[0m
[0mGET /api/v1/posts?page=1&limit=5 [36m304[0m 100.518 ms - -[0m
[0mGET /api/v1/users/605e0c6242f21d160645898b [31m500[0m 41.432 ms - 35[0m
[0mGET /api/v1/users/605e0c6242f21d160645898b [31m500[0m 4.599 ms - 35[0m
[0mGET /api/v1/users/605e0c6242f21d160645898b [31m500[0m 5.749 ms - 35[0m
[0mGET /api/v1/users/605e0c6242f21d160645898b [31m500[0m 9.409 ms - 35[0m
[0mGET /api/v1/users/605e0c6242f21d160645898b [31m500[0m 8.896 ms - 35[0m
[0mGET /api/v1/users/605e0c6242f21d160645898b [31m500[0m 5.947 ms - 35[0m
[0mGET /api/v1/posts?page=1&limit=5 [36m304[0m 102.163 ms - -[0m
[0mGET /api/v1/users/605e0c6242f21d160645898b [31m500[0m 54.267 ms - 35[0m
[0mGET /api/v1/users/605e0c6242f21d160645898b [31m500[0m 31.546 ms - 35[0m
[0mGET /api/v1/posts?page=1&limit=5 [36m304[0m 91.583 ms - -[0m
[0mGET /api/v1/posts?page=1&limit=5 [36m304[0m 119.166 ms - -[0m
[0mGET /api/v1/users/605e0c6242f21d160645898b [31m500[0m 12.587 ms - 35[0m
[0mGET /api/v1/users/605e0c6242f21d160645898b [31m500[0m 19.125 ms - 35[0m
[0mGET /api/v1/posts?page=1&limit=5 [36m304[0m 182.058 ms - -[0m
[0mGET /api/v1/users/607ab5a6edf460b407d7fee7 [31m500[0m 78.936 ms - 35[0m
[0mGET /api/v1/posts?page=1&limit=5 [36m304[0m 245.734 ms - -[0m
[0mGET /api/v1/posts?page=1&limit=5 [36m304[0m 81.796 ms - -[0m
[0mGET /api/v1/users/607ab5a6edf460b407d7fee7 [31m500[0m 6.629 ms - 35[0m
[0mGET /api/v1/users/607ab5a6edf460b407d7fee7 [32m200[0m 117.983 ms - 615[0m
[0mGET /api/v1/posts?page=1&limit=5 [36m304[0m 337.350 ms - -[0m
[0mGET /api/v1/users/605e0c6242f21d160645898b [32m200[0m 10.777 ms - 783[0m
[0mGET /api/v1/users/605e0c6242f21d160645898b [32m200[0m 9.974 ms - 783[0m
[0mGET /api/v1/users/60603e87d8dd5f21a4f48042 [32m200[0m 6.435 ms - 650[0m
[0mGET /api/v1/posts?page=1&limit=5 [36m304[0m 160.268 ms - -[0m
[0mGET /api/v1/users/605e0c6242f21d160645898b [32m200[0m 9.063 ms - 783[0m
[0mGET /api/v1/users/605e0c6242f21d160645898b [32m200[0m 5.205 ms - 783[0m
[0mGET /api/v1/users/605e0c6242f21d160645898b [32m200[0m 7.010 ms - 783[0m
[0mGET /api/v1/users/605e0c6242f21d160645898b [32m200[0m 9.137 ms - 783[0m
[0mGET /api/v1/users/60603e87d8dd5f21a4f48042 [32m200[0m 5.179 ms - 650[0m
[0mGET /api/v1/users/605e0c6242f21d160645898b [32m200[0m 9.608 ms - 783[0m
[0mGET /api/v1/users/605e0c6242f21d160645898b [32m200[0m 19.969 ms - 783[0m
[0mGET /api/v1/users/605e0c6242f21d160645898b [32m200[0m 11.506 ms - 783[0m
[0mGET /api/v1/users/605e0c6242f21d160645898b [32m200[0m 13.195 ms - 783[0m
[0mGET /api/v1/posts?page=1&limit=5 [36m304[0m 255.427 ms - -[0m
[0mOPTIONS /api/v1/users/605e0c6242f21d160645898b [32m200[0m 1.409 ms - 8[0m
[0mGET /api/v1/users/605e0c6242f21d160645898b [32m200[0m 131.095 ms - 783[0m
[0mPOST /api/v1/users/signup [32m200[0m 46.724 ms - 734[0m
