[0mGET /api/v1/posts?page=1&limit=25 [32m200[0m 422.985 ms - 16046[0m
[0mPOST /api/v1/users/signup [32m200[0m 34.906 ms - 727[0m
[0mGET /api/v1/friendship/fetch-friends/60bbd8d662927effd30c77f3 [33m404[0m 4.893 ms - 195[0m
[0mGET /api/v1/posts?page=1&limit=25 [36m304[0m 193.981 ms - -[0m
[0mGET /api/v1/friendship/fetch-friends/60bbd8d662927effd30c77f3 [33m404[0m 1.436 ms - 195[0m
[0mGET /api/v1/posts?page=1&limit=25 [36m304[0m 473.828 ms - -[0m
[0mGET /api/v1/friendship/fetch-friends/60bbd8d662927effd30c77f3 [33m404[0m 5.731 ms - 195[0m
[0mGET /api/v1/posts?page=1&limit=25 [36m304[0m 198.801 ms - -[0m
[0mGET /api/v1/friendship/fetch-friends/60bbd8d662927effd30c77f3 [33m404[0m 1.395 ms - 195[0m
[0mGET /api/v1/posts?page=1&limit=25 [36m304[0m 143.908 ms - -[0m
[0mGET /api/v1/friendship/fetch-friends/undefined [33m404[0m 1.475 ms - 180[0m
[0mGET /api/v1/posts?page=1&limit=25 [36m304[0m 165.831 ms - -[0m
[0mGET /api/v1/friendship/fetch-friends/60bbd8d662927effd30c77f3 [33m404[0m 5.948 ms - 195[0m
[0mGET /api/v1/posts?page=1&limit=25 [36m304[0m 362.863 ms - -[0m
[0mGET /api/v1/friendship/fetch-friends/60bbd8d662927effd30c77f3 [33m404[0m 1.128 ms - 195[0m
[0mGET /api/v1/posts?page=1&limit=25 [36m304[0m 92.600 ms - -[0m
[0mGET /api/v1/friendship/fetch-friends/60bbd8d662927effd30c77f3 [33m404[0m 6.936 ms - 195[0m
[0mGET /api/v1/posts?page=1&limit=25 [36m304[0m 266.003 ms - -[0m
[0mGET /api/v1/posts?page=1&limit=25 [36m304[0m 356.518 ms - -[0m
[0mOPTIONS /api/v1/friendship/fetch-friends/60bbd8d662927effd30c77f3 [33m404[0m 4.355 ms - 199[0m
[0mGET /api/v1/posts?page=1&limit=25 [36m304[0m 251.142 ms - -[0m
[0mOPTIONS /api/v1/friendship/fetch-friends/60bbd8d662927effd30c77f3 [33m404[0m 3.692 ms - 199[0m
[0mGET /api/v1/posts?page=1&limit=25 [36m304[0m 247.080 ms - -[0m
[0mGET /api/v1/friendship/fetch-friends/60bbd8d662927effd30c77f3 [33m404[0m 1.350 ms - 195[0m
[0mGET /api/v1/posts?page=1&limit=25 [36m304[0m 116.658 ms - -[0m
[0mGET /api/v1/posts?page=1&limit=25 [36m304[0m 84.295 ms - -[0m
[0mGET /api/v1/posts?page=1&limit=25 [36m304[0m 163.863 ms - -[0m
[0mGET /api/v1/posts?page=1&limit=25 [36m304[0m 781.053 ms - -[0m
[0mGET /api/v1/posts?page=1&limit=25 [36m304[0m 92.735 ms - -[0m
[0mGET /api/v1/friendship/fetch-friends/60bbd8d662927effd30c77f3 [33m404[0m 1.639 ms - 195[0m
[0mGET /api/v1/posts?page=1&limit=25 [36m304[0m 262.998 ms - -[0m
[0mGET /api/v1/posts?page=1&limit=25 [36m304[0m 54.819 ms - -[0m
[0mGET /api/v1/friendship/fetch-friends/undefined [33m404[0m 1.677 ms - 180[0m
[0mGET /api/v1/posts?page=1&limit=25 [36m304[0m 166.846 ms - -[0m
[0mGET /api/v1/posts?page=1&limit=25 [36m304[0m 35.178 ms - -[0m
[0mGET /api/v1/posts?page=1&limit=25 [36m304[0m 100.966 ms - -[0m
[0mGET /api/v1/friendship/fetch-friends/60bbd8d662927effd30c77f3 [33m404[0m 2.713 ms - 195[0m
[0mGET /api/v1/posts?page=1&limit=25 [36m304[0m 258.041 ms - -[0m
[0mGET /api/v1/friendship/fetch-friends/60bbd8d662927effd30c77f3 [33m404[0m 2.602 ms - 195[0m
[0mGET /api/v1/posts?page=1&limit=25 [36m304[0m 157.227 ms - -[0m
[0mGET /api/v1/friendship/fetch-friends/60bbd8d662927effd30c77f3 [33m404[0m 1.092 ms - 195[0m
[0mGET /api/v1/posts?page=1&limit=25 [36m304[0m 95.198 ms - -[0m
[0mGET /api/v1/friendship/fetch-friends/60bbd8d662927effd30c77f3 [33m404[0m 5.192 ms - 195[0m
[0mGET /api/v1/posts?page=1&limit=25 [36m304[0m 205.839 ms - -[0m
[0mGET /api/v1/friendship/fetch-friends/60bbd8d662927effd30c77f3 [33m404[0m 10.128 ms - 195[0m
[0mGET /api/v1/posts?page=1&limit=25 [36m304[0m 191.772 ms - -[0m
[0mGET /api/v1/friendship/fetchfriends/60bbd8d662927effd30c77f3 [33m404[0m 3.847 ms - 194[0m
[0mGET /api/v1/posts?page=1&limit=25 [36m304[0m 323.084 ms - -[0m
[0mGET /api/v1/posts?page=1&limit=25 [36m304[0m 129.504 ms - -[0m
[0mGET /api/v1/friendship/fetchfriends/60bbd8d662927effd30c77f3 [33m404[0m 62.084 ms - 194[0m
[0mGET /api/v1/posts?page=1&limit=25 [36m304[0m 131.777 ms - -[0m
[0mGET /api/v1/friendship/fetchfriends60bbd8d662927effd30c77f3 [33m404[0m 90.270 ms - 193[0m
[0mGET /api/v1/friendship/fetchfriends?60bbd8d662927effd30c77f3 [33m404[0m 2.192 ms - 169[0m
[0mGET /api/v1/posts?page=1&limit=25 [36m304[0m 159.380 ms - -[0m
[0mGET /api/v1/friendship/fetchfriends?userId60bbd8d662927effd30c77f3 [33m404[0m 2.004 ms - 169[0m
[0mGET /api/v1/posts?page=1&limit=25 [36m304[0m 204.549 ms - -[0m
[0mGET /api/v1/friendship/fetchfriends?userId=60bbd8d662927effd30c77f3 [33m404[0m 3.349 ms - 169[0m
[0mGET /api/v1/posts?page=1&limit=25 [36m304[0m 83.449 ms - -[0m
[0mGET /api/v1/friendship/fetchfriends?userId=60bbd8d662927effd30c77f3 [33m404[0m 5.945 ms - 169[0m
[0mGET /api/v1/posts?page=1&limit=25 [36m304[0m 348.508 ms - -[0m
[0mGET /api/v1/fr/fetchfriends?userId=60bbd8d662927effd30c77f3 [33m404[0m 2.164 ms - 161[0m
[0mGET /api/v1/posts?page=1&limit=25 [36m304[0m 138.888 ms - -[0m
[0mGET /api/v1/users/fetchfriends?userId=60bbd8d662927effd30c77f3 [31m500[0m 360.764 ms - 35[0m
[0mGET /api/v1/posts?page=1&limit=25 [36m304[0m 508.120 ms - -[0m
[0mGET /api/v1/users/fetchfriends?id=60bbd8d662927effd30c77f3 [31m500[0m 155.534 ms - 35[0m
[0mGET /api/v1/posts?page=1&limit=25 [36m304[0m 692.394 ms - -[0m
[0mGET /api/v1/users/fetchfriends?id=60bbd8d662927effd30c77f3 [31m500[0m 55.349 ms - 35[0m
[0mGET /api/v1/posts?page=1&limit=25 [36m304[0m 207.905 ms - -[0m
[0mGET /api/v1/users/fetchfriends?id=60bbd8d662927effd30c77f3 [31m500[0m 34.401 ms - 35[0m
[0mGET /api/v1/posts?page=1&limit=25 [36m304[0m 139.327 ms - -[0m
[0mGET /api/v1/users/fetchfriends?id=60bbd8d662927effd30c77f3 [31m500[0m 48.826 ms - 35[0m
[0mGET /api/v1/posts?page=1&limit=25 [36m304[0m 181.372 ms - -[0m
[0mGET /api/v1/users/fetchfriends60bbd8d662927effd30c77f3 [31m500[0m 12.033 ms - 35[0m
[0mGET /api/v1/posts?page=1&limit=25 [36m304[0m 268.428 ms - -[0m
[0mGET /api/v1/users/fetchfriends/60bbd8d662927effd30c77f3 [33m404[0m 3.350 ms - 189[0m
[0mGET /api/v1/posts?page=1&limit=25 [36m304[0m 129.237 ms - -[0m
[0mGET /api/v1/users/fetchfriends/60bbd8d662927effd30c77f3 [33m404[0m 1.725 ms - 189[0m
[0mGET /api/v1/posts?page=1&limit=25 [36m304[0m 161.538 ms - -[0m
[0mGET /api/v1/users/fetchfriends/ [31m500[0m 6.900 ms - 35[0m
[0mGET /api/v1/posts?page=1&limit=25 [36m304[0m 110.735 ms - -[0m
[0mGET /api/v1/posts?page=1&limit=25 [36m304[0m 85.468 ms - -[0m
[0mGET /api/v1/users/fetchfriends [31m500[0m 24.313 ms - 35[0m
[0mGET /api/v1/users/fetchfriends [31m500[0m 289.053 ms - 35[0m
[0mGET /api/v1/posts?page=1&limit=25 [36m304[0m 572.660 ms - -[0m
[0mGET /api/v1/users/fetchfriends [31m500[0m 48.805 ms - 35[0m
[0mGET /api/v1/posts?page=1&limit=25 [36m304[0m 202.412 ms - -[0m
[0mGET /api/v1/users/fetchfriends [31m500[0m 45.007 ms - 35[0m
[0mGET /api/v1/posts?page=1&limit=25 [36m304[0m 151.702 ms - -[0m
[0mGET /api/v1/posts?page=1&limit=25 [36m304[0m 906.948 ms - -[0m
[0mGET /api/v1/users/fetchfriends [31m500[0m 544.616 ms - 35[0m
[0mGET /api/v1/users/fetchfriends [31m500[0m 52.062 ms - 35[0m
[0mGET /api/v1/posts?page=1&limit=25 [36m304[0m 139.857 ms - -[0m
[0mGET /api/v1/users/fetchfriends [31m500[0m 58.133 ms - 35[0m
[0mGET /api/v1/posts?page=1&limit=25 [36m304[0m 247.228 ms - -[0m
[0mGET /api/v1/users/fetchfriends/60bbd8d662927effd30c77f3 [33m404[0m 2.440 ms - 189[0m
[0mGET /api/v1/posts?page=1&limit=25 [36m304[0m 236.294 ms - -[0m
[0mGET /api/v1/users/fetchfriends?id=60bbd8d662927effd30c77f3 [31m500[0m 230.390 ms - 35[0m
[0mGET /api/v1/posts?page=1&limit=25 [36m304[0m 287.329 ms - -[0m
[0mGET /api/v1/users/fetchfriends?id=60bbd8d662927effd30c77f3 [31m500[0m 262.140 ms - 35[0m
[0mGET /api/v1/posts?page=1&limit=25 [36m304[0m 361.848 ms - -[0m
[0mGET /api/v1/users/fetchfriends?id=60bbd8d662927effd30c77f3 [31m500[0m 82.236 ms - 35[0m
[0mGET /api/v1/posts?page=1&limit=25 [36m304[0m 187.117 ms - -[0m
[0mGET /api/v1/users/fetchfriends?id=60bbd8d662927effd30c77f3 [31m500[0m 269.839 ms - 35[0m
[0mGET /api/v1/posts?page=1&limit=25 [36m304[0m 484.045 ms - -[0m
[0mGET /api/v1/users/fetchfriends?id=60bbd8d662927effd30c77f3 [31m500[0m 11.868 ms - 35[0m
[0mGET /api/v1/posts?page=1&limit=25 [36m304[0m 143.691 ms - -[0m
[0mGET /api/v1/posts?page=1&limit=25 [36m304[0m 43.094 ms - -[0m
[0mGET /api/v1/users/fetchfriends?id=60bbd8d662927effd30c77f3 [31m500[0m 99.950 ms - 35[0m
[0mGET /api/v1/users/fetchfriends?id=60bbd8d662927effd30c77f3 [31m500[0m 177.893 ms - 35[0m
[0mGET /api/v1/posts?page=1&limit=25 [36m304[0m 282.685 ms - -[0m
[0mGET /api/v1/users/fetchfriends?id=60bbd8d662927effd30c77f3 [31m500[0m 117.316 ms - 35[0m
[0mGET /api/v1/posts?page=1&limit=25 [36m304[0m 285.860 ms - -[0m
[0mGET /api/v1/users/fetchfriends?id=60bbd8d662927effd30c77f3 [31m500[0m 77.084 ms - 35[0m
[0mGET /api/v1/posts?page=1&limit=25 [36m304[0m 177.793 ms - -[0m
[0mGET /api/v1/posts?page=1&limit=25 [36m304[0m 95.708 ms - -[0m
[0mGET /api/v1/users/fetchfriends?id=60bbd8d662927effd30c77f3 [31m500[0m 127.960 ms - 35[0m
[0mGET /api/v1/users/fetchfriends?id=60bbd8d662927effd30c77f3 [31m500[0m 24.731 ms - 35[0m
[0mGET /api/v1/posts?page=1&limit=25 [36m304[0m 142.061 ms - -[0m
[0mGET /api/v1/users/fetchfriends?id=60bbd8d662927effd30c77f3 [31m500[0m 105.126 ms - 35[0m
[0mGET /api/v1/posts?page=1&limit=25 [36m304[0m 221.600 ms - -[0m
[0mGET /api/v1/users/fetchfriends?id=60bbd8d662927effd30c77f3 [31m500[0m 29.236 ms - 35[0m
[0mGET /api/v1/posts?page=1&limit=25 [36m304[0m 137.400 ms - -[0m
[0mGET /api/v1/users/fetchfriends?id=60bbd8d662927effd30c77f3 [31m500[0m 75.993 ms - 35[0m
[0mGET /api/v1/posts?page=1&limit=25 [36m304[0m 142.909 ms - -[0m
[0mGET /api/v1/users/fetchfriends?id=60bbd8d662927effd30c77f3 [31m500[0m 106.060 ms - 35[0m
[0mGET /api/v1/posts?page=1&limit=25 [36m304[0m 461.410 ms - -[0m
[0mGET /api/v1/users/fetchfriends?id=60bbd8d662927effd30c77f3 [31m500[0m 219.114 ms - 35[0m
[0mGET /api/v1/posts?page=1&limit=25 [36m304[0m 347.637 ms - -[0m
[0mGET /api/v1/users/fetchfriends?id=60bbd8d662927effd30c77f3 [31m500[0m 37.592 ms - 35[0m
[0mGET /api/v1/posts?page=1&limit=25 [36m304[0m 122.161 ms - -[0m
[0mGET /api/v1/users/fetchfriends [31m500[0m 349.962 ms - 35[0m
[0mGET /api/v1/posts?page=1&limit=25 [36m304[0m 801.678 ms - -[0m
[0mGET /api/v1/users/fetchfriends [31m500[0m 136.901 ms - 35[0m
[0mGET /api/v1/posts?page=1&limit=25 [36m304[0m 202.202 ms - -[0m
[0mGET /api/v1/users/fetchfriends [31m500[0m 28.707 ms - 35[0m
[0mGET /api/v1/posts?page=1&limit=25 [36m304[0m 114.506 ms - -[0m
[0mGET /api/v1/users/fetchfriends [31m500[0m 96.286 ms - 35[0m
[0mGET /api/v1/posts?page=1&limit=25 [36m304[0m 227.761 ms - -[0m
[0mGET /api/v1/users/fetchfriends [31m500[0m 186.963 ms - 35[0m
[0mGET /api/v1/posts?page=1&limit=25 [36m304[0m 320.342 ms - -[0m
[0mGET /api/v1/users/fetchfriends?id=60bbd8d662927effd30c77f3 [31m500[0m 137.129 ms - 35[0m
[0mGET /api/v1/posts?page=1&limit=25 [36m304[0m 244.022 ms - -[0m
[0mGET /api/v1/posts?page=1&limit=25 [36m304[0m 134.374 ms - -[0m
[0mGET /api/v1/users/fetchfriends?id=60bbd8d662927effd30c77f3 [31m500[0m 12.661 ms - 35[0m
[0mGET /api/v1/users/fetchfriends?id=60bbd8d662927effd30c77f3 [31m500[0m 264.998 ms - 35[0m
[0mGET /api/v1/posts?page=1&limit=25 [36m304[0m 537.824 ms - -[0m
[0mGET /api/v1/users/fetchfriends?id=60bbd8d662927effd30c77f3 [31m500[0m 145.321 ms - 35[0m
[0mGET /api/v1/posts?page=1&limit=25 [36m304[0m 299.285 ms - -[0m
[0mGET /api/v1/posts?page=1&limit=25 [36m304[0m 34.892 ms - -[0m
[0mGET /api/v1/users/fetchfriends?id=60bbd8d662927effd30c77f3 [31m500[0m 87.177 ms - 35[0m
[0mGET /api/v1/users/fetchfriends?id=60bbd8d662927effd30c77f3 [31m500[0m 95.512 ms - 35[0m
[0mGET /api/v1/posts?page=1&limit=25 [36m304[0m 208.504 ms - -[0m
[0mGET /api/v1/users/fetchfriends?id=60bbd8d662927effd30c77f3 [31m500[0m 82.871 ms - 35[0m
[0mGET /api/v1/posts?page=1&limit=25 [36m304[0m 199.081 ms - -[0m
[0mGET /api/v1/posts?page=1&limit=25 [36m304[0m 80.793 ms - -[0m
[0mGET /api/v1/users/fetchfriends?id=60bbd8d662927effd30c77f3 [31m500[0m 13.911 ms - 35[0m
[0mGET /api/v1/users/fetchfriends?id=60bbd8d662927effd30c77f3 [31m500[0m 71.547 ms - 35[0m
[0mGET /api/v1/posts?page=1&limit=25 [36m304[0m 159.735 ms - -[0m
[0mGET /api/v1/users/fetchfriends?id=60bbd8d662927effd30c77f3 [31m500[0m 176.324 ms - 35[0m
[0mGET /api/v1/posts?page=1&limit=25 [36m304[0m 328.814 ms - -[0m
[0mGET /api/v1/users/fetchfriends?id=60bbd8d662927effd30c77f3 [31m500[0m 125.563 ms - 35[0m
[0mGET /api/v1/posts?page=1&limit=25 [36m304[0m 350.652 ms - -[0m
[0mGET /api/v1/users/fetchfriends60bbd8d662927effd30c77f3 [31m500[0m 34.521 ms - 35[0m
[0mGET /api/v1/posts?page=1&limit=25 [36m304[0m 450.366 ms - -[0m
[0mGET /api/v1/users/fetchfriends/60bbd8d662927effd30c77f3 [33m404[0m 2.933 ms - 189[0m
[0mGET /api/v1/posts?page=1&limit=25 [36m304[0m 95.391 ms - -[0m
[0mGET /api/v1/users/fetchfriends/60bbd8d662927effd30c77f3 [33m404[0m 1.719 ms - 189[0m
[0mGET /api/v1/posts?page=1&limit=25 [36m304[0m 111.200 ms - -[0m
[0mPOST /api/v1/users/create-session [33m422[0m 22.008 ms - 39[0m
[0mPOST /api/v1/users/create-session [33m422[0m 4.769 ms - 39[0m
[0mPOST /api/v1/users/create-session [33m422[0m 7.010 ms - 39[0m
[0mPOST /api/v1/users/signup [32m200[0m 30.088 ms - 730[0m
[0mGET /api/v1/users/fetchfriends/60bbeb29fe644d09f75af646 [33m404[0m 3.298 ms - 189[0m
[0mGET /api/v1/posts?page=1&limit=25 [36m304[0m 146.400 ms - -[0m
[0mGET /api/v1/users/fetchfriends/60bbeb29fe644d09f75af646 [33m404[0m 9.608 ms - 189[0m
[0mGET /api/v1/posts?page=1&limit=25 [36m304[0m 233.143 ms - -[0m
[0mGET /api/v1/users/fetchfriends/60bbeb29fe644d09f75af646 [33m404[0m 2.199 ms - 189[0m
[0mGET /api/v1/posts?page=1&limit=25 [36m304[0m 134.401 ms - -[0m
[0mGET /api/v1/users/fetchfriends/60bbeb29fe644d09f75af646 [33m404[0m 6.696 ms - 189[0m
[0mGET /api/v1/posts?page=1&limit=25 [36m304[0m 129.704 ms - -[0m
[0mGET /api/v1/users/fetchfriends/60bbeb29fe644d09f75af646 [33m404[0m 1.232 ms - 189[0m
[0mGET /api/v1/posts?page=1&limit=25 [36m304[0m 164.365 ms - -[0m
[0mGET /api/v1/users/fetchfriends/60bbeb29fe644d09f75af646 [33m404[0m 3.662 ms - 189[0m
[0mGET /api/v1/posts?page=1&limit=25 [36m304[0m 57.598 ms - -[0m
[0mGET /api/v1/users/fetchfriends/60bbeb29fe644d09f75af646 [33m404[0m 1.295 ms - 189[0m
[0mGET /api/v1/posts?page=1&limit=25 [36m304[0m 43.598 ms - -[0m
[0mGET /api/v1/users/fetchfriends/60bbeb29fe644d09f75af646 [33m404[0m 1.150 ms - 189[0m
[0mGET /api/v1/posts?page=1&limit=25 [36m304[0m 60.294 ms - -[0m
[0mGET /api/v1/posts?page=1&limit=25 [36m304[0m 38.157 ms - -[0m
[0mGET /api/v1/users/fetchfriends/60bbeb29fe644d09f75af646 [33m404[0m 2.256 ms - 189[0m
[0mGET /api/v1/users/fetchfriends/60bbeb29fe644d09f75af646 [33m404[0m 1.348 ms - 189[0m
[0mGET /api/v1/posts?page=1&limit=25 [36m304[0m 85.642 ms - -[0m
[0mGET /api/v1/users/fetchfriends/60bbeb29fe644d09f75af646 [33m404[0m 1.745 ms - 189[0m
[0mGET /api/v1/posts?page=1&limit=25 [36m304[0m 352.192 ms - -[0m
[0mGET /api/v1/users/fetchfriends/60bbeb29fe644d09f75af646 [33m404[0m 1.129 ms - 189[0m
[0mGET /api/v1/posts?page=1&limit=25 [36m304[0m 150.718 ms - -[0m
[0mGET /api/v1/users/fetchfriends/60bbeb29fe644d09f75af646 [33m404[0m 5.826 ms - 189[0m
[0mGET /api/v1/posts?page=1&limit=25 [36m304[0m 233.865 ms - -[0m
[0mGET /api/v1/users/fetchfriends/60bbeb29fe644d09f75af646 [33m404[0m 1.933 ms - 189[0m
[0mGET /api/v1/posts?page=1&limit=25 [36m304[0m 93.531 ms - -[0m
[0mGET /api/v1/users/fetchfriends/60bbeb29fe644d09f75af646 [33m404[0m 1.344 ms - 189[0m
[0mGET /api/v1/posts?page=1&limit=25 [36m304[0m 88.862 ms - -[0m
[0mGET /api/v1/users/fetchfriends/60bbeb29fe644d09f75af646 [33m404[0m 1.720 ms - 189[0m
[0mGET /api/v1/posts?page=1&limit=25 [36m304[0m 80.674 ms - -[0m
[0mGET /api/v1/users/fetchfriends/60bbeb29fe644d09f75af646 [33m404[0m 1.323 ms - 189[0m
[0mGET /api/v1/posts?page=1&limit=25 [36m304[0m 89.080 ms - -[0m
[0mGET /api/v1/users/60b27fe58a0a5a722c09d463 [32m200[0m 16.174 ms - 694[0m
[0mGET /api/v1/users/fetchfriends/60bbeb29fe644d09f75af646 [33m404[0m 5.774 ms - 189[0m
[0mGET /api/v1/posts?page=1&limit=25 [36m304[0m 130.745 ms - -[0m
[0mGET /api/v1/users/60b27fe58a0a5a722c09d463 [32m200[0m 11.752 ms - 694[0m
[0mPOST /api/v1/users/create-friendship?userId=60b27fe58a0a5a722c09d463 [31m500[0m 4.910 ms - 35[0m
[0mPOST /api/v1/users/create-friendship?userId=60b27fe58a0a5a722c09d463 [31m500[0m 4.221 ms - 35[0m
[0mPOST /api/v1/users/create-friendship?userId=60b27fe58a0a5a722c09d463 [31m500[0m 3.272 ms - 35[0m
[0mGET /api/v1/users/fetchfriends/60bbeb29fe644d09f75af646 [33m404[0m 14.724 ms - 189[0m
[0mGET /api/v1/posts?page=1&limit=25 [36m304[0m 349.979 ms - -[0m
[0mGET /api/v1/users/fetchfriends/60bbeb29fe644d09f75af646 [33m404[0m 2.042 ms - 189[0m
[0mGET /api/v1/posts?page=1&limit=25 [36m304[0m 168.359 ms - -[0m
[0mGET /api/v1/users/60b27fe58a0a5a722c09d463 [32m200[0m 31.639 ms - 694[0m
[0mPOST /api/v1/users/create-friendship/60b27fe58a0a5a722c09d463 [31m500[0m 6.438 ms - 35[0m
[0mGET /api/v1/users/fetchfriends/60bbeb29fe644d09f75af646 [33m404[0m 7.854 ms - 189[0m
[0mGET /api/v1/posts?page=1&limit=25 [36m304[0m 216.406 ms - -[0m
[0mGET /api/v1/users/60b27fe58a0a5a722c09d463 [32m200[0m 121.192 ms - 694[0m
[0mPOST /api/v1/users/create-friendship/60b27fe58a0a5a722c09d463 [31m500[0m 5.597 ms - 35[0m
[0mGET /api/v1/users/fetchfriends/60bbeb29fe644d09f75af646 [33m404[0m 9.809 ms - 189[0m
[0mGET /api/v1/posts?page=1&limit=25 [36m304[0m 216.370 ms - -[0m
[0mGET /api/v1/users/60b27fe58a0a5a722c09d463 [32m200[0m 78.295 ms - 694[0m
[0mPOST /api/v1/users/create-friendship/60b27fe58a0a5a722c09d463 [31m500[0m 6.479 ms - 35[0m
[0mGET /api/v1/users/fetchfriends/60bbeb29fe644d09f75af646 [33m404[0m 27.064 ms - 189[0m
[0mGET /api/v1/posts?page=1&limit=25 [36m304[0m 272.507 ms - -[0m
[0mGET /api/v1/users/60b27fe58a0a5a722c09d463 [32m200[0m 68.785 ms - 694[0m
[0mPOST /api/v1/users/create-friendship/60b27fe58a0a5a722c09d463 [31m500[0m 6.522 ms - 35[0m
[0mGET /api/v1/users/fetchfriends/60bbeb29fe644d09f75af646 [33m404[0m 6.151 ms - 189[0m
[0mGET /api/v1/users/60b27fe58a0a5a722c09d463 [32m200[0m 84.357 ms - 694[0m
[0mGET /api/v1/posts?page=1&limit=25 [36m304[0m 343.448 ms - -[0m
[0mPOST /api/v1/users/create-friendship/60b27fe58a0a5a722c09d463 [31m500[0m 5.552 ms - 35[0m
[0mGET /api/v1/users/fetchfriends/60bbeb29fe644d09f75af646 [33m404[0m 7.917 ms - 189[0m
[0mGET /api/v1/users/60b27fe58a0a5a722c09d463 [32m200[0m 98.147 ms - 694[0m
[0mGET /api/v1/posts?page=1&limit=25 [36m304[0m 372.013 ms - -[0m
[0mPOST /api/v1/users/create-friendship/60b27fe58a0a5a722c09d463 [31m500[0m 5.942 ms - 17[0m
[0mGET /api/v1/users/60b27fe58a0a5a722c09d463 [32m200[0m 44.639 ms - 694[0m
[0mPOST /api/v1/users/create-friendship/60b27fe58a0a5a722c09d463 [31m500[0m 7.691 ms - 35[0m
[0mGET /api/v1/users/60b27fe58a0a5a722c09d463 [32m200[0m 54.679 ms - 694[0m
[0mPOST /api/v1/users/create-friendship/60b27fe58a0a5a722c09d463 [31m500[0m 6.383 ms - 35[0m
[0mGET /api/v1/users/fetchfriends/60bbeb29fe644d09f75af646 [33m404[0m 5.640 ms - 189[0m
[0mGET /api/v1/posts?page=1&limit=25 [36m304[0m 355.194 ms - -[0m
[0mGET /api/v1/users/60b27fe58a0a5a722c09d463 [32m200[0m 299.001 ms - 694[0m
[0mPOST /api/v1/users/create-friendship/60b27fe58a0a5a722c09d463 [31m500[0m 8.930 ms - 27[0m
[0mGET /api/v1/users/fetchfriends/60bbeb29fe644d09f75af646 [33m404[0m 10.524 ms - 189[0m
[0mGET /api/v1/posts?page=1&limit=25 [36m304[0m 268.415 ms - -[0m
[0mGET /api/v1/users/60b27fe58a0a5a722c09d463 [32m200[0m 136.931 ms - 694[0m
[0mPOST /api/v1/users/create-friendship/60b27fe58a0a5a722c09d463 [31m500[0m 7.521 ms - 35[0m
[0mGET /api/v1/users/fetchfriends/60bbeb29fe644d09f75af646 [33m404[0m 8.250 ms - 189[0m
[0mGET /api/v1/posts?page=1&limit=25 [36m304[0m 337.369 ms - -[0m
[0mGET /api/v1/users/60b27fe58a0a5a722c09d463 [32m200[0m 140.384 ms - 694[0m
[0mPOST /api/v1/users/create-friendship/60b27fe58a0a5a722c09d463 [31m500[0m 7.285 ms - 35[0m
[0mGET /api/v1/users/fetchfriends/60bbeb29fe644d09f75af646 [33m404[0m 21.550 ms - 189[0m
[0mGET /api/v1/posts?page=1&limit=25 [36m304[0m 148.659 ms - -[0m
[0mGET /api/v1/users/60b27fe58a0a5a722c09d463 [32m200[0m 50.326 ms - 694[0m
[0mPOST /api/v1/users/create-friendship/60b27fe58a0a5a722c09d463 [32m200[0m 21.597 ms - 960[0m
[0mGET /api/v1/users/60b27fe58a0a5a722c09d463 [32m200[0m 20.818 ms - 694[0m
[0mGET /api/v1/users/fetchfriends/60bbeb29fe644d09f75af646 [33m404[0m 6.909 ms - 189[0m
[0mGET /api/v1/posts?page=1&limit=25 [36m304[0m 326.868 ms - -[0m
[0mGET /api/v1/users/fetchfriends/60bbeb29fe644d09f75af646 [33m404[0m 2.367 ms - 189[0m
[0mGET /api/v1/posts?page=1&limit=25 [36m304[0m 104.449 ms - -[0m
[0mGET /api/v1/users/60b27fe58a0a5a722c09d463 [32m200[0m 43.681 ms - 694[0m
[0mGET /api/v1/users/605e0c6242f21d160645898b [32m200[0m 19.334 ms - 1072[0m
[0mGET /api/v1/users/60b27fe58a0a5a722c09d463 [32m200[0m 6.717 ms - 694[0m
[0mPOST /api/v1/users/create-friendship/60b27fe58a0a5a722c09d463 [32m200[0m 19.350 ms - 626[0m
[0mGET /api/v1/users/fetchfriends/60bbeb29fe644d09f75af646 [33m404[0m 29.279 ms - 189[0m
[0mGET /api/v1/users/60b27fe58a0a5a722c09d463 [32m200[0m 140.333 ms - 694[0m
[0mGET /api/v1/posts?page=1&limit=25 [36m304[0m 401.943 ms - -[0m
[0mPOST /api/v1/users/create-friendship/60b27fe58a0a5a722c09d463 [32m200[0m 23.132 ms - 689[0m
[0mGET /api/v1/users/fetchfriends/60bbeb29fe644d09f75af646 [33m404[0m 8.000 ms - 189[0m
[0mGET /api/v1/users/60b27fe58a0a5a722c09d463 [32m200[0m 107.201 ms - 694[0m
[0mGET /api/v1/posts?page=1&limit=25 [36m304[0m 466.200 ms - -[0m
[0mPOST /api/v1/users/create-friendship/60b27fe58a0a5a722c09d463 [32m200[0m 21.380 ms - 752[0m
[0mGET /api/v1/users/fetchfriends/60bbeb29fe644d09f75af646 [33m404[0m 2.014 ms - 189[0m
[0mGET /api/v1/users/60b27fe58a0a5a722c09d463 [32m200[0m 513.830 ms - 694[0m
[0mGET /api/v1/posts?page=1&limit=25 [36m304[0m 690.491 ms - -[0m
[0mGET /api/v1/posts?page=1&limit=25 [36m304[0m 87.764 ms - -[0m
[0mGET /api/v1/users/fetchfriends/60bbeb29fe644d09f75af646 [33m404[0m 2.995 ms - 189[0m
[0mGET /api/v1/users/60b27fe58a0a5a722c09d463 [32m200[0m 142.972 ms - 694[0m
[0mPOST /api/v1/users/create-friendship/60b27fe58a0a5a722c09d463 [32m200[0m 7.392 ms - 815[0m
[0mGET /api/v1/users/fetchfriends/60bbeb29fe644d09f75af646 [33m404[0m 1.343 ms - 189[0m
[0mGET /api/v1/posts?page=1&limit=25 [36m304[0m 183.888 ms - -[0m
[0mGET /api/v1/users/60b27fe58a0a5a722c09d463 [32m200[0m 23.187 ms - 694[0m
[0mPOST /api/v1/users/create-friendship/60b27fe58a0a5a722c09d463 [32m200[0m 6.160 ms - 878[0m
[0mGET /api/v1/users/fetchfriends/60bbeb29fe644d09f75af646 [33m404[0m 1.443 ms - 189[0m
[0mGET /api/v1/posts?page=1&limit=25 [36m304[0m 99.297 ms - -[0m
[0mGET /api/v1/users/fetchfriends/60bbeb29fe644d09f75af646 [33m404[0m 11.214 ms - 189[0m
[0mGET /api/v1/posts?page=1&limit=25 [36m304[0m 55.291 ms - -[0m
[0mGET /api/v1/users/fetchfriends/60bbeb29fe644d09f75af646 [33m404[0m 1.149 ms - 189[0m
[0mGET /api/v1/posts?page=1&limit=25 [36m304[0m 57.247 ms - -[0m
[0mGET /api/v1/posts?page=1&limit=25 [36m304[0m 34.986 ms - -[0m
[0mGET /api/v1/posts?page=1&limit=25 [36m304[0m 52.162 ms - -[0m
[0mGET /api/v1/posts?page=1&limit=25 [36m304[0m 111.382 ms - -[0m
[0mGET /api/v1/posts?page=1&limit=25 [36m304[0m 181.594 ms - -[0m
[0mGET /api/v1/posts?page=1&limit=25 [36m304[0m 109.569 ms - -[0m
[0mGET /api/v1/users/fetchfriends/60bbeb29fe644d09f75af646 [33m404[0m 1.111 ms - 189[0m
[0mGET /api/v1/posts?page=1&limit=25 [36m304[0m 211.837 ms - -[0m
[0mGET /api/v1/users/fetchfriends/60bbeb29fe644d09f75af646 [33m404[0m 9.890 ms - 189[0m
[0mGET /api/v1/posts?page=1&limit=25 [36m304[0m 213.094 ms - -[0m
[0mGET /api/v1/users/60b27fe58a0a5a722c09d463 [32m200[0m 18.928 ms - 694[0m
[0mPOST /api/v1/users/create-friendship/60b27fe58a0a5a722c09d463 [32m200[0m 17.574 ms - 941[0m
[0mGET /api/v1/users/fetchfriends/60bbeb29fe644d09f75af646 [33m404[0m 1.708 ms - 189[0m
[0mGET /api/v1/posts?page=1&limit=25 [36m304[0m 103.253 ms - -[0m
[0mGET /api/v1/users/fetchfriends/60bbeb29fe644d09f75af646 [33m404[0m 7.656 ms - 189[0m
[0mGET /api/v1/posts?page=1&limit=25 [36m304[0m 229.029 ms - -[0m
[0mGET /api/v1/users/605e0c6242f21d160645898b [32m200[0m 27.325 ms - 1072[0m
[0mPOST /api/v1/users/create-friendship/605e0c6242f21d160645898b [32m200[0m 19.299 ms - 1004[0m
[0mGET /api/v1/users/fetchfriends/60bbeb29fe644d09f75af646 [33m404[0m 1.615 ms - 189[0m
[0mGET /api/v1/posts?page=1&limit=25 [36m304[0m 117.912 ms - -[0m
[0mGET /api/v1/users/fetchfriends/60bbeb29fe644d09f75af646 [33m404[0m 7.144 ms - 189[0m
[0mGET /api/v1/posts?page=1&limit=25 [36m304[0m 187.145 ms - -[0m
[0mGET /api/v1/users/60603e87d8dd5f21a4f48042 [32m200[0m 68.087 ms - 690[0m
[0mPOST /api/v1/users/create-friendship/60603e87d8dd5f21a4f48042 [32m200[0m 17.607 ms - 1067[0m
[0mGET /api/v1/users/fetchfriends/60bbeb29fe644d09f75af646 [33m404[0m 1.548 ms - 189[0m
[0mGET /api/v1/posts?page=1&limit=25 [36m304[0m 111.255 ms - -[0m
[0mGET /api/v1/users/fetchfriends/60bbeb29fe644d09f75af646 [33m404[0m 7.391 ms - 189[0m
[0mGET /api/v1/posts?page=1&limit=25 [36m304[0m 662.748 ms - -[0m
[0mGET /api/v1/users/fetchfriends/60bbeb29fe644d09f75af646 [33m404[0m 24.110 ms - 189[0m
[0mGET /api/v1/posts?page=1&limit=25 [36m304[0m 234.484 ms - -[0m
[0mGET /api/v1/users/fetchfriends/60bbeb29fe644d09f75af646 [33m404[0m 12.177 ms - 189[0m
[0mGET /api/v1/posts?page=1&limit=25 [36m304[0m 449.372 ms - -[0m
[0mGET /api/v1/users/fetchfriends/60bbeb29fe644d09f75af646 [33m404[0m 15.728 ms - 189[0m
[0mGET /api/v1/posts?page=1&limit=25 [36m304[0m 317.962 ms - -[0m
[0mGET /api/v1/users/fetchfriends/60bbeb29fe644d09f75af646 [33m404[0m 11.087 ms - 189[0m
[0mGET /api/v1/posts?page=1&limit=25 [36m304[0m 384.531 ms - -[0m
[0mGET /api/v1/posts?page=1&limit=25 [36m304[0m 162.798 ms - -[0m
[0mGET /api/v1/users/fetchfriends/60bbeb29fe644d09f75af646 [33m404[0m 81.574 ms - 189[0m
[0mGET /api/v1/posts?page=1&limit=25 [36m304[0m 128.602 ms - -[0m
[0mOPTIONS /api/v1/users/fetchfriends/60bbeb29fe644d09f75af646 [33m404[0m 3.199 ms - 193[0m
[0mGET /api/v1/posts?page=1&limit=25 [36m304[0m 134.451 ms - -[0m
[0mOPTIONS /api/v1/users/fetchfriends/60bbeb29fe644d09f75af646 [33m404[0m 1.319 ms - 193[0m
[0mGET /api/v1/posts?page=1&limit=25 [36m304[0m 57.044 ms - -[0m
[0mGET /api/v1/users/fetchfriends/60bbeb29fe644d09f75af646 [33m404[0m 1.590 ms - 189[0m
[0mGET /api/v1/users/fetchfriends/60bbeb29fe644d09f75af646 [33m404[0m 18.286 ms - 189[0m
[0mOPTIONS /api/v1/users/fetchfriends/60bbeb29fe644d09f75af646 [33m404[0m 1.792 ms - 193[0m
[0mGET /api/v1/posts?page=1&limit=25 [36m304[0m 85.891 ms - -[0m
[0mGET /api/v1/users/fetchfriends/60bbeb29fe644d09f75af646 [33m404[0m 1.870 ms - 189[0m
[0mGET /api/v1/posts?page=1&limit=25 [36m304[0m 109.450 ms - -[0m
[0mGET /api/v1/users/fetchfriends/60bbeb29fe644d09f75af646 [33m404[0m 1.258 ms - 189[0m
[0mGET /api/v1/posts?page=1&limit=25 [36m304[0m 107.646 ms - -[0m
[0mGET /api/v1/users/fetchfriends/60bbeb29fe644d09f75af646 [33m404[0m 3.729 ms - 189[0m
[0mGET /api/v1/users/fetchfriends/60bbeb29fe644d09f75af646 [33m404[0m 1.163 ms - 189[0m
[0mGET /api/v1/posts?page=1&limit=25 [36m304[0m 108.802 ms - -[0m
[0mGET /api/v1/posts?page=1&limit=25 [36m304[0m 109.579 ms - -[0m
[0mGET /api/v1/posts?page=1&limit=25 [36m304[0m 138.113 ms - -[0m
[0mGET /api/v1/posts?page=1&limit=25 [36m304[0m 155.481 ms - -[0m
[0mGET /api/v1/posts?page=1&limit=25 [36m304[0m 40.940 ms - -[0m
[0mGET /api/v1/users/fetchfriends/60bbeb29fe644d09f75af646 [33m404[0m 1.637 ms - 189[0m
[0mGET /api/v1/posts?page=1&limit=25 [36m304[0m 87.109 ms - -[0m
[0mGET /api/v1/posts?page=1&limit=25 [36m304[0m 40.456 ms - -[0m
[0mGET /api/v1/users/fetchfriends/60bbeb29fe644d09f75af646 [33m404[0m 1.937 ms - 189[0m
[0mGET /api/v1/posts?page=1&limit=25 [36m304[0m 67.351 ms - -[0m
[0mGET /api/v1/posts?page=1&limit=25 [36m304[0m 129.927 ms - -[0m
[0mGET /api/v1/users/fetchfriends/60bbeb29fe644d09f75af646 [33m404[0m 1.345 ms - 189[0m
[0mGET /api/v1/posts?page=1&limit=25 [36m304[0m 41.981 ms - -[0m
[0mGET /api/v1/users/fetchfriends/60bbeb29fe644d09f75af646 [33m404[0m 6.154 ms - 189[0m
[0mGET /api/v1/posts?page=1&limit=25 [36m304[0m 181.162 ms - -[0m
[0mGET /api/v1/users/fetchfriends/60bbeb29fe644d09f75af646 [33m404[0m 7.158 ms - 189[0m
[0mGET /api/v1/posts?page=1&limit=25 [36m304[0m 196.191 ms - -[0m
[0mGET /api/v1/users/fetchfriends/60bbeb29fe644d09f75af646 [33m404[0m 16.663 ms - 189[0m
[0mGET /api/v1/posts?page=1&limit=25 [36m304[0m 207.311 ms - -[0m
[0mGET /api/v1/users/fetchfriends/60bbeb29fe644d09f75af646 [33m404[0m 1.931 ms - 189[0m
[0mGET /api/v1/posts?page=1&limit=25 [36m304[0m 116.066 ms - -[0m
[0mGET /api/v1/posts?page=1&limit=25 [36m304[0m 294.240 ms - -[0m
[0mGET /api/v1/posts?page=1&limit=25 [32m200[0m 85.958 ms - 16046[0m
[0mGET /api/v1/posts?page=1&limit=25 [36m304[0m 274.508 ms - -[0m
[0mGET /api/v1/users/fetchfriends/60bbeb29fe644d09f75af646 [33m404[0m 3.172 ms - 189[0m
[0mGET /api/v1/posts?page=1&limit=25 [36m304[0m 172.094 ms - -[0m
[0mGET /api/v1/users/fetchfriends/60bbeb29fe644d09f75af646 [33m404[0m 1.855 ms - 189[0m
[0mGET /api/v1/posts?page=1&limit=25 [36m304[0m 139.938 ms - -[0m
[0mGET /api/v1/users/fetchfriends/shaanflorida@gmail.com [33m404[0m 17.610 ms - 187[0m
[0mGET /api/v1/posts?page=1&limit=25 [36m304[0m 156.630 ms - -[0m
[0mGET /api/v1/posts?page=1&limit=25 [36m304[0m 221.929 ms - -[0m
[0mGET /api/v1/posts?page=1&limit=25 [36m304[0m 482.409 ms - -[0m
[0mGET /api/v1/posts?page=1&limit=25 [36m304[0m 43.145 ms - -[0m
[0mGET /api/v1/users/fetchfriends/shaanflorida@gmail.com [33m404[0m 5.275 ms - 187[0m
[0mGET /api/v1/posts?page=1&limit=25 [36m304[0m 305.399 ms - -[0m
[0mGET /api/v1/posts?page=1&limit=25 [36m304[0m 551.408 ms - -[0m
[0mGET /api/v1/users/fetchfriends/ [31m500[0m 125.822 ms - 35[0m
[0mGET /api/v1/posts?page=1&limit=25 [36m304[0m 233.655 ms - -[0m
[0mGET /api/v1/users/fetchfriends? [31m500[0m 21.848 ms - 35[0m
[0mGET /api/v1/posts?page=1&limit=25 [36m304[0m 85.167 ms - -[0m
[0mGET /api/v1/users/fetchfriends?ema [31m500[0m 19.203 ms - 35[0m
[0mGET /api/v1/posts?page=1&limit=25 [36m304[0m 150.829 ms - -[0m
[0mGET /api/v1/posts?page=1&limit=25 [36m304[0m 459.864 ms - -[0m
[0mGET /api/v1/users/fetchfriends/shaanflorida@gmail.com [33m404[0m 3.721 ms - 187[0m
[0mGET /api/v1/posts?page=1&limit=25 [36m304[0m 98.051 ms - -[0m
[0mGET /api/v1/users/fetchfriends/shaanflorida@gmail.com [33m404[0m 25.730 ms - 187[0m
[0mGET /api/v1/posts?page=1&limit=25 [36m304[0m 267.439 ms - -[0m
[0mGET /api/v1/users/fetchfriends/shaanflorida@gmail.com [33m404[0m 13.554 ms - 187[0m
[0mGET /api/v1/posts?page=1&limit=25 [36m304[0m 185.707 ms - -[0m
[0mGET /api/v1/users/fetchfriends/shaanflorida@gmail.com [33m404[0m 5.709 ms - 187[0m
[0mGET /api/v1/posts?page=1&limit=25 [36m304[0m 221.841 ms - -[0m
[0mGET /api/v1/users/fetchfriends/shaanflorida@gmail.com [33m404[0m 3.639 ms - 187[0m
[0mGET /api/v1/posts?page=1&limit=25 [36m304[0m 95.034 ms - -[0m
[0mGET /api/v1/users/shaanflorida@gmail.com [31m500[0m 107.158 ms - 35[0m
[0mGET /api/v1/posts?page=1&limit=25 [36m304[0m 438.082 ms - -[0m
[0mGET /api/v1/users/shaanflorida@gmail.com [31m500[0m 3.556 ms - 35[0m
[0mGET /api/v1/posts?page=1&limit=25 [36m304[0m 103.956 ms - -[0m
[0mGET /api/v1/users/shaanflorida@gmail.com [31m500[0m 4.742 ms - 35[0m
[0mGET /api/v1/posts?page=1&limit=25 [36m304[0m 130.432 ms - -[0m
[0mGET /api/v1/users/fetchfriends/shaanflorida@gmail.com [33m404[0m 5.622 ms - 187[0m
[0mGET /api/v1/posts?page=1&limit=25 [36m304[0m 339.551 ms - -[0m
[0mGET /api/v1/friendship/fetchfriends/shaanflorida@gmail.com [33m404[0m 1.590 ms - 192[0m
[0mGET /api/v1/posts?page=1&limit=25 [36m304[0m 240.284 ms - -[0m
[0mGET /api/v1/posts?page=1&limit=25 [36m304[0m 48.226 ms - -[0m
[0mGET /api/v1/friendship/shaanflorida@gmail.com [33m404[0m 1.940 ms - 179[0m
[0mGET /api/v1/posts?page=1&limit=25 [36m304[0m 165.135 ms - -[0m
[0mGET /api/v1/friendship/shaanflorida@gmail.com [33m404[0m 1.798 ms - 179[0m
[0mGET /api/v1/posts?page=1&limit=25 [36m304[0m 64.795 ms - -[0m
[0mGET /api/v1/friendship/60bbeb29fe644d09f75af646 [33m404[0m 1.099 ms - 181[0m
[0mGET /api/v1/posts?page=1&limit=25 [36m304[0m 316.747 ms - -[0m
[0mGET /api/v1/posts?page=1&limit=25 [36m304[0m 91.059 ms - -[0m
[0mGET /api/v1/posts?page=1&limit=25 [36m304[0m 66.453 ms - -[0m
[0mGET /api/v1/friendship/60bbeb29fe644d09f75af646 [33m404[0m 2.958 ms - 181[0m
[0mGET /api/v1/posts?page=1&limit=25 [36m304[0m 136.275 ms - -[0m
[0mGET /api/v1/friendship/60bbeb29fe644d09f75af646 [32m200[0m 96.318 ms - 308[0m
[0mGET /api/v1/posts?page=1&limit=25 [36m304[0m 85.259 ms - -[0m
[0mGET /api/v1/friendship/60bbeb29fe644d09f75af646 [36m304[0m 56.540 ms - -[0m
[0mGET /api/v1/posts?page=1&limit=25 [36m304[0m 87.993 ms - -[0m
[0mGET /api/v1/friendship/60bbeb29fe644d09f75af646 [36m304[0m 41.343 ms - -[0m
[0mGET /api/v1/friendship/60bbeb29fe644d09f75af646 [36m304[0m 35.895 ms - -[0m
[0mGET /api/v1/posts?page=1&limit=25 [36m304[0m 129.747 ms - -[0m
[0mGET /api/v1/friendship/60bbeb29fe644d09f75af646 [36m304[0m 5.412 ms - -[0m
[0mGET /api/v1/posts?page=1&limit=25 [36m304[0m 64.396 ms - -[0m
[0mGET /api/v1/posts?page=1&limit=25 [36m304[0m 116.652 ms - -[0m
[0mPOST /api/v1/users/create-session [32m200[0m 35.107 ms - 1294[0m
[0mGET /api/v1/users/60b27fe58a0a5a722c09d463 [32m200[0m 10.371 ms - 694[0m
[0mGET /api/v1/friendship/60bbeb29fe644d09f75af646 [32m200[0m 113.150 ms - 1048[0m
[0mGET /api/v1/posts?page=1&limit=25 [36m304[0m 229.397 ms - -[0m
