[0mGET /api/v1/posts?page=1&limit=25 [36m304[0m 174.194 ms - -[0m
[0mGET /api/v1/posts?page=1&limit=25 [36m304[0m 86.962 ms - -[0m
[0mGET /api/v1/posts?page=1&limit=25 [36m304[0m 115.500 ms - -[0m
[0mGET /api/v1/posts?page=1&limit=25 [36m304[0m 226.020 ms - -[0m
[0mGET /api/v1/posts?page=1&limit=25 [36m304[0m 112.853 ms - -[0m
[0mGET /api/v1/posts?page=1&limit=25 [36m304[0m 46.008 ms - -[0m
[0mGET /api/v1/posts?page=1&limit=25 [36m304[0m 103.553 ms - -[0m
[0mGET /api/v1/posts?page=1&limit=25 [36m304[0m 173.730 ms - -[0m
[0mGET /api/v1/posts?page=1&limit=25 [36m304[0m 84.491 ms - -[0m
[0mGET /api/v1/posts?page=1&limit=25 [36m304[0m 94.199 ms - -[0m
[0mGET /api/v1/posts?page=1&limit=25 [36m304[0m 99.571 ms - -[0m
[0mGET /api/v1/posts?page=1&limit=25 [36m304[0m 59.999 ms - -[0m
[0mGET /api/v1/posts?page=1&limit=25 [36m304[0m 39.865 ms - -[0m
[0mGET /api/v1/posts?page=1&limit=25 [36m304[0m 59.724 ms - -[0m
[0mGET /api/v1/posts?page=1&limit=25 [36m304[0m 81.366 ms - -[0m
[0mGET /api/v1/posts?page=1&limit=25 [36m304[0m 35.517 ms - -[0m
[0mGET /api/v1/posts?page=1&limit=25 [36m304[0m 74.167 ms - -[0m
[0mGET /api/v1/posts?page=1&limit=25 [36m304[0m 169.400 ms - -[0m
[0mGET /api/v1/posts?page=1&limit=25 [36m304[0m 128.793 ms - -[0m
[0mGET /api/v1/posts?page=1&limit=25 [36m304[0m 32.857 ms - -[0m
[0mGET /api/v1/posts?page=1&limit=25 [36m304[0m 66.302 ms - -[0m
[0mGET /api/v1/users/search/n [32m200[0m 64.897 ms - 4326[0m
[0mGET /api/v1/users/search/ [31m500[0m 17.190 ms - 35[0m
[0mGET /api/v1/users/search/n [36m304[0m 11.055 ms - -[0m
[0mGET /api/v1/users/search/ [31m500[0m 4.144 ms - 35[0m
[0mGET /api/v1/users/search/m [32m200[0m 12.845 ms - 549[0m
[0mGET /api/v1/users/search/mn [32m200[0m 6.872 ms - 75[0m
[0mGET /api/v1/users/search/m [36m304[0m 4.969 ms - -[0m
[0mGET /api/v1/users/search/ [31m500[0m 3.128 ms - 35[0m
[0mGET /api/v1/users/search/s [36m304[0m 15.398 ms - -[0m
[0mGET /api/v1/users/search/sh [36m304[0m 11.759 ms - -[0m
[0mGET /api/v1/users/search/sha [36m304[0m 12.256 ms - -[0m
[0mGET /api/v1/users/search/shaa [36m304[0m 7.790 ms - -[0m
[0mGET /api/v1/users/search/shaan [36m304[0m 6.482 ms - -[0m
[0mGET /api/v1/users/search/shaa [36m304[0m 6.907 ms - -[0m
[0mGET /api/v1/users/search/sha [36m304[0m 8.986 ms - -[0m
[0mGET /api/v1/users/search/sh [36m304[0m 16.182 ms - -[0m
[0mGET /api/v1/users/search/s [36m304[0m 15.210 ms - -[0m
[0mGET /api/v1/users/search/ [31m500[0m 5.200 ms - 35[0m
[0mGET /api/v1/posts?page=1&limit=25 [36m304[0m 119.546 ms - -[0m
[0mGET /api/v1/posts?page=1&limit=25 [36m304[0m 130.641 ms - -[0m
[0mGET /api/v1/posts?page=1&limit=25 [36m304[0m 82.301 ms - -[0m
[0mGET /api/v1/users/search/s [36m304[0m 7.387 ms - -[0m
[0mGET /api/v1/users/search/ [31m500[0m 3.739 ms - 35[0m
[0mGET /api/v1/posts?page=1&limit=25 [36m304[0m 57.368 ms - -[0m
[0mGET /api/v1/posts?page=1&limit=25 [36m304[0m 29.990 ms - -[0m
[0mGET /api/v1/posts?page=1&limit=25 [36m304[0m 54.463 ms - -[0m
[0mGET /api/v1/posts?page=1&limit=25 [36m304[0m 219.410 ms - -[0m
[0mGET /api/v1/posts?page=1&limit=25 [36m304[0m 139.782 ms - -[0m
[0mGET /api/v1/posts?page=1&limit=25 [36m304[0m 123.828 ms - -[0m
[0mGET /api/v1/posts?page=1&limit=25 [36m304[0m 20.605 ms - -[0m
[0mGET /api/v1/posts?page=1&limit=25 [36m304[0m 315.368 ms - -[0m
[0mPOST /api/v1/users/create-session [32m200[0m 54.217 ms - 769[0m
[0mGET /api/v1/friendship/60e3680de2e7470495195737 [32m200[0m 22.096 ms - 506[0m
[0mGET /api/v1/posts?page=1&limit=25 [36m304[0m 289.111 ms - -[0m
[0mPOST /api/v1/users/create-session [32m200[0m 3.584 ms - 769[0m
[0mGET /api/v1/friendship/60e3680de2e7470495195737 [32m200[0m 9.014 ms - 506[0m
[0mGET /api/v1/friendship/60e3680de2e7470495195737 [32m200[0m 49.750 ms - 506[0m
[0mGET /api/v1/posts?page=1&limit=25 [36m304[0m 99.289 ms - -[0m
[0mGET /api/v1/friendship/60e3680de2e7470495195737 [32m200[0m 13.742 ms - 506[0m
[0mGET /api/v1/posts?page=1&limit=25 [36m304[0m 73.037 ms - -[0m
[0mGET /api/v1/friendship/60e3680de2e7470495195737 [32m200[0m 17.936 ms - 506[0m
[0mGET /api/v1/posts?page=1&limit=25 [36m304[0m 83.186 ms - -[0m
[0mGET /api/v1/users/60c2776e8a7c2e68f326cde5 [32m200[0m 16.681 ms - 760[0m
[0mPOST /api/v1/users/create-friendship/60c2776e8a7c2e68f326cde5 [32m200[0m 103.717 ms - 868[0m
[0mGET /api/v1/posts?page=1&limit=25 [32m200[0m 89.588 ms - 6772[0m
[0mGET /api/v1/friendship/60e3680de2e7470495195737 [32m200[0m 55.810 ms - 625[0m
[0mGET /api/v1/posts?page=1&limit=25 [36m304[0m 49.899 ms - -[0m
[0mGET /api/v1/friendship/60e3680de2e7470495195737 [32m200[0m 16.266 ms - 625[0m
[0mGET /api/v1/posts?page=1&limit=25 [36m304[0m 24.866 ms - -[0m
[0mGET /api/v1/friendship/60e3680de2e7470495195737 [32m200[0m 30.950 ms - 625[0m
[0mGET /api/v1/posts?page=1&limit=25 [36m304[0m 59.611 ms - -[0m
[0mGET /api/v1/friendship/60e3680de2e7470495195737 [32m200[0m 36.728 ms - 625[0m
[0mGET /api/v1/friendship/60e3680de2e7470495195737 [32m200[0m 24.031 ms - 625[0m
[0mGET /api/v1/posts?page=1&limit=25 [36m304[0m 38.000 ms - -[0m
[0mGET /api/v1/posts?page=1&limit=25 [36m304[0m 118.769 ms - -[0m
[0mGET /api/v1/friendship/60e3680de2e7470495195737 [32m200[0m 114.348 ms - 625[0m
[0mGET /api/v1/friendship/60e3680de2e7470495195737 [32m200[0m 124.845 ms - 625[0m
[0mGET /api/v1/posts?page=1&limit=25 [36m304[0m 140.534 ms - -[0m
[0mGET /api/v1/friendship/60e3680de2e7470495195737 [32m200[0m 181.316 ms - 625[0m
[0mGET /api/v1/posts?page=1&limit=25 [36m304[0m 179.247 ms - -[0m
[0mGET /api/v1/friendship/60e3680de2e7470495195737 [32m200[0m 254.449 ms - 625[0m
[0mGET /api/v1/posts?page=1&limit=25 [36m304[0m 260.164 ms - -[0m
[0mGET /api/v1/posts?page=1&limit=25 [36m304[0m 39.227 ms - -[0m
[0mGET /api/v1/friendship/60e3680de2e7470495195737 [32m200[0m 59.883 ms - 625[0m
[0mGET /api/v1/posts?page=1&limit=25 [36m304[0m 60.407 ms - -[0m
[0mGET /api/v1/friendship/60e3680de2e7470495195737 [32m200[0m 64.676 ms - 625[0m
[0mGET /api/v1/posts?page=1&limit=25 [36m304[0m 67.157 ms - -[0m
[0mGET /api/v1/friendship/60e3680de2e7470495195737 [32m200[0m 72.098 ms - 625[0m
[0mGET /api/v1/friendship/60e3680de2e7470495195737 [32m200[0m 20.767 ms - 625[0m
[0mGET /api/v1/posts?page=1&limit=25 [36m304[0m 32.434 ms - -[0m
[0mGET /api/v1/friendship/60e3680de2e7470495195737 [32m200[0m 163.558 ms - 625[0m
[0mGET /api/v1/posts?page=1&limit=25 [36m304[0m 202.993 ms - -[0m
[0mPOST /api/v1/posts/create [32m200[0m 13.329 ms - 481[0m
[0mPOST /api/v1/posts/destroy/60e6e7828722aa1350826272 [32m200[0m 36.570 ms - 6823[0m
[0mGET /api/v1/friendship/60e3680de2e7470495195737 [32m200[0m 77.397 ms - 625[0m
[0mGET /api/v1/posts?page=1&limit=25 [36m304[0m 111.364 ms - -[0m
[0mGET /api/v1/friendship/60e3680de2e7470495195737 [32m200[0m 331.616 ms - 625[0m
[0mGET /api/v1/posts?page=1&limit=25 [36m304[0m 546.257 ms - -[0m
[0mGET /api/v1/posts?page=1&limit=25 [36m304[0m 201.689 ms - -[0m
[0mGET /api/v1/friendship/60e3680de2e7470495195737 [32m200[0m 170.856 ms - 625[0m
[0mGET /api/v1/friendship/60e3680de2e7470495195737 [32m200[0m 215.109 ms - 625[0m
[0mGET /api/v1/posts?page=1&limit=25 [36m304[0m 260.610 ms - -[0m
[0mGET /api/v1/posts?page=1&limit=25 [36m304[0m 49.896 ms - -[0m
[0mGET /api/v1/friendship/60e3680de2e7470495195737 [32m200[0m 58.783 ms - 625[0m
[0mGET /api/v1/posts?page=1&limit=25 [36m304[0m 102.871 ms - -[0m
[0mGET /api/v1/friendship/60e3680de2e7470495195737 [32m200[0m 67.396 ms - 625[0m
[0mGET /api/v1/posts?page=1&limit=25 [36m304[0m 82.903 ms - -[0m
[0mGET /api/v1/friendship/60e3680de2e7470495195737 [32m200[0m 86.800 ms - 625[0m
[0mGET /api/v1/friendship/60e3680de2e7470495195737 [32m200[0m 109.866 ms - 625[0m
[0mGET /api/v1/posts?page=1&limit=25 [36m304[0m 66.406 ms - -[0m
[0mGET /api/v1/posts?page=1&limit=25 [36m304[0m 22.523 ms - -[0m
[0mGET /api/v1/friendship/60e3680de2e7470495195737 [32m200[0m 138.963 ms - 625[0m
[0mGET /api/v1/posts?page=1&limit=25 [36m304[0m 118.677 ms - -[0m
[0mGET /api/v1/friendship/60e3680de2e7470495195737 [32m200[0m 63.191 ms - 625[0m
[0mGET /api/v1/friendship/60e3680de2e7470495195737 [32m200[0m 152.500 ms - 625[0m
[0mGET /api/v1/posts?page=1&limit=25 [36m304[0m 193.762 ms - -[0m
[0mPOST /api/v1/posts/createComment [32m200[0m 45.754 ms - 346[0m
[0mPOST /api/v1/posts/toggleLike?likeable_id=60e6ecf58722aa1350826273&likeable_type=Comment [32m200[0m 41.289 ms - 7265[0m
[0mPOST /api/v1/posts/toggleLike?likeable_id=60e6ecf58722aa1350826273&likeable_type=Comment [32m200[0m 56.969 ms - 7239[0m
[0mPOST /api/v1/posts/destroycomment/60e6ecf58722aa1350826273 [32m200[0m 29.096 ms - 6823[0m
[0mGET /api/v1/friendship/60e3680de2e7470495195737 [32m200[0m 25.826 ms - 625[0m
[0mGET /api/v1/posts?page=1&limit=25 [32m200[0m 60.657 ms - 6772[0m
[0mGET /api/v1/posts?page=1&limit=25 [36m304[0m 57.645 ms - -[0m
[0mGET /api/v1/friendship/60e3680de2e7470495195737 [32m200[0m 154.552 ms - 625[0m
[0mGET /api/v1/posts?page=1&limit=25 [36m304[0m 67.443 ms - -[0m
[0mGET /api/v1/friendship/60e3680de2e7470495195737 [32m200[0m 186.156 ms - 625[0m
[0mPOST /api/v1/posts/create [32m200[0m 40.353 ms - 492[0m
[0mPOST /api/v1/posts/destroy/60e6ef3c8722aa1350826277 [32m200[0m 22.357 ms - 6823[0m
[0mGET /api/v1/posts?page=1&limit=25 [36m304[0m 173.478 ms - -[0m
[0mGET /api/v1/friendship/60e3680de2e7470495195737 [32m200[0m 163.730 ms - 625[0m
[0mGET /api/v1/posts?page=1&limit=25 [36m304[0m 40.779 ms - -[0m
[0mGET /api/v1/friendship/60e3680de2e7470495195737 [32m200[0m 40.632 ms - 625[0m
[0mPOST /api/v1/posts/toggleLike?likeable_id=60e2163bfb97cffa21b986c0&likeable_type=Post [32m200[0m 18.115 ms - 311[0m
[0mPOST /api/v1/posts/toggleLike?likeable_id=60e2163bfb97cffa21b986c0&likeable_type=Post [32m200[0m 13.702 ms - 276[0m
[0mGET /api/v1/posts?page=1&limit=25 [32m200[0m 201.181 ms - 6772[0m
[0mGET /api/v1/friendship/60e3680de2e7470495195737 [32m200[0m 210.276 ms - 625[0m
[0mGET /api/v1/friendship/60e3680de2e7470495195737 [32m200[0m 56.897 ms - 625[0m
[0mGET /api/v1/posts?page=1&limit=25 [36m304[0m 76.580 ms - -[0m
[0mPOST /api/v1/posts/toggleLike?likeable_id=60e2163bfb97cffa21b986c0&likeable_type=Post [32m200[0m 9.054 ms - 311[0m
[0mPOST /api/v1/posts/toggleLike?likeable_id=60e2163bfb97cffa21b986c0&likeable_type=Post [32m200[0m 8.017 ms - 276[0m
[0mGET /api/v1/friendship/60e3680de2e7470495195737 [32m200[0m 96.581 ms - 625[0m
[0mGET /api/v1/posts?page=1&limit=25 [32m200[0m 106.122 ms - 6772[0m
[0mPOST /api/v1/posts/create [32m200[0m 12.868 ms - 481[0m
[0mGET /api/v1/friendship/60e3680de2e7470495195737 [32m200[0m 49.800 ms - 625[0m
[0mGET /api/v1/posts?page=1&limit=25 [32m200[0m 236.126 ms - 7194[0m
[0mGET /api/v1/friendship/60e3680de2e7470495195737 [32m200[0m 198.756 ms - 625[0m
[0mGET /api/v1/posts?page=1&limit=25 [36m304[0m 214.789 ms - -[0m
[0mGET /api/v1/posts?page=1&limit=25 [36m304[0m 40.226 ms - -[0m
[0mGET /api/v1/friendship/60e3680de2e7470495195737 [32m200[0m 174.673 ms - 625[0m
[0mGET /api/v1/posts?page=1&limit=25 [36m304[0m 71.536 ms - -[0m
[0mGET /api/v1/friendship/60e3680de2e7470495195737 [32m200[0m 52.609 ms - 625[0m
[0mGET /api/v1/friendship/60e3680de2e7470495195737 [32m200[0m 29.661 ms - 625[0m
[0mGET /api/v1/posts?page=1&limit=25 [36m304[0m 55.580 ms - -[0m
[0mGET /api/v1/friendship/60e3680de2e7470495195737 [32m200[0m 7.724 ms - 625[0m
[0mGET /api/v1/posts?page=1&limit=25 [36m304[0m 24.645 ms - -[0m
[0mGET /api/v1/friendship/60e3680de2e7470495195737 [32m200[0m 29.485 ms - 625[0m
[0mGET /api/v1/posts?page=1&limit=25 [36m304[0m 55.124 ms - -[0m
[0mGET /api/v1/posts?page=1&limit=25 [36m304[0m 75.461 ms - -[0m
[0mGET /api/v1/friendship/60e3680de2e7470495195737 [32m200[0m 197.546 ms - 625[0m
[0mGET /api/v1/friendship/60e3680de2e7470495195737 [32m200[0m 58.689 ms - 625[0m
[0mGET /api/v1/posts?page=1&limit=25 [36m304[0m 47.852 ms - -[0m
[0mGET /api/v1/posts?page=1&limit=25 [36m304[0m 144.997 ms - -[0m
[0mGET /api/v1/friendship/60e3680de2e7470495195737 [32m200[0m 144.154 ms - 625[0m
[0mGET /api/v1/friendship/60e3680de2e7470495195737 [32m200[0m 220.650 ms - 625[0m
[0mGET /api/v1/posts?page=1&limit=25 [36m304[0m 252.521 ms - -[0m
[0mGET /api/v1/posts?page=1&limit=25 [36m304[0m 49.695 ms - -[0m
[0mGET /api/v1/friendship/60e3680de2e7470495195737 [32m200[0m 68.383 ms - 625[0m
[0mGET /api/v1/posts?page=1&limit=25 [36m304[0m 59.106 ms - -[0m
[0mGET /api/v1/friendship/60e3680de2e7470495195737 [32m200[0m 44.948 ms - 625[0m
[0mPOST /api/v1/posts/createComment [32m200[0m 27.550 ms - 342[0m
[0mPOST /api/v1/posts/toggleLike?likeable_id=60e6f4088722aa135082627f&likeable_type=Comment [32m200[0m 28.809 ms - 7682[0m
[0mPOST /api/v1/posts/toggleLike?likeable_id=60e6f4088722aa135082627f&likeable_type=Comment [32m200[0m 29.833 ms - 7656[0m
[0mPOST /api/v1/posts/destroycomment/60e6f4088722aa135082627f [32m200[0m 22.140 ms - 7245[0m
[0mPOST /api/v1/posts/toggleLike?likeable_id=60e6f1288722aa135082627e&likeable_type=Post [32m200[0m 11.361 ms - 101[0m
[0mPOST /api/v1/posts/toggleLike?likeable_id=60e6f1288722aa135082627e&likeable_type=Post [32m200[0m 10.108 ms - 67[0m
[0mGET /api/v1/friendship/60e3680de2e7470495195737 [32m200[0m 45.666 ms - 625[0m
[0mGET /api/v1/posts?page=1&limit=25 [32m200[0m 73.388 ms - 7194[0m
[0mGET /api/v1/friendship/60e3680de2e7470495195737 [32m200[0m 186.820 ms - 625[0m
[0mGET /api/v1/posts?page=1&limit=25 [36m304[0m 217.564 ms - -[0m
[0mPOST /api/v1/posts/createComment [32m200[0m 8.827 ms - 342[0m
[0mPOST /api/v1/posts/toggleLike?likeable_id=60e6f4908722aa1350826287&likeable_type=Comment [32m200[0m 28.455 ms - 7682[0m
[0mPOST /api/v1/posts/toggleLike?likeable_id=60e6f4908722aa1350826287&likeable_type=Comment [32m200[0m 22.777 ms - 7656[0m
[0mPOST /api/v1/posts/destroycomment/60e6f4908722aa1350826287 [32m200[0m 17.557 ms - 7245[0m
[0mGET /api/v1/friendship/60e3680de2e7470495195737 [32m200[0m 152.062 ms - 625[0m
[0mGET /api/v1/posts?page=1&limit=25 [32m200[0m 210.987 ms - 7194[0m
[0mGET /api/v1/posts?page=1&limit=25 [36m304[0m 37.118 ms - -[0m
[0mGET /api/v1/friendship/60e3680de2e7470495195737 [32m200[0m 29.188 ms - 625[0m
[0mGET /api/v1/posts?page=1&limit=25 [36m304[0m 210.094 ms - -[0m
[0mGET /api/v1/friendship/60e3680de2e7470495195737 [32m200[0m 182.246 ms - 625[0m
[0mGET /api/v1/friendship/60e3680de2e7470495195737 [32m200[0m 22.159 ms - 625[0m
[0mGET /api/v1/posts?page=1&limit=25 [36m304[0m 27.742 ms - -[0m
[0mPOST /api/v1/posts/toggleLike?likeable_id=60e2195fbf9106fc256cd270&likeable_type=Comment [32m200[0m 35.465 ms - 7241[0m
[0mPOST /api/v1/posts/toggleLike?likeable_id=60e2195fbf9106fc256cd270&likeable_type=Comment [32m200[0m 26.503 ms - 7214[0m
[0mGET /api/v1/users/search/b [32m200[0m 4.713 ms - 75[0m
[0mGET /api/v1/users/search/ [31m500[0m 16.454 ms - 35[0m
[0mGET /api/v1/users/search/s [32m200[0m 10.498 ms - 4942[0m
[0mGET /api/v1/users/search/sh [32m200[0m 9.767 ms - 4550[0m
[0mGET /api/v1/users/search/s [36m304[0m 14.601 ms - -[0m
[0mGET /api/v1/users/search/ [31m500[0m 6.219 ms - 35[0m
[0mPOST /api/v1/posts/toggleLike?likeable_id=60e6f1288722aa135082627e&likeable_type=Post [32m200[0m 9.333 ms - 101[0m
[0mPOST /api/v1/posts/toggleLike?likeable_id=60e6f1288722aa135082627e&likeable_type=Post [32m200[0m 7.096 ms - 67[0m
[0mPOST /api/v1/posts/destroy/60e6f1288722aa135082627e [32m200[0m 18.320 ms - 6823[0m
[0mPOST /api/v1/posts/toggleLike?likeable_id=60e2163bfb97cffa21b986c0&likeable_type=Post [32m200[0m 12.445 ms - 311[0m
[0mPOST /api/v1/posts/toggleLike?likeable_id=60e2163bfb97cffa21b986c0&likeable_type=Post [32m200[0m 6.850 ms - 276[0m
[0mPOST /api/v1/posts/toggleLike?likeable_id=60e2195fbf9106fc256cd270&likeable_type=Comment [32m200[0m 25.187 ms - 6819[0m
[0mPOST /api/v1/posts/toggleLike?likeable_id=60e2195fbf9106fc256cd270&likeable_type=Comment [32m200[0m 19.146 ms - 6792[0m
[0mPOST /api/v1/posts/toggleLike?likeable_id=60e2185e3d67f2fbb3f1854b&likeable_type=Comment [32m200[0m 22.876 ms - 6819[0m
[0mPOST /api/v1/posts/toggleLike?likeable_id=60e2185e3d67f2fbb3f1854b&likeable_type=Comment [32m200[0m 21.463 ms - 6792[0m
[0mPOST /api/v1/users/create-session [32m200[0m 9.776 ms - 830[0m
[0mGET /api/v1/friendship/60e3680de2e7470495195737 [32m200[0m 73.795 ms - 625[0m
[0mGET /api/v1/friendship/60e3680de2e7470495195737 [32m200[0m 149.314 ms - 625[0m
[0mGET /api/v1/posts?page=1&limit=25 [32m200[0m 154.984 ms - 6772[0m
[0mGET /api/v1/friendship/60e3680de2e7470495195737 [32m200[0m 152.205 ms - 625[0m
[0mGET /api/v1/posts?page=1&limit=25 [36m304[0m 191.174 ms - -[0m
[0mGET /api/v1/friendship/60e3680de2e7470495195737 [32m200[0m 69.213 ms - 625[0m
[0mGET /api/v1/posts?page=1&limit=25 [36m304[0m 73.654 ms - -[0m
[0mGET /api/v1/friendship/60e3680de2e7470495195737 [32m200[0m 136.223 ms - 625[0m
[0mGET /api/v1/posts?page=1&limit=25 [36m304[0m 173.687 ms - -[0m
[0mGET /api/v1/posts?page=1&limit=25 [36m304[0m 55.881 ms - -[0m
[0mGET /api/v1/friendship/60e3680de2e7470495195737 [32m200[0m 70.583 ms - 625[0m
[0mPOST /api/v1/users/create-session [32m200[0m 9.909 ms - 830[0m
[0mGET /api/v1/friendship/60e3680de2e7470495195737 [32m200[0m 26.141 ms - 625[0m
[0mGET /api/v1/posts?page=1&limit=25 [36m304[0m 191.959 ms - -[0m
[0mGET /api/v1/friendship/60e3680de2e7470495195737 [32m200[0m 67.760 ms - 625[0m
[0mGET /api/v1/posts?page=1&limit=25 [36m304[0m 255.484 ms - -[0m
[0mGET /api/v1/friendship/60e3680de2e7470495195737 [32m200[0m 343.858 ms - 625[0m
[0mGET /api/v1/friendship/60e3680de2e7470495195737 [32m200[0m 60.289 ms - 625[0m
[0mGET /api/v1/posts?page=1&limit=25 [36m304[0m 58.317 ms - -[0m
[0mGET /api/v1/friendship/60e3680de2e7470495195737 [32m200[0m 210.120 ms - 625[0m
[0mGET /api/v1/posts?page=1&limit=25 [36m304[0m 241.351 ms - -[0m
[0mGET /api/v1/friendship/60e3680de2e7470495195737 [32m200[0m 47.383 ms - 625[0m
[0mGET /api/v1/posts?page=1&limit=25 [36m304[0m 219.798 ms - -[0m
[0mGET /api/v1/friendship/60e3680de2e7470495195737 [32m200[0m 143.935 ms - 625[0m
[0mGET /api/v1/posts?page=1&limit=25 [36m304[0m 181.160 ms - -[0m
[0mGET /api/v1/posts?page=1&limit=25 [36m304[0m 316.973 ms - -[0m
[0mGET /api/v1/friendship/60e3680de2e7470495195737 [32m200[0m 330.249 ms - 625[0m
[0mGET /api/v1/friendship/60e3680de2e7470495195737 [32m200[0m 24.803 ms - 625[0m
[0mGET /api/v1/posts?page=1&limit=25 [36m304[0m 67.232 ms - -[0m
[0mGET /api/v1/posts?page=1&limit=25 [36m304[0m 254.676 ms - -[0m
[0mGET /api/v1/friendship/60e3680de2e7470495195737 [32m200[0m 245.696 ms - 625[0m
[0mGET /api/v1/posts?page=1&limit=25 [36m304[0m 156.906 ms - -[0m
[0mGET /api/v1/friendship/60e3680de2e7470495195737 [32m200[0m 323.081 ms - 625[0m
[0mPOST /api/v1/users/create-session [32m200[0m 5.321 ms - 830[0m
[0mGET /api/v1/friendship/60e3680de2e7470495195737 [32m200[0m 16.917 ms - 625[0m
[0mGET /api/v1/posts?page=1&limit=25 [36m304[0m 87.495 ms - -[0m
[0mGET /api/v1/friendship/60e3680de2e7470495195737 [32m200[0m 88.261 ms - 625[0m
[0mGET /api/v1/friendship/60e3680de2e7470495195737 [32m200[0m 92.454 ms - 625[0m
[0mGET /api/v1/posts?page=1&limit=25 [36m304[0m 108.850 ms - -[0m
[0mGET /api/v1/friendship/60e3680de2e7470495195737 [32m200[0m 334.679 ms - 625[0m
[0mGET /api/v1/posts?page=1&limit=25 [36m304[0m 359.473 ms - -[0m
[0mGET /api/v1/friendship/60e3680de2e7470495195737 [32m200[0m 47.141 ms - 625[0m
[0mGET /api/v1/posts?page=1&limit=25 [36m304[0m 116.430 ms - -[0m
[0mPOST /api/v1/users/create-session [32m200[0m 4.097 ms - 830[0m
[0mGET /api/v1/friendship/60e3680de2e7470495195737 [32m200[0m 9.220 ms - 625[0m
[0mGET /api/v1/friendship/60e3680de2e7470495195737 [32m200[0m 144.301 ms - 625[0m
[0mGET /api/v1/posts?page=1&limit=25 [36m304[0m 163.919 ms - -[0m
[0mGET /api/v1/posts?page=1&limit=25 [36m304[0m 152.727 ms - -[0m
[0mGET /api/v1/friendship/60e3680de2e7470495195737 [32m200[0m 167.206 ms - 625[0m
[0mPOST /api/v1/users/create-session [32m200[0m 5.004 ms - 830[0m
[0mGET /api/v1/friendship/60e3680de2e7470495195737 [32m200[0m 10.634 ms - 625[0m
[0mGET /api/v1/users/60c2776e8a7c2e68f326cde5 [32m200[0m 18.319 ms - 760[0m
[0mPOST /api/v1/users/remove-friendship/60c2776e8a7c2e68f326cde5 [32m200[0m 49.697 ms - 522[0m
[0mPOST /api/v1/posts/toggleLike?likeable_id=60e5bdc5d1c8d90ccabe371b&likeable_type=Comment [32m200[0m 50.075 ms - 6792[0m
[0mPOST /api/v1/posts/toggleLike?likeable_id=60e5bdc5d1c8d90ccabe371b&likeable_type=Comment [32m200[0m 72.589 ms - 6766[0m
[0mPOST /api/v1/posts/create [32m200[0m 12.274 ms - 455[0m
[0mPOST /api/v1/posts/toggleLike?likeable_id=60e7605b3779b927ccee4e14&likeable_type=Post [32m200[0m 10.377 ms - 101[0m
[0mPOST /api/v1/posts/toggleLike?likeable_id=60e7605b3779b927ccee4e14&likeable_type=Post [32m200[0m 7.734 ms - 67[0m
[0mPOST /api/v1/posts/destroy/60e7605b3779b927ccee4e14 [32m200[0m 31.583 ms - 7193[0m
[0mPOST /api/v1/posts/destroy/60e7605b3779b927ccee4e14 [31m500[0m 14.691 ms - 35[0m
[0mGET /api/v1/friendship/60e3680de2e7470495195737 [32m200[0m 6.579 ms - 506[0m
[0mGET /api/v1/posts?page=1&limit=25 [32m200[0m 28.169 ms - 6746[0m
[0mPOST /api/v1/posts/destroycomment/60e5bdc5d1c8d90ccabe371b [32m200[0m 26.406 ms - 6797[0m
[0mGET /api/v1/friendship/60e3680de2e7470495195737 [32m200[0m 162.104 ms - 506[0m
[0mGET /api/v1/posts?page=1&limit=25 [32m200[0m 204.026 ms - 6302[0m
[0mPOST /api/v1/posts/createComment [32m200[0m 20.861 ms - 347[0m
[0mPOST /api/v1/posts/toggleLike?likeable_id=60e760703779b927ccee4e18&likeable_type=Comment [32m200[0m 37.575 ms - 6770[0m
[0mPOST /api/v1/posts/toggleLike?likeable_id=60e760703779b927ccee4e18&likeable_type=Comment [32m200[0m 27.718 ms - 6744[0m
[0mPOST /api/v1/posts/destroycomment/60e760703779b927ccee4e18 [32m200[0m 25.868 ms - 6353[0m
[0mPOST /api/v1/posts/create [32m200[0m 11.182 ms - 462[0m
[0mPOST /api/v1/posts/destroy/60e760793779b927ccee4e1c [32m200[0m 25.151 ms - 6353[0m
[0mPOST /api/v1/posts/toggleLike?likeable_id=60e2163bfb97cffa21b986c0&likeable_type=Post [32m200[0m 10.575 ms - 311[0m
[0mPOST /api/v1/posts/toggleLike?likeable_id=60e2163bfb97cffa21b986c0&likeable_type=Post [32m200[0m 7.884 ms - 276[0m
[0mPOST /api/v1/posts/toggleLike?likeable_id=60e2163bfb97cffa21b986c0&likeable_type=Post [32m200[0m 9.610 ms - 311[0m
[0mGET /api/v1/posts?page=1&limit=25 [32m200[0m 49.662 ms - 6329[0m
[0mGET /api/v1/friendship/60e3680de2e7470495195737 [32m200[0m 17.070 ms - 506[0m
[0mPOST /api/v1/posts/toggleLike?likeable_id=60e215c5fb97cffa21b986b3&likeable_type=Post [32m200[0m 11.119 ms - 311[0m
[0mGET /api/v1/posts?page=1&limit=25 [32m200[0m 25.183 ms - 6356[0m
[0mGET /api/v1/friendship/60e3680de2e7470495195737 [32m200[0m 17.892 ms - 506[0m
[0mPOST /api/v1/posts/toggleLike?likeable_id=60e215c5fb97cffa21b986b3&likeable_type=Post [32m200[0m 8.603 ms - 276[0m
[0mGET /api/v1/users/60c2776e8a7c2e68f326cde5 [32m200[0m 13.914 ms - 760[0m
[0mPOST /api/v1/users/create-friendship/60c2776e8a7c2e68f326cde5 [32m200[0m 23.370 ms - 868[0m
[0mGET /api/v1/friendship/60e3680de2e7470495195737 [32m200[0m 104.747 ms - 625[0m
[0mGET /api/v1/posts?page=1&limit=25 [32m200[0m 128.401 ms - 6329[0m
[0mGET /api/v1/posts?page=1&limit=25 [36m304[0m 45.885 ms - -[0m
[0mGET /api/v1/friendship/60e3680de2e7470495195737 [32m200[0m 13.482 ms - 625[0m
[0mGET /api/v1/posts?page=1&limit=25 [36m304[0m 95.570 ms - -[0m
[0mGET /api/v1/friendship/60e3680de2e7470495195737 [32m200[0m 75.458 ms - 625[0m
[0mGET /api/v1/friendship/60e3680de2e7470495195737 [32m200[0m 974.665 ms - 625[0m
[0mGET /api/v1/posts?page=1&limit=25 [36m304[0m 1008.046 ms - -[0m
[0mGET /api/v1/posts?page=1&limit=25 [36m304[0m 272.099 ms - -[0m
[0mGET /api/v1/friendship/60e3680de2e7470495195737 [32m200[0m 218.202 ms - 625[0m
[0mPOST /api/v1/users/create-session [32m200[0m 10.212 ms - 830[0m
[0mGET /api/v1/friendship/60e3680de2e7470495195737 [32m200[0m 11.787 ms - 625[0m
[0mPOST /api/v1/users/create-session [32m200[0m 23.230 ms - 830[0m
[0mGET /api/v1/friendship/60e3680de2e7470495195737 [32m200[0m 152.686 ms - 625[0m
[0mGET /api/v1/friendship/60e3680de2e7470495195737 [32m200[0m 60.457 ms - 625[0m
[0mGET /api/v1/posts?page=1&limit=25 [36m304[0m 62.017 ms - -[0m
[0mGET /api/v1/friendship/60e3680de2e7470495195737 [32m200[0m 180.079 ms - 625[0m
[0mGET /api/v1/posts?page=1&limit=25 [36m304[0m 217.789 ms - -[0m
[0mGET /api/v1/posts?page=1&limit=25 [36m304[0m 300.187 ms - -[0m
[0mGET /api/v1/friendship/60e3680de2e7470495195737 [32m200[0m 276.739 ms - 625[0m
[0mGET /api/v1/friendship/60e3680de2e7470495195737 [32m200[0m 189.364 ms - 625[0m
[0mGET /api/v1/posts?page=1&limit=25 [36m304[0m 216.606 ms - -[0m
[0mGET /api/v1/friendship/60e3680de2e7470495195737 [32m200[0m 197.658 ms - 625[0m
[0mGET /api/v1/posts?page=1&limit=25 [36m304[0m 216.926 ms - -[0m
[0mGET /api/v1/friendship/60e3680de2e7470495195737 [32m200[0m 143.358 ms - 625[0m
[0mGET /api/v1/posts?page=1&limit=25 [36m304[0m 182.508 ms - -[0m
[0mGET /api/v1/posts?page=1&limit=25 [36m304[0m 211.211 ms - -[0m
[0mGET /api/v1/friendship/60e3680de2e7470495195737 [32m200[0m 227.647 ms - 625[0m
[0mGET /api/v1/friendship/60e3680de2e7470495195737 [32m200[0m 294.965 ms - 625[0m
[0mGET /api/v1/posts?page=1&limit=25 [36m304[0m 327.114 ms - -[0m
[0mGET /api/v1/friendship/60e3680de2e7470495195737 [32m200[0m 188.855 ms - 625[0m
[0mGET /api/v1/posts?page=1&limit=25 [36m304[0m 156.025 ms - -[0m
[0mGET /api/v1/posts?page=1&limit=25 [36m304[0m 192.911 ms - -[0m
[0mGET /api/v1/friendship/60e3680de2e7470495195737 [32m200[0m 418.112 ms - 625[0m
[0mGET /api/v1/friendship/60e3680de2e7470495195737 [32m200[0m 122.067 ms - 625[0m
[0mGET /api/v1/posts?page=1&limit=25 [36m304[0m 202.087 ms - -[0m
[0mGET /api/v1/friendship/60e3680de2e7470495195737 [32m200[0m 94.781 ms - 625[0m
[0mGET /api/v1/posts?page=1&limit=25 [36m304[0m 154.334 ms - -[0m
[0mGET /api/v1/posts?page=1&limit=25 [36m304[0m 144.346 ms - -[0m
[0mGET /api/v1/friendship/60e3680de2e7470495195737 [32m200[0m 126.276 ms - 625[0m
[0mGET /api/v1/posts?page=1&limit=25 [36m304[0m 183.240 ms - -[0m
[0mGET /api/v1/friendship/60e3680de2e7470495195737 [36m304[0m 57.336 ms - -[0m
[0mGET /api/v1/friendship/60e3680de2e7470495195737 [32m200[0m 39.352 ms - 625[0m
[0mGET /api/v1/posts?page=1&limit=25 [36m304[0m 69.116 ms - -[0m
[0mGET /api/v1/posts?page=1&limit=25 [36m304[0m 257.848 ms - -[0m
[0mGET /api/v1/friendship/60e3680de2e7470495195737 [32m200[0m 183.659 ms - 625[0m
[0mGET /api/v1/posts?page=1&limit=25 [36m304[0m 241.728 ms - -[0m
[0mGET /api/v1/friendship/60e3680de2e7470495195737 [32m200[0m 269.445 ms - 625[0m
[0mGET /api/v1/posts?page=1&limit=25 [36m304[0m 338.708 ms - -[0m
[0mGET /api/v1/friendship/60e3680de2e7470495195737 [32m200[0m 328.064 ms - 625[0m
[0mGET /api/v1/friendship/60e3680de2e7470495195737 [32m200[0m 68.768 ms - 625[0m
[0mGET /api/v1/posts?page=1&limit=25 [36m304[0m 70.238 ms - -[0m
[0mGET /api/v1/friendship/60e3680de2e7470495195737 [32m200[0m 173.625 ms - 625[0m
[0mGET /api/v1/posts?page=1&limit=25 [36m304[0m 188.321 ms - -[0m
[0mPOST /api/v1/users/create-session [32m200[0m 8.815 ms - 830[0m
[0mGET /api/v1/friendship/60e3680de2e7470495195737 [32m200[0m 60.524 ms - 625[0m
[0mGET /api/v1/posts?page=1&limit=25 [36m304[0m 82.004 ms - -[0m
[0mGET /api/v1/friendship/60e3680de2e7470495195737 [32m200[0m 82.322 ms - 625[0m
[0mGET /api/v1/posts?page=1&limit=25 [36m304[0m 35.626 ms - -[0m
[0mGET /api/v1/friendship/60e3680de2e7470495195737 [32m200[0m 21.765 ms - 625[0m
[0mGET /api/v1/posts?page=1&limit=25 [36m304[0m 153.280 ms - -[0m
[0mGET /api/v1/friendship/60e3680de2e7470495195737 [32m200[0m 132.158 ms - 625[0m
[0mGET /api/v1/friendship/60e3680de2e7470495195737 [32m200[0m 76.380 ms - 625[0m
[0mGET /api/v1/posts?page=1&limit=25 [36m304[0m 43.009 ms - -[0m
[0mGET /api/v1/posts?page=1&limit=25 [36m304[0m 28.625 ms - -[0m
[0mGET /api/v1/friendship/60e3680de2e7470495195737 [32m200[0m 21.236 ms - 625[0m
[0mGET /api/v1/posts?page=1&limit=25 [36m304[0m 460.182 ms - -[0m
[0mGET /api/v1/friendship/60e3680de2e7470495195737 [32m200[0m 443.344 ms - 625[0m
[0mGET /api/v1/posts?page=1&limit=25 [36m304[0m 243.828 ms - -[0m
[0mGET /api/v1/friendship/60e3680de2e7470495195737 [32m200[0m 218.234 ms - 625[0m
[0mGET /api/v1/friendship/60e3680de2e7470495195737 [32m200[0m 115.190 ms - 625[0m
[0mGET /api/v1/posts?page=1&limit=25 [36m304[0m 59.037 ms - -[0m
[0mGET /api/v1/posts?page=1&limit=25 [36m304[0m 102.421 ms - -[0m
[0mGET /api/v1/friendship/60e3680de2e7470495195737 [32m200[0m 177.405 ms - 625[0m
[0mGET /api/v1/friendship/60e3680de2e7470495195737 [32m200[0m 145.225 ms - 625[0m
[0mGET /api/v1/posts?page=1&limit=25 [36m304[0m 156.533 ms - -[0m
[0mGET /api/v1/friendship/60e3680de2e7470495195737 [32m200[0m 42.941 ms - 625[0m
[0mGET /api/v1/posts?page=1&limit=25 [36m304[0m 61.790 ms - -[0m
[0mGET /api/v1/posts?page=1&limit=25 [36m304[0m 75.601 ms - -[0m
[0mGET /api/v1/friendship/60e3680de2e7470495195737 [32m200[0m 57.487 ms - 625[0m
[0mGET /api/v1/posts?page=1&limit=25 [36m304[0m 17.676 ms - -[0m
[0mGET /api/v1/friendship/60e3680de2e7470495195737 [32m200[0m 17.007 ms - 625[0m
[0mGET /api/v1/friendship/60e3680de2e7470495195737 [32m200[0m 38.248 ms - 625[0m
[0mGET /api/v1/posts?page=1&limit=25 [36m304[0m 64.479 ms - -[0m
[0mGET /api/v1/posts?page=1&limit=25 [36m304[0m 63.641 ms - -[0m
[0mGET /api/v1/friendship/60e3680de2e7470495195737 [32m200[0m 55.139 ms - 625[0m
[0mGET /api/v1/friendship/60e3680de2e7470495195737 [32m200[0m 43.773 ms - 625[0m
[0mGET /api/v1/posts?page=1&limit=25 [36m304[0m 51.207 ms - -[0m
[0mGET /api/v1/friendship/60e3680de2e7470495195737 [32m200[0m 187.190 ms - 625[0m
[0mGET /api/v1/posts?page=1&limit=25 [36m304[0m 246.722 ms - -[0m
[0mGET /api/v1/friendship/60e3680de2e7470495195737 [32m200[0m 12.267 ms - 625[0m
[0mGET /api/v1/posts?page=1&limit=25 [36m304[0m 45.490 ms - -[0m
[0mGET /api/v1/friendship/60e3680de2e7470495195737 [32m200[0m 88.260 ms - 625[0m
[0mGET /api/v1/posts?page=1&limit=25 [36m304[0m 107.446 ms - -[0m
[0mGET /api/v1/posts?page=1&limit=25 [36m304[0m 146.318 ms - -[0m
[0mGET /api/v1/friendship/60e3680de2e7470495195737 [32m200[0m 131.296 ms - 625[0m
[0mGET /api/v1/friendship/60e3680de2e7470495195737 [32m200[0m 54.712 ms - 625[0m
[0mGET /api/v1/posts?page=1&limit=25 [36m304[0m 88.134 ms - -[0m
[0mGET /api/v1/posts?page=1&limit=25 [36m304[0m 18.198 ms - -[0m
[0mGET /api/v1/friendship/60e3680de2e7470495195737 [32m200[0m 131.168 ms - 625[0m
[0mGET /api/v1/posts?page=1&limit=25 [36m304[0m 27.641 ms - -[0m
[0mGET /api/v1/friendship/60e3680de2e7470495195737 [32m200[0m 27.810 ms - 625[0m
[0mGET /api/v1/posts?page=1&limit=25 [36m304[0m 93.110 ms - -[0m
[0mGET /api/v1/friendship/60e3680de2e7470495195737 [32m200[0m 83.271 ms - 625[0m
[0mPOST /api/v1/users/create-session [32m200[0m 3.136 ms - 830[0m
[0mGET /api/v1/friendship/60e3680de2e7470495195737 [32m200[0m 109.045 ms - 625[0m
[0mGET /api/v1/friendship/60e3680de2e7470495195737 [32m200[0m 122.638 ms - 625[0m
[0mGET /api/v1/posts?page=1&limit=25 [36m304[0m 129.434 ms - -[0m
[0mGET /api/v1/friendship/60e3680de2e7470495195737 [32m200[0m 34.302 ms - 625[0m
[0mGET /api/v1/posts?page=1&limit=25 [36m304[0m 56.258 ms - -[0m
[0mGET /api/v1/posts?page=1&limit=25 [36m304[0m 181.810 ms - -[0m
[0mGET /api/v1/friendship/60e3680de2e7470495195737 [32m200[0m 476.393 ms - 625[0m
[0mGET /api/v1/friendship/60e3680de2e7470495195737 [32m200[0m 111.640 ms - 625[0m
[0mGET /api/v1/posts?page=1&limit=25 [36m304[0m 153.644 ms - -[0m
[0mGET /api/v1/friendship/60e3680de2e7470495195737 [32m200[0m 184.554 ms - 625[0m
[0mGET /api/v1/posts?page=1&limit=25 [36m304[0m 305.325 ms - -[0m
[0mGET /api/v1/friendship/60e3680de2e7470495195737 [32m200[0m 133.619 ms - 625[0m
[0mGET /api/v1/posts?page=1&limit=25 [36m304[0m 181.427 ms - -[0m
[0mGET /api/v1/posts?page=1&limit=25 [36m304[0m 27.008 ms - -[0m
[0mGET /api/v1/friendship/60e3680de2e7470495195737 [32m200[0m 13.395 ms - 625[0m
[0mGET /api/v1/posts?page=1&limit=25 [36m304[0m 364.442 ms - -[0m
[0mGET /api/v1/friendship/60e3680de2e7470495195737 [32m200[0m 385.873 ms - 625[0m
[0mGET /api/v1/friendship/60e3680de2e7470495195737 [32m200[0m 28.841 ms - 625[0m
[0mGET /api/v1/posts?page=1&limit=25 [36m304[0m 41.861 ms - -[0m
[0mGET /api/v1/posts?page=1&limit=25 [36m304[0m 235.928 ms - -[0m
[0mGET /api/v1/friendship/60e3680de2e7470495195737 [32m200[0m 236.091 ms - 625[0m
[0mGET /api/v1/friendship/60e3680de2e7470495195737 [32m200[0m 32.823 ms - 625[0m
[0mGET /api/v1/posts?page=1&limit=25 [36m304[0m 36.808 ms - -[0m
[0mGET /api/v1/posts?page=1&limit=25 [36m304[0m 205.814 ms - -[0m
[0mGET /api/v1/friendship/60e3680de2e7470495195737 [32m200[0m 197.993 ms - 625[0m
[0mGET /api/v1/posts?page=1&limit=25 [36m304[0m 51.678 ms - -[0m
[0mGET /api/v1/friendship/60e3680de2e7470495195737 [32m200[0m 29.572 ms - 625[0m
[0mGET /api/v1/posts?page=1&limit=25 [36m304[0m 58.184 ms - -[0m
[0mGET /api/v1/friendship/60e3680de2e7470495195737 [32m200[0m 40.641 ms - 625[0m
[0mPOST /api/v1/users/create-session [32m200[0m 3.019 ms - 830[0m
[0mGET /api/v1/friendship/60e3680de2e7470495195737 [32m200[0m 122.520 ms - 625[0m
[0mGET /api/v1/posts?page=1&limit=25 [36m304[0m 107.839 ms - -[0m
[0mGET /api/v1/friendship/60e3680de2e7470495195737 [32m200[0m 82.821 ms - 625[0m
[0mGET /api/v1/posts?page=1&limit=25 [36m304[0m 29.380 ms - -[0m
[0mGET /api/v1/friendship/60e3680de2e7470495195737 [32m200[0m 18.435 ms - 625[0m
[0mGET /api/v1/friendship/60e3680de2e7470495195737 [32m200[0m 101.735 ms - 625[0m
[0mGET /api/v1/posts?page=1&limit=25 [36m304[0m 104.602 ms - -[0m
[0mGET /api/v1/friendship/60e3680de2e7470495195737 [32m200[0m 14.448 ms - 625[0m
[0mGET /api/v1/posts?page=1&limit=25 [36m304[0m 31.560 ms - -[0m
[0mGET /api/v1/posts?page=1&limit=25 [36m304[0m 47.723 ms - -[0m
[0mGET /api/v1/friendship/60e3680de2e7470495195737 [32m200[0m 18.367 ms - 625[0m
[0mGET /api/v1/friendship/60e3680de2e7470495195737 [32m200[0m 64.371 ms - 625[0m
[0mGET /api/v1/posts?page=1&limit=25 [36m304[0m 46.187 ms - -[0m
[0mGET /api/v1/posts?page=1&limit=25 [36m304[0m 55.175 ms - -[0m
[0mGET /api/v1/friendship/60e3680de2e7470495195737 [32m200[0m 18.955 ms - 625[0m
[0mPOST /api/v1/users/create-session [32m200[0m 4.101 ms - 830[0m
[0mGET /api/v1/friendship/60e3680de2e7470495195737 [32m200[0m 114.246 ms - 625[0m
[0mGET /api/v1/posts?page=1&limit=25 [36m304[0m 271.495 ms - -[0m
[0mGET /api/v1/friendship/60e3680de2e7470495195737 [32m200[0m 265.119 ms - 625[0m
[0mGET /api/v1/friendship/60e3680de2e7470495195737 [32m200[0m 172.253 ms - 625[0m
[0mGET /api/v1/posts?page=1&limit=25 [36m304[0m 84.277 ms - -[0m
[0mGET /api/v1/posts?page=1&limit=25 [36m304[0m 229.573 ms - -[0m
[0mGET /api/v1/posts?page=1&limit=25 [36m304[0m 229.639 ms - -[0m
[0mGET /api/v1/posts?page=1&limit=25 [36m304[0m 113.668 ms - -[0m
[0mGET /api/v1/posts?page=1&limit=25 [36m304[0m 57.918 ms - -[0m
[0mGET /api/v1/posts?page=1&limit=25 [36m304[0m 37.765 ms - -[0m
[0mGET /api/v1/posts?page=1&limit=25 [36m304[0m 30.709 ms - -[0m
[0mPOST /api/v1/users/create-session [32m200[0m 40.963 ms - 830[0m
[0mGET /api/v1/friendship/60e3680de2e7470495195737 [32m200[0m 174.444 ms - 625[0m
[0mGET /api/v1/posts?page=1&limit=25 [36m304[0m 108.303 ms - -[0m
[0mGET /api/v1/friendship/60e3680de2e7470495195737 [32m200[0m 109.920 ms - 625[0m
[0mGET /api/v1/friendship/60e3680de2e7470495195737 [32m200[0m 175.800 ms - 625[0m
[0mGET /api/v1/posts?page=1&limit=25 [36m304[0m 75.987 ms - -[0m
[0mGET /api/v1/friendship/60e3680de2e7470495195737 [32m200[0m 137.532 ms - 625[0m
[0mGET /api/v1/posts?page=1&limit=25 [36m304[0m 165.548 ms - -[0m
[0mGET /api/v1/friendship/60e3680de2e7470495195737 [32m200[0m 39.515 ms - 625[0m
[0mGET /api/v1/posts?page=1&limit=25 [36m304[0m 169.309 ms - -[0m
[0mGET /api/v1/friendship/60e3680de2e7470495195737 [32m200[0m 35.117 ms - 625[0m
[0mGET /api/v1/posts?page=1&limit=25 [36m304[0m 63.451 ms - -[0m
[0mGET /api/v1/friendship/60e3680de2e7470495195737 [32m200[0m 184.124 ms - 625[0m
[0mGET /api/v1/posts?page=1&limit=25 [36m304[0m 226.625 ms - -[0m
[0mPOST /api/v1/posts/create [32m200[0m 225.582 ms - 481[0m
[0mPOST /api/v1/posts/toggleLike?likeable_id=60e88daa3779b927ccee4e27&likeable_type=Post [32m200[0m 20.381 ms - 101[0m
[0mPOST /api/v1/posts/destroy/60e88daa3779b927ccee4e27 [32m200[0m 23.217 ms - 6380[0m
[0mPOST /api/v1/posts/create [32m200[0m 17.037 ms - 492[0m
[0mPOST /api/v1/posts/toggleLike?likeable_id=60e88dbd3779b927ccee4e2a&likeable_type=Post [32m200[0m 8.006 ms - 101[0m
[0mPOST /api/v1/posts/toggleLike?likeable_id=60e88dbd3779b927ccee4e2a&likeable_type=Post [32m200[0m 18.725 ms - 67[0m
[0mPOST /api/v1/posts/destroy/60e88dbd3779b927ccee4e2a [32m200[0m 25.614 ms - 6380[0m
[0mGET /api/v1/posts?page=1&limit=25 [36m304[0m 150.453 ms - -[0m
[0mGET /api/v1/friendship/60e3680de2e7470495195737 [32m200[0m 132.040 ms - 625[0m
[0mGET /api/v1/friendship/60e3680de2e7470495195737 [32m200[0m 84.379 ms - 625[0m
[0mGET /api/v1/posts?page=1&limit=25 [36m304[0m 345.787 ms - -[0m
[0mGET /api/v1/posts?page=1&limit=25 [36m304[0m 165.276 ms - -[0m
[0mGET /api/v1/friendship/60e3680de2e7470495195737 [32m200[0m 164.882 ms - 625[0m
[0mGET /api/v1/friendship/60e3680de2e7470495195737 [32m200[0m 174.434 ms - 625[0m
[0mGET /api/v1/posts?page=1&limit=25 [36m304[0m 172.848 ms - -[0m
[0mPOST /api/v1/users/create-session [32m200[0m 19.247 ms - 830[0m
[0mGET /api/v1/friendship/60e3680de2e7470495195737 [32m200[0m 172.711 ms - 625[0m
[0mGET /api/v1/friendship/60e3680de2e7470495195737 [32m200[0m 104.081 ms - 625[0m
[0mGET /api/v1/posts?page=1&limit=25 [36m304[0m 118.509 ms - -[0m
[0mGET /api/v1/friendship/60e3680de2e7470495195737 [32m200[0m 32.271 ms - 625[0m
[0mGET /api/v1/posts?page=1&limit=25 [36m304[0m 62.410 ms - -[0m
[0mGET /api/v1/friendship/60e3680de2e7470495195737 [32m200[0m 82.273 ms - 625[0m
[0mGET /api/v1/posts?page=1&limit=25 [36m304[0m 202.451 ms - -[0m
[0mGET /api/v1/posts?page=1&limit=25 [36m304[0m 51.365 ms - -[0m
[0mGET /api/v1/friendship/60e3680de2e7470495195737 [32m200[0m 129.197 ms - 625[0m
[0mGET /api/v1/posts?page=1&limit=25 [36m304[0m 48.156 ms - -[0m
[0mGET /api/v1/friendship/60e3680de2e7470495195737 [32m200[0m 80.857 ms - 625[0m
[0mGET /api/v1/friendship/60e3680de2e7470495195737 [32m200[0m 158.801 ms - 625[0m
[0mGET /api/v1/posts?page=1&limit=25 [36m304[0m 143.884 ms - -[0m
[0mGET /api/v1/posts?page=1&limit=25 [36m304[0m 66.639 ms - -[0m
[0mGET /api/v1/friendship/60e3680de2e7470495195737 [32m200[0m 50.559 ms - 625[0m
[0mGET /api/v1/friendship/60e3680de2e7470495195737 [32m200[0m 132.542 ms - 625[0m
[0mGET /api/v1/posts?page=1&limit=25 [36m304[0m 150.889 ms - -[0m
[0mGET /api/v1/posts?page=1&limit=25 [36m304[0m 181.963 ms - -[0m
[0mGET /api/v1/friendship/60e3680de2e7470495195737 [32m200[0m 153.192 ms - 625[0m
[0mGET /api/v1/posts?page=1&limit=25 [36m304[0m 90.002 ms - -[0m
[0mGET /api/v1/friendship/60e3680de2e7470495195737 [32m200[0m 84.076 ms - 625[0m
[0mPOST /api/v1/users/create-session [32m200[0m 3.139 ms - 830[0m
[0mGET /api/v1/friendship/60e3680de2e7470495195737 [32m200[0m 75.715 ms - 625[0m
[0mGET /api/v1/users/search/j [32m200[0m 7.234 ms - 75[0m
[0mGET /api/v1/users/search/ [31m500[0m 40.782 ms - 35[0m
[0mGET /api/v1/users/search/s [32m200[0m 16.362 ms - 4942[0m
[0mGET /api/v1/users/search/ [31m500[0m 4.313 ms - 35[0m
[0mGET /api/v1/posts?page=1&limit=25 [36m304[0m 55.399 ms - -[0m
[0mGET /api/v1/friendship/60e3680de2e7470495195737 [32m200[0m 205.368 ms - 625[0m
[0mGET /api/v1/users/search/s [36m304[0m 9.725 ms - -[0m
[0mGET /api/v1/users/search/sh [32m200[0m 7.232 ms - 4550[0m
[0mGET /api/v1/users/search/s [36m304[0m 15.265 ms - -[0m
[0mGET /api/v1/users/search/ [31m500[0m 3.324 ms - 35[0m
[0mGET /api/v1/users/search/s [36m304[0m 9.557 ms - -[0m
[0mGET /api/v1/users/search/ [31m500[0m 4.051 ms - 35[0m
[0mGET /api/v1/users/search/s [36m304[0m 9.456 ms - -[0m
[0mGET /api/v1/users/search/sj [32m200[0m 6.042 ms - 75[0m
[0mGET /api/v1/users/search/s [36m304[0m 21.716 ms - -[0m
[0mGET /api/v1/users/search/sh [36m304[0m 7.748 ms - -[0m
[0mGET /api/v1/users/search/sha [32m200[0m 15.449 ms - 4550[0m
[0mGET /api/v1/users/search/sh [36m304[0m 16.186 ms - -[0m
[0mGET /api/v1/users/search/s [36m304[0m 9.580 ms - -[0m
[0mGET /api/v1/users/search/ [31m500[0m 4.248 ms - 35[0m
[0mGET /api/v1/users/search/s [36m304[0m 8.551 ms - -[0m
[0mGET /api/v1/users/search/ [31m500[0m 2.726 ms - 35[0m
[0mGET /api/v1/users/search/f [32m200[0m 4.339 ms - 75[0m
[0mGET /api/v1/users/search/ [31m500[0m 2.605 ms - 35[0m
[0mGET /api/v1/users/search/s [36m304[0m 10.248 ms - -[0m
[0mGET /api/v1/users/search/ [31m500[0m 3.841 ms - 35[0m
[0mGET /api/v1/users/search/s [36m304[0m 6.932 ms - -[0m
[0mGET /api/v1/users/search/ [31m500[0m 4.304 ms - 35[0m
[0mGET /api/v1/users/search/s [36m304[0m 13.274 ms - -[0m
[0mGET /api/v1/users/search/ [31m500[0m 2.663 ms - 35[0m
[0mGET /api/v1/users/search/s [36m304[0m 13.874 ms - -[0m
[0mGET /api/v1/friendship/60e3680de2e7470495195737 [32m200[0m 51.235 ms - 625[0m
[0mGET /api/v1/posts?page=1&limit=25 [36m304[0m 45.274 ms - -[0m
[0mGET /api/v1/users/search/s [36m304[0m 78.222 ms - -[0m
[0mGET /api/v1/friendship/60e3680de2e7470495195737 [32m200[0m 32.600 ms - 625[0m
[0mGET /api/v1/posts?page=1&limit=25 [36m304[0m 46.132 ms - -[0m
[0mGET /api/v1/users/search/s [36m304[0m 87.681 ms - -[0m
[0mGET /api/v1/users/search/ [31m500[0m 5.114 ms - 35[0m
[0mGET /api/v1/users/search/s [36m304[0m 14.288 ms - -[0m
[0mGET /api/v1/users/search/sh [36m304[0m 8.909 ms - -[0m
[0mGET /api/v1/users/search/sha [36m304[0m 15.161 ms - -[0m
[0mGET /api/v1/users/search/shaa [36m304[0m 5.749 ms - -[0m
[0mGET /api/v1/users/search/shaan [36m304[0m 5.628 ms - -[0m
[0mGET /api/v1/users/search/shaa [36m304[0m 6.187 ms - -[0m
[0mGET /api/v1/users/search/sha [36m304[0m 7.178 ms - -[0m
[0mGET /api/v1/users/search/sh [36m304[0m 10.048 ms - -[0m
[0mGET /api/v1/users/search/s [36m304[0m 10.724 ms - -[0m
[0mGET /api/v1/users/search/ [31m500[0m 4.129 ms - 35[0m
[0mPOST /api/v1/posts/toggleLike?likeable_id=60e2154cfb97cffa21b986b0&likeable_type=Comment [32m200[0m 41.969 ms - 6375[0m
[0mPOST /api/v1/posts/toggleLike?likeable_id=60e2154cfb97cffa21b986b0&likeable_type=Comment [32m200[0m 24.215 ms - 6349[0m
[0mGET /api/v1/posts?page=1&limit=25 [32m200[0m 32.138 ms - 6329[0m
[0mGET /api/v1/friendship/60e3680de2e7470495195737 [32m200[0m 26.814 ms - 625[0m
[0mGET /api/v1/friendship/60e3680de2e7470495195737 [32m200[0m 75.674 ms - 625[0m
[0mGET /api/v1/posts?page=1&limit=25 [36m304[0m 127.683 ms - -[0m
[0mGET /api/v1/friendship/60e3680de2e7470495195737 [32m200[0m 147.759 ms - 625[0m
[0mGET /api/v1/posts?page=1&limit=25 [36m304[0m 163.796 ms - -[0m
[0mPOST /api/v1/users/create-session [32m200[0m 3.325 ms - 830[0m
[0mGET /api/v1/friendship/60e3680de2e7470495195737 [32m200[0m 101.865 ms - 625[0m
[0mGET /api/v1/friendship/60e3680de2e7470495195737 [32m200[0m 16.031 ms - 625[0m
[0mGET /api/v1/posts?page=1&limit=25 [36m304[0m 26.634 ms - -[0m
[0mGET /api/v1/posts?page=1&limit=25 [36m304[0m 158.171 ms - -[0m
[0mGET /api/v1/friendship/60e3680de2e7470495195737 [32m200[0m 153.793 ms - 625[0m
[0mGET /api/v1/friendship/60e3680de2e7470495195737 [32m200[0m 45.830 ms - 625[0m
[0mGET /api/v1/posts?page=1&limit=25 [36m304[0m 75.697 ms - -[0m
[0mGET /api/v1/posts?page=1&limit=25 [36m304[0m 40.166 ms - -[0m
[0mGET /api/v1/friendship/60e3680de2e7470495195737 [32m200[0m 41.137 ms - 625[0m
[0mGET /api/v1/friendship/60e3680de2e7470495195737 [32m200[0m 48.103 ms - 625[0m
[0mGET /api/v1/posts?page=1&limit=25 [36m304[0m 175.541 ms - -[0m
[0mGET /api/v1/friendship/60e3680de2e7470495195737 [32m200[0m 57.422 ms - 625[0m
[0mGET /api/v1/posts?page=1&limit=25 [36m304[0m 92.620 ms - -[0m
